Global frequency set at 1000000000000 ticks per second
src/mem/dram_interface.cc:690: warn: DRAM device capacity (8192 Mbytes) does not match the address range assigned (512 Mbytes)
src/base/statistics.hh:279: warn: One of the stats is a legacy stat. Legacy stat is a stat that does not belong to any statistics::Group. Legacy stat is deprecated.
src/base/stats/storage.hh:278: warn: Bucket size (5) does not divide range [1:75] into equal-sized buckets. Rounding up.
src/base/stats/storage.hh:278: warn: Bucket size (2) does not divide range [1:10] into equal-sized buckets. Rounding up.
src/base/stats/storage.hh:278: warn: Bucket size (2) does not divide range [1:64] into equal-sized buckets. Rounding up.
src/base/stats/storage.hh:278: warn: Bucket size (10000) does not divide range [1:1e+06] into equal-sized buckets. Rounding up.
src/base/stats/storage.hh:278: warn: Bucket size (5) does not divide range [1:75] into equal-sized buckets. Rounding up.
src/base/stats/storage.hh:278: warn: Bucket size (2) does not divide range [1:10] into equal-sized buckets. Rounding up.
src/base/stats/storage.hh:278: warn: Bucket size (2) does not divide range [1:64] into equal-sized buckets. Rounding up.
src/base/stats/storage.hh:278: warn: Bucket size (10000) does not divide range [1:1e+06] into equal-sized buckets. Rounding up.
src/base/stats/storage.hh:278: warn: Bucket size (5) does not divide range [1:75] into equal-sized buckets. Rounding up.
src/base/stats/storage.hh:278: warn: Bucket size (2) does not divide range [1:10] into equal-sized buckets. Rounding up.
src/base/stats/storage.hh:278: warn: Bucket size (2) does not divide range [1:64] into equal-sized buckets. Rounding up.
src/base/stats/storage.hh:278: warn: Bucket size (10000) does not divide range [1:1e+06] into equal-sized buckets. Rounding up.
src/base/stats/storage.hh:278: warn: Bucket size (5) does not divide range [1:75] into equal-sized buckets. Rounding up.
src/base/stats/storage.hh:278: warn: Bucket size (2) does not divide range [1:10] into equal-sized buckets. Rounding up.
src/base/stats/storage.hh:278: warn: Bucket size (2) does not divide range [1:64] into equal-sized buckets. Rounding up.
src/base/stats/storage.hh:278: warn: Bucket size (10000) does not divide range [1:1e+06] into equal-sized buckets. Rounding up.
src/base/stats/storage.hh:278: warn: Bucket size (10000) does not divide range [1:1.6e+06] into equal-sized buckets. Rounding up.
src/base/stats/storage.hh:278: warn: Bucket size (10000) does not divide range [1:1.6e+06] into equal-sized buckets. Rounding up.
src/base/stats/storage.hh:278: warn: Bucket size (10000) does not divide range [1:1.6e+06] into equal-sized buckets. Rounding up.
src/base/stats/storage.hh:278: warn: Bucket size (10000) does not divide range [1:1.6e+06] into equal-sized buckets. Rounding up.
src/base/stats/storage.hh:278: warn: Bucket size (10000) does not divide range [1:1.6e+06] into equal-sized buckets. Rounding up.
src/base/stats/storage.hh:278: warn: Bucket size (10000) does not divide range [1:1.6e+06] into equal-sized buckets. Rounding up.
src/base/stats/storage.hh:278: warn: Bucket size (10000) does not divide range [1:1.6e+06] into equal-sized buckets. Rounding up.
src/base/statistics.hh:279: warn: One of the stats is a legacy stat. Legacy stat is a stat that does not belong to any statistics::Group. Legacy stat is deprecated.
src/base/stats/storage.hh:278: warn: Bucket size (10000) does not divide range [1:1.6e+06] into equal-sized buckets. Rounding up.
src/base/stats/storage.hh:278: warn: Bucket size (10000) does not divide range [1:1.6e+06] into equal-sized buckets. Rounding up.
src/base/stats/storage.hh:278: warn: Bucket size (10000) does not divide range [1:1.6e+06] into equal-sized buckets. Rounding up.
src/base/stats/storage.hh:278: warn: Bucket size (10000) does not divide range [1:1.6e+06] into equal-sized buckets. Rounding up.
src/base/stats/storage.hh:278: warn: Bucket size (10000) does not divide range [1:1.6e+06] into equal-sized buckets. Rounding up.
src/base/stats/storage.hh:278: warn: Bucket size (10000) does not divide range [1:1.6e+06] into equal-sized buckets. Rounding up.
src/base/stats/storage.hh:278: warn: Bucket size (10000) does not divide range [1:1.6e+06] into equal-sized buckets. Rounding up.
src/base/stats/storage.hh:278: warn: Bucket size (10000) does not divide range [1:1.6e+06] into equal-sized buckets. Rounding up.
src/base/stats/storage.hh:278: warn: Bucket size (10000) does not divide range [1:1.6e+06] into equal-sized buckets. Rounding up.
src/base/stats/storage.hh:278: warn: Bucket size (10000) does not divide range [1:1.6e+06] into equal-sized buckets. Rounding up.
src/base/stats/storage.hh:278: warn: Bucket size (10000) does not divide range [1:1.6e+06] into equal-sized buckets. Rounding up.
src/base/stats/storage.hh:278: warn: Bucket size (10000) does not divide range [1:1.6e+06] into equal-sized buckets. Rounding up.
src/base/stats/storage.hh:278: warn: Bucket size (10000) does not divide range [1:1.6e+06] into equal-sized buckets. Rounding up.
src/base/stats/storage.hh:278: warn: Bucket size (10000) does not divide range [1:1.6e+06] into equal-sized buckets. Rounding up.
src/base/stats/storage.hh:278: warn: Bucket size (10000) does not divide range [1:1.6e+06] into equal-sized buckets. Rounding up.
src/base/stats/storage.hh:278: warn: Bucket size (10000) does not divide range [1:1.6e+06] into equal-sized buckets. Rounding up.
src/base/stats/storage.hh:278: warn: Bucket size (10000) does not divide range [1:1.6e+06] into equal-sized buckets. Rounding up.
src/base/stats/storage.hh:278: warn: Bucket size (10000) does not divide range [1:1.6e+06] into equal-sized buckets. Rounding up.
src/base/stats/storage.hh:278: warn: Bucket size (10000) does not divide range [1:1.6e+06] into equal-sized buckets. Rounding up.
src/base/stats/storage.hh:278: warn: Bucket size (10000) does not divide range [1:1.6e+06] into equal-sized buckets. Rounding up.
src/base/stats/storage.hh:278: warn: Bucket size (10000) does not divide range [1:1.6e+06] into equal-sized buckets. Rounding up.
src/base/stats/storage.hh:278: warn: Bucket size (10000) does not divide range [1:1.6e+06] into equal-sized buckets. Rounding up.
src/base/stats/storage.hh:278: warn: Bucket size (10000) does not divide range [1:1.6e+06] into equal-sized buckets. Rounding up.
src/base/stats/storage.hh:278: warn: Bucket size (10000) does not divide range [1:1.6e+06] into equal-sized buckets. Rounding up.
src/base/stats/storage.hh:278: warn: Bucket size (10000) does not divide range [1:1.6e+06] into equal-sized buckets. Rounding up.
src/base/stats/storage.hh:278: warn: Bucket size (10000) does not divide range [1:1.6e+06] into equal-sized buckets. Rounding up.
src/base/stats/storage.hh:278: warn: Bucket size (10000) does not divide range [1:1.6e+06] into equal-sized buckets. Rounding up.
src/base/stats/storage.hh:278: warn: Bucket size (10000) does not divide range [1:1.6e+06] into equal-sized buckets. Rounding up.
src/base/stats/storage.hh:278: warn: Bucket size (10000) does not divide range [1:1.6e+06] into equal-sized buckets. Rounding up.
src/base/stats/storage.hh:278: warn: Bucket size (10000) does not divide range [1:1.6e+06] into equal-sized buckets. Rounding up.
src/base/stats/storage.hh:278: warn: Bucket size (10000) does not divide range [1:1.6e+06] into equal-sized buckets. Rounding up.
src/base/stats/storage.hh:278: warn: Bucket size (10000) does not divide range [1:1.6e+06] into equal-sized buckets. Rounding up.
src/base/stats/storage.hh:278: warn: Bucket size (10000) does not divide range [1:1.6e+06] into equal-sized buckets. Rounding up.
src/base/stats/storage.hh:278: warn: Bucket size (10000) does not divide range [1:1.6e+06] into equal-sized buckets. Rounding up.
src/base/stats/storage.hh:278: warn: Bucket size (10000) does not divide range [1:1.6e+06] into equal-sized buckets. Rounding up.
src/base/stats/storage.hh:278: warn: Bucket size (10000) does not divide range [1:1.6e+06] into equal-sized buckets. Rounding up.
src/base/stats/storage.hh:278: warn: Bucket size (10000) does not divide range [1:1.6e+06] into equal-sized buckets. Rounding up.
src/base/stats/storage.hh:278: warn: Bucket size (10000) does not divide range [1:1.6e+06] into equal-sized buckets. Rounding up.
src/base/stats/storage.hh:278: warn: Bucket size (10000) does not divide range [1:1.6e+06] into equal-sized buckets. Rounding up.
src/base/stats/storage.hh:278: warn: Bucket size (10000) does not divide range [1:1.6e+06] into equal-sized buckets. Rounding up.
src/base/stats/storage.hh:278: warn: Bucket size (10000) does not divide range [1:1.6e+06] into equal-sized buckets. Rounding up.
src/base/stats/storage.hh:278: warn: Bucket size (10000) does not divide range [1:1.6e+06] into equal-sized buckets. Rounding up.
src/base/stats/storage.hh:278: warn: Bucket size (10000) does not divide range [1:1.6e+06] into equal-sized buckets. Rounding up.
src/base/stats/storage.hh:278: warn: Bucket size (10000) does not divide range [1:1.6e+06] into equal-sized buckets. Rounding up.
src/base/stats/storage.hh:278: warn: Bucket size (10000) does not divide range [1:1.6e+06] into equal-sized buckets. Rounding up.
src/base/stats/storage.hh:278: warn: Bucket size (10000) does not divide range [1:1.6e+06] into equal-sized buckets. Rounding up.
src/base/stats/storage.hh:278: warn: Bucket size (10000) does not divide range [1:1.6e+06] into equal-sized buckets. Rounding up.
src/base/stats/storage.hh:278: warn: Bucket size (10000) does not divide range [1:1.6e+06] into equal-sized buckets. Rounding up.
src/base/stats/storage.hh:278: warn: Bucket size (10000) does not divide range [1:1.6e+06] into equal-sized buckets. Rounding up.
src/base/stats/storage.hh:278: warn: Bucket size (10000) does not divide range [1:1.6e+06] into equal-sized buckets. Rounding up.
src/base/stats/storage.hh:278: warn: Bucket size (10000) does not divide range [1:1.6e+06] into equal-sized buckets. Rounding up.
src/base/stats/storage.hh:278: warn: Bucket size (10000) does not divide range [1:1.6e+06] into equal-sized buckets. Rounding up.
src/base/stats/storage.hh:278: warn: Bucket size (10000) does not divide range [1:1.6e+06] into equal-sized buckets. Rounding up.
src/base/stats/storage.hh:278: warn: Bucket size (10000) does not divide range [1:1.6e+06] into equal-sized buckets. Rounding up.
src/base/stats/storage.hh:278: warn: Bucket size (10000) does not divide range [1:1.6e+06] into equal-sized buckets. Rounding up.
src/base/stats/storage.hh:278: warn: Bucket size (10000) does not divide range [1:1.6e+06] into equal-sized buckets. Rounding up.
src/base/stats/storage.hh:278: warn: Bucket size (10000) does not divide range [1:1.6e+06] into equal-sized buckets. Rounding up.
src/base/stats/storage.hh:278: warn: Bucket size (10000) does not divide range [1:1.6e+06] into equal-sized buckets. Rounding up.
src/base/stats/storage.hh:278: warn: Bucket size (10000) does not divide range [1:1.6e+06] into equal-sized buckets. Rounding up.
src/base/stats/storage.hh:278: warn: Bucket size (10000) does not divide range [1:1.6e+06] into equal-sized buckets. Rounding up.
src/base/stats/storage.hh:278: warn: Bucket size (10000) does not divide range [1:1.6e+06] into equal-sized buckets. Rounding up.
src/base/stats/storage.hh:278: warn: Bucket size (10000) does not divide range [1:1.6e+06] into equal-sized buckets. Rounding up.
src/base/stats/storage.hh:278: warn: Bucket size (10000) does not divide range [1:1.6e+06] into equal-sized buckets. Rounding up.
src/base/stats/storage.hh:278: warn: Bucket size (10000) does not divide range [1:1.6e+06] into equal-sized buckets. Rounding up.
Forcing maxCoalescedReqs to 32 (TLB assoc.) 
Forcing maxCoalescedReqs to 32 (TLB assoc.) 
Forcing maxCoalescedReqs to 32 (TLB assoc.) 
Forcing maxCoalescedReqs to 32 (TLB assoc.) 
Forcing maxCoalescedReqs to 32 (TLB assoc.) 
Forcing maxCoalescedReqs to 32 (TLB assoc.) 
src/base/statistics.hh:279: warn: One of the stats is a legacy stat. Legacy stat is a stat that does not belong to any statistics::Group. Legacy stat is deprecated.
Forcing maxCoalescedReqs to 32 (TLB assoc.) 
Forcing maxCoalescedReqs to 32 (TLB assoc.) 
system.remote_gdb: Listening for connections on port 7000
gem5 Simulator System.  https://www.gem5.org
gem5 is copyrighted software; use the --copyright option for details.

gem5 version 23.1.0.0
gem5 compiled May 29 2024 00:25:59
gem5 started May 29 2024 00:56:59
gem5 executing on 908dcad321bf, pid 80046
command line: /pws-gem5/build/GCN3_X86/gem5.opt --debug-flags=IPT /pws-gem5/configs/example/apu_se.py -n 3 -c /hip-benchmarks/rodinia_3.0/hip/b+tree/b+tree -o 'file /hip-benchmarks/rodinia_3.0/data/b+tree/hundred.txt command /hip-benchmarks/rodinia_3.0/data/b+tree/command-small.txt'

Num SQC =  1 Num scalar caches =  1 Num CU =  4
warn: system.ruby.network adopting orphan SimObject param 'ext_links'
warn: system.ruby.network adopting orphan SimObject param 'int_links'
src/sim/simulate.cc:199: info: Entering event queue @ 0.  Starting simulation...
src/mem/ruby/system/Sequencer.cc:668: warn: Replacement policy updates recently became the responsibility of SLICC state machines. Make sure to setMRU() near callbacks in .sm files!
src/sim/mem_state.cc:448: info: Increasing stack size by one page.
src/base/loader/symtab.cc:95: warn: Cannot insert a new symbol table due to name collisions. Adding prefix to each symbol's name can resolve this issue.
src/base/loader/symtab.cc:95: warn: Cannot insert a new symbol table due to name collisions. Adding prefix to each symbol's name can resolve this issue.
src/base/loader/symtab.cc:95: warn: Cannot insert a new symbol table due to name collisions. Adding prefix to each symbol's name can resolve this issue.
src/base/loader/symtab.cc:95: warn: Cannot insert a new symbol table due to name collisions. Adding prefix to each symbol's name can resolve this issue.
src/sim/syscall_emul.cc:74: warn: ignoring syscall mprotect(...)
src/sim/syscall_emul.cc:74: warn: ignoring syscall mprotect(...)
src/base/loader/symtab.cc:95: warn: Cannot insert a new symbol table due to name collisions. Adding prefix to each symbol's name can resolve this issue.
src/sim/syscall_emul.cc:74: warn: ignoring syscall mprotect(...)
src/base/loader/symtab.cc:95: warn: Cannot insert a new symbol table due to name collisions. Adding prefix to each symbol's name can resolve this issue.
src/base/loader/symtab.cc:95: warn: Cannot insert a new symbol table due to name collisions. Adding prefix to each symbol's name can resolve this issue.
src/base/loader/symtab.cc:95: warn: Cannot insert a new symbol table due to name collisions. Adding prefix to each symbol's name can resolve this issue.
src/base/loader/symtab.cc:95: warn: Cannot insert a new symbol table due to name collisions. Adding prefix to each symbol's name can resolve this issue.
src/sim/syscall_emul.cc:74: warn: ignoring syscall mprotect(...)
src/base/loader/symtab.cc:95: warn: Cannot insert a new symbol table due to name collisions. Adding prefix to each symbol's name can resolve this issue.
src/base/loader/symtab.cc:95: warn: Cannot insert a new symbol table due to name collisions. Adding prefix to each symbol's name can resolve this issue.
src/sim/syscall_emul.cc:74: warn: ignoring syscall mprotect(...)
src/base/loader/symtab.cc:95: warn: Cannot insert a new symbol table due to name collisions. Adding prefix to each symbol's name can resolve this issue.
src/sim/syscall_emul.cc:74: warn: ignoring syscall mprotect(...)
src/sim/syscall_emul.cc:74: warn: ignoring syscall mprotect(...)
src/sim/syscall_emul.cc:74: warn: ignoring syscall mprotect(...)
src/sim/syscall_emul.cc:74: warn: ignoring syscall mprotect(...)
src/sim/syscall_emul.cc:74: warn: ignoring syscall mprotect(...)
src/sim/syscall_emul.cc:74: warn: ignoring syscall mprotect(...)
src/sim/syscall_emul.cc:74: warn: ignoring syscall mprotect(...)
src/sim/syscall_emul.cc:74: warn: ignoring syscall mprotect(...)
src/sim/syscall_emul.cc:74: warn: ignoring syscall mprotect(...)
src/sim/syscall_emul.cc:74: warn: ignoring syscall mprotect(...)
src/sim/syscall_emul.cc:74: warn: ignoring syscall mprotect(...)
src/sim/syscall_emul.cc:74: warn: ignoring syscall mprotect(...)
src/sim/syscall_emul.cc:74: warn: ignoring syscall mprotect(...)
src/sim/syscall_emul.cc:74: warn: ignoring syscall mprotect(...)
src/sim/syscall_emul.cc:74: warn: ignoring syscall mprotect(...)
src/sim/syscall_emul.cc:74: warn: ignoring syscall mprotect(...)
src/sim/syscall_emul.cc:74: warn: ignoring syscall mprotect(...)
src/sim/syscall_emul.cc:74: warn: ignoring syscall mprotect(...)
src/sim/syscall_emul.cc:74: warn: ignoring syscall mprotect(...)
src/sim/syscall_emul.cc:74: warn: ignoring syscall set_robust_list(...)
src/sim/syscall_emul.cc:85: warn: ignoring syscall rt_sigaction(...)
      (further warnings will be suppressed)
src/sim/syscall_emul.cc:85: warn: ignoring syscall rt_sigprocmask(...)
      (further warnings will be suppressed)
src/sim/syscall_emul.cc:74: warn: ignoring syscall get_mempolicy(...)
build/GCN3_X86/arch/x86/generated/exec-ns.cc.inc:27: warn: instruction 'frndint' unimplemented
WG size of kernel 1 & 2  = 256 
src/gpu-compute/gpu_compute_driver.cc:710: warn: unimplemented ioctl: AMDKFD_IOC_ACQUIRE_VM
src/sim/syscall_emul.hh:1890: warn: mmap: writing to shared mmap region is currently unsupported. The write succeeds on the target, but it will not be propagated to the host or shared mappings
src/sim/mem_state.cc:448: info: Increasing stack size by one page.
src/gpu-compute/gpu_compute_driver.cc:460: warn: Signal events are only supported currently
src/sim/syscall_emul.cc:74: warn: ignoring syscall mprotect(...)
src/sim/power_state.cc:105: warn: PowerState: Already in the requested power state, request ignored
src/sim/syscall_emul.cc:74: warn: ignoring syscall set_robust_list(...)
src/sim/syscall_emul.cc:74: warn: ignoring syscall mprotect(...)
src/gpu-compute/gpu_compute_driver.cc:604: warn: unimplemented ioctl: AMDKFD_IOC_SET_SCRATCH_BACKING_VA
src/gpu-compute/gpu_compute_driver.cc:614: warn: unimplemented ioctl: AMDKFD_IOC_SET_TRAP_HANDLER
Selecting device 0
Input File: /hip-benchmarks/rodinia_3.0/data/b+tree/hundred.txt 
Command File: /hip-benchmarks/rodinia_3.0/data/b+tree/command-small.txt 
Command Buffer: 
j 1 2
k 1


Getting input from file /hip-benchmarks/rodinia_3.0/data/b+tree/hundred.txt...
Transforming data to a GPU suitable structure...
Tree transformation took 0.000024
Waiting for command
> In main loop, instruction is j
******command: j count=1, rSize=1 
knodes_elem=1, knodes_unit_mem=2068, knodes_mem=2068
src/sim/syscall_emul.cc:74: warn: ignoring syscall mprotect(...)
src/sim/syscall_emul.cc:74: warn: ignoring syscall set_robust_list(...)
src/sim/syscall_emul.cc:74: warn: ignoring syscall mprotect(...)
src/sim/syscall_emul.cc:74: warn: ignoring syscall madvise(...)
src/sim/syscall_emul.cc:74: warn: ignoring syscall mprotect(...)
src/sim/syscall_emul.cc:74: warn: ignoring syscall sched_setaffinity(...)
src/sim/syscall_emul.cc:74: warn: ignoring syscall set_robust_list(...)
src/sim/syscall_emul.cc:85: warn: ignoring syscall sched_yield(...)
      (further warnings will be suppressed)
src/sim/syscall_emul.cc:74: warn: ignoring syscall mprotect(...)
src/sim/syscall_emul.cc:74: warn: ignoring syscall mprotect(...)
src/sim/syscall_emul.cc:74: warn: ignoring syscall mprotect(...)
src/sim/syscall_emul.cc:74: warn: ignoring syscall mprotect(...)
src/sim/syscall_emul.cc:74: warn: ignoring syscall mprotect(...)
src/sim/syscall_emul.cc:74: warn: ignoring syscall mprotect(...)
src/sim/syscall_emul.cc:74: warn: ignoring syscall mprotect(...)
src/sim/syscall_emul.cc:74: warn: ignoring syscall mprotect(...)
src/sim/syscall_emul.cc:74: warn: ignoring syscall mprotect(...)
src/sim/syscall_emul.cc:74: warn: ignoring syscall mprotect(...)
src/sim/syscall_emul.cc:74: warn: ignoring syscall mprotect(...)
src/sim/syscall_emul.cc:74: warn: ignoring syscall mprotect(...)
# of blocks = 1, # of threads/block = 256 (ensure that device can handle)
src/gpu-compute/gpu_command_processor.cc:528: warn: Ignoring vendor packet
80020944000: system.cpu0.workload.drivers0.device.dispatcher: -----------------------------------------------------------
80020944000: system.cpu0.workload.drivers0.device.dispatcher: | Kernel ID 0    start address 0x7fff5e77a000             |
80020944000: system.cpu0.workload.drivers0.device.dispatcher: -----------------------------------------------------------
80020944000: system.cpu0.workload.drivers0.device.dispatcher: |         | Kernel | Start | End   | Count | Latency      |
80020944000: system.cpu0.workload.drivers0.device.dispatcher: -----------------------------------------------------------
80020944000: system.cpu0.workload.drivers0.device.dispatcher: | Measure | 0      | 1220  | 1352  | 1     | 2183000      |
80020944000: system.cpu0.workload.drivers0.device.dispatcher: | Measure | 0      | 1068  | 1220  | 1     | 4287000      |
80020944000: system.cpu0.workload.drivers0.device.dispatcher: | Measure | 0      | 972   | 1068  | 1     | 674000       |
80020944000: system.cpu0.workload.drivers0.device.dispatcher: | Measure | 0      | 48    | 972   | 1     | 4164000      |
80020944000: system.cpu0.workload.drivers0.device.dispatcher: | Measure | 0      | 0     | 48    | 1     | 2687999      |
80020944000: system.cpu0.workload.drivers0.device.dispatcher: -----------------------------------------------------------
80020944000: system.cpu0.workload.drivers0.device.dispatcher: | ~ 0 ~ Total Kernel Time ~ 13563999                      |
80020944000: system.cpu0.workload.drivers0.device.dispatcher: -----------------------------------------------------------
> In main loop, instruction is  > In main loop, instruction is 1> In main loop, instruction is  > In main loop, instruction is 2> In main loop, instruction is 
> In main loop, instruction is k
 ******command: k count=1 
records_elem=100, records_unit_mem=4, records_mem=400
knodes_elem=1, knodes_unit_mem=2068, knodes_mem=2068
# of blocks = 1, # of threads/block = 256 (ensure that device can handle)
src/gpu-compute/gpu_command_processor.cc:528: warn: Ignoring vendor packet
81844655000: system.cpu0.workload.drivers0.device.dispatcher: -----------------------------------------------------------
81844655000: system.cpu0.workload.drivers0.device.dispatcher: | Kernel ID 1    start address 0x7fff5e771000             |
81844655000: system.cpu0.workload.drivers0.device.dispatcher: -----------------------------------------------------------
81844655000: system.cpu0.workload.drivers0.device.dispatcher: |         | Kernel | Start | End   | Count | Latency      |
81844655000: system.cpu0.workload.drivers0.device.dispatcher: -----------------------------------------------------------
81844655000: system.cpu0.workload.drivers0.device.dispatcher: | Measure | 1      | 640   | 780   | 1     | 3239000      |
81844655000: system.cpu0.workload.drivers0.device.dispatcher: | Measure | 1      | 32    | 640   | 1     | 3655000      |
81844655000: system.cpu0.workload.drivers0.device.dispatcher: | Measure | 1      | 0     | 32    | 1     | 1391999      |
81844655000: system.cpu0.workload.drivers0.device.dispatcher: | Measure | 1      | 38216 | 0     | 0     | 1815721001   |
81844655000: system.cpu0.workload.drivers0.device.dispatcher: | Measure | 1      | 38084 | 0     | 1     | 1817920001   |
81844655000: system.cpu0.workload.drivers0.device.dispatcher: -----------------------------------------------------------
81844655000: system.cpu0.workload.drivers0.device.dispatcher: | ~ 1 ~ Total Kernel Time ~ 7989999                       |
81844655000: system.cpu0.workload.drivers0.device.dispatcher: -----------------------------------------------------------
> In main loop, instruction is  > In main loop, instruction is 1> In main loop, instruction is 
> In main loop, instruction is 
> In main loop, instruction is 
> 
PASSED!
Ticks: 85285736500
Exiting because  exiting with last active thread context

Time elapsed: 1m35.112s