79958169000: system.cpu0.workload.drivers0.device.dispatcher: -----------------------------------------
79958169000: system.cpu0.workload.drivers0.device.dispatcher: Kernel ID 0 start address 7fff5e77f000
79958169000: system.cpu0.workload.drivers0.device.dispatcher: -----------------------------------------
79958169000: system.cpu0.workload.drivers0.device.dispatcher: Kernel 0   | 968  | 1036 | 1783000      |
79958169000: system.cpu0.workload.drivers0.device.dispatcher: Kernel 0   | 380  | 968  | 493000       |
79958169000: system.cpu0.workload.drivers0.device.dispatcher: Kernel 0   | 380  | 868  | 396000       |
79958169000: system.cpu0.workload.drivers0.device.dispatcher: Kernel 0   | 868  | 356  | 20000        |
79958169000: system.cpu0.workload.drivers0.device.dispatcher: Kernel 0   | 868  | 928  | 413000       |
79958169000: system.cpu0.workload.drivers0.device.dispatcher: Kernel 0   | 352  | 868  | 2662000      |
79958169000: system.cpu0.workload.drivers0.device.dispatcher: Kernel 0   | 108  | 352  | 1775000      |
79958169000: system.cpu0.workload.drivers0.device.dispatcher: Kernel 0   | 356  | 380  | 159000       |
79958169000: system.cpu0.workload.drivers0.device.dispatcher: Kernel 0   | 928  | 356  | 11000        |
79958169000: system.cpu0.workload.drivers0.device.dispatcher: Kernel 0   | 44   | 108  | 2707000      |
79958169000: system.cpu0.workload.drivers0.device.dispatcher: Kernel 0   | 0    | 44   | 1375999      |
79958169000: system.cpu0.workload.drivers0.device.dispatcher: -----------------------------------------
79958169000: system.cpu0.workload.drivers0.device.dispatcher: Loop counts
79958169000: system.cpu0.workload.drivers0.device.dispatcher: -----------------------------------------
79958169000: system.cpu0.workload.drivers0.device.dispatcher: Kernel 0   | 108  | 352  | 1            |
79958169000: system.cpu0.workload.drivers0.device.dispatcher: Kernel 0   | 0    | 44   | 1            |
79958169000: system.cpu0.workload.drivers0.device.dispatcher: Kernel 0   | 44   | 108  | 1            |
79958169000: system.cpu0.workload.drivers0.device.dispatcher: Kernel 0   | 928  | 356  | 2            |
79958169000: system.cpu0.workload.drivers0.device.dispatcher: Kernel 0   | 356  | 380  | 4            |
79958169000: system.cpu0.workload.drivers0.device.dispatcher: Kernel 0   | 352  | 868  | 1            |
79958169000: system.cpu0.workload.drivers0.device.dispatcher: Kernel 0   | 868  | 928  | 2            |
79958169000: system.cpu0.workload.drivers0.device.dispatcher: Kernel 0   | 868  | 356  | 2            |
79958169000: system.cpu0.workload.drivers0.device.dispatcher: Kernel 0   | 380  | 868  | 3            |
79958169000: system.cpu0.workload.drivers0.device.dispatcher: Kernel 0   | 380  | 968  | 1            |
79958169000: system.cpu0.workload.drivers0.device.dispatcher: Kernel 0   | 968  | 1036 | 1            |
79958169000: system.cpu0.workload.drivers0.device.dispatcher: -----------------------------------------
79958169000: system.cpu0.workload.drivers0.device.dispatcher: ~ 0 ~ Total Kernel Time ~ 12904999
79958169000: system.cpu0.workload.drivers0.device.dispatcher: -----------------------------------------
80155200000: system.cpu0.workload.drivers0.device.dispatcher: -----------------------------------------
80155200000: system.cpu0.workload.drivers0.device.dispatcher: Kernel ID 1 start address 7fff5e77f500
80155200000: system.cpu0.workload.drivers0.device.dispatcher: -----------------------------------------
80155200000: system.cpu0.workload.drivers0.device.dispatcher: Kernel 1   | 392  | 572  | 1479000      |
80155200000: system.cpu0.workload.drivers0.device.dispatcher: Kernel 1   | 0    | 392  | 4954999      |
80155200000: system.cpu0.workload.drivers0.device.dispatcher: -----------------------------------------
80155200000: system.cpu0.workload.drivers0.device.dispatcher: Loop counts
80155200000: system.cpu0.workload.drivers0.device.dispatcher: -----------------------------------------
80155200000: system.cpu0.workload.drivers0.device.dispatcher: Kernel 1   | 0    | 392  | 1            |
80155200000: system.cpu0.workload.drivers0.device.dispatcher: Kernel 1   | 392  | 572  | 1            |
80155200000: system.cpu0.workload.drivers0.device.dispatcher: -----------------------------------------
80155200000: system.cpu0.workload.drivers0.device.dispatcher: ~ 1 ~ Total Kernel Time ~ 6417999
80155200000: system.cpu0.workload.drivers0.device.dispatcher: -----------------------------------------
Training done
PASSED!
Ticks: 83789053000
Exiting because  exiting with last active thread context

Time elapsed: 1m30.730s