Global frequency set at 1000000000000 ticks per second
src/mem/dram_interface.cc:690: warn: DRAM device capacity (8192 Mbytes) does not match the address range assigned (512 Mbytes)
src/base/statistics.hh:279: warn: One of the stats is a legacy stat. Legacy stat is a stat that does not belong to any statistics::Group. Legacy stat is deprecated.
src/base/stats/storage.hh:278: warn: Bucket size (5) does not divide range [1:75] into equal-sized buckets. Rounding up.
src/base/stats/storage.hh:278: warn: Bucket size (2) does not divide range [1:10] into equal-sized buckets. Rounding up.
src/base/stats/storage.hh:278: warn: Bucket size (2) does not divide range [1:64] into equal-sized buckets. Rounding up.
src/base/stats/storage.hh:278: warn: Bucket size (10000) does not divide range [1:1e+06] into equal-sized buckets. Rounding up.
src/base/stats/storage.hh:278: warn: Bucket size (5) does not divide range [1:75] into equal-sized buckets. Rounding up.
src/base/stats/storage.hh:278: warn: Bucket size (2) does not divide range [1:10] into equal-sized buckets. Rounding up.
src/base/stats/storage.hh:278: warn: Bucket size (2) does not divide range [1:64] into equal-sized buckets. Rounding up.
src/base/stats/storage.hh:278: warn: Bucket size (10000) does not divide range [1:1e+06] into equal-sized buckets. Rounding up.
src/base/stats/storage.hh:278: warn: Bucket size (5) does not divide range [1:75] into equal-sized buckets. Rounding up.
src/base/stats/storage.hh:278: warn: Bucket size (2) does not divide range [1:10] into equal-sized buckets. Rounding up.
src/base/stats/storage.hh:278: warn: Bucket size (2) does not divide range [1:64] into equal-sized buckets. Rounding up.
src/base/stats/storage.hh:278: warn: Bucket size (10000) does not divide range [1:1e+06] into equal-sized buckets. Rounding up.
src/base/stats/storage.hh:278: warn: Bucket size (5) does not divide range [1:75] into equal-sized buckets. Rounding up.
src/base/stats/storage.hh:278: warn: Bucket size (2) does not divide range [1:10] into equal-sized buckets. Rounding up.
src/base/stats/storage.hh:278: warn: Bucket size (2) does not divide range [1:64] into equal-sized buckets. Rounding up.
src/base/stats/storage.hh:278: warn: Bucket size (10000) does not divide range [1:1e+06] into equal-sized buckets. Rounding up.
src/base/stats/storage.hh:278: warn: Bucket size (10000) does not divide range [1:1.6e+06] into equal-sized buckets. Rounding up.
src/base/stats/storage.hh:278: warn: Bucket size (10000) does not divide range [1:1.6e+06] into equal-sized buckets. Rounding up.
src/base/stats/storage.hh:278: warn: Bucket size (10000) does not divide range [1:1.6e+06] into equal-sized buckets. Rounding up.
src/base/stats/storage.hh:278: warn: Bucket size (10000) does not divide range [1:1.6e+06] into equal-sized buckets. Rounding up.
src/base/stats/storage.hh:278: warn: Bucket size (10000) does not divide range [1:1.6e+06] into equal-sized buckets. Rounding up.
src/base/stats/storage.hh:278: warn: Bucket size (10000) does not divide range [1:1.6e+06] into equal-sized buckets. Rounding up.
src/base/stats/storage.hh:278: warn: Bucket size (10000) does not divide range [1:1.6e+06] into equal-sized buckets. Rounding up.
src/base/statistics.hh:279: warn: One of the stats is a legacy stat. Legacy stat is a stat that does not belong to any statistics::Group. Legacy stat is deprecated.
src/base/stats/storage.hh:278: warn: Bucket size (10000) does not divide range [1:1.6e+06] into equal-sized buckets. Rounding up.
src/base/stats/storage.hh:278: warn: Bucket size (10000) does not divide range [1:1.6e+06] into equal-sized buckets. Rounding up.
src/base/stats/storage.hh:278: warn: Bucket size (10000) does not divide range [1:1.6e+06] into equal-sized buckets. Rounding up.
src/base/stats/storage.hh:278: warn: Bucket size (10000) does not divide range [1:1.6e+06] into equal-sized buckets. Rounding up.
src/base/stats/storage.hh:278: warn: Bucket size (10000) does not divide range [1:1.6e+06] into equal-sized buckets. Rounding up.
src/base/stats/storage.hh:278: warn: Bucket size (10000) does not divide range [1:1.6e+06] into equal-sized buckets. Rounding up.
src/base/stats/storage.hh:278: warn: Bucket size (10000) does not divide range [1:1.6e+06] into equal-sized buckets. Rounding up.
src/base/stats/storage.hh:278: warn: Bucket size (10000) does not divide range [1:1.6e+06] into equal-sized buckets. Rounding up.
src/base/stats/storage.hh:278: warn: Bucket size (10000) does not divide range [1:1.6e+06] into equal-sized buckets. Rounding up.
src/base/stats/storage.hh:278: warn: Bucket size (10000) does not divide range [1:1.6e+06] into equal-sized buckets. Rounding up.
src/base/stats/storage.hh:278: warn: Bucket size (10000) does not divide range [1:1.6e+06] into equal-sized buckets. Rounding up.
src/base/stats/storage.hh:278: warn: Bucket size (10000) does not divide range [1:1.6e+06] into equal-sized buckets. Rounding up.
src/base/stats/storage.hh:278: warn: Bucket size (10000) does not divide range [1:1.6e+06] into equal-sized buckets. Rounding up.
src/base/stats/storage.hh:278: warn: Bucket size (10000) does not divide range [1:1.6e+06] into equal-sized buckets. Rounding up.
src/base/stats/storage.hh:278: warn: Bucket size (10000) does not divide range [1:1.6e+06] into equal-sized buckets. Rounding up.
src/base/stats/storage.hh:278: warn: Bucket size (10000) does not divide range [1:1.6e+06] into equal-sized buckets. Rounding up.
src/base/stats/storage.hh:278: warn: Bucket size (10000) does not divide range [1:1.6e+06] into equal-sized buckets. Rounding up.
src/base/stats/storage.hh:278: warn: Bucket size (10000) does not divide range [1:1.6e+06] into equal-sized buckets. Rounding up.
src/base/stats/storage.hh:278: warn: Bucket size (10000) does not divide range [1:1.6e+06] into equal-sized buckets. Rounding up.
src/base/stats/storage.hh:278: warn: Bucket size (10000) does not divide range [1:1.6e+06] into equal-sized buckets. Rounding up.
src/base/stats/storage.hh:278: warn: Bucket size (10000) does not divide range [1:1.6e+06] into equal-sized buckets. Rounding up.
src/base/stats/storage.hh:278: warn: Bucket size (10000) does not divide range [1:1.6e+06] into equal-sized buckets. Rounding up.
src/base/stats/storage.hh:278: warn: Bucket size (10000) does not divide range [1:1.6e+06] into equal-sized buckets. Rounding up.
src/base/stats/storage.hh:278: warn: Bucket size (10000) does not divide range [1:1.6e+06] into equal-sized buckets. Rounding up.
src/base/stats/storage.hh:278: warn: Bucket size (10000) does not divide range [1:1.6e+06] into equal-sized buckets. Rounding up.
src/base/stats/storage.hh:278: warn: Bucket size (10000) does not divide range [1:1.6e+06] into equal-sized buckets. Rounding up.
src/base/stats/storage.hh:278: warn: Bucket size (10000) does not divide range [1:1.6e+06] into equal-sized buckets. Rounding up.
src/base/stats/storage.hh:278: warn: Bucket size (10000) does not divide range [1:1.6e+06] into equal-sized buckets. Rounding up.
src/base/stats/storage.hh:278: warn: Bucket size (10000) does not divide range [1:1.6e+06] into equal-sized buckets. Rounding up.
src/base/stats/storage.hh:278: warn: Bucket size (10000) does not divide range [1:1.6e+06] into equal-sized buckets. Rounding up.
src/base/stats/storage.hh:278: warn: Bucket size (10000) does not divide range [1:1.6e+06] into equal-sized buckets. Rounding up.
src/base/stats/storage.hh:278: warn: Bucket size (10000) does not divide range [1:1.6e+06] into equal-sized buckets. Rounding up.
src/base/stats/storage.hh:278: warn: Bucket size (10000) does not divide range [1:1.6e+06] into equal-sized buckets. Rounding up.
src/base/stats/storage.hh:278: warn: Bucket size (10000) does not divide range [1:1.6e+06] into equal-sized buckets. Rounding up.
src/base/stats/storage.hh:278: warn: Bucket size (10000) does not divide range [1:1.6e+06] into equal-sized buckets. Rounding up.
src/base/stats/storage.hh:278: warn: Bucket size (10000) does not divide range [1:1.6e+06] into equal-sized buckets. Rounding up.
src/base/stats/storage.hh:278: warn: Bucket size (10000) does not divide range [1:1.6e+06] into equal-sized buckets. Rounding up.
src/base/stats/storage.hh:278: warn: Bucket size (10000) does not divide range [1:1.6e+06] into equal-sized buckets. Rounding up.
src/base/stats/storage.hh:278: warn: Bucket size (10000) does not divide range [1:1.6e+06] into equal-sized buckets. Rounding up.
src/base/stats/storage.hh:278: warn: Bucket size (10000) does not divide range [1:1.6e+06] into equal-sized buckets. Rounding up.
src/base/stats/storage.hh:278: warn: Bucket size (10000) does not divide range [1:1.6e+06] into equal-sized buckets. Rounding up.
src/base/stats/storage.hh:278: warn: Bucket size (10000) does not divide range [1:1.6e+06] into equal-sized buckets. Rounding up.
src/base/stats/storage.hh:278: warn: Bucket size (10000) does not divide range [1:1.6e+06] into equal-sized buckets. Rounding up.
src/base/stats/storage.hh:278: warn: Bucket size (10000) does not divide range [1:1.6e+06] into equal-sized buckets. Rounding up.
src/base/stats/storage.hh:278: warn: Bucket size (10000) does not divide range [1:1.6e+06] into equal-sized buckets. Rounding up.
src/base/stats/storage.hh:278: warn: Bucket size (10000) does not divide range [1:1.6e+06] into equal-sized buckets. Rounding up.
src/base/stats/storage.hh:278: warn: Bucket size (10000) does not divide range [1:1.6e+06] into equal-sized buckets. Rounding up.
src/base/stats/storage.hh:278: warn: Bucket size (10000) does not divide range [1:1.6e+06] into equal-sized buckets. Rounding up.
src/base/stats/storage.hh:278: warn: Bucket size (10000) does not divide range [1:1.6e+06] into equal-sized buckets. Rounding up.
src/base/stats/storage.hh:278: warn: Bucket size (10000) does not divide range [1:1.6e+06] into equal-sized buckets. Rounding up.
src/base/stats/storage.hh:278: warn: Bucket size (10000) does not divide range [1:1.6e+06] into equal-sized buckets. Rounding up.
src/base/stats/storage.hh:278: warn: Bucket size (10000) does not divide range [1:1.6e+06] into equal-sized buckets. Rounding up.
src/base/stats/storage.hh:278: warn: Bucket size (10000) does not divide range [1:1.6e+06] into equal-sized buckets. Rounding up.
src/base/stats/storage.hh:278: warn: Bucket size (10000) does not divide range [1:1.6e+06] into equal-sized buckets. Rounding up.
src/base/stats/storage.hh:278: warn: Bucket size (10000) does not divide range [1:1.6e+06] into equal-sized buckets. Rounding up.
src/base/stats/storage.hh:278: warn: Bucket size (10000) does not divide range [1:1.6e+06] into equal-sized buckets. Rounding up.
src/base/stats/storage.hh:278: warn: Bucket size (10000) does not divide range [1:1.6e+06] into equal-sized buckets. Rounding up.
src/base/stats/storage.hh:278: warn: Bucket size (10000) does not divide range [1:1.6e+06] into equal-sized buckets. Rounding up.
src/base/stats/storage.hh:278: warn: Bucket size (10000) does not divide range [1:1.6e+06] into equal-sized buckets. Rounding up.
src/base/stats/storage.hh:278: warn: Bucket size (10000) does not divide range [1:1.6e+06] into equal-sized buckets. Rounding up.
src/base/stats/storage.hh:278: warn: Bucket size (10000) does not divide range [1:1.6e+06] into equal-sized buckets. Rounding up.
src/base/stats/storage.hh:278: warn: Bucket size (10000) does not divide range [1:1.6e+06] into equal-sized buckets. Rounding up.
src/base/stats/storage.hh:278: warn: Bucket size (10000) does not divide range [1:1.6e+06] into equal-sized buckets. Rounding up.
src/base/stats/storage.hh:278: warn: Bucket size (10000) does not divide range [1:1.6e+06] into equal-sized buckets. Rounding up.
Forcing maxCoalescedReqs to 32 (TLB assoc.) 
Forcing maxCoalescedReqs to 32 (TLB assoc.) 
Forcing maxCoalescedReqs to 32 (TLB assoc.) 
Forcing maxCoalescedReqs to 32 (TLB assoc.) 
Forcing maxCoalescedReqs to 32 (TLB assoc.) 
Forcing maxCoalescedReqs to 32 (TLB assoc.) 
src/base/statistics.hh:279: warn: One of the stats is a legacy stat. Legacy stat is a stat that does not belong to any statistics::Group. Legacy stat is deprecated.
Forcing maxCoalescedReqs to 32 (TLB assoc.) 
Forcing maxCoalescedReqs to 32 (TLB assoc.) 
system.remote_gdb: Listening for connections on port 7000
gem5 Simulator System.  https://www.gem5.org
gem5 is copyrighted software; use the --copyright option for details.

gem5 version 23.1.0.0
gem5 compiled Oct 11 2024 18:07:55
gem5 started Oct 11 2024 18:20:36
gem5 executing on 908dcad321bf, pid 52480
command line: /pws-gem5/build/GCN3_X86/gem5.opt --debug-flags=IPT /pws-gem5/configs/example/apu_se.py -n 3 -c /rocm-examples/Applications/bitonic_sort/applications_bitonic_sort -o '-l 4'

Num SQC =  1 Num scalar caches =  1 Num CU =  4
warn: system.ruby.network adopting orphan SimObject param 'ext_links'
warn: system.ruby.network adopting orphan SimObject param 'int_links'
src/sim/simulate.cc:199: info: Entering event queue @ 0.  Starting simulation...
src/mem/ruby/system/Sequencer.cc:668: warn: Replacement policy updates recently became the responsibility of SLICC state machines. Make sure to setMRU() near callbacks in .sm files!
src/sim/mem_state.cc:448: info: Increasing stack size by one page.
src/base/loader/symtab.cc:95: warn: Cannot insert a new symbol table due to name collisions. Adding prefix to each symbol's name can resolve this issue.
src/base/loader/symtab.cc:95: warn: Cannot insert a new symbol table due to name collisions. Adding prefix to each symbol's name can resolve this issue.
src/base/loader/symtab.cc:95: warn: Cannot insert a new symbol table due to name collisions. Adding prefix to each symbol's name can resolve this issue.
src/base/loader/symtab.cc:95: warn: Cannot insert a new symbol table due to name collisions. Adding prefix to each symbol's name can resolve this issue.
src/sim/syscall_emul.cc:74: warn: ignoring syscall mprotect(...)
src/sim/syscall_emul.cc:74: warn: ignoring syscall mprotect(...)
src/base/loader/symtab.cc:95: warn: Cannot insert a new symbol table due to name collisions. Adding prefix to each symbol's name can resolve this issue.
src/sim/syscall_emul.cc:74: warn: ignoring syscall mprotect(...)
src/base/loader/symtab.cc:95: warn: Cannot insert a new symbol table due to name collisions. Adding prefix to each symbol's name can resolve this issue.
src/base/loader/symtab.cc:95: warn: Cannot insert a new symbol table due to name collisions. Adding prefix to each symbol's name can resolve this issue.
src/base/loader/symtab.cc:95: warn: Cannot insert a new symbol table due to name collisions. Adding prefix to each symbol's name can resolve this issue.
src/base/loader/symtab.cc:95: warn: Cannot insert a new symbol table due to name collisions. Adding prefix to each symbol's name can resolve this issue.
src/sim/syscall_emul.cc:74: warn: ignoring syscall mprotect(...)
src/base/loader/symtab.cc:95: warn: Cannot insert a new symbol table due to name collisions. Adding prefix to each symbol's name can resolve this issue.
src/base/loader/symtab.cc:95: warn: Cannot insert a new symbol table due to name collisions. Adding prefix to each symbol's name can resolve this issue.
src/sim/syscall_emul.cc:74: warn: ignoring syscall mprotect(...)
src/base/loader/symtab.cc:95: warn: Cannot insert a new symbol table due to name collisions. Adding prefix to each symbol's name can resolve this issue.
src/sim/syscall_emul.cc:74: warn: ignoring syscall mprotect(...)
src/sim/syscall_emul.cc:74: warn: ignoring syscall mprotect(...)
src/sim/syscall_emul.cc:74: warn: ignoring syscall mprotect(...)
src/sim/syscall_emul.cc:74: warn: ignoring syscall mprotect(...)
src/sim/syscall_emul.cc:74: warn: ignoring syscall mprotect(...)
src/sim/syscall_emul.cc:74: warn: ignoring syscall mprotect(...)
src/sim/syscall_emul.cc:74: warn: ignoring syscall mprotect(...)
src/sim/syscall_emul.cc:74: warn: ignoring syscall mprotect(...)
src/sim/syscall_emul.cc:74: warn: ignoring syscall mprotect(...)
src/sim/syscall_emul.cc:74: warn: ignoring syscall mprotect(...)
src/sim/syscall_emul.cc:74: warn: ignoring syscall mprotect(...)
src/sim/syscall_emul.cc:74: warn: ignoring syscall mprotect(...)
src/sim/syscall_emul.cc:74: warn: ignoring syscall mprotect(...)
src/sim/syscall_emul.cc:74: warn: ignoring syscall mprotect(...)
src/sim/syscall_emul.cc:74: warn: ignoring syscall mprotect(...)
src/sim/syscall_emul.cc:74: warn: ignoring syscall mprotect(...)
src/sim/syscall_emul.cc:74: warn: ignoring syscall mprotect(...)
src/sim/syscall_emul.cc:74: warn: ignoring syscall mprotect(...)
src/sim/syscall_emul.cc:74: warn: ignoring syscall mprotect(...)
src/sim/syscall_emul.cc:74: warn: ignoring syscall set_robust_list(...)
src/sim/syscall_emul.cc:85: warn: ignoring syscall rt_sigaction(...)
      (further warnings will be suppressed)
src/sim/syscall_emul.cc:85: warn: ignoring syscall rt_sigprocmask(...)
      (further warnings will be suppressed)
src/sim/syscall_emul.cc:74: warn: ignoring syscall get_mempolicy(...)
build/GCN3_X86/arch/x86/generated/exec-ns.cc.inc:27: warn: instruction 'frndint' unimplemented
Sorting an array of 16 elements using the bitonic sort.
src/gpu-compute/gpu_compute_driver.cc:710: warn: unimplemented ioctl: AMDKFD_IOC_ACQUIRE_VM
src/sim/syscall_emul.hh:1890: warn: mmap: writing to shared mmap region is currently unsupported. The write succeeds on the target, but it will not be propagated to the host or shared mappings
src/sim/mem_state.cc:448: info: Increasing stack size by one page.
src/gpu-compute/gpu_compute_driver.cc:460: warn: Signal events are only supported currently
src/sim/syscall_emul.cc:74: warn: ignoring syscall mprotect(...)
src/sim/power_state.cc:105: warn: PowerState: Already in the requested power state, request ignored
src/sim/syscall_emul.cc:74: warn: ignoring syscall set_robust_list(...)
src/sim/syscall_emul.cc:74: warn: ignoring syscall mprotect(...)
src/gpu-compute/gpu_compute_driver.cc:604: warn: unimplemented ioctl: AMDKFD_IOC_SET_SCRATCH_BACKING_VA
src/gpu-compute/gpu_compute_driver.cc:614: warn: unimplemented ioctl: AMDKFD_IOC_SET_TRAP_HANDLER
src/sim/syscall_emul.cc:74: warn: ignoring syscall mprotect(...)
src/sim/syscall_emul.cc:74: warn: ignoring syscall set_robust_list(...)
src/sim/syscall_emul.cc:74: warn: ignoring syscall mprotect(...)
src/sim/syscall_emul.cc:74: warn: ignoring syscall madvise(...)
src/sim/syscall_emul.cc:74: warn: ignoring syscall mprotect(...)
src/sim/syscall_emul.cc:74: warn: ignoring syscall sched_setaffinity(...)
src/sim/syscall_emul.cc:74: warn: ignoring syscall set_robust_list(...)
src/sim/syscall_emul.cc:85: warn: ignoring syscall sched_yield(...)
      (further warnings will be suppressed)
src/sim/syscall_emul.cc:74: warn: ignoring syscall mprotect(...)
src/sim/syscall_emul.cc:74: warn: ignoring syscall mprotect(...)
src/sim/syscall_emul.cc:74: warn: ignoring syscall mprotect(...)
src/sim/syscall_emul.cc:74: warn: ignoring syscall mprotect(...)
src/sim/syscall_emul.cc:74: warn: ignoring syscall mprotect(...)
src/sim/syscall_emul.cc:74: warn: ignoring syscall mprotect(...)
src/sim/syscall_emul.cc:74: warn: ignoring syscall mprotect(...)
src/sim/syscall_emul.cc:74: warn: ignoring syscall mprotect(...)
src/sim/syscall_emul.cc:74: warn: ignoring syscall mprotect(...)
src/sim/syscall_emul.cc:74: warn: ignoring syscall mprotect(...)
src/sim/syscall_emul.cc:74: warn: ignoring syscall mprotect(...)
src/sim/syscall_emul.cc:74: warn: ignoring syscall mprotect(...)
src/gpu-compute/gpu_command_processor.cc:528: warn: Ignoring vendor packet
79303370000: system.cpu3.CUs0.wavefronts00: Kernel 000 inst: 00000 s_load_dwordx4 s[0:3], s[6:7], 0x08
79303374000: system.cpu3.CUs0.wavefronts00: Kernel 000 inst: 00008 s_load_dword s9, s[4:5], 0x04
79303375000: system.cpu3.CUs0.wavefronts00: Kernel 000 inst: 00016 s_waitcnt lgkmcnt(0)
79304723000: system.cpu3.CUs0.wavefronts00: Kernel 000 inst: 00020 s_and_b32 s3, s9, 0x0000ffff
79304727000: system.cpu3.CUs0.wavefronts00: Kernel 000 inst: 00028 s_mul_i32 s8, s8, s3
79304730000: system.cpu3.CUs0.wavefronts00: Kernel 000 inst: 00032 v_add_u32 v7, vcc, s8, v0
79304731000: system.cpu3.CUs0.wavefronts00: Kernel 000 inst: 00036 s_sub_i32 s1, s0, s1
79304735000: system.cpu3.CUs0.wavefronts00: Kernel 000 inst: 00040 s_lshl_b32 s3, 1, s1
79304736000: system.cpu3.CUs0.wavefronts00: Kernel 000 inst: 00044 v_lshrrev_b32 v0, s1, v7
79304740000: system.cpu3.CUs0.wavefronts00: Kernel 000 inst: 00048 v_mul_lo_u32 v0, s3, v0
79304741000: system.cpu3.CUs0.wavefronts00: Kernel 000 inst: 00056 s_load_dwordx2 s[4:5], s[6:7], 0x00
79304742000: system.cpu3.CUs0.wavefronts00: Kernel 000 inst: 00064 s_bfm_b32 s1, s1, 0
79304745000: system.cpu3.CUs0.wavefronts00: Kernel 000 inst: 00068 v_and_b32 v1, s1, v7
79304749000: system.cpu3.CUs0.wavefronts00: Kernel 000 inst: 00072 v_lshlrev_b32 v0, 1, v0
79304753000: system.cpu3.CUs0.wavefronts00: Kernel 000 inst: 00076 v_add_u32 v0, vcc, v0, v1
79304757000: system.cpu3.CUs0.wavefronts00: Kernel 000 inst: 00080 v_add_u32 v2, vcc, s3, v0
79304761000: system.cpu3.CUs0.wavefronts00: Kernel 000 inst: 00084 v_mov_b32 v1, 0
79304765000: system.cpu3.CUs0.wavefronts00: Kernel 000 inst: 00088 v_lshlrev_b64 v[3:4], 2, v[0:1]
79304766000: system.cpu3.CUs0.wavefronts00: Kernel 000 inst: 00096 s_waitcnt lgkmcnt(0)
79304799000: system.cpu3.CUs0.wavefronts00: Kernel 000 inst: 00100 v_mov_b32 v0, s5
79304803000: system.cpu3.CUs0.wavefronts00: Kernel 000 inst: 00104 v_add_u32 v5, vcc, s4, v3
79304807000: system.cpu3.CUs0.wavefronts00: Kernel 000 inst: 00108 v_addc_u32 v6, vcc, v0, v4, vcc
79304811000: system.cpu3.CUs0.wavefronts00: Kernel 000 inst: 00112 v_mov_b32 v3, v1
79304815000: system.cpu3.CUs0.wavefronts00: Kernel 000 inst: 00116 v_lshlrev_b64 v[0:1], 2, v[2:3]
79305070000: system.cpu3.CUs0.wavefronts00: Kernel 000 inst: 00124 v_mov_b32 v2, s5
79305074000: system.cpu3.CUs0.wavefronts00: Kernel 000 inst: 00128 v_add_u32 v0, vcc, s4, v0
79305078000: system.cpu3.CUs0.wavefronts00: Kernel 000 inst: 00132 v_addc_u32 v1, vcc, v2, v1, vcc
79305079000: system.cpu3.CUs0.wavefronts00: Kernel 000 inst: 00136 flat_load_dword v2, v[5:6]
79305083000: system.cpu3.CUs0.wavefronts00: Kernel 000 inst: 00144 flat_load_dword v3, v[0:1]
79305084000: system.cpu3.CUs0.wavefronts00: Kernel 000 inst: 00152 v_lshrrev_b32 v4, s0, v7
79305088000: system.cpu3.CUs0.wavefronts00: Kernel 000 inst: 00156 v_xor_b32 v4, s2, v4
79305092000: system.cpu3.CUs0.wavefronts00: Kernel 000 inst: 00160 v_and_b32 v4, 1, v4
79305093000: system.cpu3.CUs0.wavefronts00: Kernel 000 inst: 00164 s_waitcnt vmcnt(0) & lgkmcnt(0)
79306400000: system.cpu3.CUs0.wavefronts00: Kernel 000 inst: 00168 v_max_u32 v7, v2, v3
79306404000: system.cpu3.CUs0.wavefronts00: Kernel 000 inst: 00172 v_min_u32 v2, v2, v3
79306408000: system.cpu3.CUs0.wavefronts00: Kernel 000 inst: 00176 v_cmp_eq_u32 vcc, 1, v4
79306412000: system.cpu3.CUs0.wavefronts00: Kernel 000 inst: 00180 v_cndmask_b32 v3, v7, v2, vcc
79306416000: system.cpu3.CUs0.wavefronts00: Kernel 000 inst: 00184 v_cndmask_b32 v2, v2, v7, vcc
79306417000: system.cpu3.CUs0.wavefronts00: Kernel 000 inst: 00188 flat_store_dword v[5:6], v3
79306421000: system.cpu3.CUs0.wavefronts00: Kernel 000 inst: 00196 flat_store_dword v[0:1], v2
79306748000: system.cpu3.CUs0.wavefronts00: Kernel 000 inst: 00204 s_endpgm
79306748000: system.cpu0.workload.drivers0.device.dispatcher: -----------------------------------------------------------
79306748000: system.cpu0.workload.drivers0.device.dispatcher: | Kernel ID 0    start address 0x7fff5e782000             |
79306748000: system.cpu0.workload.drivers0.device.dispatcher: -----------------------------------------------------------
79306748000: system.cpu0.workload.drivers0.device.dispatcher: |         | Kernel | Start | End   | Count | Latency      |
79306748000: system.cpu0.workload.drivers0.device.dispatcher: -----------------------------------------------------------
79306748000: system.cpu0.workload.drivers0.device.dispatcher: | Measure | 0      | 0     | 204   | 1     | 4680999      |
79306748000: system.cpu0.workload.drivers0.device.dispatcher: -----------------------------------------------------------
79306748000: system.cpu0.workload.drivers0.device.dispatcher: | ~ 0 ~ Total Kernel Time ~ 4680999                       |
79306748000: system.cpu0.workload.drivers0.device.dispatcher: -----------------------------------------------------------
79366496000: system.cpu0.workload.drivers0.device.dispatcher: -----------------------------------------------------------
79366496000: system.cpu0.workload.drivers0.device.dispatcher: | Kernel ID 0    start address 0x7fff5e782000             |
79366496000: system.cpu0.workload.drivers0.device.dispatcher: -----------------------------------------------------------
79366496000: system.cpu0.workload.drivers0.device.dispatcher: |         | Kernel | Start | End   | Count | Latency      |
79366496000: system.cpu0.workload.drivers0.device.dispatcher: -----------------------------------------------------------
79366496000: system.cpu0.workload.drivers0.device.dispatcher: | Measure | 0      | 0     | 204   | 1     | 4680999      |
79366496000: system.cpu0.workload.drivers0.device.dispatcher: -----------------------------------------------------------
79366496000: system.cpu0.workload.drivers0.device.dispatcher: | ~ 1 ~ Total Kernel Time ~ 969999                        |
79366496000: system.cpu0.workload.drivers0.device.dispatcher: -----------------------------------------------------------
79408615000: system.cpu0.workload.drivers0.device.dispatcher: -----------------------------------------------------------
79408615000: system.cpu0.workload.drivers0.device.dispatcher: | Kernel ID 0    start address 0x7fff5e782000             |
79408615000: system.cpu0.workload.drivers0.device.dispatcher: -----------------------------------------------------------
79408615000: system.cpu0.workload.drivers0.device.dispatcher: |         | Kernel | Start | End   | Count | Latency      |
79408615000: system.cpu0.workload.drivers0.device.dispatcher: -----------------------------------------------------------
79408615000: system.cpu0.workload.drivers0.device.dispatcher: | Measure | 0      | 0     | 204   | 1     | 4680999      |
79408615000: system.cpu0.workload.drivers0.device.dispatcher: -----------------------------------------------------------
79408615000: system.cpu0.workload.drivers0.device.dispatcher: | ~ 2 ~ Total Kernel Time ~ 969999                        |
79408615000: system.cpu0.workload.drivers0.device.dispatcher: -----------------------------------------------------------
79451500000: system.cpu0.workload.drivers0.device.dispatcher: -----------------------------------------------------------
79451500000: system.cpu0.workload.drivers0.device.dispatcher: | Kernel ID 0    start address 0x7fff5e782000             |
79451500000: system.cpu0.workload.drivers0.device.dispatcher: -----------------------------------------------------------
79451500000: system.cpu0.workload.drivers0.device.dispatcher: |         | Kernel | Start | End   | Count | Latency      |
79451500000: system.cpu0.workload.drivers0.device.dispatcher: -----------------------------------------------------------
79451500000: system.cpu0.workload.drivers0.device.dispatcher: | Measure | 0      | 0     | 204   | 1     | 4680999      |
79451500000: system.cpu0.workload.drivers0.device.dispatcher: -----------------------------------------------------------
79451500000: system.cpu0.workload.drivers0.device.dispatcher: | ~ 3 ~ Total Kernel Time ~ 969999                        |
79451500000: system.cpu0.workload.drivers0.device.dispatcher: -----------------------------------------------------------
79494292000: system.cpu0.workload.drivers0.device.dispatcher: -----------------------------------------------------------
79494292000: system.cpu0.workload.drivers0.device.dispatcher: | Kernel ID 0    start address 0x7fff5e782000             |
79494292000: system.cpu0.workload.drivers0.device.dispatcher: -----------------------------------------------------------
79494292000: system.cpu0.workload.drivers0.device.dispatcher: |         | Kernel | Start | End   | Count | Latency      |
79494292000: system.cpu0.workload.drivers0.device.dispatcher: -----------------------------------------------------------
79494292000: system.cpu0.workload.drivers0.device.dispatcher: | Measure | 0      | 0     | 204   | 1     | 4680999      |
79494292000: system.cpu0.workload.drivers0.device.dispatcher: -----------------------------------------------------------
79494292000: system.cpu0.workload.drivers0.device.dispatcher: | ~ 4 ~ Total Kernel Time ~ 969999                        |
79494292000: system.cpu0.workload.drivers0.device.dispatcher: -----------------------------------------------------------
79537519000: system.cpu0.workload.drivers0.device.dispatcher: -----------------------------------------------------------
79537519000: system.cpu0.workload.drivers0.device.dispatcher: | Kernel ID 0    start address 0x7fff5e782000             |
79537519000: system.cpu0.workload.drivers0.device.dispatcher: -----------------------------------------------------------
79537519000: system.cpu0.workload.drivers0.device.dispatcher: |         | Kernel | Start | End   | Count | Latency      |
79537519000: system.cpu0.workload.drivers0.device.dispatcher: -----------------------------------------------------------
79537519000: system.cpu0.workload.drivers0.device.dispatcher: | Measure | 0      | 0     | 204   | 1     | 4680999      |
79537519000: system.cpu0.workload.drivers0.device.dispatcher: -----------------------------------------------------------
79537519000: system.cpu0.workload.drivers0.device.dispatcher: | ~ 5 ~ Total Kernel Time ~ 969999                        |
79537519000: system.cpu0.workload.drivers0.device.dispatcher: -----------------------------------------------------------
79580133000: system.cpu0.workload.drivers0.device.dispatcher: -----------------------------------------------------------
79580133000: system.cpu0.workload.drivers0.device.dispatcher: | Kernel ID 0    start address 0x7fff5e782000             |
79580133000: system.cpu0.workload.drivers0.device.dispatcher: -----------------------------------------------------------
79580133000: system.cpu0.workload.drivers0.device.dispatcher: |         | Kernel | Start | End   | Count | Latency      |
79580133000: system.cpu0.workload.drivers0.device.dispatcher: -----------------------------------------------------------
79580133000: system.cpu0.workload.drivers0.device.dispatcher: | Measure | 0      | 0     | 204   | 1     | 4680999      |
79580133000: system.cpu0.workload.drivers0.device.dispatcher: -----------------------------------------------------------
79580133000: system.cpu0.workload.drivers0.device.dispatcher: | ~ 6 ~ Total Kernel Time ~ 969999                        |
79580133000: system.cpu0.workload.drivers0.device.dispatcher: -----------------------------------------------------------
79624070000: system.cpu0.workload.drivers0.device.dispatcher: -----------------------------------------------------------
79624070000: system.cpu0.workload.drivers0.device.dispatcher: | Kernel ID 0    start address 0x7fff5e782000             |
79624070000: system.cpu0.workload.drivers0.device.dispatcher: -----------------------------------------------------------
79624070000: system.cpu0.workload.drivers0.device.dispatcher: |         | Kernel | Start | End   | Count | Latency      |
79624070000: system.cpu0.workload.drivers0.device.dispatcher: -----------------------------------------------------------
79624070000: system.cpu0.workload.drivers0.device.dispatcher: | Measure | 0      | 0     | 204   | 1     | 4680999      |
79624070000: system.cpu0.workload.drivers0.device.dispatcher: -----------------------------------------------------------
79624070000: system.cpu0.workload.drivers0.device.dispatcher: | ~ 7 ~ Total Kernel Time ~ 969999                        |
79624070000: system.cpu0.workload.drivers0.device.dispatcher: -----------------------------------------------------------
79670947000: system.cpu0.workload.drivers0.device.dispatcher: -----------------------------------------------------------
79670947000: system.cpu0.workload.drivers0.device.dispatcher: | Kernel ID 0    start address 0x7fff5e782000             |
79670947000: system.cpu0.workload.drivers0.device.dispatcher: -----------------------------------------------------------
79670947000: system.cpu0.workload.drivers0.device.dispatcher: |         | Kernel | Start | End   | Count | Latency      |
79670947000: system.cpu0.workload.drivers0.device.dispatcher: -----------------------------------------------------------
79670947000: system.cpu0.workload.drivers0.device.dispatcher: | Measure | 0      | 0     | 204   | 1     | 4680999      |
79670947000: system.cpu0.workload.drivers0.device.dispatcher: -----------------------------------------------------------
79670947000: system.cpu0.workload.drivers0.device.dispatcher: | ~ 8 ~ Total Kernel Time ~ 969999                        |
79670947000: system.cpu0.workload.drivers0.device.dispatcher: -----------------------------------------------------------
79738997000: system.cpu0.workload.drivers0.device.dispatcher: -----------------------------------------------------------
79738997000: system.cpu0.workload.drivers0.device.dispatcher: | Kernel ID 0    start address 0x7fff5e782000             |
79738997000: system.cpu0.workload.drivers0.device.dispatcher: -----------------------------------------------------------
79738997000: system.cpu0.workload.drivers0.device.dispatcher: |         | Kernel | Start | End   | Count | Latency      |
79738997000: system.cpu0.workload.drivers0.device.dispatcher: -----------------------------------------------------------
79738997000: system.cpu0.workload.drivers0.device.dispatcher: | Measure | 0      | 0     | 204   | 1     | 4680999      |
79738997000: system.cpu0.workload.drivers0.device.dispatcher: -----------------------------------------------------------
79738997000: system.cpu0.workload.drivers0.device.dispatcher: | ~ 9 ~ Total Kernel Time ~ 969999                        |
79738997000: system.cpu0.workload.drivers0.device.dispatcher: -----------------------------------------------------------
GPU bitonic sort took 2.2631 milliseconds to complete.
Validating results with CPU implementation.
PASSED!
Ticks: 83144303000
Exiting because  exiting with last active thread context

Time elapsed: 1m29.699s