Global frequency set at 1000000000000 ticks per second
src/mem/dram_interface.cc:690: warn: DRAM device capacity (8192 Mbytes) does not match the address range assigned (512 Mbytes)
src/base/statistics.hh:279: warn: One of the stats is a legacy stat. Legacy stat is a stat that does not belong to any statistics::Group. Legacy stat is deprecated.
src/base/stats/storage.hh:278: warn: Bucket size (5) does not divide range [1:75] into equal-sized buckets. Rounding up.
src/base/stats/storage.hh:278: warn: Bucket size (2) does not divide range [1:10] into equal-sized buckets. Rounding up.
src/base/stats/storage.hh:278: warn: Bucket size (2) does not divide range [1:64] into equal-sized buckets. Rounding up.
src/base/stats/storage.hh:278: warn: Bucket size (10000) does not divide range [1:1e+06] into equal-sized buckets. Rounding up.
src/base/stats/storage.hh:278: warn: Bucket size (5) does not divide range [1:75] into equal-sized buckets. Rounding up.
src/base/stats/storage.hh:278: warn: Bucket size (2) does not divide range [1:10] into equal-sized buckets. Rounding up.
src/base/stats/storage.hh:278: warn: Bucket size (2) does not divide range [1:64] into equal-sized buckets. Rounding up.
src/base/stats/storage.hh:278: warn: Bucket size (10000) does not divide range [1:1e+06] into equal-sized buckets. Rounding up.
src/base/stats/storage.hh:278: warn: Bucket size (5) does not divide range [1:75] into equal-sized buckets. Rounding up.
src/base/stats/storage.hh:278: warn: Bucket size (2) does not divide range [1:10] into equal-sized buckets. Rounding up.
src/base/stats/storage.hh:278: warn: Bucket size (2) does not divide range [1:64] into equal-sized buckets. Rounding up.
src/base/stats/storage.hh:278: warn: Bucket size (10000) does not divide range [1:1e+06] into equal-sized buckets. Rounding up.
src/base/stats/storage.hh:278: warn: Bucket size (5) does not divide range [1:75] into equal-sized buckets. Rounding up.
src/base/stats/storage.hh:278: warn: Bucket size (2) does not divide range [1:10] into equal-sized buckets. Rounding up.
src/base/stats/storage.hh:278: warn: Bucket size (2) does not divide range [1:64] into equal-sized buckets. Rounding up.
src/base/stats/storage.hh:278: warn: Bucket size (10000) does not divide range [1:1e+06] into equal-sized buckets. Rounding up.
src/base/stats/storage.hh:278: warn: Bucket size (10000) does not divide range [1:1.6e+06] into equal-sized buckets. Rounding up.
src/base/stats/storage.hh:278: warn: Bucket size (10000) does not divide range [1:1.6e+06] into equal-sized buckets. Rounding up.
src/base/stats/storage.hh:278: warn: Bucket size (10000) does not divide range [1:1.6e+06] into equal-sized buckets. Rounding up.
src/base/stats/storage.hh:278: warn: Bucket size (10000) does not divide range [1:1.6e+06] into equal-sized buckets. Rounding up.
src/base/stats/storage.hh:278: warn: Bucket size (10000) does not divide range [1:1.6e+06] into equal-sized buckets. Rounding up.
src/base/stats/storage.hh:278: warn: Bucket size (10000) does not divide range [1:1.6e+06] into equal-sized buckets. Rounding up.
src/base/stats/storage.hh:278: warn: Bucket size (10000) does not divide range [1:1.6e+06] into equal-sized buckets. Rounding up.
src/base/statistics.hh:279: warn: One of the stats is a legacy stat. Legacy stat is a stat that does not belong to any statistics::Group. Legacy stat is deprecated.
src/base/stats/storage.hh:278: warn: Bucket size (10000) does not divide range [1:1.6e+06] into equal-sized buckets. Rounding up.
src/base/stats/storage.hh:278: warn: Bucket size (10000) does not divide range [1:1.6e+06] into equal-sized buckets. Rounding up.
src/base/stats/storage.hh:278: warn: Bucket size (10000) does not divide range [1:1.6e+06] into equal-sized buckets. Rounding up.
src/base/stats/storage.hh:278: warn: Bucket size (10000) does not divide range [1:1.6e+06] into equal-sized buckets. Rounding up.
src/base/stats/storage.hh:278: warn: Bucket size (10000) does not divide range [1:1.6e+06] into equal-sized buckets. Rounding up.
src/base/stats/storage.hh:278: warn: Bucket size (10000) does not divide range [1:1.6e+06] into equal-sized buckets. Rounding up.
src/base/stats/storage.hh:278: warn: Bucket size (10000) does not divide range [1:1.6e+06] into equal-sized buckets. Rounding up.
src/base/stats/storage.hh:278: warn: Bucket size (10000) does not divide range [1:1.6e+06] into equal-sized buckets. Rounding up.
src/base/stats/storage.hh:278: warn: Bucket size (10000) does not divide range [1:1.6e+06] into equal-sized buckets. Rounding up.
src/base/stats/storage.hh:278: warn: Bucket size (10000) does not divide range [1:1.6e+06] into equal-sized buckets. Rounding up.
src/base/stats/storage.hh:278: warn: Bucket size (10000) does not divide range [1:1.6e+06] into equal-sized buckets. Rounding up.
src/base/stats/storage.hh:278: warn: Bucket size (10000) does not divide range [1:1.6e+06] into equal-sized buckets. Rounding up.
src/base/stats/storage.hh:278: warn: Bucket size (10000) does not divide range [1:1.6e+06] into equal-sized buckets. Rounding up.
src/base/stats/storage.hh:278: warn: Bucket size (10000) does not divide range [1:1.6e+06] into equal-sized buckets. Rounding up.
src/base/stats/storage.hh:278: warn: Bucket size (10000) does not divide range [1:1.6e+06] into equal-sized buckets. Rounding up.
src/base/stats/storage.hh:278: warn: Bucket size (10000) does not divide range [1:1.6e+06] into equal-sized buckets. Rounding up.
src/base/stats/storage.hh:278: warn: Bucket size (10000) does not divide range [1:1.6e+06] into equal-sized buckets. Rounding up.
src/base/stats/storage.hh:278: warn: Bucket size (10000) does not divide range [1:1.6e+06] into equal-sized buckets. Rounding up.
src/base/stats/storage.hh:278: warn: Bucket size (10000) does not divide range [1:1.6e+06] into equal-sized buckets. Rounding up.
src/base/stats/storage.hh:278: warn: Bucket size (10000) does not divide range [1:1.6e+06] into equal-sized buckets. Rounding up.
src/base/stats/storage.hh:278: warn: Bucket size (10000) does not divide range [1:1.6e+06] into equal-sized buckets. Rounding up.
src/base/stats/storage.hh:278: warn: Bucket size (10000) does not divide range [1:1.6e+06] into equal-sized buckets. Rounding up.
src/base/stats/storage.hh:278: warn: Bucket size (10000) does not divide range [1:1.6e+06] into equal-sized buckets. Rounding up.
src/base/stats/storage.hh:278: warn: Bucket size (10000) does not divide range [1:1.6e+06] into equal-sized buckets. Rounding up.
src/base/stats/storage.hh:278: warn: Bucket size (10000) does not divide range [1:1.6e+06] into equal-sized buckets. Rounding up.
src/base/stats/storage.hh:278: warn: Bucket size (10000) does not divide range [1:1.6e+06] into equal-sized buckets. Rounding up.
src/base/stats/storage.hh:278: warn: Bucket size (10000) does not divide range [1:1.6e+06] into equal-sized buckets. Rounding up.
src/base/stats/storage.hh:278: warn: Bucket size (10000) does not divide range [1:1.6e+06] into equal-sized buckets. Rounding up.
src/base/stats/storage.hh:278: warn: Bucket size (10000) does not divide range [1:1.6e+06] into equal-sized buckets. Rounding up.
src/base/stats/storage.hh:278: warn: Bucket size (10000) does not divide range [1:1.6e+06] into equal-sized buckets. Rounding up.
src/base/stats/storage.hh:278: warn: Bucket size (10000) does not divide range [1:1.6e+06] into equal-sized buckets. Rounding up.
src/base/stats/storage.hh:278: warn: Bucket size (10000) does not divide range [1:1.6e+06] into equal-sized buckets. Rounding up.
src/base/stats/storage.hh:278: warn: Bucket size (10000) does not divide range [1:1.6e+06] into equal-sized buckets. Rounding up.
src/base/stats/storage.hh:278: warn: Bucket size (10000) does not divide range [1:1.6e+06] into equal-sized buckets. Rounding up.
src/base/stats/storage.hh:278: warn: Bucket size (10000) does not divide range [1:1.6e+06] into equal-sized buckets. Rounding up.
src/base/stats/storage.hh:278: warn: Bucket size (10000) does not divide range [1:1.6e+06] into equal-sized buckets. Rounding up.
src/base/stats/storage.hh:278: warn: Bucket size (10000) does not divide range [1:1.6e+06] into equal-sized buckets. Rounding up.
src/base/stats/storage.hh:278: warn: Bucket size (10000) does not divide range [1:1.6e+06] into equal-sized buckets. Rounding up.
src/base/stats/storage.hh:278: warn: Bucket size (10000) does not divide range [1:1.6e+06] into equal-sized buckets. Rounding up.
src/base/stats/storage.hh:278: warn: Bucket size (10000) does not divide range [1:1.6e+06] into equal-sized buckets. Rounding up.
src/base/stats/storage.hh:278: warn: Bucket size (10000) does not divide range [1:1.6e+06] into equal-sized buckets. Rounding up.
src/base/stats/storage.hh:278: warn: Bucket size (10000) does not divide range [1:1.6e+06] into equal-sized buckets. Rounding up.
src/base/stats/storage.hh:278: warn: Bucket size (10000) does not divide range [1:1.6e+06] into equal-sized buckets. Rounding up.
src/base/stats/storage.hh:278: warn: Bucket size (10000) does not divide range [1:1.6e+06] into equal-sized buckets. Rounding up.
src/base/stats/storage.hh:278: warn: Bucket size (10000) does not divide range [1:1.6e+06] into equal-sized buckets. Rounding up.
src/base/stats/storage.hh:278: warn: Bucket size (10000) does not divide range [1:1.6e+06] into equal-sized buckets. Rounding up.
src/base/stats/storage.hh:278: warn: Bucket size (10000) does not divide range [1:1.6e+06] into equal-sized buckets. Rounding up.
src/base/stats/storage.hh:278: warn: Bucket size (10000) does not divide range [1:1.6e+06] into equal-sized buckets. Rounding up.
src/base/stats/storage.hh:278: warn: Bucket size (10000) does not divide range [1:1.6e+06] into equal-sized buckets. Rounding up.
src/base/stats/storage.hh:278: warn: Bucket size (10000) does not divide range [1:1.6e+06] into equal-sized buckets. Rounding up.
src/base/stats/storage.hh:278: warn: Bucket size (10000) does not divide range [1:1.6e+06] into equal-sized buckets. Rounding up.
src/base/stats/storage.hh:278: warn: Bucket size (10000) does not divide range [1:1.6e+06] into equal-sized buckets. Rounding up.
src/base/stats/storage.hh:278: warn: Bucket size (10000) does not divide range [1:1.6e+06] into equal-sized buckets. Rounding up.
src/base/stats/storage.hh:278: warn: Bucket size (10000) does not divide range [1:1.6e+06] into equal-sized buckets. Rounding up.
src/base/stats/storage.hh:278: warn: Bucket size (10000) does not divide range [1:1.6e+06] into equal-sized buckets. Rounding up.
src/base/stats/storage.hh:278: warn: Bucket size (10000) does not divide range [1:1.6e+06] into equal-sized buckets. Rounding up.
src/base/stats/storage.hh:278: warn: Bucket size (10000) does not divide range [1:1.6e+06] into equal-sized buckets. Rounding up.
src/base/stats/storage.hh:278: warn: Bucket size (10000) does not divide range [1:1.6e+06] into equal-sized buckets. Rounding up.
src/base/stats/storage.hh:278: warn: Bucket size (10000) does not divide range [1:1.6e+06] into equal-sized buckets. Rounding up.
src/base/stats/storage.hh:278: warn: Bucket size (10000) does not divide range [1:1.6e+06] into equal-sized buckets. Rounding up.
src/base/stats/storage.hh:278: warn: Bucket size (10000) does not divide range [1:1.6e+06] into equal-sized buckets. Rounding up.
src/base/stats/storage.hh:278: warn: Bucket size (10000) does not divide range [1:1.6e+06] into equal-sized buckets. Rounding up.
src/base/stats/storage.hh:278: warn: Bucket size (10000) does not divide range [1:1.6e+06] into equal-sized buckets. Rounding up.
src/base/stats/storage.hh:278: warn: Bucket size (10000) does not divide range [1:1.6e+06] into equal-sized buckets. Rounding up.
Forcing maxCoalescedReqs to 32 (TLB assoc.) 
Forcing maxCoalescedReqs to 32 (TLB assoc.) 
Forcing maxCoalescedReqs to 32 (TLB assoc.) 
Forcing maxCoalescedReqs to 32 (TLB assoc.) 
Forcing maxCoalescedReqs to 32 (TLB assoc.) 
Forcing maxCoalescedReqs to 32 (TLB assoc.) 
src/base/statistics.hh:279: warn: One of the stats is a legacy stat. Legacy stat is a stat that does not belong to any statistics::Group. Legacy stat is deprecated.
Forcing maxCoalescedReqs to 32 (TLB assoc.) 
Forcing maxCoalescedReqs to 32 (TLB assoc.) 
system.remote_gdb: Listening for connections on port 7000
gem5 Simulator System.  https://www.gem5.org
gem5 is copyrighted software; use the --copyright option for details.

gem5 version 23.1.0.0
gem5 compiled May 31 2024 18:48:04
gem5 started May 31 2024 19:50:52
gem5 executing on 908dcad321bf, pid 613
command line: /pws-gem5/build/GCN3_X86/gem5.opt --debug-flags=IPT,PWSDebug /pws-gem5/configs/example/apu_se.py -n 3 -c /rocm-examples/Applications/convolution/applications_convolution -o ' -x 5 -y 5 -i 5'

Num SQC =  1 Num scalar caches =  1 Num CU =  4
warn: system.ruby.network adopting orphan SimObject param 'ext_links'
warn: system.ruby.network adopting orphan SimObject param 'int_links'
src/sim/simulate.cc:199: info: Entering event queue @ 0.  Starting simulation...
src/mem/ruby/system/Sequencer.cc:668: warn: Replacement policy updates recently became the responsibility of SLICC state machines. Make sure to setMRU() near callbacks in .sm files!
src/sim/mem_state.cc:448: info: Increasing stack size by one page.
src/base/loader/symtab.cc:95: warn: Cannot insert a new symbol table due to name collisions. Adding prefix to each symbol's name can resolve this issue.
src/base/loader/symtab.cc:95: warn: Cannot insert a new symbol table due to name collisions. Adding prefix to each symbol's name can resolve this issue.
src/base/loader/symtab.cc:95: warn: Cannot insert a new symbol table due to name collisions. Adding prefix to each symbol's name can resolve this issue.
src/base/loader/symtab.cc:95: warn: Cannot insert a new symbol table due to name collisions. Adding prefix to each symbol's name can resolve this issue.
src/sim/syscall_emul.cc:74: warn: ignoring syscall mprotect(...)
src/sim/syscall_emul.cc:74: warn: ignoring syscall mprotect(...)
src/base/loader/symtab.cc:95: warn: Cannot insert a new symbol table due to name collisions. Adding prefix to each symbol's name can resolve this issue.
src/sim/syscall_emul.cc:74: warn: ignoring syscall mprotect(...)
src/base/loader/symtab.cc:95: warn: Cannot insert a new symbol table due to name collisions. Adding prefix to each symbol's name can resolve this issue.
src/base/loader/symtab.cc:95: warn: Cannot insert a new symbol table due to name collisions. Adding prefix to each symbol's name can resolve this issue.
src/base/loader/symtab.cc:95: warn: Cannot insert a new symbol table due to name collisions. Adding prefix to each symbol's name can resolve this issue.
src/base/loader/symtab.cc:95: warn: Cannot insert a new symbol table due to name collisions. Adding prefix to each symbol's name can resolve this issue.
src/sim/syscall_emul.cc:74: warn: ignoring syscall mprotect(...)
src/base/loader/symtab.cc:95: warn: Cannot insert a new symbol table due to name collisions. Adding prefix to each symbol's name can resolve this issue.
src/base/loader/symtab.cc:95: warn: Cannot insert a new symbol table due to name collisions. Adding prefix to each symbol's name can resolve this issue.
src/sim/syscall_emul.cc:74: warn: ignoring syscall mprotect(...)
src/base/loader/symtab.cc:95: warn: Cannot insert a new symbol table due to name collisions. Adding prefix to each symbol's name can resolve this issue.
src/sim/syscall_emul.cc:74: warn: ignoring syscall mprotect(...)
src/sim/syscall_emul.cc:74: warn: ignoring syscall mprotect(...)
src/sim/syscall_emul.cc:74: warn: ignoring syscall mprotect(...)
src/sim/syscall_emul.cc:74: warn: ignoring syscall mprotect(...)
src/sim/syscall_emul.cc:74: warn: ignoring syscall mprotect(...)
src/sim/syscall_emul.cc:74: warn: ignoring syscall mprotect(...)
src/sim/syscall_emul.cc:74: warn: ignoring syscall mprotect(...)
src/sim/syscall_emul.cc:74: warn: ignoring syscall mprotect(...)
src/sim/syscall_emul.cc:74: warn: ignoring syscall mprotect(...)
src/sim/syscall_emul.cc:74: warn: ignoring syscall mprotect(...)
src/sim/syscall_emul.cc:74: warn: ignoring syscall mprotect(...)
src/sim/syscall_emul.cc:74: warn: ignoring syscall mprotect(...)
src/sim/syscall_emul.cc:74: warn: ignoring syscall mprotect(...)
src/sim/syscall_emul.cc:74: warn: ignoring syscall mprotect(...)
src/sim/syscall_emul.cc:74: warn: ignoring syscall mprotect(...)
src/sim/syscall_emul.cc:74: warn: ignoring syscall mprotect(...)
src/sim/syscall_emul.cc:74: warn: ignoring syscall mprotect(...)
src/sim/syscall_emul.cc:74: warn: ignoring syscall mprotect(...)
src/sim/syscall_emul.cc:74: warn: ignoring syscall mprotect(...)
src/sim/syscall_emul.cc:74: warn: ignoring syscall set_robust_list(...)
src/sim/syscall_emul.cc:85: warn: ignoring syscall rt_sigaction(...)
      (further warnings will be suppressed)
src/sim/syscall_emul.cc:85: warn: ignoring syscall rt_sigprocmask(...)
      (further warnings will be suppressed)
src/sim/syscall_emul.cc:74: warn: ignoring syscall get_mempolicy(...)
build/GCN3_X86/arch/x86/generated/exec-ns.cc.inc:27: warn: instruction 'frndint' unimplemented
src/sim/mem_state.cc:448: info: Increasing stack size by one page.
src/sim/mem_state.cc:448: info: Increasing stack size by one page.
build/GCN3_X86/arch/x86/generated/exec-ns.cc.inc:27: warn: instruction 'fxam' unimplemented
build/GCN3_X86/arch/x86/generated/exec-ns.cc.inc:27: warn: instruction 'fcomp' unimplemented
build/GCN3_X86/arch/x86/generated/exec-ns.cc.inc:27: warn: instruction 'fdivrp' unimplemented
build/GCN3_X86/arch/x86/generated/exec-ns.cc.inc:27: warn: instruction 'fcmovb' unimplemented
Executing a simple convolution for 5 iterations with a 5 x 5 sized grid.
src/sim/mem_state.cc:448: info: Increasing stack size by one page.
src/gpu-compute/gpu_compute_driver.cc:710: warn: unimplemented ioctl: AMDKFD_IOC_ACQUIRE_VM
src/sim/syscall_emul.hh:1890: warn: mmap: writing to shared mmap region is currently unsupported. The write succeeds on the target, but it will not be propagated to the host or shared mappings
src/sim/mem_state.cc:448: info: Increasing stack size by one page.
src/gpu-compute/gpu_compute_driver.cc:460: warn: Signal events are only supported currently
src/sim/syscall_emul.cc:74: warn: ignoring syscall mprotect(...)
src/sim/power_state.cc:105: warn: PowerState: Already in the requested power state, request ignored
src/sim/syscall_emul.cc:74: warn: ignoring syscall set_robust_list(...)
src/sim/syscall_emul.cc:74: warn: ignoring syscall mprotect(...)
src/gpu-compute/gpu_compute_driver.cc:604: warn: unimplemented ioctl: AMDKFD_IOC_SET_SCRATCH_BACKING_VA
src/gpu-compute/gpu_compute_driver.cc:614: warn: unimplemented ioctl: AMDKFD_IOC_SET_TRAP_HANDLER
src/sim/syscall_emul.cc:74: warn: ignoring syscall mprotect(...)
src/sim/syscall_emul.cc:74: warn: ignoring syscall set_robust_list(...)
src/sim/syscall_emul.cc:74: warn: ignoring syscall mprotect(...)
src/sim/syscall_emul.cc:74: warn: ignoring syscall madvise(...)
src/sim/syscall_emul.cc:74: warn: ignoring syscall mprotect(...)
src/sim/syscall_emul.cc:74: warn: ignoring syscall sched_setaffinity(...)
src/sim/syscall_emul.cc:74: warn: ignoring syscall set_robust_list(...)
src/sim/syscall_emul.cc:85: warn: ignoring syscall sched_yield(...)
      (further warnings will be suppressed)
src/sim/syscall_emul.cc:74: warn: ignoring syscall mprotect(...)
src/sim/syscall_emul.cc:74: warn: ignoring syscall mprotect(...)
src/sim/syscall_emul.cc:74: warn: ignoring syscall mprotect(...)
src/sim/syscall_emul.cc:74: warn: ignoring syscall mprotect(...)
src/sim/syscall_emul.cc:74: warn: ignoring syscall mprotect(...)
src/sim/syscall_emul.cc:74: warn: ignoring syscall mprotect(...)
src/sim/syscall_emul.cc:74: warn: ignoring syscall mprotect(...)
src/sim/syscall_emul.cc:74: warn: ignoring syscall mprotect(...)
src/sim/syscall_emul.cc:74: warn: ignoring syscall mprotect(...)
src/sim/syscall_emul.cc:74: warn: ignoring syscall mprotect(...)
src/sim/syscall_emul.cc:74: warn: ignoring syscall mprotect(...)
src/sim/syscall_emul.cc:74: warn: ignoring syscall mprotect(...)
src/gpu-compute/gpu_command_processor.cc:528: warn: Ignoring vendor packet
79375508000: system.cpu3.CUs0.wavefronts00: Kernel 000 inst: 00000 s_load_dwordx2 s[2:3], s[6:7], 0x10
79376856000: system.cpu3.CUs0.wavefronts00: Kernel 000 inst: 00008 s_load_dword s0, s[4:5], 0x04
79376857000: system.cpu3.CUs0.wavefronts00: Kernel 000 inst: 00016 s_waitcnt lgkmcnt(0)
79378204000: system.cpu3.CUs0.wavefronts00: Kernel 000 inst: 00020 s_lshr_b32 s1, s0, 16
79378208000: system.cpu3.CUs0.wavefronts00: Kernel 000 inst: 00024 s_and_b32 s0, s0, 0x0000ffff
79378232000: system.cpu3.CUs0.wavefronts00: Kernel 000 inst: 00032 s_mul_i32 s8, s8, s0
79378296000: system.cpu3.CUs0.wavefronts00: Kernel 000 inst: 00036 s_mul_i32 s9, s9, s1
79378299000: system.cpu3.CUs0.wavefronts00: Kernel 000 inst: 00040 v_add_u32 v2, vcc, s9, v1
79378303000: system.cpu3.CUs0.wavefronts00: Kernel 000 inst: 00044 v_add_u32 v0, vcc, s8, v0
79378307000: system.cpu3.CUs0.wavefronts00: Kernel 000 inst: 00048 v_cmp_gt_u32 vcc, s2, v0
79378311000: system.cpu3.CUs0.wavefronts00: Kernel 000 inst: 00052 v_cmp_gt_u32 s[0:1], s3, v2
79378372000: system.cpu3.CUs0.wavefronts00: Kernel 000 inst: 00060 s_and_b64 s0, vcc_lo, s0
79378432000: system.cpu3.CUs0.wavefronts00: Kernel 000 inst: 00064 s_and_saveexec_b64 s4, s0
79378480000: system.cpu3.CUs0.wavefronts00: Kernel 000 inst: 00068 s_cbranch_execz label_284
79378532000: system.cpu3.CUs0.wavefronts00: Kernel 000 inst: 00072 s_add_u32 s0, s2, 4
79378596000: system.cpu3.CUs0.wavefronts00: Kernel 000 inst: 00076 s_addc_u32 s1, 0, 0
79378599000: system.cpu3.CUs0.wavefronts00: Kernel 000 inst: 00080 v_mul_lo_u32 v3, s1, v2
79378603000: system.cpu3.CUs0.wavefronts00: Kernel 000 inst: 00088 v_mul_hi_u32 v4, s0, v2
79378607000: system.cpu3.CUs0.wavefronts00: Kernel 000 inst: 00096 v_mul_lo_u32 v5, s0, v2
79378608000: system.cpu3.CUs0.wavefronts00: Kernel 000 inst: 00104 s_load_dwordx4 s[4:7], s[6:7], 0x00
79378611000: system.cpu3.CUs0.wavefronts00: Kernel 000 inst: 00112 v_mov_b32 v6, 0
79378615000: system.cpu3.CUs0.wavefronts00: Kernel 000 inst: 00116 v_add_u32 v4, vcc, v4, v3
79378619000: system.cpu3.CUs0.wavefronts00: Kernel 000 inst: 00120 v_add_u32 v3, vcc, v5, v0
79378808000: system.cpu3.CUs0.wavefronts00: Kernel 000 inst: 00124 v_addc_u32 v4, vcc, v4, v6, vcc
79378812000: system.cpu3.CUs0.wavefronts00: Kernel 000 inst: 00128 v_lshlrev_b64 v[3:4], 2, v[3:4]
79378813000: system.cpu3.CUs0.wavefronts00: Kernel 000 inst: 00136 s_waitcnt lgkmcnt(0)
79378816000: system.cpu3.CUs0.wavefronts00: Kernel 000 inst: 00140 v_mov_b32 v5, s5
79378820000: system.cpu3.CUs0.wavefronts00: Kernel 000 inst: 00144 v_add_u32 v7, vcc, s4, v3
79378824000: system.cpu3.CUs0.wavefronts00: Kernel 000 inst: 00148 v_addc_u32 v8, vcc, v5, v4, vcc
79378828000: system.cpu3.CUs0.wavefronts00: Kernel 000 inst: 00152 v_add_u32 v9, vcc, 16, v7
79378832000: system.cpu3.CUs0.wavefronts00: Kernel 000 inst: 00156 v_addc_u32 v10, vcc, 0, v8, vcc
79378833000: system.cpu3.CUs0.wavefronts00: Kernel 000 inst: 00160 flat_load_dword v19, v[9:10]
79378837000: system.cpu3.CUs0.wavefronts00: Kernel 000 inst: 00168 flat_load_dwordx4 v3, v[7:8]
79378838000: system.cpu3.CUs0.wavefronts00: Kernel 000 inst: 00176 s_getpc_b64 s0, s0
79378842000: system.cpu3.CUs0.wavefronts00: Kernel 000 inst: 00180 s_add_u32 s0, s0, 0x00001f4c
79379136000: system.cpu3.CUs0.wavefronts00: Kernel 000 inst: 00188 s_addc_u32 s1, s1, 0x00000000
79379140000: system.cpu3.CUs0.wavefronts00: Kernel 000 inst: 00196 s_mov_b32 s3, 0
79379141000: system.cpu3.CUs0.wavefronts00: Kernel 000 inst: 00200 s_load_dwordx16 s[8:23], s[0:1], 0x00
79379144000: system.cpu3.CUs0.wavefronts00: Kernel 000 inst: 00208 s_lshl_b64 s0, s2, 2
79379147000: system.cpu3.CUs0.wavefronts00: Kernel 000 inst: 00212 v_mov_b32 v9, s1
79379151000: system.cpu3.CUs0.wavefronts00: Kernel 000 inst: 00216 v_add_u32 v7, vcc, s0, v7
79379155000: system.cpu3.CUs0.wavefronts00: Kernel 000 inst: 00220 v_addc_u32 v8, vcc, v8, v9, vcc
79379159000: system.cpu3.CUs0.wavefronts00: Kernel 000 inst: 00224 v_add_u32 v11, vcc, 16, v7
79379163000: system.cpu3.CUs0.wavefronts00: Kernel 000 inst: 00228 v_addc_u32 v12, vcc, 0, v8, vcc
79379167000: system.cpu3.CUs0.wavefronts00: Kernel 000 inst: 00232 v_add_u32 v13, vcc, 32, v7
79379171000: system.cpu3.CUs0.wavefronts00: Kernel 000 inst: 00236 v_addc_u32 v14, vcc, 0, v8, vcc
79379869000: system.cpu3.CUs0.wavefronts00: Kernel 000 inst: 00240 flat_load_dword v21, v[13:14]
79379873000: system.cpu3.CUs0.wavefronts00: Kernel 000 inst: 00248 flat_load_dwordx4 v7, v[11:12]
79379874000: system.cpu3.CUs0.wavefronts00: Kernel 000 inst: 00256 v_mov_b32 v15, s1
79379878000: system.cpu3.CUs0.wavefronts00: Kernel 000 inst: 00260 v_add_u32 v13, vcc, s0, v11
79379882000: system.cpu3.CUs0.wavefronts00: Kernel 000 inst: 00264 v_addc_u32 v14, vcc, v12, v15, vcc
79379886000: system.cpu3.CUs0.wavefronts00: Kernel 000 inst: 00268 v_add_u32 v11, vcc, 16, v13
79379890000: system.cpu3.CUs0.wavefronts00: Kernel 000 inst: 00272 v_addc_u32 v12, vcc, 0, v14, vcc
79379894000: system.cpu3.CUs0.wavefronts00: Kernel 000 inst: 00276 v_add_u32 v13, vcc, 32, v13
79379898000: system.cpu3.CUs0.wavefronts00: Kernel 000 inst: 00280 v_addc_u32 v14, vcc, 0, v14, vcc
79379902000: system.cpu3.CUs0.wavefronts00: Kernel 000 inst: 00284 v_mov_b32 v16, s1
79379906000: system.cpu3.CUs0.wavefronts00: Kernel 000 inst: 00288 v_mov_b32 v20, s1
79379907000: system.cpu3.CUs0.wavefronts00: Kernel 000 inst: 00292 s_getpc_b64 s4, s0
79379911000: system.cpu3.CUs0.wavefronts00: Kernel 000 inst: 00296 s_add_u32 s4, s4, 0x00001f38
79379915000: system.cpu3.CUs0.wavefronts00: Kernel 000 inst: 00304 s_addc_u32 s5, s5, 0x00000000
79379916000: system.cpu3.CUs0.wavefronts00: Kernel 000 inst: 00312 s_load_dword s3, s[4:5], 0x00
79380201000: system.cpu3.CUs0.wavefronts00: Kernel 000 inst: 00320 s_getpc_b64 s4, s0
79380213000: system.cpu3.CUs0.wavefronts00: Kernel 000 inst: 00324 s_add_u32 s4, s4, 0x00001efc
79380225000: system.cpu3.CUs0.wavefronts00: Kernel 000 inst: 00332 s_addc_u32 s5, s5, 0x00000000
79380495000: system.cpu3.CUs0.wavefronts00: Kernel 000 inst: 00340 s_load_dwordx8 s[24:31], s[4:5], 0x00
79380496000: system.cpu3.CUs0.wavefronts00: Kernel 000 inst: 00348 v_mov_b32 v1, 0
79380497000: system.cpu3.CUs0.wavefronts00: Kernel 000 inst: 00352 s_waitcnt vmcnt(2) & lgkmcnt(0)
79380552000: system.cpu3.CUs0.wavefronts00: Kernel 000 inst: 00356 v_fma_f32 v3, v3, s8, 0
79380556000: system.cpu3.CUs0.wavefronts00: Kernel 000 inst: 00364 v_fma_f32 v3, v4, s9, v3
79380560000: system.cpu3.CUs0.wavefronts00: Kernel 000 inst: 00372 v_fma_f32 v3, v5, s10, v3
79380564000: system.cpu3.CUs0.wavefronts00: Kernel 000 inst: 00380 v_fma_f32 v22, v6, s11, v3
79380568000: system.cpu3.CUs0.wavefronts00: Kernel 000 inst: 00388 v_add_u32 v3, vcc, s0, v11
79380572000: system.cpu3.CUs0.wavefronts00: Kernel 000 inst: 00392 v_addc_u32 v4, vcc, v12, v16, vcc
79380576000: system.cpu3.CUs0.wavefronts00: Kernel 000 inst: 00396 v_add_u32 v15, vcc, 16, v3
79380580000: system.cpu3.CUs0.wavefronts00: Kernel 000 inst: 00400 v_addc_u32 v16, vcc, 0, v4, vcc
79380584000: system.cpu3.CUs0.wavefronts00: Kernel 000 inst: 00404 v_add_u32 v17, vcc, 20, v3
79380588000: system.cpu3.CUs0.wavefronts00: Kernel 000 inst: 00408 v_addc_u32 v18, vcc, 0, v4, vcc
79380589000: system.cpu3.CUs0.wavefronts00: Kernel 000 inst: 00412 flat_load_dword v23, v[13:14]
79380593000: system.cpu3.CUs0.wavefronts00: Kernel 000 inst: 00420 flat_load_dwordx4 v3, v[11:12]
79380594000: system.cpu3.CUs0.wavefronts00: Kernel 000 inst: 00428 v_fma_f32 v11, v19, s12, v22
79380595000: system.cpu3.CUs0.wavefronts00: Kernel 000 inst: 00436 s_waitcnt vmcnt(2)
79380598000: system.cpu3.CUs0.wavefronts00: Kernel 000 inst: 00440 v_fma_f32 v7, v7, s13, v11
79380892000: system.cpu3.CUs0.wavefronts00: Kernel 000 inst: 00448 v_fma_f32 v7, v8, s14, v7
79380893000: system.cpu3.CUs0.wavefronts00: Kernel 000 inst: 00456 flat_load_dword v13, v[15:16]
79380896000: system.cpu3.CUs0.wavefronts00: Kernel 000 inst: 00464 v_fma_f32 v7, v9, s15, v7
79380900000: system.cpu3.CUs0.wavefronts00: Kernel 000 inst: 00472 v_add_u32 v15, vcc, s0, v15
79380904000: system.cpu3.CUs0.wavefronts00: Kernel 000 inst: 00476 v_fma_f32 v14, v10, s16, v7
79380905000: system.cpu3.CUs0.wavefronts00: Kernel 000 inst: 00484 flat_load_dwordx4 v7, v[17:18]
79380908000: system.cpu3.CUs0.wavefronts00: Kernel 000 inst: 00492 v_addc_u32 v16, vcc, v16, v20, vcc
79380912000: system.cpu3.CUs0.wavefronts00: Kernel 000 inst: 00496 v_add_u32 v11, vcc, 16, v15
79380916000: system.cpu3.CUs0.wavefronts00: Kernel 000 inst: 00500 v_addc_u32 v12, vcc, 0, v16, vcc
79380956000: system.cpu3.CUs0.wavefronts00: Kernel 000 inst: 00504 flat_load_dword v11, v[11:12]
79381217000: system.cpu3.CUs0.wavefronts00: Kernel 000 inst: 00512 v_fma_f32 v12, v21, s17, v14
79381221000: system.cpu3.CUs0.wavefronts00: Kernel 000 inst: 00520 v_mad_u64_u32 v0, s[0:1], v2, s2, v0
79381225000: system.cpu3.CUs0.wavefronts00: Kernel 000 inst: 00528 v_lshlrev_b64 v[0:1], 2, v[0:1]
79381226000: system.cpu3.CUs0.wavefronts00: Kernel 000 inst: 00536 s_waitcnt vmcnt(3) & lgkmcnt(3)
79381229000: system.cpu3.CUs0.wavefronts00: Kernel 000 inst: 00540 v_fma_f32 v3, v3, s18, v12
79381233000: system.cpu3.CUs0.wavefronts00: Kernel 000 inst: 00548 v_fma_f32 v3, v4, s19, v3
79381237000: system.cpu3.CUs0.wavefronts00: Kernel 000 inst: 00556 v_fma_f32 v3, v5, s20, v3
79381241000: system.cpu3.CUs0.wavefronts00: Kernel 000 inst: 00564 v_fma_f32 v3, v6, s21, v3
79381542000: system.cpu3.CUs0.wavefronts00: Kernel 000 inst: 00572 v_fma_f32 v3, v23, s22, v3
79381543000: system.cpu3.CUs0.wavefronts00: Kernel 000 inst: 00580 s_waitcnt vmcnt(2) & lgkmcnt(2)
79381546000: system.cpu3.CUs0.wavefronts00: Kernel 000 inst: 00584 v_fma_f32 v3, v13, s23, v3
79381555000: system.cpu3.CUs0.wavefronts00: Kernel 000 inst: 00592 s_waitcnt vmcnt(1) & lgkmcnt(1)
79381557000: system.cpu3.CUs0.wavefronts00: Kernel 000 inst: 00596 v_fma_f32 v3, v7, s24, v3
79381561000: system.cpu3.CUs0.wavefronts00: Kernel 000 inst: 00604 v_fma_f32 v3, v8, s25, v3
79381565000: system.cpu3.CUs0.wavefronts00: Kernel 000 inst: 00612 v_fma_f32 v3, v9, s26, v3
79381569000: system.cpu3.CUs0.wavefronts00: Kernel 000 inst: 00620 v_fma_f32 v3, v10, s27, v3
79381570000: system.cpu3.CUs0.wavefronts00: Kernel 000 inst: 00628 s_waitcnt vmcnt(0) & lgkmcnt(0)
79381573000: system.cpu3.CUs0.wavefronts00: Kernel 000 inst: 00632 v_fma_f32 v7, v11, s28, v3
79381870000: system.cpu3.CUs0.wavefronts00: Kernel 000 inst: 00640 v_add_u32 v3, vcc, 20, v15
79381874000: system.cpu3.CUs0.wavefronts00: Kernel 000 inst: 00644 v_addc_u32 v4, vcc, 0, v16, vcc
79381875000: system.cpu3.CUs0.wavefronts00: Kernel 000 inst: 00648 flat_load_dwordx4 v3, v[3:4]
79381878000: system.cpu3.CUs0.wavefronts00: Kernel 000 inst: 00656 v_add_u32 v0, vcc, s6, v0
79381879000: system.cpu3.CUs0.wavefronts00: Kernel 000 inst: 00660 s_waitcnt vmcnt(0) & lgkmcnt(0)
79381983000: system.cpu3.CUs0.wavefronts00: Kernel 000 inst: 00664 v_fma_f32 v3, v3, s29, v7
79381987000: system.cpu3.CUs0.wavefronts00: Kernel 000 inst: 00672 v_fma_f32 v2, v4, s30, v3
79381991000: system.cpu3.CUs0.wavefronts00: Kernel 000 inst: 00680 v_fma_f32 v2, v5, s31, v2
79381995000: system.cpu3.CUs0.wavefronts00: Kernel 000 inst: 00688 v_mov_b32 v3, s7
79381999000: system.cpu3.CUs0.wavefronts00: Kernel 000 inst: 00692 v_fma_f32 v2, v6, s3, v2
79382003000: system.cpu3.CUs0.wavefronts00: Kernel 000 inst: 00700 v_addc_u32 v1, vcc, v3, v1, vcc
79382004000: system.cpu3.CUs0.wavefronts00: Kernel 000 inst: 00704 flat_store_dword v[0:1], v2
79383228000: system.cpu3.CUs0.wavefronts00: Kernel 000 inst: 00712 s_endpgm
79383313000: system.cpu0.workload.drivers0.device.dispatcher: -----------------------------------------------------------
79383313000: system.cpu0.workload.drivers0.device.dispatcher: | Kernel ID 0    start address 0x7fff5e780000             |
79383313000: system.cpu0.workload.drivers0.device.dispatcher: -----------------------------------------------------------
79383313000: system.cpu0.workload.drivers0.device.dispatcher: |         | Kernel | Start | End   | Count | Latency      |
79383313000: system.cpu0.workload.drivers0.device.dispatcher: -----------------------------------------------------------
79383313000: system.cpu0.workload.drivers0.device.dispatcher: | Measure | 0      | 68    | 712   | 1     | 4737000      |
79383313000: system.cpu0.workload.drivers0.device.dispatcher: | Measure | 0      | 0     | 68    | 1     | 4458999      |
79383313000: system.cpu0.workload.drivers0.device.dispatcher: -----------------------------------------------------------
79383313000: system.cpu0.workload.drivers0.device.dispatcher: | ~ 0 ~ Total Kernel Time ~ 9107999                       |
79383313000: system.cpu0.workload.drivers0.device.dispatcher: -----------------------------------------------------------
79438427000: system.cpu0.workload.drivers0.device.dispatcher: -----------------------------------------------------------
79438427000: system.cpu0.workload.drivers0.device.dispatcher: | Kernel ID 0    start address 0x7fff5e780000             |
79438427000: system.cpu0.workload.drivers0.device.dispatcher: -----------------------------------------------------------
79438427000: system.cpu0.workload.drivers0.device.dispatcher: |         | Kernel | Start | End   | Count | Latency      |
79438427000: system.cpu0.workload.drivers0.device.dispatcher: -----------------------------------------------------------
79438427000: system.cpu0.workload.drivers0.device.dispatcher: | Measure | 0      | 712   | 0     | 1     | 53022001     |
79438427000: system.cpu0.workload.drivers0.device.dispatcher: | Measure | 0      | 68    | 0     | 0     | 57855001     |
79438427000: system.cpu0.workload.drivers0.device.dispatcher: | Measure | 0      | 68    | 712   | 2     | 4737000      |
79438427000: system.cpu0.workload.drivers0.device.dispatcher: | Measure | 0      | 0     | 68    | 2     | 4458999      |
79438427000: system.cpu0.workload.drivers0.device.dispatcher: -----------------------------------------------------------
79438427000: system.cpu0.workload.drivers0.device.dispatcher: | ~ 1 ~ Total Kernel Time ~ 2091999                       |
79438427000: system.cpu0.workload.drivers0.device.dispatcher: -----------------------------------------------------------
79480106000: system.cpu0.workload.drivers0.device.dispatcher: -----------------------------------------------------------
79480106000: system.cpu0.workload.drivers0.device.dispatcher: | Kernel ID 0    start address 0x7fff5e780000             |
79480106000: system.cpu0.workload.drivers0.device.dispatcher: -----------------------------------------------------------
79480106000: system.cpu0.workload.drivers0.device.dispatcher: |         | Kernel | Start | End   | Count | Latency      |
79480106000: system.cpu0.workload.drivers0.device.dispatcher: -----------------------------------------------------------
79480106000: system.cpu0.workload.drivers0.device.dispatcher: | Measure | 0      | 712   | 0     | 2     | 53022001     |
79480106000: system.cpu0.workload.drivers0.device.dispatcher: | Measure | 0      | 68    | 0     | 0     | 57855001     |
79480106000: system.cpu0.workload.drivers0.device.dispatcher: | Measure | 0      | 68    | 712   | 3     | 4737000      |
79480106000: system.cpu0.workload.drivers0.device.dispatcher: | Measure | 0      | 0     | 68    | 3     | 4458999      |
79480106000: system.cpu0.workload.drivers0.device.dispatcher: -----------------------------------------------------------
79480106000: system.cpu0.workload.drivers0.device.dispatcher: | ~ 2 ~ Total Kernel Time ~ 2091999                       |
79480106000: system.cpu0.workload.drivers0.device.dispatcher: -----------------------------------------------------------
79522221000: system.cpu0.workload.drivers0.device.dispatcher: -----------------------------------------------------------
79522221000: system.cpu0.workload.drivers0.device.dispatcher: | Kernel ID 0    start address 0x7fff5e780000             |
79522221000: system.cpu0.workload.drivers0.device.dispatcher: -----------------------------------------------------------
79522221000: system.cpu0.workload.drivers0.device.dispatcher: |         | Kernel | Start | End   | Count | Latency      |
79522221000: system.cpu0.workload.drivers0.device.dispatcher: -----------------------------------------------------------
79522221000: system.cpu0.workload.drivers0.device.dispatcher: | Measure | 0      | 712   | 0     | 3     | 53022001     |
79522221000: system.cpu0.workload.drivers0.device.dispatcher: | Measure | 0      | 68    | 0     | 0     | 57855001     |
79522221000: system.cpu0.workload.drivers0.device.dispatcher: | Measure | 0      | 68    | 712   | 4     | 4737000      |
79522221000: system.cpu0.workload.drivers0.device.dispatcher: | Measure | 0      | 0     | 68    | 4     | 4458999      |
79522221000: system.cpu0.workload.drivers0.device.dispatcher: -----------------------------------------------------------
79522221000: system.cpu0.workload.drivers0.device.dispatcher: | ~ 3 ~ Total Kernel Time ~ 2091999                       |
79522221000: system.cpu0.workload.drivers0.device.dispatcher: -----------------------------------------------------------
79563608000: system.cpu0.workload.drivers0.device.dispatcher: -----------------------------------------------------------
79563608000: system.cpu0.workload.drivers0.device.dispatcher: | Kernel ID 0    start address 0x7fff5e780000             |
79563608000: system.cpu0.workload.drivers0.device.dispatcher: -----------------------------------------------------------
79563608000: system.cpu0.workload.drivers0.device.dispatcher: |         | Kernel | Start | End   | Count | Latency      |
79563608000: system.cpu0.workload.drivers0.device.dispatcher: -----------------------------------------------------------
79563608000: system.cpu0.workload.drivers0.device.dispatcher: | Measure | 0      | 712   | 0     | 4     | 53022001     |
79563608000: system.cpu0.workload.drivers0.device.dispatcher: | Measure | 0      | 68    | 0     | 0     | 57855001     |
79563608000: system.cpu0.workload.drivers0.device.dispatcher: | Measure | 0      | 68    | 712   | 5     | 4737000      |
79563608000: system.cpu0.workload.drivers0.device.dispatcher: | Measure | 0      | 0     | 68    | 5     | 4458999      |
79563608000: system.cpu0.workload.drivers0.device.dispatcher: -----------------------------------------------------------
79563608000: system.cpu0.workload.drivers0.device.dispatcher: | ~ 4 ~ Total Kernel Time ~ 2091999                       |
79563608000: system.cpu0.workload.drivers0.device.dispatcher: -----------------------------------------------------------
The mean time needed for each iteration has been 0.051346ms and mean bandwidth was 0.0117586 GB/s
Validating results with CPU implementation.
The root-mean-square error of the difference between the reference and the gpu result is 8.14882e-05
PASSED!
Ticks: 83024648000
Exiting because  exiting with last active thread context

Time elapsed: 1m30.180s