Global frequency set at 1000000000000 ticks per second
src/mem/dram_interface.cc:690: warn: DRAM device capacity (8192 Mbytes) does not match the address range assigned (512 Mbytes)
src/base/statistics.hh:279: warn: One of the stats is a legacy stat. Legacy stat is a stat that does not belong to any statistics::Group. Legacy stat is deprecated.
src/base/stats/storage.hh:278: warn: Bucket size (5) does not divide range [1:75] into equal-sized buckets. Rounding up.
src/base/stats/storage.hh:278: warn: Bucket size (2) does not divide range [1:10] into equal-sized buckets. Rounding up.
src/base/stats/storage.hh:278: warn: Bucket size (2) does not divide range [1:64] into equal-sized buckets. Rounding up.
src/base/stats/storage.hh:278: warn: Bucket size (10000) does not divide range [1:1e+06] into equal-sized buckets. Rounding up.
src/base/stats/storage.hh:278: warn: Bucket size (5) does not divide range [1:75] into equal-sized buckets. Rounding up.
src/base/stats/storage.hh:278: warn: Bucket size (2) does not divide range [1:10] into equal-sized buckets. Rounding up.
src/base/stats/storage.hh:278: warn: Bucket size (2) does not divide range [1:64] into equal-sized buckets. Rounding up.
src/base/stats/storage.hh:278: warn: Bucket size (10000) does not divide range [1:1e+06] into equal-sized buckets. Rounding up.
src/base/stats/storage.hh:278: warn: Bucket size (5) does not divide range [1:75] into equal-sized buckets. Rounding up.
src/base/stats/storage.hh:278: warn: Bucket size (2) does not divide range [1:10] into equal-sized buckets. Rounding up.
src/base/stats/storage.hh:278: warn: Bucket size (2) does not divide range [1:64] into equal-sized buckets. Rounding up.
src/base/stats/storage.hh:278: warn: Bucket size (10000) does not divide range [1:1e+06] into equal-sized buckets. Rounding up.
src/base/stats/storage.hh:278: warn: Bucket size (5) does not divide range [1:75] into equal-sized buckets. Rounding up.
src/base/stats/storage.hh:278: warn: Bucket size (2) does not divide range [1:10] into equal-sized buckets. Rounding up.
src/base/stats/storage.hh:278: warn: Bucket size (2) does not divide range [1:64] into equal-sized buckets. Rounding up.
src/base/stats/storage.hh:278: warn: Bucket size (10000) does not divide range [1:1e+06] into equal-sized buckets. Rounding up.
src/base/stats/storage.hh:278: warn: Bucket size (10000) does not divide range [1:1.6e+06] into equal-sized buckets. Rounding up.
src/base/stats/storage.hh:278: warn: Bucket size (10000) does not divide range [1:1.6e+06] into equal-sized buckets. Rounding up.
src/base/stats/storage.hh:278: warn: Bucket size (10000) does not divide range [1:1.6e+06] into equal-sized buckets. Rounding up.
src/base/stats/storage.hh:278: warn: Bucket size (10000) does not divide range [1:1.6e+06] into equal-sized buckets. Rounding up.
src/base/stats/storage.hh:278: warn: Bucket size (10000) does not divide range [1:1.6e+06] into equal-sized buckets. Rounding up.
src/base/stats/storage.hh:278: warn: Bucket size (10000) does not divide range [1:1.6e+06] into equal-sized buckets. Rounding up.
src/base/stats/storage.hh:278: warn: Bucket size (10000) does not divide range [1:1.6e+06] into equal-sized buckets. Rounding up.
src/base/statistics.hh:279: warn: One of the stats is a legacy stat. Legacy stat is a stat that does not belong to any statistics::Group. Legacy stat is deprecated.
src/base/stats/storage.hh:278: warn: Bucket size (10000) does not divide range [1:1.6e+06] into equal-sized buckets. Rounding up.
src/base/stats/storage.hh:278: warn: Bucket size (10000) does not divide range [1:1.6e+06] into equal-sized buckets. Rounding up.
src/base/stats/storage.hh:278: warn: Bucket size (10000) does not divide range [1:1.6e+06] into equal-sized buckets. Rounding up.
src/base/stats/storage.hh:278: warn: Bucket size (10000) does not divide range [1:1.6e+06] into equal-sized buckets. Rounding up.
src/base/stats/storage.hh:278: warn: Bucket size (10000) does not divide range [1:1.6e+06] into equal-sized buckets. Rounding up.
src/base/stats/storage.hh:278: warn: Bucket size (10000) does not divide range [1:1.6e+06] into equal-sized buckets. Rounding up.
src/base/stats/storage.hh:278: warn: Bucket size (10000) does not divide range [1:1.6e+06] into equal-sized buckets. Rounding up.
src/base/stats/storage.hh:278: warn: Bucket size (10000) does not divide range [1:1.6e+06] into equal-sized buckets. Rounding up.
src/base/stats/storage.hh:278: warn: Bucket size (10000) does not divide range [1:1.6e+06] into equal-sized buckets. Rounding up.
src/base/stats/storage.hh:278: warn: Bucket size (10000) does not divide range [1:1.6e+06] into equal-sized buckets. Rounding up.
src/base/stats/storage.hh:278: warn: Bucket size (10000) does not divide range [1:1.6e+06] into equal-sized buckets. Rounding up.
src/base/stats/storage.hh:278: warn: Bucket size (10000) does not divide range [1:1.6e+06] into equal-sized buckets. Rounding up.
src/base/stats/storage.hh:278: warn: Bucket size (10000) does not divide range [1:1.6e+06] into equal-sized buckets. Rounding up.
src/base/stats/storage.hh:278: warn: Bucket size (10000) does not divide range [1:1.6e+06] into equal-sized buckets. Rounding up.
src/base/stats/storage.hh:278: warn: Bucket size (10000) does not divide range [1:1.6e+06] into equal-sized buckets. Rounding up.
src/base/stats/storage.hh:278: warn: Bucket size (10000) does not divide range [1:1.6e+06] into equal-sized buckets. Rounding up.
src/base/stats/storage.hh:278: warn: Bucket size (10000) does not divide range [1:1.6e+06] into equal-sized buckets. Rounding up.
src/base/stats/storage.hh:278: warn: Bucket size (10000) does not divide range [1:1.6e+06] into equal-sized buckets. Rounding up.
src/base/stats/storage.hh:278: warn: Bucket size (10000) does not divide range [1:1.6e+06] into equal-sized buckets. Rounding up.
src/base/stats/storage.hh:278: warn: Bucket size (10000) does not divide range [1:1.6e+06] into equal-sized buckets. Rounding up.
src/base/stats/storage.hh:278: warn: Bucket size (10000) does not divide range [1:1.6e+06] into equal-sized buckets. Rounding up.
src/base/stats/storage.hh:278: warn: Bucket size (10000) does not divide range [1:1.6e+06] into equal-sized buckets. Rounding up.
src/base/stats/storage.hh:278: warn: Bucket size (10000) does not divide range [1:1.6e+06] into equal-sized buckets. Rounding up.
src/base/stats/storage.hh:278: warn: Bucket size (10000) does not divide range [1:1.6e+06] into equal-sized buckets. Rounding up.
src/base/stats/storage.hh:278: warn: Bucket size (10000) does not divide range [1:1.6e+06] into equal-sized buckets. Rounding up.
src/base/stats/storage.hh:278: warn: Bucket size (10000) does not divide range [1:1.6e+06] into equal-sized buckets. Rounding up.
src/base/stats/storage.hh:278: warn: Bucket size (10000) does not divide range [1:1.6e+06] into equal-sized buckets. Rounding up.
src/base/stats/storage.hh:278: warn: Bucket size (10000) does not divide range [1:1.6e+06] into equal-sized buckets. Rounding up.
src/base/stats/storage.hh:278: warn: Bucket size (10000) does not divide range [1:1.6e+06] into equal-sized buckets. Rounding up.
src/base/stats/storage.hh:278: warn: Bucket size (10000) does not divide range [1:1.6e+06] into equal-sized buckets. Rounding up.
src/base/stats/storage.hh:278: warn: Bucket size (10000) does not divide range [1:1.6e+06] into equal-sized buckets. Rounding up.
src/base/stats/storage.hh:278: warn: Bucket size (10000) does not divide range [1:1.6e+06] into equal-sized buckets. Rounding up.
src/base/stats/storage.hh:278: warn: Bucket size (10000) does not divide range [1:1.6e+06] into equal-sized buckets. Rounding up.
src/base/stats/storage.hh:278: warn: Bucket size (10000) does not divide range [1:1.6e+06] into equal-sized buckets. Rounding up.
src/base/stats/storage.hh:278: warn: Bucket size (10000) does not divide range [1:1.6e+06] into equal-sized buckets. Rounding up.
src/base/stats/storage.hh:278: warn: Bucket size (10000) does not divide range [1:1.6e+06] into equal-sized buckets. Rounding up.
src/base/stats/storage.hh:278: warn: Bucket size (10000) does not divide range [1:1.6e+06] into equal-sized buckets. Rounding up.
src/base/stats/storage.hh:278: warn: Bucket size (10000) does not divide range [1:1.6e+06] into equal-sized buckets. Rounding up.
src/base/stats/storage.hh:278: warn: Bucket size (10000) does not divide range [1:1.6e+06] into equal-sized buckets. Rounding up.
src/base/stats/storage.hh:278: warn: Bucket size (10000) does not divide range [1:1.6e+06] into equal-sized buckets. Rounding up.
src/base/stats/storage.hh:278: warn: Bucket size (10000) does not divide range [1:1.6e+06] into equal-sized buckets. Rounding up.
src/base/stats/storage.hh:278: warn: Bucket size (10000) does not divide range [1:1.6e+06] into equal-sized buckets. Rounding up.
src/base/stats/storage.hh:278: warn: Bucket size (10000) does not divide range [1:1.6e+06] into equal-sized buckets. Rounding up.
src/base/stats/storage.hh:278: warn: Bucket size (10000) does not divide range [1:1.6e+06] into equal-sized buckets. Rounding up.
src/base/stats/storage.hh:278: warn: Bucket size (10000) does not divide range [1:1.6e+06] into equal-sized buckets. Rounding up.
src/base/stats/storage.hh:278: warn: Bucket size (10000) does not divide range [1:1.6e+06] into equal-sized buckets. Rounding up.
src/base/stats/storage.hh:278: warn: Bucket size (10000) does not divide range [1:1.6e+06] into equal-sized buckets. Rounding up.
src/base/stats/storage.hh:278: warn: Bucket size (10000) does not divide range [1:1.6e+06] into equal-sized buckets. Rounding up.
src/base/stats/storage.hh:278: warn: Bucket size (10000) does not divide range [1:1.6e+06] into equal-sized buckets. Rounding up.
src/base/stats/storage.hh:278: warn: Bucket size (10000) does not divide range [1:1.6e+06] into equal-sized buckets. Rounding up.
src/base/stats/storage.hh:278: warn: Bucket size (10000) does not divide range [1:1.6e+06] into equal-sized buckets. Rounding up.
src/base/stats/storage.hh:278: warn: Bucket size (10000) does not divide range [1:1.6e+06] into equal-sized buckets. Rounding up.
src/base/stats/storage.hh:278: warn: Bucket size (10000) does not divide range [1:1.6e+06] into equal-sized buckets. Rounding up.
src/base/stats/storage.hh:278: warn: Bucket size (10000) does not divide range [1:1.6e+06] into equal-sized buckets. Rounding up.
src/base/stats/storage.hh:278: warn: Bucket size (10000) does not divide range [1:1.6e+06] into equal-sized buckets. Rounding up.
src/base/stats/storage.hh:278: warn: Bucket size (10000) does not divide range [1:1.6e+06] into equal-sized buckets. Rounding up.
src/base/stats/storage.hh:278: warn: Bucket size (10000) does not divide range [1:1.6e+06] into equal-sized buckets. Rounding up.
src/base/stats/storage.hh:278: warn: Bucket size (10000) does not divide range [1:1.6e+06] into equal-sized buckets. Rounding up.
src/base/stats/storage.hh:278: warn: Bucket size (10000) does not divide range [1:1.6e+06] into equal-sized buckets. Rounding up.
src/base/stats/storage.hh:278: warn: Bucket size (10000) does not divide range [1:1.6e+06] into equal-sized buckets. Rounding up.
src/base/stats/storage.hh:278: warn: Bucket size (10000) does not divide range [1:1.6e+06] into equal-sized buckets. Rounding up.
src/base/stats/storage.hh:278: warn: Bucket size (10000) does not divide range [1:1.6e+06] into equal-sized buckets. Rounding up.
src/base/stats/storage.hh:278: warn: Bucket size (10000) does not divide range [1:1.6e+06] into equal-sized buckets. Rounding up.
src/base/stats/storage.hh:278: warn: Bucket size (10000) does not divide range [1:1.6e+06] into equal-sized buckets. Rounding up.
Forcing maxCoalescedReqs to 32 (TLB assoc.) 
Forcing maxCoalescedReqs to 32 (TLB assoc.) 
Forcing maxCoalescedReqs to 32 (TLB assoc.) 
Forcing maxCoalescedReqs to 32 (TLB assoc.) 
Forcing maxCoalescedReqs to 32 (TLB assoc.) 
Forcing maxCoalescedReqs to 32 (TLB assoc.) 
src/base/statistics.hh:279: warn: One of the stats is a legacy stat. Legacy stat is a stat that does not belong to any statistics::Group. Legacy stat is deprecated.
Forcing maxCoalescedReqs to 32 (TLB assoc.) 
Forcing maxCoalescedReqs to 32 (TLB assoc.) 
system.remote_gdb: Listening for connections on port 7000
gem5 Simulator System.  https://www.gem5.org
gem5 is copyrighted software; use the --copyright option for details.

gem5 version 23.1.0.0
gem5 compiled Oct 11 2024 18:07:55
gem5 started Oct 11 2024 18:30:40
gem5 executing on 908dcad321bf, pid 57816
command line: /pws-gem5/build/GCN3_X86/gem5.opt --debug-flags=IPT /pws-gem5/configs/example/apu_se.py -n 3 -c /hip-benchmarks/rodinia_3.0/hip/gaussian/gaussian -o ' -s 16'

Num SQC =  1 Num scalar caches =  1 Num CU =  4
warn: system.ruby.network adopting orphan SimObject param 'ext_links'
warn: system.ruby.network adopting orphan SimObject param 'int_links'
src/sim/simulate.cc:199: info: Entering event queue @ 0.  Starting simulation...
src/mem/ruby/system/Sequencer.cc:668: warn: Replacement policy updates recently became the responsibility of SLICC state machines. Make sure to setMRU() near callbacks in .sm files!
src/sim/mem_state.cc:448: info: Increasing stack size by one page.
src/base/loader/symtab.cc:95: warn: Cannot insert a new symbol table due to name collisions. Adding prefix to each symbol's name can resolve this issue.
src/base/loader/symtab.cc:95: warn: Cannot insert a new symbol table due to name collisions. Adding prefix to each symbol's name can resolve this issue.
src/base/loader/symtab.cc:95: warn: Cannot insert a new symbol table due to name collisions. Adding prefix to each symbol's name can resolve this issue.
src/base/loader/symtab.cc:95: warn: Cannot insert a new symbol table due to name collisions. Adding prefix to each symbol's name can resolve this issue.
src/sim/syscall_emul.cc:74: warn: ignoring syscall mprotect(...)
src/sim/syscall_emul.cc:74: warn: ignoring syscall mprotect(...)
src/base/loader/symtab.cc:95: warn: Cannot insert a new symbol table due to name collisions. Adding prefix to each symbol's name can resolve this issue.
src/sim/syscall_emul.cc:74: warn: ignoring syscall mprotect(...)
src/base/loader/symtab.cc:95: warn: Cannot insert a new symbol table due to name collisions. Adding prefix to each symbol's name can resolve this issue.
src/base/loader/symtab.cc:95: warn: Cannot insert a new symbol table due to name collisions. Adding prefix to each symbol's name can resolve this issue.
src/base/loader/symtab.cc:95: warn: Cannot insert a new symbol table due to name collisions. Adding prefix to each symbol's name can resolve this issue.
src/base/loader/symtab.cc:95: warn: Cannot insert a new symbol table due to name collisions. Adding prefix to each symbol's name can resolve this issue.
src/sim/syscall_emul.cc:74: warn: ignoring syscall mprotect(...)
src/base/loader/symtab.cc:95: warn: Cannot insert a new symbol table due to name collisions. Adding prefix to each symbol's name can resolve this issue.
src/base/loader/symtab.cc:95: warn: Cannot insert a new symbol table due to name collisions. Adding prefix to each symbol's name can resolve this issue.
src/sim/syscall_emul.cc:74: warn: ignoring syscall mprotect(...)
src/base/loader/symtab.cc:95: warn: Cannot insert a new symbol table due to name collisions. Adding prefix to each symbol's name can resolve this issue.
src/sim/syscall_emul.cc:74: warn: ignoring syscall mprotect(...)
src/sim/syscall_emul.cc:74: warn: ignoring syscall mprotect(...)
src/sim/syscall_emul.cc:74: warn: ignoring syscall mprotect(...)
src/sim/syscall_emul.cc:74: warn: ignoring syscall mprotect(...)
src/sim/syscall_emul.cc:74: warn: ignoring syscall mprotect(...)
src/sim/syscall_emul.cc:74: warn: ignoring syscall mprotect(...)
src/sim/syscall_emul.cc:74: warn: ignoring syscall mprotect(...)
src/sim/syscall_emul.cc:74: warn: ignoring syscall mprotect(...)
src/sim/syscall_emul.cc:74: warn: ignoring syscall mprotect(...)
src/sim/syscall_emul.cc:74: warn: ignoring syscall mprotect(...)
src/sim/syscall_emul.cc:74: warn: ignoring syscall mprotect(...)
src/sim/syscall_emul.cc:74: warn: ignoring syscall mprotect(...)
src/sim/syscall_emul.cc:74: warn: ignoring syscall mprotect(...)
src/sim/syscall_emul.cc:74: warn: ignoring syscall mprotect(...)
src/sim/syscall_emul.cc:74: warn: ignoring syscall mprotect(...)
src/sim/syscall_emul.cc:74: warn: ignoring syscall mprotect(...)
src/sim/syscall_emul.cc:74: warn: ignoring syscall mprotect(...)
src/sim/syscall_emul.cc:74: warn: ignoring syscall mprotect(...)
src/sim/syscall_emul.cc:74: warn: ignoring syscall mprotect(...)
src/sim/syscall_emul.cc:74: warn: ignoring syscall set_robust_list(...)
src/sim/syscall_emul.cc:85: warn: ignoring syscall rt_sigaction(...)
      (further warnings will be suppressed)
src/sim/syscall_emul.cc:85: warn: ignoring syscall rt_sigprocmask(...)
      (further warnings will be suppressed)
src/sim/syscall_emul.cc:74: warn: ignoring syscall get_mempolicy(...)
build/GCN3_X86/arch/x86/generated/exec-ns.cc.inc:27: warn: instruction 'frndint' unimplemented
WG size of kernel 1 = 512, WG size of kernel 2= 16 X 16
Create matrix internally in parse, size = 16 
src/gpu-compute/gpu_compute_driver.cc:710: warn: unimplemented ioctl: AMDKFD_IOC_ACQUIRE_VM
src/sim/syscall_emul.hh:1890: warn: mmap: writing to shared mmap region is currently unsupported. The write succeeds on the target, but it will not be propagated to the host or shared mappings
src/sim/mem_state.cc:448: info: Increasing stack size by one page.
src/gpu-compute/gpu_compute_driver.cc:460: warn: Signal events are only supported currently
src/sim/syscall_emul.cc:74: warn: ignoring syscall mprotect(...)
src/sim/power_state.cc:105: warn: PowerState: Already in the requested power state, request ignored
src/sim/syscall_emul.cc:74: warn: ignoring syscall set_robust_list(...)
src/sim/syscall_emul.cc:74: warn: ignoring syscall mprotect(...)
src/gpu-compute/gpu_compute_driver.cc:604: warn: unimplemented ioctl: AMDKFD_IOC_SET_SCRATCH_BACKING_VA
src/gpu-compute/gpu_compute_driver.cc:614: warn: unimplemented ioctl: AMDKFD_IOC_SET_TRAP_HANDLER
src/sim/syscall_emul.cc:74: warn: ignoring syscall mprotect(...)
src/sim/syscall_emul.cc:74: warn: ignoring syscall set_robust_list(...)
src/sim/syscall_emul.cc:74: warn: ignoring syscall mprotect(...)
src/sim/syscall_emul.cc:74: warn: ignoring syscall madvise(...)
src/sim/syscall_emul.cc:74: warn: ignoring syscall mprotect(...)
src/sim/syscall_emul.cc:74: warn: ignoring syscall sched_setaffinity(...)
src/sim/syscall_emul.cc:74: warn: ignoring syscall set_robust_list(...)
src/sim/syscall_emul.cc:85: warn: ignoring syscall sched_yield(...)
      (further warnings will be suppressed)
src/sim/syscall_emul.cc:74: warn: ignoring syscall mprotect(...)
src/sim/syscall_emul.cc:74: warn: ignoring syscall mprotect(...)
src/sim/syscall_emul.cc:74: warn: ignoring syscall mprotect(...)
src/sim/syscall_emul.cc:74: warn: ignoring syscall mprotect(...)
src/sim/syscall_emul.cc:74: warn: ignoring syscall mprotect(...)
src/sim/syscall_emul.cc:74: warn: ignoring syscall mprotect(...)
src/sim/syscall_emul.cc:74: warn: ignoring syscall mprotect(...)
src/sim/syscall_emul.cc:74: warn: ignoring syscall mprotect(...)
src/sim/syscall_emul.cc:74: warn: ignoring syscall mprotect(...)
src/sim/syscall_emul.cc:74: warn: ignoring syscall mprotect(...)
src/sim/syscall_emul.cc:74: warn: ignoring syscall mprotect(...)
src/sim/syscall_emul.cc:74: warn: ignoring syscall mprotect(...)
src/gpu-compute/gpu_command_processor.cc:528: warn: Ignoring vendor packet
79746483000: system.cpu3.CUs0.wavefronts00: Kernel 000 inst: 00000 s_load_dwordx2 s[10:11], s[6:7], 0x10
79746484000: system.cpu3.CUs0.wavefronts00: Kernel 000 inst: 00008 v_mov_b32 v1, 0
79746491000: system.cpu3.CUs0.wavefronts00: Kernel 000 inst: 00012 s_load_dword s0, s[4:5], 0x04
79746492000: system.cpu3.CUs0.wavefronts00: Kernel 000 inst: 00020 s_waitcnt lgkmcnt(0)
79748806000: system.cpu3.CUs0.wavefronts00: Kernel 000 inst: 00024 s_and_b32 s0, s0, 0x0000ffff
79748807000: system.cpu3.CUs0.wavefronts00: Kernel 000 inst: 00032 v_mov_b32 v2, s8
79748811000: system.cpu3.CUs0.wavefronts00: Kernel 000 inst: 00036 v_mad_u64_u32 v0, s[0:1], s0, v2, v0
79748830000: system.cpu3.CUs0.wavefronts00: Kernel 000 inst: 00044 s_not_b32 s0, s11
79748862000: system.cpu3.CUs0.wavefronts00: Kernel 000 inst: 00048 s_add_i32 s0, s0, s10
79748894000: system.cpu3.CUs0.wavefronts00: Kernel 000 inst: 00052 s_ashr_i32 s1, s0, 31
79748897000: system.cpu3.CUs0.wavefronts00: Kernel 000 inst: 00056 v_cmp_gt_u64 vcc, s0, v0
79748926000: system.cpu3.CUs0.wavefronts00: Kernel 000 inst: 00060 s_and_saveexec_b64 s0, vcc_lo
79748954000: system.cpu3.CUs0.wavefronts00: Kernel 000 inst: 00064 s_cbranch_execz label_114
79748955000: system.cpu3.CUs0.wavefronts00: Kernel 000 inst: 00068 s_load_dwordx4 s[0:3], s[6:7], 0x00
79748986000: system.cpu3.CUs0.wavefronts00: Kernel 000 inst: 00076 s_ashr_i32 s6, s10, 31
79749002000: system.cpu3.CUs0.wavefronts00: Kernel 000 inst: 00080 s_ashr_i32 s5, s11, 31
79749006000: system.cpu3.CUs0.wavefronts00: Kernel 000 inst: 00084 s_mov_b32 s4, s11
79749007000: system.cpu3.CUs0.wavefronts00: Kernel 000 inst: 00088 v_mov_b32 v2, s5
79749011000: system.cpu3.CUs0.wavefronts00: Kernel 000 inst: 00092 v_add_u32 v0, vcc, s4, v0
79749015000: system.cpu3.CUs0.wavefronts00: Kernel 000 inst: 00096 v_addc_u32 v1, vcc, v2, v1, vcc
79749019000: system.cpu3.CUs0.wavefronts00: Kernel 000 inst: 00100 v_add_u32 v0, vcc, 1, v0
79749023000: system.cpu3.CUs0.wavefronts00: Kernel 000 inst: 00104 v_addc_u32 v1, vcc, 0, v1, vcc
79749027000: system.cpu3.CUs0.wavefronts00: Kernel 000 inst: 00108 v_mul_lo_u32 v2, v0, s6
79749031000: system.cpu3.CUs0.wavefronts00: Kernel 000 inst: 00116 v_mul_hi_u32 v3, v0, s10
79749282000: system.cpu3.CUs0.wavefronts00: Kernel 000 inst: 00124 v_mul_lo_u32 v1, v1, s10
79749286000: system.cpu3.CUs0.wavefronts00: Kernel 000 inst: 00132 v_mul_lo_u32 v0, v0, s10
79749290000: system.cpu3.CUs0.wavefronts00: Kernel 000 inst: 00140 v_add_u32 v2, vcc, v3, v2
79749294000: system.cpu3.CUs0.wavefronts00: Kernel 000 inst: 00144 v_add_u32 v1, vcc, v2, v1
79749298000: system.cpu3.CUs0.wavefronts00: Kernel 000 inst: 00148 v_lshlrev_b64 v[0:1], 2, v[0:1]
79749314000: system.cpu3.CUs0.wavefronts00: Kernel 000 inst: 00156 s_lshl_b64 s4, s4, 2
79749326000: system.cpu3.CUs0.wavefronts00: Kernel 000 inst: 00160 s_waitcnt lgkmcnt(0)
79749330000: system.cpu3.CUs0.wavefronts00: Kernel 000 inst: 00164 s_add_u32 s6, s4, s2
79749334000: system.cpu3.CUs0.wavefronts00: Kernel 000 inst: 00168 s_addc_u32 s7, s5, s3
79749337000: system.cpu3.CUs0.wavefronts00: Kernel 000 inst: 00172 v_mov_b32 v3, s7
79749341000: system.cpu3.CUs0.wavefronts00: Kernel 000 inst: 00176 v_add_u32 v2, vcc, s6, v0
79749345000: system.cpu3.CUs0.wavefronts00: Kernel 000 inst: 00180 v_addc_u32 v3, vcc, v3, v1, vcc
79749346000: system.cpu3.CUs0.wavefronts00: Kernel 000 inst: 00184 s_mul_i32 s6, s11, s10
79749610000: system.cpu3.CUs0.wavefronts00: Kernel 000 inst: 00188 s_ashr_i32 s7, s6, 31
79749614000: system.cpu3.CUs0.wavefronts00: Kernel 000 inst: 00192 s_lshl_b64 s6, s6, 2
79749618000: system.cpu3.CUs0.wavefronts00: Kernel 000 inst: 00196 s_add_u32 s2, s2, s6
79749622000: system.cpu3.CUs0.wavefronts00: Kernel 000 inst: 00200 s_addc_u32 s3, s3, s7
79749626000: system.cpu3.CUs0.wavefronts00: Kernel 000 inst: 00204 s_add_u32 s2, s2, s4
79749630000: system.cpu3.CUs0.wavefronts00: Kernel 000 inst: 00208 s_addc_u32 s3, s3, s5
79749631000: system.cpu3.CUs0.wavefronts00: Kernel 000 inst: 00212 flat_load_dword v2, v[2:3]
79749633000: system.cpu3.CUs0.wavefronts00: Kernel 000 inst: 00220 s_load_dword s6, s[2:3], 0x00
79749634000: system.cpu3.CUs0.wavefronts00: Kernel 000 inst: 00228 s_waitcnt vmcnt(0) & lgkmcnt(0)
79751065000: system.cpu3.CUs0.wavefronts00: Kernel 000 inst: 00232 v_div_scale_f32 v3, s[2:3], s6, s6, v2
79751069000: system.cpu3.CUs0.wavefronts00: Kernel 000 inst: 00240 v_div_scale_f32 v4, vcc_lo, v2, s6, v2
79751073000: system.cpu3.CUs0.wavefronts00: Kernel 000 inst: 00248 v_rcp_f32 v5, v3
79751077000: system.cpu3.CUs0.wavefronts00: Kernel 000 inst: 00252 v_fma_f32 v6, -v3, v5, 1
79751081000: system.cpu3.CUs0.wavefronts00: Kernel 000 inst: 00260 v_fma_f32 v5, v6, v5, v5
79751085000: system.cpu3.CUs0.wavefronts00: Kernel 000 inst: 00268 v_mul_f32 v6, v4, v5
79751089000: system.cpu3.CUs0.wavefronts00: Kernel 000 inst: 00272 v_fma_f32 v7, -v3, v6, v4
79751093000: system.cpu3.CUs0.wavefronts00: Kernel 000 inst: 00280 v_fma_f32 v6, v7, v5, v6
79751097000: system.cpu3.CUs0.wavefronts00: Kernel 000 inst: 00288 v_fma_f32 v3, -v3, v6, v4
79751101000: system.cpu3.CUs0.wavefronts00: Kernel 000 inst: 00296 v_div_fmas_f32 v3, v3, v5, v6
79751102000: system.cpu3.CUs0.wavefronts00: Kernel 000 inst: 00304 s_add_u32 s0, s4, s0
79751106000: system.cpu3.CUs0.wavefronts00: Kernel 000 inst: 00308 s_addc_u32 s1, s5, s1
79751109000: system.cpu3.CUs0.wavefronts00: Kernel 000 inst: 00312 v_mov_b32 v4, s1
79751113000: system.cpu3.CUs0.wavefronts00: Kernel 000 inst: 00316 v_div_fixup_f32 v2, v3, s6, v2
79751117000: system.cpu3.CUs0.wavefronts00: Kernel 000 inst: 00324 v_add_u32 v0, vcc, s0, v0
79751121000: system.cpu3.CUs0.wavefronts00: Kernel 000 inst: 00328 v_addc_u32 v1, vcc, v4, v1, vcc
79751122000: system.cpu3.CUs0.wavefronts00: Kernel 000 inst: 00332 flat_store_dword v[0:1], v2
79752409000: system.cpu3.CUs0.wavefronts00: Kernel 000 inst: 00340 s_endpgm
79752409000: system.cpu0.workload.drivers0.device.dispatcher: -----------------------------------------------------------
79752409000: system.cpu0.workload.drivers0.device.dispatcher: | Kernel ID 0    start address 0x7fff5e780000             |
79752409000: system.cpu0.workload.drivers0.device.dispatcher: -----------------------------------------------------------
79752409000: system.cpu0.workload.drivers0.device.dispatcher: |         | Kernel | Start | End   | Count | Latency      |
79752409000: system.cpu0.workload.drivers0.device.dispatcher: -----------------------------------------------------------
79752409000: system.cpu0.workload.drivers0.device.dispatcher: | Measure | 0      | 64    | 340   | 1     | 3455000      |
79752409000: system.cpu0.workload.drivers0.device.dispatcher: | Measure | 0      | 0     | 64    | 1     | 3817999      |
79752409000: system.cpu0.workload.drivers0.device.dispatcher: -----------------------------------------------------------
79752409000: system.cpu0.workload.drivers0.device.dispatcher: | ~ 0 ~ Total Kernel Time ~ 7228999                       |
79752409000: system.cpu0.workload.drivers0.device.dispatcher: -----------------------------------------------------------
79804851000: system.cpu3.CUs0.wavefronts00: Kernel 001 inst: 00000 v_mov_b32 v2, v0
79804852000: system.cpu3.CUs0.wavefronts00: Kernel 001 inst: 00004 s_load_dword s1, s[6:7], 0x18
79804856000: system.cpu3.CUs0.wavefronts00: Kernel 001 inst: 00012 s_load_dword s0, s[6:7], 0x20
79804857000: system.cpu3.CUs0.wavefronts00: Kernel 001 inst: 00020 v_mov_b32 v3, 0
79804872000: system.cpu3.CUs0.wavefronts00: Kernel 001 inst: 00024 s_load_dword s2, s[4:5], 0x04
79804873000: system.cpu3.CUs0.wavefronts00: Kernel 001 inst: 00032 s_waitcnt lgkmcnt(0)
79805247000: system.cpu3.CUs0.wavefronts00: Kernel 001 inst: 00036 s_and_b32 s2, s2, 0x0000ffff
79805248000: system.cpu3.CUs0.wavefronts00: Kernel 001 inst: 00044 v_mov_b32 v0, s8
79805252000: system.cpu3.CUs0.wavefronts00: Kernel 001 inst: 00048 v_mad_u64_u32 v3, s[2:3], s2, v0, v2
79805263000: system.cpu3.CUs0.wavefronts00: Kernel 001 inst: 00056 s_not_b32 s2, s0
79805279000: system.cpu3.CUs0.wavefronts00: Kernel 001 inst: 00060 s_add_i32 s2, s2, s1
79805295000: system.cpu3.CUs0.wavefronts00: Kernel 001 inst: 00064 s_ashr_i32 s3, s2, 31
79805298000: system.cpu3.CUs0.wavefronts00: Kernel 001 inst: 00068 v_cmp_gt_u64 vcc, s2, v3
79805311000: system.cpu3.CUs0.wavefronts00: Kernel 001 inst: 00072 s_and_saveexec_b64 s2, vcc_lo
79805323000: system.cpu3.CUs0.wavefronts00: Kernel 001 inst: 00076 s_cbranch_execz label_16c
79805324000: system.cpu3.CUs0.wavefronts00: Kernel 001 inst: 00080 v_mov_b32 v2, 0
79805339000: system.cpu3.CUs0.wavefronts00: Kernel 001 inst: 00084 s_add_u32 s2, s4, 6
79805355000: system.cpu3.CUs0.wavefronts00: Kernel 001 inst: 00088 s_addc_u32 s3, s5, 0
79805358000: system.cpu3.CUs0.wavefronts00: Kernel 001 inst: 00092 v_mov_b32 v5, s3
79805362000: system.cpu3.CUs0.wavefronts00: Kernel 001 inst: 00096 v_mov_b32 v4, s2
79805363000: system.cpu3.CUs0.wavefronts00: Kernel 001 inst: 00100 flat_load_ushort v0, v[4:5]
79805375000: system.cpu3.CUs0.wavefronts00: Kernel 001 inst: 00108 s_waitcnt vmcnt(0) & lgkmcnt(0)
79805561000: system.cpu3.CUs0.wavefronts00: Kernel 001 inst: 00112 v_mad_u64_u32 v1, s[2:3], v0, s9, v1
79805562000: system.cpu3.CUs0.wavefronts00: Kernel 001 inst: 00120 s_sub_i32 s2, s1, s0
79805651000: system.cpu3.CUs0.wavefronts00: Kernel 001 inst: 00124 s_ashr_i32 s3, s2, 31
79805654000: system.cpu3.CUs0.wavefronts00: Kernel 001 inst: 00128 v_cmp_gt_u64 vcc, s2, v1
79805667000: system.cpu3.CUs0.wavefronts00: Kernel 001 inst: 00132 s_and_b64 exec, exec, vcc_lo
79805679000: system.cpu3.CUs0.wavefronts00: Kernel 001 inst: 00136 s_cbranch_execz label_130
79805680000: system.cpu3.CUs0.wavefronts00: Kernel 001 inst: 00140 v_add_u32 v0, vcc, s0, v3
79805684000: system.cpu3.CUs0.wavefronts00: Kernel 001 inst: 00144 v_add_u32 v0, vcc, 1, v0
79805688000: system.cpu3.CUs0.wavefronts00: Kernel 001 inst: 00148 v_mul_lo_u32 v6, v0, s1
79805689000: system.cpu3.CUs0.wavefronts00: Kernel 001 inst: 00156 s_load_dwordx4 s[8:11], s[6:7], 0x00
79805692000: system.cpu3.CUs0.wavefronts00: Kernel 001 inst: 00164 v_add_u32 v2, vcc, s0, v6
79805696000: system.cpu3.CUs0.wavefronts00: Kernel 001 inst: 00168 v_ashrrev_i32 v3, 31, v2
79805700000: system.cpu3.CUs0.wavefronts00: Kernel 001 inst: 00172 v_lshlrev_b64 v[2:3], 2, v[2:3]
79805701000: system.cpu3.CUs0.wavefronts00: Kernel 001 inst: 00180 s_waitcnt lgkmcnt(0)
79805747000: system.cpu3.CUs0.wavefronts00: Kernel 001 inst: 00184 v_mov_b32 v4, s9
79806007000: system.cpu3.CUs0.wavefronts00: Kernel 001 inst: 00188 v_add_u32 v2, vcc, s8, v2
79806011000: system.cpu3.CUs0.wavefronts00: Kernel 001 inst: 00192 v_addc_u32 v3, vcc, v4, v3, vcc
79806012000: system.cpu3.CUs0.wavefronts00: Kernel 001 inst: 00196 flat_load_dword v8, v[2:3]
79806013000: system.cpu3.CUs0.wavefronts00: Kernel 001 inst: 00204 s_mul_i32 s1, s0, s1
79806015000: system.cpu3.CUs0.wavefronts00: Kernel 001 inst: 00208 v_add_u32 v7, vcc, s0, v1
79806019000: system.cpu3.CUs0.wavefronts00: Kernel 001 inst: 00212 v_add_u32 v2, vcc, s1, v7
79806023000: system.cpu3.CUs0.wavefronts00: Kernel 001 inst: 00216 v_ashrrev_i32 v3, 31, v2
79806027000: system.cpu3.CUs0.wavefronts00: Kernel 001 inst: 00220 v_lshlrev_b64 v[2:3], 2, v[2:3]
79806031000: system.cpu3.CUs0.wavefronts00: Kernel 001 inst: 00228 v_mov_b32 v5, s11
79806035000: system.cpu3.CUs0.wavefronts00: Kernel 001 inst: 00232 v_add_u32 v4, vcc, s10, v2
79806039000: system.cpu3.CUs0.wavefronts00: Kernel 001 inst: 00236 v_addc_u32 v5, vcc, v5, v3, vcc
79806043000: system.cpu3.CUs0.wavefronts00: Kernel 001 inst: 00240 v_add_u32 v2, vcc, v7, v6
79806047000: system.cpu3.CUs0.wavefronts00: Kernel 001 inst: 00244 v_ashrrev_i32 v3, 31, v2
79806051000: system.cpu3.CUs0.wavefronts00: Kernel 001 inst: 00248 v_lshlrev_b64 v[6:7], 2, v[2:3]
79806376000: system.cpu3.CUs0.wavefronts00: Kernel 001 inst: 00256 v_mov_b32 v9, s11
79806380000: system.cpu3.CUs0.wavefronts00: Kernel 001 inst: 00260 v_add_u32 v6, vcc, s10, v6
79806384000: system.cpu3.CUs0.wavefronts00: Kernel 001 inst: 00264 v_addc_u32 v7, vcc, v9, v7, vcc
79806385000: system.cpu3.CUs0.wavefronts00: Kernel 001 inst: 00268 flat_load_dword v9, v[4:5]
79806389000: system.cpu3.CUs0.wavefronts00: Kernel 001 inst: 00276 flat_load_dword v10, v[6:7]
79806390000: system.cpu3.CUs0.wavefronts00: Kernel 001 inst: 00284 s_waitcnt vmcnt(0) & lgkmcnt(0)
79806580000: system.cpu3.CUs0.wavefronts00: Kernel 001 inst: 00288 v_fma_f32 v4, -v8, v9, v10
79806581000: system.cpu3.CUs0.wavefronts00: Kernel 001 inst: 00296 flat_store_dword v[6:7], v4
79806584000: system.cpu3.CUs0.wavefronts00: Kernel 001 inst: 00304 v_cmp_eq_u32 vcc, 0, v1
79806587000: system.cpu3.CUs0.wavefronts00: Kernel 001 inst: 00308 s_and_b64 exec, exec, vcc_lo
79806591000: system.cpu3.CUs0.wavefronts00: Kernel 001 inst: 00312 s_cbranch_execz label_80
79807175000: system.cpu3.CUs0.wavefronts00: Kernel 001 inst: 00316 s_load_dwordx4 s[4:7], s[6:7], 0x10
79807176000: system.cpu3.CUs0.wavefronts00: Kernel 001 inst: 00324 v_lshlrev_b64 v[1:2], 2, v[2:3]
79807180000: system.cpu3.CUs0.wavefronts00: Kernel 001 inst: 00332 v_mov_b32 v3, s9
79807184000: system.cpu3.CUs0.wavefronts00: Kernel 001 inst: 00336 v_add_u32 v1, vcc, s8, v1
79807188000: system.cpu3.CUs0.wavefronts00: Kernel 001 inst: 00340 v_addc_u32 v2, vcc, v3, v2, vcc
79807189000: system.cpu3.CUs0.wavefronts00: Kernel 001 inst: 00344 flat_load_dword v4, v[1:2]
79807190000: system.cpu3.CUs0.wavefronts00: Kernel 001 inst: 00352 s_ashr_i32 s1, s0, 31
79807194000: system.cpu3.CUs0.wavefronts00: Kernel 001 inst: 00356 s_lshl_b64 s0, s0, 2
79807198000: system.cpu3.CUs0.wavefronts00: Kernel 001 inst: 00360 s_waitcnt lgkmcnt(0)
79807442000: system.cpu3.CUs0.wavefronts00: Kernel 001 inst: 00364 s_add_u32 s0, s4, s0
79807446000: system.cpu3.CUs0.wavefronts00: Kernel 001 inst: 00368 s_addc_u32 s1, s5, s1
79807449000: system.cpu3.CUs0.wavefronts00: Kernel 001 inst: 00372 v_mov_b32 v3, s1
79807453000: system.cpu3.CUs0.wavefronts00: Kernel 001 inst: 00376 v_mov_b32 v2, s0
79807457000: system.cpu3.CUs0.wavefronts00: Kernel 001 inst: 00380 v_ashrrev_i32 v1, 31, v0
79807461000: system.cpu3.CUs0.wavefronts00: Kernel 001 inst: 00384 v_lshlrev_b64 v[0:1], 2, v[0:1]
79807465000: system.cpu3.CUs0.wavefronts00: Kernel 001 inst: 00392 v_mov_b32 v5, s5
79807469000: system.cpu3.CUs0.wavefronts00: Kernel 001 inst: 00396 v_add_u32 v0, vcc, s4, v0
79807473000: system.cpu3.CUs0.wavefronts00: Kernel 001 inst: 00400 v_addc_u32 v1, vcc, v5, v1, vcc
79807474000: system.cpu3.CUs0.wavefronts00: Kernel 001 inst: 00404 flat_load_dword v5, v[2:3]
79807478000: system.cpu3.CUs0.wavefronts00: Kernel 001 inst: 00412 flat_load_dword v6, v[0:1]
79807479000: system.cpu3.CUs0.wavefronts00: Kernel 001 inst: 00420 s_waitcnt vmcnt(0) & lgkmcnt(0)
79808795000: system.cpu3.CUs0.wavefronts00: Kernel 001 inst: 00424 v_fma_f32 v2, -v4, v5, v6
79808796000: system.cpu3.CUs0.wavefronts00: Kernel 001 inst: 00432 flat_store_dword v[0:1], v2
79809047000: system.cpu3.CUs0.wavefronts00: Kernel 001 inst: 00440 s_endpgm
79809047000: system.cpu0.workload.drivers0.device.dispatcher: -----------------------------------------------------------
79809047000: system.cpu0.workload.drivers0.device.dispatcher: | Kernel ID 1    start address 0x7fff5e780200             |
79809047000: system.cpu0.workload.drivers0.device.dispatcher: -----------------------------------------------------------
79809047000: system.cpu0.workload.drivers0.device.dispatcher: |         | Kernel | Start | End   | Count | Latency      |
79809047000: system.cpu0.workload.drivers0.device.dispatcher: -----------------------------------------------------------
79809047000: system.cpu0.workload.drivers0.device.dispatcher: | Measure | 1      | 136   | 312   | 1     | 1439000      |
79809047000: system.cpu0.workload.drivers0.device.dispatcher: | Measure | 1      | 76    | 136   | 1     | 356000       |
79809047000: system.cpu0.workload.drivers0.device.dispatcher: | Measure | 1      | 312   | 440   | 1     | 2456000      |
79809047000: system.cpu0.workload.drivers0.device.dispatcher: | Measure | 1      | 0     | 76    | 1     | 821999       |
79809047000: system.cpu0.workload.drivers0.device.dispatcher: -----------------------------------------------------------
79809047000: system.cpu0.workload.drivers0.device.dispatcher: | ~ 1 ~ Total Kernel Time ~ 4525999                       |
79809047000: system.cpu0.workload.drivers0.device.dispatcher: -----------------------------------------------------------
79849235000: system.cpu0.workload.drivers0.device.dispatcher: -----------------------------------------------------------
79849235000: system.cpu0.workload.drivers0.device.dispatcher: | Kernel ID 0    start address 0x7fff5e780000             |
79849235000: system.cpu0.workload.drivers0.device.dispatcher: -----------------------------------------------------------
79849235000: system.cpu0.workload.drivers0.device.dispatcher: |         | Kernel | Start | End   | Count | Latency      |
79849235000: system.cpu0.workload.drivers0.device.dispatcher: -----------------------------------------------------------
79849235000: system.cpu0.workload.drivers0.device.dispatcher: | Measure | 0      | 64    | 340   | 1     | 3455000      |
79849235000: system.cpu0.workload.drivers0.device.dispatcher: | Measure | 0      | 0     | 64    | 1     | 3817999      |
79849235000: system.cpu0.workload.drivers0.device.dispatcher: -----------------------------------------------------------
79849235000: system.cpu0.workload.drivers0.device.dispatcher: | ~ 2 ~ Total Kernel Time ~ 1360999                       |
79849235000: system.cpu0.workload.drivers0.device.dispatcher: -----------------------------------------------------------
79886731000: system.cpu0.workload.drivers0.device.dispatcher: -----------------------------------------------------------
79886731000: system.cpu0.workload.drivers0.device.dispatcher: | Kernel ID 1    start address 0x7fff5e780200             |
79886731000: system.cpu0.workload.drivers0.device.dispatcher: -----------------------------------------------------------
79886731000: system.cpu0.workload.drivers0.device.dispatcher: |         | Kernel | Start | End   | Count | Latency      |
79886731000: system.cpu0.workload.drivers0.device.dispatcher: -----------------------------------------------------------
79886731000: system.cpu0.workload.drivers0.device.dispatcher: | Measure | 1      | 136   | 312   | 1     | 1439000      |
79886731000: system.cpu0.workload.drivers0.device.dispatcher: | Measure | 1      | 76    | 136   | 1     | 356000       |
79886731000: system.cpu0.workload.drivers0.device.dispatcher: | Measure | 1      | 312   | 440   | 1     | 2456000      |
79886731000: system.cpu0.workload.drivers0.device.dispatcher: | Measure | 1      | 0     | 76    | 1     | 821999       |
79886731000: system.cpu0.workload.drivers0.device.dispatcher: -----------------------------------------------------------
79886731000: system.cpu0.workload.drivers0.device.dispatcher: | ~ 3 ~ Total Kernel Time ~ 2063999                       |
79886731000: system.cpu0.workload.drivers0.device.dispatcher: -----------------------------------------------------------
79920824000: system.cpu0.workload.drivers0.device.dispatcher: -----------------------------------------------------------
79920824000: system.cpu0.workload.drivers0.device.dispatcher: | Kernel ID 0    start address 0x7fff5e780000             |
79920824000: system.cpu0.workload.drivers0.device.dispatcher: -----------------------------------------------------------
79920824000: system.cpu0.workload.drivers0.device.dispatcher: |         | Kernel | Start | End   | Count | Latency      |
79920824000: system.cpu0.workload.drivers0.device.dispatcher: -----------------------------------------------------------
79920824000: system.cpu0.workload.drivers0.device.dispatcher: | Measure | 0      | 64    | 340   | 1     | 3455000      |
79920824000: system.cpu0.workload.drivers0.device.dispatcher: | Measure | 0      | 0     | 64    | 1     | 3817999      |
79920824000: system.cpu0.workload.drivers0.device.dispatcher: -----------------------------------------------------------
79920824000: system.cpu0.workload.drivers0.device.dispatcher: | ~ 4 ~ Total Kernel Time ~ 1257999                       |
79920824000: system.cpu0.workload.drivers0.device.dispatcher: -----------------------------------------------------------
79958077000: system.cpu0.workload.drivers0.device.dispatcher: -----------------------------------------------------------
79958077000: system.cpu0.workload.drivers0.device.dispatcher: | Kernel ID 1    start address 0x7fff5e780200             |
79958077000: system.cpu0.workload.drivers0.device.dispatcher: -----------------------------------------------------------
79958077000: system.cpu0.workload.drivers0.device.dispatcher: |         | Kernel | Start | End   | Count | Latency      |
79958077000: system.cpu0.workload.drivers0.device.dispatcher: -----------------------------------------------------------
79958077000: system.cpu0.workload.drivers0.device.dispatcher: | Measure | 1      | 136   | 312   | 1     | 1439000      |
79958077000: system.cpu0.workload.drivers0.device.dispatcher: | Measure | 1      | 76    | 136   | 1     | 356000       |
79958077000: system.cpu0.workload.drivers0.device.dispatcher: | Measure | 1      | 312   | 440   | 1     | 2456000      |
79958077000: system.cpu0.workload.drivers0.device.dispatcher: | Measure | 1      | 0     | 76    | 1     | 821999       |
79958077000: system.cpu0.workload.drivers0.device.dispatcher: -----------------------------------------------------------
79958077000: system.cpu0.workload.drivers0.device.dispatcher: | ~ 5 ~ Total Kernel Time ~ 2050999                       |
79958077000: system.cpu0.workload.drivers0.device.dispatcher: -----------------------------------------------------------
79992517000: system.cpu0.workload.drivers0.device.dispatcher: -----------------------------------------------------------
79992517000: system.cpu0.workload.drivers0.device.dispatcher: | Kernel ID 0    start address 0x7fff5e780000             |
79992517000: system.cpu0.workload.drivers0.device.dispatcher: -----------------------------------------------------------
79992517000: system.cpu0.workload.drivers0.device.dispatcher: |         | Kernel | Start | End   | Count | Latency      |
79992517000: system.cpu0.workload.drivers0.device.dispatcher: -----------------------------------------------------------
79992517000: system.cpu0.workload.drivers0.device.dispatcher: | Measure | 0      | 64    | 340   | 1     | 3455000      |
79992517000: system.cpu0.workload.drivers0.device.dispatcher: | Measure | 0      | 0     | 64    | 1     | 3817999      |
79992517000: system.cpu0.workload.drivers0.device.dispatcher: -----------------------------------------------------------
79992517000: system.cpu0.workload.drivers0.device.dispatcher: | ~ 6 ~ Total Kernel Time ~ 1249999                       |
79992517000: system.cpu0.workload.drivers0.device.dispatcher: -----------------------------------------------------------
80029499000: system.cpu0.workload.drivers0.device.dispatcher: -----------------------------------------------------------
80029499000: system.cpu0.workload.drivers0.device.dispatcher: | Kernel ID 1    start address 0x7fff5e780200             |
80029499000: system.cpu0.workload.drivers0.device.dispatcher: -----------------------------------------------------------
80029499000: system.cpu0.workload.drivers0.device.dispatcher: |         | Kernel | Start | End   | Count | Latency      |
80029499000: system.cpu0.workload.drivers0.device.dispatcher: -----------------------------------------------------------
80029499000: system.cpu0.workload.drivers0.device.dispatcher: | Measure | 1      | 136   | 312   | 1     | 1439000      |
80029499000: system.cpu0.workload.drivers0.device.dispatcher: | Measure | 1      | 76    | 136   | 1     | 356000       |
80029499000: system.cpu0.workload.drivers0.device.dispatcher: | Measure | 1      | 312   | 440   | 1     | 2456000      |
80029499000: system.cpu0.workload.drivers0.device.dispatcher: | Measure | 1      | 0     | 76    | 1     | 821999       |
80029499000: system.cpu0.workload.drivers0.device.dispatcher: -----------------------------------------------------------
80029499000: system.cpu0.workload.drivers0.device.dispatcher: | ~ 7 ~ Total Kernel Time ~ 2036999                       |
80029499000: system.cpu0.workload.drivers0.device.dispatcher: -----------------------------------------------------------
80078141000: system.cpu0.workload.drivers0.device.dispatcher: -----------------------------------------------------------
80078141000: system.cpu0.workload.drivers0.device.dispatcher: | Kernel ID 0    start address 0x7fff5e780000             |
80078141000: system.cpu0.workload.drivers0.device.dispatcher: -----------------------------------------------------------
80078141000: system.cpu0.workload.drivers0.device.dispatcher: |         | Kernel | Start | End   | Count | Latency      |
80078141000: system.cpu0.workload.drivers0.device.dispatcher: -----------------------------------------------------------
80078141000: system.cpu0.workload.drivers0.device.dispatcher: | Measure | 0      | 64    | 340   | 1     | 3455000      |
80078141000: system.cpu0.workload.drivers0.device.dispatcher: | Measure | 0      | 0     | 64    | 1     | 3817999      |
80078141000: system.cpu0.workload.drivers0.device.dispatcher: -----------------------------------------------------------
80078141000: system.cpu0.workload.drivers0.device.dispatcher: | ~ 8 ~ Total Kernel Time ~ 1239999                       |
80078141000: system.cpu0.workload.drivers0.device.dispatcher: -----------------------------------------------------------
80119294000: system.cpu0.workload.drivers0.device.dispatcher: -----------------------------------------------------------
80119294000: system.cpu0.workload.drivers0.device.dispatcher: | Kernel ID 1    start address 0x7fff5e780200             |
80119294000: system.cpu0.workload.drivers0.device.dispatcher: -----------------------------------------------------------
80119294000: system.cpu0.workload.drivers0.device.dispatcher: |         | Kernel | Start | End   | Count | Latency      |
80119294000: system.cpu0.workload.drivers0.device.dispatcher: -----------------------------------------------------------
80119294000: system.cpu0.workload.drivers0.device.dispatcher: | Measure | 1      | 136   | 312   | 1     | 1439000      |
80119294000: system.cpu0.workload.drivers0.device.dispatcher: | Measure | 1      | 76    | 136   | 1     | 356000       |
80119294000: system.cpu0.workload.drivers0.device.dispatcher: | Measure | 1      | 312   | 440   | 1     | 2456000      |
80119294000: system.cpu0.workload.drivers0.device.dispatcher: | Measure | 1      | 0     | 76    | 1     | 821999       |
80119294000: system.cpu0.workload.drivers0.device.dispatcher: -----------------------------------------------------------
80119294000: system.cpu0.workload.drivers0.device.dispatcher: | ~ 9 ~ Total Kernel Time ~ 1866999                       |
80119294000: system.cpu0.workload.drivers0.device.dispatcher: -----------------------------------------------------------
80158571000: system.cpu0.workload.drivers0.device.dispatcher: -----------------------------------------------------------
80158571000: system.cpu0.workload.drivers0.device.dispatcher: | Kernel ID 0    start address 0x7fff5e780000             |
80158571000: system.cpu0.workload.drivers0.device.dispatcher: -----------------------------------------------------------
80158571000: system.cpu0.workload.drivers0.device.dispatcher: |         | Kernel | Start | End   | Count | Latency      |
80158571000: system.cpu0.workload.drivers0.device.dispatcher: -----------------------------------------------------------
80158571000: system.cpu0.workload.drivers0.device.dispatcher: | Measure | 0      | 64    | 340   | 1     | 3455000      |
80158571000: system.cpu0.workload.drivers0.device.dispatcher: | Measure | 0      | 0     | 64    | 1     | 3817999      |
80158571000: system.cpu0.workload.drivers0.device.dispatcher: -----------------------------------------------------------
80158571000: system.cpu0.workload.drivers0.device.dispatcher: | ~ 10 ~ Total Kernel Time ~ 1231999                       |
80158571000: system.cpu0.workload.drivers0.device.dispatcher: -----------------------------------------------------------
80199318000: system.cpu0.workload.drivers0.device.dispatcher: -----------------------------------------------------------
80199318000: system.cpu0.workload.drivers0.device.dispatcher: | Kernel ID 1    start address 0x7fff5e780200             |
80199318000: system.cpu0.workload.drivers0.device.dispatcher: -----------------------------------------------------------
80199318000: system.cpu0.workload.drivers0.device.dispatcher: |         | Kernel | Start | End   | Count | Latency      |
80199318000: system.cpu0.workload.drivers0.device.dispatcher: -----------------------------------------------------------
80199318000: system.cpu0.workload.drivers0.device.dispatcher: | Measure | 1      | 136   | 312   | 1     | 1439000      |
80199318000: system.cpu0.workload.drivers0.device.dispatcher: | Measure | 1      | 76    | 136   | 1     | 356000       |
80199318000: system.cpu0.workload.drivers0.device.dispatcher: | Measure | 1      | 312   | 440   | 1     | 2456000      |
80199318000: system.cpu0.workload.drivers0.device.dispatcher: | Measure | 1      | 0     | 76    | 1     | 821999       |
80199318000: system.cpu0.workload.drivers0.device.dispatcher: -----------------------------------------------------------
80199318000: system.cpu0.workload.drivers0.device.dispatcher: | ~ 11 ~ Total Kernel Time ~ 2022999                       |
80199318000: system.cpu0.workload.drivers0.device.dispatcher: -----------------------------------------------------------
80238145000: system.cpu0.workload.drivers0.device.dispatcher: -----------------------------------------------------------
80238145000: system.cpu0.workload.drivers0.device.dispatcher: | Kernel ID 0    start address 0x7fff5e780000             |
80238145000: system.cpu0.workload.drivers0.device.dispatcher: -----------------------------------------------------------
80238145000: system.cpu0.workload.drivers0.device.dispatcher: |         | Kernel | Start | End   | Count | Latency      |
80238145000: system.cpu0.workload.drivers0.device.dispatcher: -----------------------------------------------------------
80238145000: system.cpu0.workload.drivers0.device.dispatcher: | Measure | 0      | 64    | 340   | 1     | 3455000      |
80238145000: system.cpu0.workload.drivers0.device.dispatcher: | Measure | 0      | 0     | 64    | 1     | 3817999      |
80238145000: system.cpu0.workload.drivers0.device.dispatcher: -----------------------------------------------------------
80238145000: system.cpu0.workload.drivers0.device.dispatcher: | ~ 12 ~ Total Kernel Time ~ 1221999                       |
80238145000: system.cpu0.workload.drivers0.device.dispatcher: -----------------------------------------------------------
80278576000: system.cpu0.workload.drivers0.device.dispatcher: -----------------------------------------------------------
80278576000: system.cpu0.workload.drivers0.device.dispatcher: | Kernel ID 1    start address 0x7fff5e780200             |
80278576000: system.cpu0.workload.drivers0.device.dispatcher: -----------------------------------------------------------
80278576000: system.cpu0.workload.drivers0.device.dispatcher: |         | Kernel | Start | End   | Count | Latency      |
80278576000: system.cpu0.workload.drivers0.device.dispatcher: -----------------------------------------------------------
80278576000: system.cpu0.workload.drivers0.device.dispatcher: | Measure | 1      | 136   | 312   | 1     | 1439000      |
80278576000: system.cpu0.workload.drivers0.device.dispatcher: | Measure | 1      | 76    | 136   | 1     | 356000       |
80278576000: system.cpu0.workload.drivers0.device.dispatcher: | Measure | 1      | 312   | 440   | 1     | 2456000      |
80278576000: system.cpu0.workload.drivers0.device.dispatcher: | Measure | 1      | 0     | 76    | 1     | 821999       |
80278576000: system.cpu0.workload.drivers0.device.dispatcher: -----------------------------------------------------------
80278576000: system.cpu0.workload.drivers0.device.dispatcher: | ~ 13 ~ Total Kernel Time ~ 1848999                       |
80278576000: system.cpu0.workload.drivers0.device.dispatcher: -----------------------------------------------------------
80315677000: system.cpu0.workload.drivers0.device.dispatcher: -----------------------------------------------------------
80315677000: system.cpu0.workload.drivers0.device.dispatcher: | Kernel ID 0    start address 0x7fff5e780000             |
80315677000: system.cpu0.workload.drivers0.device.dispatcher: -----------------------------------------------------------
80315677000: system.cpu0.workload.drivers0.device.dispatcher: |         | Kernel | Start | End   | Count | Latency      |
80315677000: system.cpu0.workload.drivers0.device.dispatcher: -----------------------------------------------------------
80315677000: system.cpu0.workload.drivers0.device.dispatcher: | Measure | 0      | 64    | 340   | 1     | 3455000      |
80315677000: system.cpu0.workload.drivers0.device.dispatcher: | Measure | 0      | 0     | 64    | 1     | 3817999      |
80315677000: system.cpu0.workload.drivers0.device.dispatcher: -----------------------------------------------------------
80315677000: system.cpu0.workload.drivers0.device.dispatcher: | ~ 14 ~ Total Kernel Time ~ 1213999                       |
80315677000: system.cpu0.workload.drivers0.device.dispatcher: -----------------------------------------------------------
80355900000: system.cpu0.workload.drivers0.device.dispatcher: -----------------------------------------------------------
80355900000: system.cpu0.workload.drivers0.device.dispatcher: | Kernel ID 1    start address 0x7fff5e780200             |
80355900000: system.cpu0.workload.drivers0.device.dispatcher: -----------------------------------------------------------
80355900000: system.cpu0.workload.drivers0.device.dispatcher: |         | Kernel | Start | End   | Count | Latency      |
80355900000: system.cpu0.workload.drivers0.device.dispatcher: -----------------------------------------------------------
80355900000: system.cpu0.workload.drivers0.device.dispatcher: | Measure | 1      | 136   | 312   | 1     | 1439000      |
80355900000: system.cpu0.workload.drivers0.device.dispatcher: | Measure | 1      | 76    | 136   | 1     | 356000       |
80355900000: system.cpu0.workload.drivers0.device.dispatcher: | Measure | 1      | 312   | 440   | 1     | 2456000      |
80355900000: system.cpu0.workload.drivers0.device.dispatcher: | Measure | 1      | 0     | 76    | 1     | 821999       |
80355900000: system.cpu0.workload.drivers0.device.dispatcher: -----------------------------------------------------------
80355900000: system.cpu0.workload.drivers0.device.dispatcher: | ~ 15 ~ Total Kernel Time ~ 1971999                       |
80355900000: system.cpu0.workload.drivers0.device.dispatcher: -----------------------------------------------------------
80393029000: system.cpu0.workload.drivers0.device.dispatcher: -----------------------------------------------------------
80393029000: system.cpu0.workload.drivers0.device.dispatcher: | Kernel ID 0    start address 0x7fff5e780000             |
80393029000: system.cpu0.workload.drivers0.device.dispatcher: -----------------------------------------------------------
80393029000: system.cpu0.workload.drivers0.device.dispatcher: |         | Kernel | Start | End   | Count | Latency      |
80393029000: system.cpu0.workload.drivers0.device.dispatcher: -----------------------------------------------------------
80393029000: system.cpu0.workload.drivers0.device.dispatcher: | Measure | 0      | 64    | 340   | 1     | 3455000      |
80393029000: system.cpu0.workload.drivers0.device.dispatcher: | Measure | 0      | 0     | 64    | 1     | 3817999      |
80393029000: system.cpu0.workload.drivers0.device.dispatcher: -----------------------------------------------------------
80393029000: system.cpu0.workload.drivers0.device.dispatcher: | ~ 16 ~ Total Kernel Time ~ 1207999                       |
80393029000: system.cpu0.workload.drivers0.device.dispatcher: -----------------------------------------------------------
80431999000: system.cpu0.workload.drivers0.device.dispatcher: -----------------------------------------------------------
80431999000: system.cpu0.workload.drivers0.device.dispatcher: | Kernel ID 1    start address 0x7fff5e780200             |
80431999000: system.cpu0.workload.drivers0.device.dispatcher: -----------------------------------------------------------
80431999000: system.cpu0.workload.drivers0.device.dispatcher: |         | Kernel | Start | End   | Count | Latency      |
80431999000: system.cpu0.workload.drivers0.device.dispatcher: -----------------------------------------------------------
80431999000: system.cpu0.workload.drivers0.device.dispatcher: | Measure | 1      | 136   | 312   | 1     | 1439000      |
80431999000: system.cpu0.workload.drivers0.device.dispatcher: | Measure | 1      | 76    | 136   | 1     | 356000       |
80431999000: system.cpu0.workload.drivers0.device.dispatcher: | Measure | 1      | 312   | 440   | 1     | 2456000      |
80431999000: system.cpu0.workload.drivers0.device.dispatcher: | Measure | 1      | 0     | 76    | 1     | 821999       |
80431999000: system.cpu0.workload.drivers0.device.dispatcher: -----------------------------------------------------------
80431999000: system.cpu0.workload.drivers0.device.dispatcher: | ~ 17 ~ Total Kernel Time ~ 1749999                       |
80431999000: system.cpu0.workload.drivers0.device.dispatcher: -----------------------------------------------------------
80469124000: system.cpu0.workload.drivers0.device.dispatcher: -----------------------------------------------------------
80469124000: system.cpu0.workload.drivers0.device.dispatcher: | Kernel ID 0    start address 0x7fff5e780000             |
80469124000: system.cpu0.workload.drivers0.device.dispatcher: -----------------------------------------------------------
80469124000: system.cpu0.workload.drivers0.device.dispatcher: |         | Kernel | Start | End   | Count | Latency      |
80469124000: system.cpu0.workload.drivers0.device.dispatcher: -----------------------------------------------------------
80469124000: system.cpu0.workload.drivers0.device.dispatcher: | Measure | 0      | 64    | 340   | 1     | 3455000      |
80469124000: system.cpu0.workload.drivers0.device.dispatcher: | Measure | 0      | 0     | 64    | 1     | 3817999      |
80469124000: system.cpu0.workload.drivers0.device.dispatcher: -----------------------------------------------------------
80469124000: system.cpu0.workload.drivers0.device.dispatcher: | ~ 18 ~ Total Kernel Time ~ 1203999                       |
80469124000: system.cpu0.workload.drivers0.device.dispatcher: -----------------------------------------------------------
80509524000: system.cpu0.workload.drivers0.device.dispatcher: -----------------------------------------------------------
80509524000: system.cpu0.workload.drivers0.device.dispatcher: | Kernel ID 1    start address 0x7fff5e780200             |
80509524000: system.cpu0.workload.drivers0.device.dispatcher: -----------------------------------------------------------
80509524000: system.cpu0.workload.drivers0.device.dispatcher: |         | Kernel | Start | End   | Count | Latency      |
80509524000: system.cpu0.workload.drivers0.device.dispatcher: -----------------------------------------------------------
80509524000: system.cpu0.workload.drivers0.device.dispatcher: | Measure | 1      | 136   | 312   | 1     | 1439000      |
80509524000: system.cpu0.workload.drivers0.device.dispatcher: | Measure | 1      | 76    | 136   | 1     | 356000       |
80509524000: system.cpu0.workload.drivers0.device.dispatcher: | Measure | 1      | 312   | 440   | 1     | 2456000      |
80509524000: system.cpu0.workload.drivers0.device.dispatcher: | Measure | 1      | 0     | 76    | 1     | 821999       |
80509524000: system.cpu0.workload.drivers0.device.dispatcher: -----------------------------------------------------------
80509524000: system.cpu0.workload.drivers0.device.dispatcher: | ~ 19 ~ Total Kernel Time ~ 1739999                       |
80509524000: system.cpu0.workload.drivers0.device.dispatcher: -----------------------------------------------------------
80546221000: system.cpu0.workload.drivers0.device.dispatcher: -----------------------------------------------------------
80546221000: system.cpu0.workload.drivers0.device.dispatcher: | Kernel ID 0    start address 0x7fff5e780000             |
80546221000: system.cpu0.workload.drivers0.device.dispatcher: -----------------------------------------------------------
80546221000: system.cpu0.workload.drivers0.device.dispatcher: |         | Kernel | Start | End   | Count | Latency      |
80546221000: system.cpu0.workload.drivers0.device.dispatcher: -----------------------------------------------------------
80546221000: system.cpu0.workload.drivers0.device.dispatcher: | Measure | 0      | 64    | 340   | 1     | 3455000      |
80546221000: system.cpu0.workload.drivers0.device.dispatcher: | Measure | 0      | 0     | 64    | 1     | 3817999      |
80546221000: system.cpu0.workload.drivers0.device.dispatcher: -----------------------------------------------------------
80546221000: system.cpu0.workload.drivers0.device.dispatcher: | ~ 20 ~ Total Kernel Time ~ 1198999                       |
80546221000: system.cpu0.workload.drivers0.device.dispatcher: -----------------------------------------------------------
80585605000: system.cpu0.workload.drivers0.device.dispatcher: -----------------------------------------------------------
80585605000: system.cpu0.workload.drivers0.device.dispatcher: | Kernel ID 1    start address 0x7fff5e780200             |
80585605000: system.cpu0.workload.drivers0.device.dispatcher: -----------------------------------------------------------
80585605000: system.cpu0.workload.drivers0.device.dispatcher: |         | Kernel | Start | End   | Count | Latency      |
80585605000: system.cpu0.workload.drivers0.device.dispatcher: -----------------------------------------------------------
80585605000: system.cpu0.workload.drivers0.device.dispatcher: | Measure | 1      | 136   | 312   | 1     | 1439000      |
80585605000: system.cpu0.workload.drivers0.device.dispatcher: | Measure | 1      | 76    | 136   | 1     | 356000       |
80585605000: system.cpu0.workload.drivers0.device.dispatcher: | Measure | 1      | 312   | 440   | 1     | 2456000      |
80585605000: system.cpu0.workload.drivers0.device.dispatcher: | Measure | 1      | 0     | 76    | 1     | 821999       |
80585605000: system.cpu0.workload.drivers0.device.dispatcher: -----------------------------------------------------------
80585605000: system.cpu0.workload.drivers0.device.dispatcher: | ~ 21 ~ Total Kernel Time ~ 1731999                       |
80585605000: system.cpu0.workload.drivers0.device.dispatcher: -----------------------------------------------------------
80623706000: system.cpu0.workload.drivers0.device.dispatcher: -----------------------------------------------------------
80623706000: system.cpu0.workload.drivers0.device.dispatcher: | Kernel ID 0    start address 0x7fff5e780000             |
80623706000: system.cpu0.workload.drivers0.device.dispatcher: -----------------------------------------------------------
80623706000: system.cpu0.workload.drivers0.device.dispatcher: |         | Kernel | Start | End   | Count | Latency      |
80623706000: system.cpu0.workload.drivers0.device.dispatcher: -----------------------------------------------------------
80623706000: system.cpu0.workload.drivers0.device.dispatcher: | Measure | 0      | 64    | 340   | 1     | 3455000      |
80623706000: system.cpu0.workload.drivers0.device.dispatcher: | Measure | 0      | 0     | 64    | 1     | 3817999      |
80623706000: system.cpu0.workload.drivers0.device.dispatcher: -----------------------------------------------------------
80623706000: system.cpu0.workload.drivers0.device.dispatcher: | ~ 22 ~ Total Kernel Time ~ 1194999                       |
80623706000: system.cpu0.workload.drivers0.device.dispatcher: -----------------------------------------------------------
80662774000: system.cpu0.workload.drivers0.device.dispatcher: -----------------------------------------------------------
80662774000: system.cpu0.workload.drivers0.device.dispatcher: | Kernel ID 1    start address 0x7fff5e780200             |
80662774000: system.cpu0.workload.drivers0.device.dispatcher: -----------------------------------------------------------
80662774000: system.cpu0.workload.drivers0.device.dispatcher: |         | Kernel | Start | End   | Count | Latency      |
80662774000: system.cpu0.workload.drivers0.device.dispatcher: -----------------------------------------------------------
80662774000: system.cpu0.workload.drivers0.device.dispatcher: | Measure | 1      | 136   | 312   | 1     | 1439000      |
80662774000: system.cpu0.workload.drivers0.device.dispatcher: | Measure | 1      | 76    | 136   | 1     | 356000       |
80662774000: system.cpu0.workload.drivers0.device.dispatcher: | Measure | 1      | 312   | 440   | 1     | 2456000      |
80662774000: system.cpu0.workload.drivers0.device.dispatcher: | Measure | 1      | 0     | 76    | 1     | 821999       |
80662774000: system.cpu0.workload.drivers0.device.dispatcher: -----------------------------------------------------------
80662774000: system.cpu0.workload.drivers0.device.dispatcher: | ~ 23 ~ Total Kernel Time ~ 1721999                       |
80662774000: system.cpu0.workload.drivers0.device.dispatcher: -----------------------------------------------------------
80699906000: system.cpu0.workload.drivers0.device.dispatcher: -----------------------------------------------------------
80699906000: system.cpu0.workload.drivers0.device.dispatcher: | Kernel ID 0    start address 0x7fff5e780000             |
80699906000: system.cpu0.workload.drivers0.device.dispatcher: -----------------------------------------------------------
80699906000: system.cpu0.workload.drivers0.device.dispatcher: |         | Kernel | Start | End   | Count | Latency      |
80699906000: system.cpu0.workload.drivers0.device.dispatcher: -----------------------------------------------------------
80699906000: system.cpu0.workload.drivers0.device.dispatcher: | Measure | 0      | 64    | 340   | 1     | 3455000      |
80699906000: system.cpu0.workload.drivers0.device.dispatcher: | Measure | 0      | 0     | 64    | 1     | 3817999      |
80699906000: system.cpu0.workload.drivers0.device.dispatcher: -----------------------------------------------------------
80699906000: system.cpu0.workload.drivers0.device.dispatcher: | ~ 24 ~ Total Kernel Time ~ 1189999                       |
80699906000: system.cpu0.workload.drivers0.device.dispatcher: -----------------------------------------------------------
80740514000: system.cpu0.workload.drivers0.device.dispatcher: -----------------------------------------------------------
80740514000: system.cpu0.workload.drivers0.device.dispatcher: | Kernel ID 1    start address 0x7fff5e780200             |
80740514000: system.cpu0.workload.drivers0.device.dispatcher: -----------------------------------------------------------
80740514000: system.cpu0.workload.drivers0.device.dispatcher: |         | Kernel | Start | End   | Count | Latency      |
80740514000: system.cpu0.workload.drivers0.device.dispatcher: -----------------------------------------------------------
80740514000: system.cpu0.workload.drivers0.device.dispatcher: | Measure | 1      | 136   | 312   | 1     | 1439000      |
80740514000: system.cpu0.workload.drivers0.device.dispatcher: | Measure | 1      | 76    | 136   | 1     | 356000       |
80740514000: system.cpu0.workload.drivers0.device.dispatcher: | Measure | 1      | 312   | 440   | 1     | 2456000      |
80740514000: system.cpu0.workload.drivers0.device.dispatcher: | Measure | 1      | 0     | 76    | 1     | 821999       |
80740514000: system.cpu0.workload.drivers0.device.dispatcher: -----------------------------------------------------------
80740514000: system.cpu0.workload.drivers0.device.dispatcher: | ~ 25 ~ Total Kernel Time ~ 1629999                       |
80740514000: system.cpu0.workload.drivers0.device.dispatcher: -----------------------------------------------------------
80777418000: system.cpu0.workload.drivers0.device.dispatcher: -----------------------------------------------------------
80777418000: system.cpu0.workload.drivers0.device.dispatcher: | Kernel ID 0    start address 0x7fff5e780000             |
80777418000: system.cpu0.workload.drivers0.device.dispatcher: -----------------------------------------------------------
80777418000: system.cpu0.workload.drivers0.device.dispatcher: |         | Kernel | Start | End   | Count | Latency      |
80777418000: system.cpu0.workload.drivers0.device.dispatcher: -----------------------------------------------------------
80777418000: system.cpu0.workload.drivers0.device.dispatcher: | Measure | 0      | 64    | 340   | 1     | 3455000      |
80777418000: system.cpu0.workload.drivers0.device.dispatcher: | Measure | 0      | 0     | 64    | 1     | 3817999      |
80777418000: system.cpu0.workload.drivers0.device.dispatcher: -----------------------------------------------------------
80777418000: system.cpu0.workload.drivers0.device.dispatcher: | ~ 26 ~ Total Kernel Time ~ 1185999                       |
80777418000: system.cpu0.workload.drivers0.device.dispatcher: -----------------------------------------------------------
80816941000: system.cpu0.workload.drivers0.device.dispatcher: -----------------------------------------------------------
80816941000: system.cpu0.workload.drivers0.device.dispatcher: | Kernel ID 1    start address 0x7fff5e780200             |
80816941000: system.cpu0.workload.drivers0.device.dispatcher: -----------------------------------------------------------
80816941000: system.cpu0.workload.drivers0.device.dispatcher: |         | Kernel | Start | End   | Count | Latency      |
80816941000: system.cpu0.workload.drivers0.device.dispatcher: -----------------------------------------------------------
80816941000: system.cpu0.workload.drivers0.device.dispatcher: | Measure | 1      | 136   | 312   | 1     | 1439000      |
80816941000: system.cpu0.workload.drivers0.device.dispatcher: | Measure | 1      | 76    | 136   | 1     | 356000       |
80816941000: system.cpu0.workload.drivers0.device.dispatcher: | Measure | 1      | 312   | 440   | 1     | 2456000      |
80816941000: system.cpu0.workload.drivers0.device.dispatcher: | Measure | 1      | 0     | 76    | 1     | 821999       |
80816941000: system.cpu0.workload.drivers0.device.dispatcher: -----------------------------------------------------------
80816941000: system.cpu0.workload.drivers0.device.dispatcher: | ~ 27 ~ Total Kernel Time ~ 1620999                       |
80816941000: system.cpu0.workload.drivers0.device.dispatcher: -----------------------------------------------------------
80855084000: system.cpu0.workload.drivers0.device.dispatcher: -----------------------------------------------------------
80855084000: system.cpu0.workload.drivers0.device.dispatcher: | Kernel ID 0    start address 0x7fff5e780000             |
80855084000: system.cpu0.workload.drivers0.device.dispatcher: -----------------------------------------------------------
80855084000: system.cpu0.workload.drivers0.device.dispatcher: |         | Kernel | Start | End   | Count | Latency      |
80855084000: system.cpu0.workload.drivers0.device.dispatcher: -----------------------------------------------------------
80855084000: system.cpu0.workload.drivers0.device.dispatcher: | Measure | 0      | 64    | 340   | 1     | 3455000      |
80855084000: system.cpu0.workload.drivers0.device.dispatcher: | Measure | 0      | 0     | 64    | 1     | 3817999      |
80855084000: system.cpu0.workload.drivers0.device.dispatcher: -----------------------------------------------------------
80855084000: system.cpu0.workload.drivers0.device.dispatcher: | ~ 28 ~ Total Kernel Time ~ 1180999                       |
80855084000: system.cpu0.workload.drivers0.device.dispatcher: -----------------------------------------------------------
80894122000: system.cpu0.workload.drivers0.device.dispatcher: -----------------------------------------------------------
80894122000: system.cpu0.workload.drivers0.device.dispatcher: | Kernel ID 1    start address 0x7fff5e780200             |
80894122000: system.cpu0.workload.drivers0.device.dispatcher: -----------------------------------------------------------
80894122000: system.cpu0.workload.drivers0.device.dispatcher: |         | Kernel | Start | End   | Count | Latency      |
80894122000: system.cpu0.workload.drivers0.device.dispatcher: -----------------------------------------------------------
80894122000: system.cpu0.workload.drivers0.device.dispatcher: | Measure | 1      | 136   | 312   | 1     | 1439000      |
80894122000: system.cpu0.workload.drivers0.device.dispatcher: | Measure | 1      | 76    | 136   | 1     | 356000       |
80894122000: system.cpu0.workload.drivers0.device.dispatcher: | Measure | 1      | 312   | 440   | 1     | 2456000      |
80894122000: system.cpu0.workload.drivers0.device.dispatcher: | Measure | 1      | 0     | 76    | 1     | 821999       |
80894122000: system.cpu0.workload.drivers0.device.dispatcher: -----------------------------------------------------------
80894122000: system.cpu0.workload.drivers0.device.dispatcher: | ~ 29 ~ Total Kernel Time ~ 1611999                       |
80894122000: system.cpu0.workload.drivers0.device.dispatcher: -----------------------------------------------------------
Matrix m is: 
    0.00     0.00     0.00     0.00     0.00     0.00     0.00     0.00     0.00     0.00     0.00     0.00     0.00     0.00     0.00     0.00 
    0.99     0.00     0.00     0.00     0.00     0.00     0.00     0.00     0.00     0.00     0.00     0.00     0.00     0.00     0.00     0.00 
    0.98     0.99     0.00     0.00     0.00     0.00     0.00     0.00     0.00     0.00     0.00     0.00     0.00     0.00     0.00     0.00 
    0.97     0.98     0.99     0.00     0.00     0.00     0.00     0.00     0.00     0.00     0.00     0.00     0.00     0.00     0.00     0.00 
    0.96     0.97     0.98     0.99     0.00     0.00     0.00     0.00     0.00     0.00     0.00     0.00     0.00     0.00     0.00     0.00 
    0.95     0.96     0.97     0.98     0.99     0.00     0.00     0.00     0.00     0.00     0.00     0.00     0.00     0.00     0.00     0.00 
    0.94     0.95     0.96     0.97     0.98     0.99     0.00     0.00     0.00     0.00     0.00     0.00     0.00     0.00     0.00     0.00 
    0.93     0.94     0.95     0.96     0.97     0.98     0.99     0.00     0.00     0.00     0.00     0.00     0.00     0.00     0.00     0.00 
    0.92     0.93     0.94     0.95     0.96     0.97     0.98     0.99     0.00     0.00     0.00     0.00     0.00     0.00     0.00     0.00 
    0.91     0.92     0.93     0.94     0.95     0.96     0.97     0.98     0.99     0.00     0.00     0.00     0.00     0.00     0.00     0.00 
    0.90     0.91     0.92     0.93     0.94     0.95     0.96     0.97     0.98     0.99     0.00     0.00     0.00     0.00     0.00     0.00 
    0.90     0.90     0.91     0.92     0.93     0.94     0.95     0.96     0.97     0.98     0.99     0.00     0.00     0.00     0.00     0.00 
    0.89     0.90     0.90     0.91     0.92     0.93     0.94     0.95     0.96     0.97     0.98     0.99     0.00     0.00     0.00     0.00 
    0.88     0.89     0.90     0.90     0.91     0.92     0.93     0.94     0.95     0.96     0.97     0.98     0.99     0.00     0.00     0.00 
    0.87     0.88     0.89     0.90     0.90     0.91     0.92     0.93     0.94     0.95     0.96     0.97     0.98     0.99     0.00     0.00 
    0.86     0.87     0.88     0.89     0.90     0.90     0.91     0.92     0.93     0.94     0.95     0.96     0.97     0.98     0.99     0.00 

Matrix a is: 
   10.00     9.90     9.80     9.70     9.61     9.51     9.42     9.32     9.23     9.14     9.05     8.96     8.87     8.78     8.69     8.61 
    0.00     0.20     0.20     0.19     0.19     0.19     0.19     0.19     0.18     0.18     0.18     0.18     0.18     0.18     0.17     0.17 
   -0.00    -0.00     0.20     0.20     0.19     0.19     0.19     0.19     0.19     0.18     0.18     0.18     0.18     0.18     0.18     0.17 
    0.00     0.00     0.00     0.20     0.20     0.19     0.19     0.19     0.19     0.19     0.18     0.18     0.18     0.18     0.18     0.18 
   -0.00    -0.00     0.00    -0.00     0.20     0.20     0.19     0.19     0.19     0.19     0.19     0.18     0.18     0.18     0.18     0.18 
    0.00     0.00    -0.00    -0.00    -0.00     0.20     0.20     0.19     0.19     0.19     0.19     0.19     0.18     0.18     0.18     0.18 
    0.00     0.00     0.00    -0.00    -0.00    -0.00     0.20     0.20     0.19     0.19     0.19     0.19     0.19     0.18     0.18     0.18 
   -0.00     0.00    -0.00     0.00    -0.00    -0.00    -0.00     0.20     0.20     0.19     0.19     0.19     0.19     0.19     0.18     0.18 
   -0.00    -0.00     0.00    -0.00    -0.00     0.00     0.00     0.00     0.20     0.20     0.19     0.19     0.19     0.19     0.19     0.18 
   -0.00     0.00    -0.00    -0.00     0.00     0.00     0.00     0.00    -0.00     0.20     0.20     0.19     0.19     0.19     0.19     0.19 
   -0.00    -0.00     0.00     0.00     0.00     0.00     0.00     0.00    -0.00    -0.00     0.20     0.20     0.19     0.19     0.19     0.19 
    0.00    -0.00    -0.00     0.00    -0.00     0.00    -0.00    -0.00    -0.00     0.00     0.00     0.20     0.20     0.19     0.19     0.19 
    0.00    -0.00     0.00    -0.00     0.00     0.00    -0.00     0.00     0.00     0.00     0.00    -0.00     0.20     0.20     0.19     0.19 
   -0.00     0.00    -0.00     0.00    -0.00     0.00     0.00    -0.00    -0.00     0.00     0.00     0.00    -0.00     0.20     0.20     0.19 
    0.00    -0.00     0.00    -0.00    -0.00    -0.00     0.00     0.00    -0.00     0.00     0.00     0.00     0.00    -0.00     0.20     0.20 
   -0.00    -0.00    -0.00     0.00     0.00     0.00     0.00     0.00    -0.00     0.00     0.00     0.00     0.00    -0.00    -0.00     0.20 

Array b is: 
1.00 0.01 0.01 0.01 0.01 0.01 0.01 0.01 0.01 0.01 0.01 0.01 0.01 0.01 0.01 0.01 

The final solution is: 
0.05 0.00 0.00 0.00 0.00 0.00 0.00 0.00 0.00 0.00 0.00 0.00 0.00 0.00 0.00 0.05 

PASSED!
Ticks: 86217583500
Exiting because  exiting with last active thread context

Time elapsed: 1m35.199s