Global frequency set at 1000000000000 ticks per second
src/mem/dram_interface.cc:690: warn: DRAM device capacity (8192 Mbytes) does not match the address range assigned (512 Mbytes)
src/base/statistics.hh:279: warn: One of the stats is a legacy stat. Legacy stat is a stat that does not belong to any statistics::Group. Legacy stat is deprecated.
src/base/stats/storage.hh:278: warn: Bucket size (5) does not divide range [1:75] into equal-sized buckets. Rounding up.
src/base/stats/storage.hh:278: warn: Bucket size (2) does not divide range [1:10] into equal-sized buckets. Rounding up.
src/base/stats/storage.hh:278: warn: Bucket size (2) does not divide range [1:64] into equal-sized buckets. Rounding up.
src/base/stats/storage.hh:278: warn: Bucket size (10000) does not divide range [1:1e+06] into equal-sized buckets. Rounding up.
src/base/stats/storage.hh:278: warn: Bucket size (5) does not divide range [1:75] into equal-sized buckets. Rounding up.
src/base/stats/storage.hh:278: warn: Bucket size (2) does not divide range [1:10] into equal-sized buckets. Rounding up.
src/base/stats/storage.hh:278: warn: Bucket size (2) does not divide range [1:64] into equal-sized buckets. Rounding up.
src/base/stats/storage.hh:278: warn: Bucket size (10000) does not divide range [1:1e+06] into equal-sized buckets. Rounding up.
src/base/stats/storage.hh:278: warn: Bucket size (5) does not divide range [1:75] into equal-sized buckets. Rounding up.
src/base/stats/storage.hh:278: warn: Bucket size (2) does not divide range [1:10] into equal-sized buckets. Rounding up.
src/base/stats/storage.hh:278: warn: Bucket size (2) does not divide range [1:64] into equal-sized buckets. Rounding up.
src/base/stats/storage.hh:278: warn: Bucket size (10000) does not divide range [1:1e+06] into equal-sized buckets. Rounding up.
src/base/stats/storage.hh:278: warn: Bucket size (5) does not divide range [1:75] into equal-sized buckets. Rounding up.
src/base/stats/storage.hh:278: warn: Bucket size (2) does not divide range [1:10] into equal-sized buckets. Rounding up.
src/base/stats/storage.hh:278: warn: Bucket size (2) does not divide range [1:64] into equal-sized buckets. Rounding up.
src/base/stats/storage.hh:278: warn: Bucket size (10000) does not divide range [1:1e+06] into equal-sized buckets. Rounding up.
src/base/stats/storage.hh:278: warn: Bucket size (10000) does not divide range [1:1.6e+06] into equal-sized buckets. Rounding up.
src/base/stats/storage.hh:278: warn: Bucket size (10000) does not divide range [1:1.6e+06] into equal-sized buckets. Rounding up.
src/base/stats/storage.hh:278: warn: Bucket size (10000) does not divide range [1:1.6e+06] into equal-sized buckets. Rounding up.
src/base/stats/storage.hh:278: warn: Bucket size (10000) does not divide range [1:1.6e+06] into equal-sized buckets. Rounding up.
src/base/stats/storage.hh:278: warn: Bucket size (10000) does not divide range [1:1.6e+06] into equal-sized buckets. Rounding up.
src/base/stats/storage.hh:278: warn: Bucket size (10000) does not divide range [1:1.6e+06] into equal-sized buckets. Rounding up.
src/base/stats/storage.hh:278: warn: Bucket size (10000) does not divide range [1:1.6e+06] into equal-sized buckets. Rounding up.
src/base/statistics.hh:279: warn: One of the stats is a legacy stat. Legacy stat is a stat that does not belong to any statistics::Group. Legacy stat is deprecated.
src/base/stats/storage.hh:278: warn: Bucket size (10000) does not divide range [1:1.6e+06] into equal-sized buckets. Rounding up.
src/base/stats/storage.hh:278: warn: Bucket size (10000) does not divide range [1:1.6e+06] into equal-sized buckets. Rounding up.
src/base/stats/storage.hh:278: warn: Bucket size (10000) does not divide range [1:1.6e+06] into equal-sized buckets. Rounding up.
src/base/stats/storage.hh:278: warn: Bucket size (10000) does not divide range [1:1.6e+06] into equal-sized buckets. Rounding up.
src/base/stats/storage.hh:278: warn: Bucket size (10000) does not divide range [1:1.6e+06] into equal-sized buckets. Rounding up.
src/base/stats/storage.hh:278: warn: Bucket size (10000) does not divide range [1:1.6e+06] into equal-sized buckets. Rounding up.
src/base/stats/storage.hh:278: warn: Bucket size (10000) does not divide range [1:1.6e+06] into equal-sized buckets. Rounding up.
src/base/stats/storage.hh:278: warn: Bucket size (10000) does not divide range [1:1.6e+06] into equal-sized buckets. Rounding up.
src/base/stats/storage.hh:278: warn: Bucket size (10000) does not divide range [1:1.6e+06] into equal-sized buckets. Rounding up.
src/base/stats/storage.hh:278: warn: Bucket size (10000) does not divide range [1:1.6e+06] into equal-sized buckets. Rounding up.
src/base/stats/storage.hh:278: warn: Bucket size (10000) does not divide range [1:1.6e+06] into equal-sized buckets. Rounding up.
src/base/stats/storage.hh:278: warn: Bucket size (10000) does not divide range [1:1.6e+06] into equal-sized buckets. Rounding up.
src/base/stats/storage.hh:278: warn: Bucket size (10000) does not divide range [1:1.6e+06] into equal-sized buckets. Rounding up.
src/base/stats/storage.hh:278: warn: Bucket size (10000) does not divide range [1:1.6e+06] into equal-sized buckets. Rounding up.
src/base/stats/storage.hh:278: warn: Bucket size (10000) does not divide range [1:1.6e+06] into equal-sized buckets. Rounding up.
src/base/stats/storage.hh:278: warn: Bucket size (10000) does not divide range [1:1.6e+06] into equal-sized buckets. Rounding up.
src/base/stats/storage.hh:278: warn: Bucket size (10000) does not divide range [1:1.6e+06] into equal-sized buckets. Rounding up.
src/base/stats/storage.hh:278: warn: Bucket size (10000) does not divide range [1:1.6e+06] into equal-sized buckets. Rounding up.
src/base/stats/storage.hh:278: warn: Bucket size (10000) does not divide range [1:1.6e+06] into equal-sized buckets. Rounding up.
src/base/stats/storage.hh:278: warn: Bucket size (10000) does not divide range [1:1.6e+06] into equal-sized buckets. Rounding up.
src/base/stats/storage.hh:278: warn: Bucket size (10000) does not divide range [1:1.6e+06] into equal-sized buckets. Rounding up.
src/base/stats/storage.hh:278: warn: Bucket size (10000) does not divide range [1:1.6e+06] into equal-sized buckets. Rounding up.
src/base/stats/storage.hh:278: warn: Bucket size (10000) does not divide range [1:1.6e+06] into equal-sized buckets. Rounding up.
src/base/stats/storage.hh:278: warn: Bucket size (10000) does not divide range [1:1.6e+06] into equal-sized buckets. Rounding up.
src/base/stats/storage.hh:278: warn: Bucket size (10000) does not divide range [1:1.6e+06] into equal-sized buckets. Rounding up.
src/base/stats/storage.hh:278: warn: Bucket size (10000) does not divide range [1:1.6e+06] into equal-sized buckets. Rounding up.
src/base/stats/storage.hh:278: warn: Bucket size (10000) does not divide range [1:1.6e+06] into equal-sized buckets. Rounding up.
src/base/stats/storage.hh:278: warn: Bucket size (10000) does not divide range [1:1.6e+06] into equal-sized buckets. Rounding up.
src/base/stats/storage.hh:278: warn: Bucket size (10000) does not divide range [1:1.6e+06] into equal-sized buckets. Rounding up.
src/base/stats/storage.hh:278: warn: Bucket size (10000) does not divide range [1:1.6e+06] into equal-sized buckets. Rounding up.
src/base/stats/storage.hh:278: warn: Bucket size (10000) does not divide range [1:1.6e+06] into equal-sized buckets. Rounding up.
src/base/stats/storage.hh:278: warn: Bucket size (10000) does not divide range [1:1.6e+06] into equal-sized buckets. Rounding up.
src/base/stats/storage.hh:278: warn: Bucket size (10000) does not divide range [1:1.6e+06] into equal-sized buckets. Rounding up.
src/base/stats/storage.hh:278: warn: Bucket size (10000) does not divide range [1:1.6e+06] into equal-sized buckets. Rounding up.
src/base/stats/storage.hh:278: warn: Bucket size (10000) does not divide range [1:1.6e+06] into equal-sized buckets. Rounding up.
src/base/stats/storage.hh:278: warn: Bucket size (10000) does not divide range [1:1.6e+06] into equal-sized buckets. Rounding up.
src/base/stats/storage.hh:278: warn: Bucket size (10000) does not divide range [1:1.6e+06] into equal-sized buckets. Rounding up.
src/base/stats/storage.hh:278: warn: Bucket size (10000) does not divide range [1:1.6e+06] into equal-sized buckets. Rounding up.
src/base/stats/storage.hh:278: warn: Bucket size (10000) does not divide range [1:1.6e+06] into equal-sized buckets. Rounding up.
src/base/stats/storage.hh:278: warn: Bucket size (10000) does not divide range [1:1.6e+06] into equal-sized buckets. Rounding up.
src/base/stats/storage.hh:278: warn: Bucket size (10000) does not divide range [1:1.6e+06] into equal-sized buckets. Rounding up.
src/base/stats/storage.hh:278: warn: Bucket size (10000) does not divide range [1:1.6e+06] into equal-sized buckets. Rounding up.
src/base/stats/storage.hh:278: warn: Bucket size (10000) does not divide range [1:1.6e+06] into equal-sized buckets. Rounding up.
src/base/stats/storage.hh:278: warn: Bucket size (10000) does not divide range [1:1.6e+06] into equal-sized buckets. Rounding up.
src/base/stats/storage.hh:278: warn: Bucket size (10000) does not divide range [1:1.6e+06] into equal-sized buckets. Rounding up.
src/base/stats/storage.hh:278: warn: Bucket size (10000) does not divide range [1:1.6e+06] into equal-sized buckets. Rounding up.
src/base/stats/storage.hh:278: warn: Bucket size (10000) does not divide range [1:1.6e+06] into equal-sized buckets. Rounding up.
src/base/stats/storage.hh:278: warn: Bucket size (10000) does not divide range [1:1.6e+06] into equal-sized buckets. Rounding up.
src/base/stats/storage.hh:278: warn: Bucket size (10000) does not divide range [1:1.6e+06] into equal-sized buckets. Rounding up.
src/base/stats/storage.hh:278: warn: Bucket size (10000) does not divide range [1:1.6e+06] into equal-sized buckets. Rounding up.
src/base/stats/storage.hh:278: warn: Bucket size (10000) does not divide range [1:1.6e+06] into equal-sized buckets. Rounding up.
src/base/stats/storage.hh:278: warn: Bucket size (10000) does not divide range [1:1.6e+06] into equal-sized buckets. Rounding up.
src/base/stats/storage.hh:278: warn: Bucket size (10000) does not divide range [1:1.6e+06] into equal-sized buckets. Rounding up.
src/base/stats/storage.hh:278: warn: Bucket size (10000) does not divide range [1:1.6e+06] into equal-sized buckets. Rounding up.
src/base/stats/storage.hh:278: warn: Bucket size (10000) does not divide range [1:1.6e+06] into equal-sized buckets. Rounding up.
src/base/stats/storage.hh:278: warn: Bucket size (10000) does not divide range [1:1.6e+06] into equal-sized buckets. Rounding up.
src/base/stats/storage.hh:278: warn: Bucket size (10000) does not divide range [1:1.6e+06] into equal-sized buckets. Rounding up.
src/base/stats/storage.hh:278: warn: Bucket size (10000) does not divide range [1:1.6e+06] into equal-sized buckets. Rounding up.
src/base/stats/storage.hh:278: warn: Bucket size (10000) does not divide range [1:1.6e+06] into equal-sized buckets. Rounding up.
src/base/stats/storage.hh:278: warn: Bucket size (10000) does not divide range [1:1.6e+06] into equal-sized buckets. Rounding up.
src/base/stats/storage.hh:278: warn: Bucket size (10000) does not divide range [1:1.6e+06] into equal-sized buckets. Rounding up.
src/base/stats/storage.hh:278: warn: Bucket size (10000) does not divide range [1:1.6e+06] into equal-sized buckets. Rounding up.
src/base/stats/storage.hh:278: warn: Bucket size (10000) does not divide range [1:1.6e+06] into equal-sized buckets. Rounding up.
src/base/stats/storage.hh:278: warn: Bucket size (10000) does not divide range [1:1.6e+06] into equal-sized buckets. Rounding up.
Forcing maxCoalescedReqs to 32 (TLB assoc.) 
Forcing maxCoalescedReqs to 32 (TLB assoc.) 
Forcing maxCoalescedReqs to 32 (TLB assoc.) 
Forcing maxCoalescedReqs to 32 (TLB assoc.) 
Forcing maxCoalescedReqs to 32 (TLB assoc.) 
Forcing maxCoalescedReqs to 32 (TLB assoc.) 
src/base/statistics.hh:279: warn: One of the stats is a legacy stat. Legacy stat is a stat that does not belong to any statistics::Group. Legacy stat is deprecated.
Forcing maxCoalescedReqs to 32 (TLB assoc.) 
Forcing maxCoalescedReqs to 32 (TLB assoc.) 
system.remote_gdb: Listening for connections on port 7000
gem5 Simulator System.  https://www.gem5.org
gem5 is copyrighted software; use the --copyright option for details.

gem5 version 23.1.0.0
gem5 compiled Jun  3 2024 19:16:39
gem5 started Jun  4 2024 17:21:30
gem5 executing on 908dcad321bf, pid 90634
command line: /pws-gem5/build/GCN3_X86/gem5.opt --debug-flags=IPT,PWSDebug /pws-gem5/configs/example/apu_se.py -n 3 -c /hip-benchmarks/rodinia_3.0/hip/hotspot/hotspot -o '64 2 2 /hip-benchmarks/rodinia_3.0/data/hotspot/temp_64 /hip-benchmarks/rodinia_3.0/data/hotspot/power_64 output.out'

Num SQC =  1 Num scalar caches =  1 Num CU =  4
warn: system.ruby.network adopting orphan SimObject param 'ext_links'
warn: system.ruby.network adopting orphan SimObject param 'int_links'
src/sim/simulate.cc:199: info: Entering event queue @ 0.  Starting simulation...
src/mem/ruby/system/Sequencer.cc:668: warn: Replacement policy updates recently became the responsibility of SLICC state machines. Make sure to setMRU() near callbacks in .sm files!
src/sim/mem_state.cc:448: info: Increasing stack size by one page.
src/base/loader/symtab.cc:95: warn: Cannot insert a new symbol table due to name collisions. Adding prefix to each symbol's name can resolve this issue.
src/base/loader/symtab.cc:95: warn: Cannot insert a new symbol table due to name collisions. Adding prefix to each symbol's name can resolve this issue.
src/base/loader/symtab.cc:95: warn: Cannot insert a new symbol table due to name collisions. Adding prefix to each symbol's name can resolve this issue.
src/base/loader/symtab.cc:95: warn: Cannot insert a new symbol table due to name collisions. Adding prefix to each symbol's name can resolve this issue.
src/sim/syscall_emul.cc:74: warn: ignoring syscall mprotect(...)
src/sim/syscall_emul.cc:74: warn: ignoring syscall mprotect(...)
src/base/loader/symtab.cc:95: warn: Cannot insert a new symbol table due to name collisions. Adding prefix to each symbol's name can resolve this issue.
src/sim/syscall_emul.cc:74: warn: ignoring syscall mprotect(...)
src/base/loader/symtab.cc:95: warn: Cannot insert a new symbol table due to name collisions. Adding prefix to each symbol's name can resolve this issue.
src/base/loader/symtab.cc:95: warn: Cannot insert a new symbol table due to name collisions. Adding prefix to each symbol's name can resolve this issue.
src/base/loader/symtab.cc:95: warn: Cannot insert a new symbol table due to name collisions. Adding prefix to each symbol's name can resolve this issue.
src/base/loader/symtab.cc:95: warn: Cannot insert a new symbol table due to name collisions. Adding prefix to each symbol's name can resolve this issue.
src/sim/syscall_emul.cc:74: warn: ignoring syscall mprotect(...)
src/base/loader/symtab.cc:95: warn: Cannot insert a new symbol table due to name collisions. Adding prefix to each symbol's name can resolve this issue.
src/base/loader/symtab.cc:95: warn: Cannot insert a new symbol table due to name collisions. Adding prefix to each symbol's name can resolve this issue.
src/sim/syscall_emul.cc:74: warn: ignoring syscall mprotect(...)
src/base/loader/symtab.cc:95: warn: Cannot insert a new symbol table due to name collisions. Adding prefix to each symbol's name can resolve this issue.
src/sim/syscall_emul.cc:74: warn: ignoring syscall mprotect(...)
src/sim/syscall_emul.cc:74: warn: ignoring syscall mprotect(...)
src/sim/syscall_emul.cc:74: warn: ignoring syscall mprotect(...)
src/sim/syscall_emul.cc:74: warn: ignoring syscall mprotect(...)
src/sim/syscall_emul.cc:74: warn: ignoring syscall mprotect(...)
src/sim/syscall_emul.cc:74: warn: ignoring syscall mprotect(...)
src/sim/syscall_emul.cc:74: warn: ignoring syscall mprotect(...)
src/sim/syscall_emul.cc:74: warn: ignoring syscall mprotect(...)
src/sim/syscall_emul.cc:74: warn: ignoring syscall mprotect(...)
src/sim/syscall_emul.cc:74: warn: ignoring syscall mprotect(...)
src/sim/syscall_emul.cc:74: warn: ignoring syscall mprotect(...)
src/sim/syscall_emul.cc:74: warn: ignoring syscall mprotect(...)
src/sim/syscall_emul.cc:74: warn: ignoring syscall mprotect(...)
src/sim/syscall_emul.cc:74: warn: ignoring syscall mprotect(...)
src/sim/syscall_emul.cc:74: warn: ignoring syscall mprotect(...)
src/sim/syscall_emul.cc:74: warn: ignoring syscall mprotect(...)
src/sim/syscall_emul.cc:74: warn: ignoring syscall mprotect(...)
src/sim/syscall_emul.cc:74: warn: ignoring syscall mprotect(...)
src/sim/syscall_emul.cc:74: warn: ignoring syscall mprotect(...)
src/sim/syscall_emul.cc:74: warn: ignoring syscall set_robust_list(...)
src/sim/syscall_emul.cc:85: warn: ignoring syscall rt_sigaction(...)
      (further warnings will be suppressed)
src/sim/syscall_emul.cc:85: warn: ignoring syscall rt_sigprocmask(...)
      (further warnings will be suppressed)
src/sim/syscall_emul.cc:74: warn: ignoring syscall get_mempolicy(...)
build/GCN3_X86/arch/x86/generated/exec-ns.cc.inc:27: warn: instruction 'frndint' unimplemented
src/sim/mem_state.cc:448: info: Increasing stack size by one page.
src/sim/mem_state.cc:448: info: Increasing stack size by one page.
WG size of kernel = 16 X 16
pyramidHeight: 2
gridSize: [64, 64]
border:[2, 2]
blockGrid:[6, 6]
targetBlock:[12, 12]
src/gpu-compute/gpu_compute_driver.cc:710: warn: unimplemented ioctl: AMDKFD_IOC_ACQUIRE_VM
src/sim/syscall_emul.hh:1890: warn: mmap: writing to shared mmap region is currently unsupported. The write succeeds on the target, but it will not be propagated to the host or shared mappings
src/gpu-compute/gpu_compute_driver.cc:460: warn: Signal events are only supported currently
src/sim/syscall_emul.cc:74: warn: ignoring syscall mprotect(...)
src/sim/power_state.cc:105: warn: PowerState: Already in the requested power state, request ignored
src/sim/syscall_emul.cc:74: warn: ignoring syscall set_robust_list(...)
src/sim/syscall_emul.cc:74: warn: ignoring syscall mprotect(...)
src/gpu-compute/gpu_compute_driver.cc:604: warn: unimplemented ioctl: AMDKFD_IOC_SET_SCRATCH_BACKING_VA
src/gpu-compute/gpu_compute_driver.cc:614: warn: unimplemented ioctl: AMDKFD_IOC_SET_TRAP_HANDLER
src/sim/syscall_emul.cc:74: warn: ignoring syscall mprotect(...)
src/sim/syscall_emul.cc:74: warn: ignoring syscall set_robust_list(...)
src/sim/syscall_emul.cc:74: warn: ignoring syscall mprotect(...)
src/sim/syscall_emul.cc:74: warn: ignoring syscall madvise(...)
src/sim/syscall_emul.cc:74: warn: ignoring syscall mprotect(...)
src/sim/syscall_emul.cc:74: warn: ignoring syscall sched_setaffinity(...)
src/sim/syscall_emul.cc:74: warn: ignoring syscall set_robust_list(...)
src/sim/syscall_emul.cc:85: warn: ignoring syscall sched_yield(...)
      (further warnings will be suppressed)
src/sim/syscall_emul.cc:74: warn: ignoring syscall mprotect(...)
src/sim/syscall_emul.cc:74: warn: ignoring syscall mprotect(...)
src/sim/syscall_emul.cc:74: warn: ignoring syscall mprotect(...)
src/sim/syscall_emul.cc:74: warn: ignoring syscall mprotect(...)
src/sim/syscall_emul.cc:74: warn: ignoring syscall mprotect(...)
src/sim/syscall_emul.cc:74: warn: ignoring syscall mprotect(...)
src/sim/syscall_emul.cc:74: warn: ignoring syscall mprotect(...)
src/sim/syscall_emul.cc:74: warn: ignoring syscall mprotect(...)
src/sim/syscall_emul.cc:74: warn: ignoring syscall mprotect(...)
src/sim/syscall_emul.cc:74: warn: ignoring syscall mprotect(...)
src/sim/syscall_emul.cc:74: warn: ignoring syscall mprotect(...)
src/sim/syscall_emul.cc:74: warn: ignoring syscall mprotect(...)
Start computing the transient temperature
src/gpu-compute/gpu_command_processor.cc:528: warn: Ignoring vendor packet
Ending simulation
109181985000: system.cpu3.CUs3.wavefronts00: Kernel 000 inst: 00000 s_load_dword s8, s[4:5], 0x00
109181989000: system.cpu3.CUs3.wavefronts00: Kernel 000 inst: 00008 s_load_dwordx4 s[12:15], s[4:5], 0x08
109182005000: system.cpu3.CUs3.wavefronts00: Kernel 000 inst: 00016 s_load_dwordx2 s[10:11], s[4:5], 0x18
109182069000: system.cpu3.CUs3.wavefronts00: Kernel 000 inst: 00024 s_load_dwordx8 s[16:23], s[4:5], 0x20
109182070000: system.cpu3.CUs3.wavefronts00: Kernel 000 inst: 00032 s_waitcnt lgkmcnt(0)
109183353000: system.cpu3.CUs3.wavefronts00: Kernel 000 inst: 00036 s_lshl_b32 s0, s8, 1
109183357000: system.cpu3.CUs3.wavefronts00: Kernel 000 inst: 00040 s_sub_i32 s0, 16, s0
109183361000: system.cpu3.CUs3.wavefronts00: Kernel 000 inst: 00044 s_mul_i32 s1, s0, s7
109183365000: system.cpu3.CUs3.wavefronts00: Kernel 000 inst: 00048 s_sub_i32 s7, s1, s19
109183373000: system.cpu3.CUs3.wavefronts00: Kernel 000 inst: 00052 s_mul_i32 s0, s0, s6
109183377000: system.cpu3.CUs3.wavefronts00: Kernel 000 inst: 00056 s_sub_i32 s6, s0, s18
109183378000: system.cpu3.CUs3.wavefronts00: Kernel 000 inst: 00060 v_add_u32 v3, vcc, s7, v1
109183382000: system.cpu3.CUs3.wavefronts00: Kernel 000 inst: 00064 v_mul_lo_u32 v2, v3, s16
109183386000: system.cpu3.CUs3.wavefronts00: Kernel 000 inst: 00072 v_add_u32 v4, vcc, s6, v0
109183390000: system.cpu3.CUs3.wavefronts00: Kernel 000 inst: 00076 v_add_u32 v2, vcc, v2, v4
109183394000: system.cpu3.CUs3.wavefronts00: Kernel 000 inst: 00080 v_cmp_lt_i32 vcc, -1, v3
109183398000: system.cpu3.CUs3.wavefronts00: Kernel 000 inst: 00084 v_cmp_gt_i32 s[0:1], s17, v3
109183402000: system.cpu3.CUs3.wavefronts00: Kernel 000 inst: 00092 v_cmp_lt_i32 s[2:3], -1, v4
109183405000: system.cpu3.CUs3.wavefronts00: Kernel 000 inst: 00100 s_and_b64 s2, s2, s0
109183406000: system.cpu3.CUs3.wavefronts00: Kernel 000 inst: 00104 v_cmp_gt_i32 s[0:1], s16, v4
109183409000: system.cpu3.CUs3.wavefronts00: Kernel 000 inst: 00112 s_and_b64 s0, s0, s2
109183413000: system.cpu3.CUs3.wavefronts00: Kernel 000 inst: 00116 s_and_b64 s2, vcc_lo, s0
109183421000: system.cpu3.CUs3.wavefronts00: Kernel 000 inst: 00120 s_mov_b32 m0, -1
109183842000: system.cpu3.CUs3.wavefronts00: Kernel 000 inst: 00124 s_and_saveexec_b64 s0, s2
109183986000: system.cpu3.CUs3.wavefronts00: Kernel 000 inst: 00128 s_cbranch_execz label_50
109183987000: system.cpu3.CUs3.wavefronts00: Kernel 000 inst: 00132 v_ashrrev_i32 v3, 31, v2
109183991000: system.cpu3.CUs3.wavefronts00: Kernel 000 inst: 00136 v_lshlrev_b64 v[3:4], 2, v[2:3]
109183995000: system.cpu3.CUs3.wavefronts00: Kernel 000 inst: 00144 v_mov_b32 v6, s15
109183999000: system.cpu3.CUs3.wavefronts00: Kernel 000 inst: 00148 v_add_u32 v5, vcc, s14, v3
109184003000: system.cpu3.CUs3.wavefronts00: Kernel 000 inst: 00152 v_addc_u32 v6, vcc, v6, v4, vcc
109184007000: system.cpu3.CUs3.wavefronts00: Kernel 000 inst: 00156 v_lshlrev_b32 v7, 2, v0
109184011000: system.cpu3.CUs3.wavefronts00: Kernel 000 inst: 00160 v_lshlrev_b32 v8, 6, v1
109184015000: system.cpu3.CUs3.wavefronts00: Kernel 000 inst: 00164 v_add_u32 v7, vcc, v8, v7
109184019000: system.cpu3.CUs3.wavefronts00: Kernel 000 inst: 00168 v_mov_b32 v8, s13
109184023000: system.cpu3.CUs3.wavefronts00: Kernel 000 inst: 00172 v_add_u32 v3, vcc, s12, v3
109184027000: system.cpu3.CUs3.wavefronts00: Kernel 000 inst: 00176 v_addc_u32 v4, vcc, v8, v4, vcc
109184028000: system.cpu3.CUs3.wavefronts00: Kernel 000 inst: 00180 flat_load_dword v8, v[5:6]
109184314000: system.cpu3.CUs3.wavefronts00: Kernel 000 inst: 00188 flat_load_dword v9, v[3:4]
109184446000: system.cpu3.CUs3.wavefronts00: Kernel 000 inst: 00196 s_waitcnt vmcnt(0) & lgkmcnt(0)
109186726000: system.cpu3.CUs3.wavefronts00: Kernel 000 inst: 00200 ds_write2st64_b32 v7, v9, v8 offset:1024
109186727000: system.cpu3.CUs3.wavefronts00: Kernel 000 inst: 00208 s_or_b64 exec, exec, s0
109186731000: system.cpu3.CUs3.wavefronts00: Kernel 000 inst: 00212 s_waitcnt lgkmcnt(0)
109186752000: system.cpu3.CUs3.wavefronts00: Kernel 000 inst: 00216 s_barrier
109187800000: system.cpu3.CUs3.wavefronts00: Kernel 000 inst: 00220 s_cmp_lt_i32 s8, 1
109187812000: system.cpu3.CUs3.wavefronts00: Kernel 000 inst: 00224 s_waitcnt lgkmcnt(0)
109187828000: system.cpu3.CUs3.wavefronts00: Kernel 000 inst: 00228 s_cbranch_scc1
109187829000: system.cpu3.CUs3.wavefronts00: Kernel 000 inst: 00232 v_div_scale_f32 v3, s[0:1], s21, s21, 1
109187830000: system.cpu3.CUs3.wavefronts00: Kernel 000 inst: 00240 s_load_dword s2, s[4:5], 0x40
109187844000: system.cpu3.CUs3.wavefronts00: Kernel 000 inst: 00248 s_waitcnt lgkmcnt(0)
109188360000: system.cpu3.CUs3.wavefronts00: Kernel 000 inst: 00252 v_mov_b32 v4, s2
109188364000: system.cpu3.CUs3.wavefronts00: Kernel 000 inst: 00256 v_div_scale_f32 v5, s[0:1], s20, s20, v4
109188368000: system.cpu3.CUs3.wavefronts00: Kernel 000 inst: 00264 v_div_scale_f32 v6, s[0:1], 1, s21, 1
109188372000: system.cpu3.CUs3.wavefronts00: Kernel 000 inst: 00272 v_mov_b32 v7, s20
109188376000: system.cpu3.CUs3.wavefronts00: Kernel 000 inst: 00276 v_div_scale_f32 v7, vcc_lo, s2, v7, s2
109188380000: system.cpu3.CUs3.wavefronts00: Kernel 000 inst: 00284 v_div_scale_f32 v8, s[2:3], s22, s22, 1
109188384000: system.cpu3.CUs3.wavefronts00: Kernel 000 inst: 00292 v_rcp_f32 v9, v3
109188388000: system.cpu3.CUs3.wavefronts00: Kernel 000 inst: 00296 v_div_scale_f32 v10, s[2:3], 1, s22, 1
109188392000: system.cpu3.CUs3.wavefronts00: Kernel 000 inst: 00304 v_div_scale_f32 v11, s[4:5], s23, s23, 1
109188396000: system.cpu3.CUs3.wavefronts00: Kernel 000 inst: 00312 v_fma_f32 v12, -v3, v9, 1
109189353000: system.cpu3.CUs3.wavefronts00: Kernel 000 inst: 00320 v_fma_f32 v9, v12, v9, v9
109189357000: system.cpu3.CUs3.wavefronts00: Kernel 000 inst: 00328 v_rcp_f32 v12, v5
109189361000: system.cpu3.CUs3.wavefronts00: Kernel 000 inst: 00332 v_mul_f32 v13, v6, v9
109189365000: system.cpu3.CUs3.wavefronts00: Kernel 000 inst: 00336 v_fma_f32 v14, -v3, v13, v6
109189369000: system.cpu3.CUs3.wavefronts00: Kernel 000 inst: 00344 v_fma_f32 v13, v14, v9, v13
109189373000: system.cpu3.CUs3.wavefronts00: Kernel 000 inst: 00352 v_fma_f32 v14, -v5, v12, 1
109189377000: system.cpu3.CUs3.wavefronts00: Kernel 000 inst: 00360 v_fma_f32 v12, v14, v12, v12
109189381000: system.cpu3.CUs3.wavefronts00: Kernel 000 inst: 00368 v_mul_f32 v14, v7, v12
109189385000: system.cpu3.CUs3.wavefronts00: Kernel 000 inst: 00372 v_fma_f32 v15, -v5, v14, v7
109190373000: system.cpu3.CUs3.wavefronts00: Kernel 000 inst: 00380 v_fma_f32 v14, v15, v12, v14
109190377000: system.cpu3.CUs3.wavefronts00: Kernel 000 inst: 00388 v_fma_f32 v5, -v5, v14, v7
109190381000: system.cpu3.CUs3.wavefronts00: Kernel 000 inst: 00396 v_div_fmas_f32 v5, v5, v12, v14
109190385000: system.cpu3.CUs3.wavefronts00: Kernel 000 inst: 00404 v_div_scale_f32 v7, s[4:5], 1, s23, 1
109190389000: system.cpu3.CUs3.wavefronts00: Kernel 000 inst: 00412 v_rcp_f32 v12, v8
109190393000: system.cpu3.CUs3.wavefronts00: Kernel 000 inst: 00416 v_fma_f32 v3, -v3, v13, v6
109190394000: system.cpu3.CUs3.wavefronts00: Kernel 000 inst: 00424 s_mov_b64 vcc_lo, s0
109190397000: system.cpu3.CUs3.wavefronts00: Kernel 000 inst: 00428 v_div_fmas_f32 v3, v3, v9, v13
109190401000: system.cpu3.CUs3.wavefronts00: Kernel 000 inst: 00436 v_fma_f32 v6, -v8, v12, 1
109191308000: system.cpu3.CUs3.wavefronts00: Kernel 000 inst: 00444 v_fma_f32 v6, v6, v12, v12
109191312000: system.cpu3.CUs3.wavefronts00: Kernel 000 inst: 00452 v_mul_f32 v9, v10, v6
109191316000: system.cpu3.CUs3.wavefronts00: Kernel 000 inst: 00456 v_fma_f32 v12, -v8, v9, v10
109191320000: system.cpu3.CUs3.wavefronts00: Kernel 000 inst: 00464 v_fma_f32 v9, v12, v6, v9
109191324000: system.cpu3.CUs3.wavefronts00: Kernel 000 inst: 00472 v_rcp_f32 v12, v11
109191328000: system.cpu3.CUs3.wavefronts00: Kernel 000 inst: 00476 v_fma_f32 v8, -v8, v9, v10
109191329000: system.cpu3.CUs3.wavefronts00: Kernel 000 inst: 00484 s_mov_b64 vcc_lo, s2
109191332000: system.cpu3.CUs3.wavefronts00: Kernel 000 inst: 00488 v_div_fmas_f32 v6, v8, v6, v9
109191336000: system.cpu3.CUs3.wavefronts00: Kernel 000 inst: 00496 v_fma_f32 v8, -v11, v12, 1
109191340000: system.cpu3.CUs3.wavefronts00: Kernel 000 inst: 00504 v_fma_f32 v8, v8, v12, v12
109192223000: system.cpu3.CUs3.wavefronts00: Kernel 000 inst: 00512 v_mul_f32 v9, v7, v8
109192227000: system.cpu3.CUs3.wavefronts00: Kernel 000 inst: 00516 v_fma_f32 v10, -v11, v9, v7
109192235000: system.cpu3.CUs3.wavefronts00: Kernel 000 inst: 00524 v_fma_f32 v9, v10, v8, v9
109192243000: system.cpu3.CUs3.wavefronts00: Kernel 000 inst: 00532 v_fma_f32 v7, -v11, v9, v7
109192244000: system.cpu3.CUs3.wavefronts00: Kernel 000 inst: 00540 s_mov_b64 vcc_lo, s4
109192251000: system.cpu3.CUs3.wavefronts00: Kernel 000 inst: 00544 v_div_fmas_f32 v7, v7, v8, v9
109192259000: system.cpu3.CUs3.wavefronts00: Kernel 000 inst: 00552 v_div_fixup_f32 v5, v5, s20, v4
109192267000: system.cpu3.CUs3.wavefronts00: Kernel 000 inst: 00560 v_div_fixup_f32 v14, v3, s21, 1
109192275000: system.cpu3.CUs3.wavefronts00: Kernel 000 inst: 00568 v_div_fixup_f32 v10, v6, s22, 1
109192890000: system.cpu3.CUs3.wavefronts00: Kernel 000 inst: 00576 v_div_fixup_f32 v3, v7, s23, 1
109192912000: system.cpu3.CUs3.wavefronts00: Kernel 000 inst: 00584 s_mov_b32 s12, 0
109192952000: system.cpu3.CUs3.wavefronts00: Kernel 000 inst: 00588 s_sub_i32 s0, 0, s7
109192984000: system.cpu3.CUs3.wavefronts00: Kernel 000 inst: 00592 s_sub_i32 s1, 0, s6
109193008000: system.cpu3.CUs3.wavefronts00: Kernel 000 inst: 00596 s_add_i32 s2, s7, 15
109193024000: system.cpu3.CUs3.wavefronts00: Kernel 000 inst: 00600 s_add_i32 s3, s6, 15
109193040000: system.cpu3.CUs3.wavefronts00: Kernel 000 inst: 00604 s_ashr_i32 s4, s7, 31
109193056000: system.cpu3.CUs3.wavefronts00: Kernel 000 inst: 00608 s_and_b32 s4, s4, s0
109193072000: system.cpu3.CUs3.wavefronts00: Kernel 000 inst: 00612 s_not_b32 s0, s7
109193088000: system.cpu3.CUs3.wavefronts00: Kernel 000 inst: 00616 s_add_i32 s0, s0, s17
109193104000: system.cpu3.CUs3.wavefronts00: Kernel 000 inst: 00620 s_cmp_ge_i32 s2, s17
109193120000: system.cpu3.CUs3.wavefronts00: Kernel 000 inst: 00624 s_cselect_b32 s7, s0, 15
109193136000: system.cpu3.CUs3.wavefronts00: Kernel 000 inst: 00628 s_ashr_i32 s0, s6, 31
109193152000: system.cpu3.CUs3.wavefronts00: Kernel 000 inst: 00632 s_and_b32 s0, s0, s1
109194735000: system.cpu3.CUs3.wavefronts00: Kernel 000 inst: 00636 s_not_b32 s1, s6
109194747000: system.cpu3.CUs3.wavefronts00: Kernel 000 inst: 00640 s_add_i32 s1, s1, s16
109194763000: system.cpu3.CUs3.wavefronts00: Kernel 000 inst: 00644 s_cmp_ge_i32 s3, s16
109194779000: system.cpu3.CUs3.wavefronts00: Kernel 000 inst: 00648 s_cselect_b32 s2, s1, 15
109194812000: system.cpu3.CUs3.wavefronts00: Kernel 000 inst: 00652 v_add_u32 v4, vcc, 1, v0
109194848000: system.cpu3.CUs3.wavefronts00: Kernel 000 inst: 00656 v_mov_b32 v6, s2
109194884000: system.cpu3.CUs3.wavefronts00: Kernel 000 inst: 00660 v_cmp_gt_i32 vcc, s2, v0
109194920000: system.cpu3.CUs3.wavefronts00: Kernel 000 inst: 00664 v_cndmask_b32 v12, v6, v4, vcc
109194956000: system.cpu3.CUs3.wavefronts00: Kernel 000 inst: 00668 v_add_u32 v4, vcc, -1, v0
109194992000: system.cpu3.CUs3.wavefronts00: Kernel 000 inst: 00672 v_mov_b32 v6, s0
109195028000: system.cpu3.CUs3.wavefronts00: Kernel 000 inst: 00676 v_cmp_lt_i32 vcc, s0, v0
109195064000: system.cpu3.CUs3.wavefronts00: Kernel 000 inst: 00680 v_cndmask_b32 v13, v6, v4, vcc
109195100000: system.cpu3.CUs3.wavefronts00: Kernel 000 inst: 00684 v_add_u32 v4, vcc, 1, v1
109195136000: system.cpu3.CUs3.wavefronts00: Kernel 000 inst: 00688 v_mov_b32 v6, s7
109195172000: system.cpu3.CUs3.wavefronts00: Kernel 000 inst: 00692 v_cmp_gt_i32 vcc, s7, v1
109195208000: system.cpu3.CUs3.wavefronts00: Kernel 000 inst: 00696 v_cndmask_b32 v8, v6, v4, vcc
109195244000: system.cpu3.CUs3.wavefronts00: Kernel 000 inst: 00700 v_add_u32 v4, vcc, -1, v1
109195280000: system.cpu3.CUs3.wavefronts00: Kernel 000 inst: 00704 v_mov_b32 v6, s4
109195316000: system.cpu3.CUs3.wavefronts00: Kernel 000 inst: 00708 v_cmp_lt_i32 vcc, s4, v1
109195352000: system.cpu3.CUs3.wavefronts00: Kernel 000 inst: 00712 v_cndmask_b32 v9, v6, v4, vcc
109195388000: system.cpu3.CUs3.wavefronts00: Kernel 000 inst: 00716 v_cmp_gt_i32 s[0:1], s0, v0
109195424000: system.cpu3.CUs3.wavefronts00: Kernel 000 inst: 00724 v_cmp_lt_i32 s[2:3], s2, v0
109195460000: system.cpu3.CUs3.wavefronts00: Kernel 000 inst: 00732 v_cmp_gt_i32 s[4:5], s4, v1
109195496000: system.cpu3.CUs3.wavefronts00: Kernel 000 inst: 00740 v_cmp_lt_i32 s[6:7], s7, v1
109195532000: system.cpu3.CUs3.wavefronts00: Kernel 000 inst: 00748 v_lshlrev_b32 v11, 2, v0
109195568000: system.cpu3.CUs3.wavefronts00: Kernel 000 inst: 00752 v_lshlrev_b32 v7, 6, v1
109195573000: system.cpu3.CUs3.wavefronts00: Kernel 000 inst: 00756 s_movk_i32 s9, 0x0400
109195604000: system.cpu3.CUs3.wavefronts00: Kernel 000 inst: 00760 v_add_u32 v15, vcc, s9, v7
109195640000: system.cpu3.CUs3.wavefronts00: Kernel 000 inst: 00764 v_add_u32 v4, vcc, v15, v11
109195660000: system.cpu3.CUs3.wavefronts00: Kernel 000 inst: 00768 v_cvt_f64_f32 v5, v5
109195680000: system.cpu3.CUs3.wavefronts00: Kernel 000 inst: 00772 v_add_u32 v7, vcc, v7, v11
109195708000: system.cpu3.CUs3.wavefronts00: Kernel 000 inst: 00776 v_lshlrev_b32 v8, 6, v8
109195740000: system.cpu3.CUs3.wavefronts00: Kernel 000 inst: 00780 v_add_u32 v8, vcc, v8, v11
109195768000: system.cpu3.CUs3.wavefronts00: Kernel 000 inst: 00784 v_add_u32 v8, vcc, s9, v8
109195800000: system.cpu3.CUs3.wavefronts00: Kernel 000 inst: 00788 v_lshlrev_b32 v9, 6, v9
109195832000: system.cpu3.CUs3.wavefronts00: Kernel 000 inst: 00792 v_add_u32 v9, vcc, v9, v11
109195860000: system.cpu3.CUs3.wavefronts00: Kernel 000 inst: 00796 v_add_u32 v9, vcc, s9, v9
109195884000: system.cpu3.CUs3.wavefronts00: Kernel 000 inst: 00800 v_cvt_f64_f32 v10, v10
109195916000: system.cpu3.CUs3.wavefronts00: Kernel 000 inst: 00804 v_lshlrev_b32 v12, 2, v12
109195936000: system.cpu3.CUs3.wavefronts00: Kernel 000 inst: 00808 v_add_u32 v12, vcc, v15, v12
109195956000: system.cpu3.CUs3.wavefronts00: Kernel 000 inst: 00812 v_lshlrev_b32 v13, 2, v13
109195980000: system.cpu3.CUs3.wavefronts00: Kernel 000 inst: 00816 v_add_u32 v13, vcc, v15, v13
109196004000: system.cpu3.CUs3.wavefronts00: Kernel 000 inst: 00820 v_cvt_f64_f32 v14, v14
109196032000: system.cpu3.CUs3.wavefronts00: Kernel 000 inst: 00824 v_add_u32 v16, vcc, 0x00000800, v7
109196085000: system.cpu3.CUs3.wavefronts00: Kernel 000 inst: 00832 s_add_i32 s13, s8, -1
109196177000: system.cpu3.CUs3.wavefronts00: Kernel 000 inst: 00836 s_mov_b32 s16, 14
109196309000: system.cpu3.CUs3.wavefronts00: Kernel 000 inst: 00840 s_branch
109196316000: system.cpu3.CUs3.wavefronts00: Kernel 000 inst: 00880 v_cmp_lt_u32 vcc, s12, v0
109196453000: system.cpu3.CUs3.wavefronts00: Kernel 000 inst: 00884 s_andn2_b64 s14, s14, exec
109196593000: system.cpu3.CUs3.wavefronts00: Kernel 000 inst: 00888 s_and_saveexec_b64 s18, vcc_lo
109196729000: system.cpu3.CUs3.wavefronts00: Kernel 000 inst: 00892 s_cbranch_execz label_ec
109196736000: system.cpu3.CUs3.wavefronts00: Kernel 000 inst: 00896 v_cmp_lt_i32 vcc, s16, v0
109196744000: system.cpu3.CUs3.wavefronts00: Kernel 000 inst: 00900 v_cmp_ge_u32 s[8:9], s12, v1
109196885000: system.cpu3.CUs3.wavefronts00: Kernel 000 inst: 00908 s_or_b64 s8, s8, vcc_lo
109196886000: system.cpu3.CUs3.wavefronts00: Kernel 000 inst: 00912 v_cmp_lt_i32 vcc, s16, v1
109197029000: system.cpu3.CUs3.wavefronts00: Kernel 000 inst: 00916 s_or_b64 s8, vcc_lo, s8
109197173000: system.cpu3.CUs3.wavefronts00: Kernel 000 inst: 00920 s_or_b64 s8, s0, s8
109197317000: system.cpu3.CUs3.wavefronts00: Kernel 000 inst: 00924 s_or_b64 s8, s2, s8
109197461000: system.cpu3.CUs3.wavefronts00: Kernel 000 inst: 00928 s_or_b64 s8, s4, s8
109197605000: system.cpu3.CUs3.wavefronts00: Kernel 000 inst: 00932 s_or_b64 s8, s6, s8
109197749000: system.cpu3.CUs3.wavefronts00: Kernel 000 inst: 00936 s_xor_b64 s22, s8, -1
109197893000: system.cpu3.CUs3.wavefronts00: Kernel 000 inst: 00940 s_mov_b64 s8, 0
109198033000: system.cpu3.CUs3.wavefronts00: Kernel 000 inst: 00944 s_and_saveexec_b64 s20, s22
109198169000: system.cpu3.CUs3.wavefronts00: Kernel 000 inst: 00948 s_cbranch_execz label_a4
109198309000: system.cpu3.CUs3.wavefronts00: Kernel 000 inst: 00952 s_mov_b64 s8, exec
109198310000: system.cpu3.CUs3.wavefronts00: Kernel 000 inst: 00956 ds_read_b32 v25, v4
109198314000: system.cpu3.CUs3.wavefronts00: Kernel 000 inst: 00964 ds_read_b32 v17, v8
109198318000: system.cpu3.CUs3.wavefronts00: Kernel 000 inst: 00972 ds_read_b32 v18, v9
109198322000: system.cpu3.CUs3.wavefronts00: Kernel 000 inst: 00980 ds_read_b32 v23, v12
109198326000: system.cpu3.CUs3.wavefronts00: Kernel 000 inst: 00988 ds_read_b32 v24, v13
109198465000: system.cpu3.CUs3.wavefronts00: Kernel 000 inst: 00996 s_waitcnt lgkmcnt(2)
109198467000: system.cpu3.CUs3.wavefronts00: Kernel 000 inst: 01000 v_add_f32 v19, v17, v18
109198471000: system.cpu3.CUs3.wavefronts00: Kernel 000 inst: 01004 v_cvt_f64_f32 v17, v25
109198475000: system.cpu3.CUs3.wavefronts00: Kernel 000 inst: 01008 v_cvt_f64_f32 v19, v19
109198479000: system.cpu3.CUs3.wavefronts00: Kernel 000 inst: 01012 v_fma_f64 v[19:20], v[17:18], -2, v[19:20]
109198480000: system.cpu3.CUs3.wavefronts00: Kernel 000 inst: 01020 ds_read_b32 v21, v7
109198617000: system.cpu3.CUs3.wavefronts00: Kernel 000 inst: 01028 s_waitcnt lgkmcnt(0)
109198638000: system.cpu3.CUs3.wavefronts00: Kernel 000 inst: 01032 v_cvt_f64_f32 v21, v21
109198666000: system.cpu3.CUs3.wavefronts00: Kernel 000 inst: 01036 v_add_f32 v23, v23, v24
109198694000: system.cpu3.CUs3.wavefronts00: Kernel 000 inst: 01040 v_cvt_f64_f32 v23, v23
109198722000: system.cpu3.CUs3.wavefronts00: Kernel 000 inst: 01044 v_fma_f64 v[19:20], v[19:20], v[10:11], v[21:22]
109198750000: system.cpu3.CUs3.wavefronts00: Kernel 000 inst: 01052 v_fma_f64 v[21:22], v[17:18], -2, v[23:24]
109198782000: system.cpu3.CUs3.wavefronts00: Kernel 000 inst: 01060 v_fma_f64 v[19:20], v[21:22], v[14:15], v[19:20]
109198810000: system.cpu3.CUs3.wavefronts00: Kernel 000 inst: 01068 v_sub_f32 v21, 0x42a00000, v25
109198842000: system.cpu3.CUs3.wavefronts00: Kernel 000 inst: 01076 v_mul_f32 v21, v3, v21
109198878000: system.cpu3.CUs3.wavefronts00: Kernel 000 inst: 01080 v_cvt_f64_f32 v21, v21
109198914000: system.cpu3.CUs3.wavefronts00: Kernel 000 inst: 01084 v_add_f64 v[19:20], v[19:20], v[21:22]
109198946000: system.cpu3.CUs3.wavefronts00: Kernel 000 inst: 01092 v_fma_f64 v[17:18], v[19:20], v[5:6], v[17:18]
109198978000: system.cpu3.CUs3.wavefronts00: Kernel 000 inst: 01100 v_cvt_f32_f64 v17, v17
109198979000: system.cpu3.CUs3.wavefronts00: Kernel 000 inst: 01104 ds_write_b32 v16, v17
109198997000: system.cpu3.CUs3.wavefronts00: Kernel 000 inst: 01112 s_or_b64 exec, exec, s20
109199017000: system.cpu3.CUs3.wavefronts00: Kernel 000 inst: 01116 s_andn2_b64 s14, s14, exec
109199045000: system.cpu3.CUs3.wavefronts00: Kernel 000 inst: 01120 s_and_b64 s8, s8, exec
109199081000: system.cpu3.CUs3.wavefronts00: Kernel 000 inst: 01124 s_or_b64 s14, s14, s8
109199129000: system.cpu3.CUs3.wavefronts00: Kernel 000 inst: 01128 s_or_b64 exec, exec, s18
109199169000: system.cpu3.CUs3.wavefronts00: Kernel 000 inst: 01132 s_waitcnt lgkmcnt(0)
109199213000: system.cpu3.CUs3.wavefronts00: Kernel 000 inst: 01136 s_barrier
109199305000: system.cpu3.CUs3.wavefronts00: Kernel 000 inst: 01140 s_waitcnt lgkmcnt(0)
109199337000: system.cpu3.CUs3.wavefronts00: Kernel 000 inst: 01144 s_cmp_eq_u32 s13, s12
109199369000: system.cpu3.CUs3.wavefronts00: Kernel 000 inst: 01148 s_mov_b64 s8, -1
109199397000: system.cpu3.CUs3.wavefronts00: Kernel 000 inst: 01152 s_cbranch_scc1
109199437000: system.cpu3.CUs3.wavefronts00: Kernel 000 inst: 01156 s_and_saveexec_b64 s8, s14
109199485000: system.cpu3.CUs3.wavefronts00: Kernel 000 inst: 01160 s_cbranch_execz label_3fec4
109199486000: system.cpu3.CUs3.wavefronts00: Kernel 000 inst: 01164 ds_read_b32 v17, v16
109199541000: system.cpu3.CUs3.wavefronts00: Kernel 000 inst: 01172 s_waitcnt lgkmcnt(0)
109199543000: system.cpu3.CUs3.wavefronts00: Kernel 000 inst: 01176 ds_write_b32 v4, v17
109199609000: system.cpu3.CUs3.wavefronts00: Kernel 000 inst: 01184 s_branch
109199713000: system.cpu3.CUs3.wavefronts00: Kernel 000 inst: 00844 s_or_b64 exec, exec, s8
109199857000: system.cpu3.CUs3.wavefronts00: Kernel 000 inst: 00848 s_waitcnt lgkmcnt(0)
109200001000: system.cpu3.CUs3.wavefronts00: Kernel 000 inst: 00852 s_barrier
109200201000: system.cpu3.CUs3.wavefronts00: Kernel 000 inst: 00856 s_waitcnt lgkmcnt(0)
109200333000: system.cpu3.CUs3.wavefronts00: Kernel 000 inst: 00860 s_add_i32 s16, s16, -1
109200477000: system.cpu3.CUs3.wavefronts00: Kernel 000 inst: 00864 s_mov_b64 s8, 0
109200621000: system.cpu3.CUs3.wavefronts00: Kernel 000 inst: 00868 s_add_i32 s12, s12, 1
109200753000: system.cpu3.CUs3.wavefronts00: Kernel 000 inst: 00872 s_and_b64 vcc_lo, exec, s8
109200897000: system.cpu3.CUs3.wavefronts00: Kernel 000 inst: 00876 s_cbranch_vccnz
109200898000: system.cpu3.CUs3.wavefronts00: Kernel 000 inst: 00880 v_cmp_lt_u32 vcc, s12, v0
109201041000: system.cpu3.CUs3.wavefronts00: Kernel 000 inst: 00884 s_andn2_b64 s14, s14, exec
109201185000: system.cpu3.CUs3.wavefronts00: Kernel 000 inst: 00888 s_and_saveexec_b64 s18, vcc_lo
109201325000: system.cpu3.CUs3.wavefronts00: Kernel 000 inst: 00892 s_cbranch_execz label_ec
109201326000: system.cpu3.CUs3.wavefronts00: Kernel 000 inst: 00896 v_cmp_lt_i32 vcc, s16, v0
109201330000: system.cpu3.CUs3.wavefronts00: Kernel 000 inst: 00900 v_cmp_ge_u32 s[8:9], s12, v1
109201465000: system.cpu3.CUs3.wavefronts00: Kernel 000 inst: 00908 s_or_b64 s8, s8, vcc_lo
109201466000: system.cpu3.CUs3.wavefronts00: Kernel 000 inst: 00912 v_cmp_lt_i32 vcc, s16, v1
109201601000: system.cpu3.CUs3.wavefronts00: Kernel 000 inst: 00916 s_or_b64 s8, vcc_lo, s8
109201745000: system.cpu3.CUs3.wavefronts00: Kernel 000 inst: 00920 s_or_b64 s8, s0, s8
109201885000: system.cpu3.CUs3.wavefronts00: Kernel 000 inst: 00924 s_or_b64 s8, s2, s8
109202013000: system.cpu3.CUs3.wavefronts00: Kernel 000 inst: 00928 s_or_b64 s8, s4, s8
109202133000: system.cpu3.CUs3.wavefronts00: Kernel 000 inst: 00932 s_or_b64 s8, s6, s8
109202249000: system.cpu3.CUs3.wavefronts00: Kernel 000 inst: 00936 s_xor_b64 s22, s8, -1
109202345000: system.cpu3.CUs3.wavefronts00: Kernel 000 inst: 00940 s_mov_b64 s8, 0
109202429000: system.cpu3.CUs3.wavefronts00: Kernel 000 inst: 00944 s_and_saveexec_b64 s20, s22
109202529000: system.cpu3.CUs3.wavefronts00: Kernel 000 inst: 00948 s_cbranch_execz label_a4
109202621000: system.cpu3.CUs3.wavefronts00: Kernel 000 inst: 00952 s_mov_b64 s8, exec
109202622000: system.cpu3.CUs3.wavefronts00: Kernel 000 inst: 00956 ds_read_b32 v25, v4
109202626000: system.cpu3.CUs3.wavefronts00: Kernel 000 inst: 00964 ds_read_b32 v17, v8
109202634000: system.cpu3.CUs3.wavefronts00: Kernel 000 inst: 00972 ds_read_b32 v18, v9
109202642000: system.cpu3.CUs3.wavefronts00: Kernel 000 inst: 00980 ds_read_b32 v23, v12
109202658000: system.cpu3.CUs3.wavefronts00: Kernel 000 inst: 00988 ds_read_b32 v24, v13
109202737000: system.cpu3.CUs3.wavefronts00: Kernel 000 inst: 00996 s_waitcnt lgkmcnt(2)
109202914000: system.cpu3.CUs3.wavefronts00: Kernel 000 inst: 01000 v_add_f32 v19, v17, v18
109202922000: system.cpu3.CUs3.wavefronts00: Kernel 000 inst: 01004 v_cvt_f64_f32 v17, v25
109202930000: system.cpu3.CUs3.wavefronts00: Kernel 000 inst: 01008 v_cvt_f64_f32 v19, v19
109202938000: system.cpu3.CUs3.wavefronts00: Kernel 000 inst: 01012 v_fma_f64 v[19:20], v[17:18], -2, v[19:20]
109202939000: system.cpu3.CUs3.wavefronts00: Kernel 000 inst: 01020 ds_read_b32 v21, v7
109203029000: system.cpu3.CUs3.wavefronts00: Kernel 000 inst: 01028 s_waitcnt lgkmcnt(0)
109203349000: system.cpu3.CUs3.wavefronts00: Kernel 000 inst: 01032 v_cvt_f64_f32 v21, v21
109203353000: system.cpu3.CUs3.wavefronts00: Kernel 000 inst: 01036 v_add_f32 v23, v23, v24
109203357000: system.cpu3.CUs3.wavefronts00: Kernel 000 inst: 01040 v_cvt_f64_f32 v23, v23
109203361000: system.cpu3.CUs3.wavefronts00: Kernel 000 inst: 01044 v_fma_f64 v[19:20], v[19:20], v[10:11], v[21:22]
109203365000: system.cpu3.CUs3.wavefronts00: Kernel 000 inst: 01052 v_fma_f64 v[21:22], v[17:18], -2, v[23:24]
109203369000: system.cpu3.CUs3.wavefronts00: Kernel 000 inst: 01060 v_fma_f64 v[19:20], v[21:22], v[14:15], v[19:20]
109203373000: system.cpu3.CUs3.wavefronts00: Kernel 000 inst: 01068 v_sub_f32 v21, 0x42a00000, v25
109203377000: system.cpu3.CUs3.wavefronts00: Kernel 000 inst: 01076 v_mul_f32 v21, v3, v21
109203381000: system.cpu3.CUs3.wavefronts00: Kernel 000 inst: 01080 v_cvt_f64_f32 v21, v21
109203385000: system.cpu3.CUs3.wavefronts00: Kernel 000 inst: 01084 v_add_f64 v[19:20], v[19:20], v[21:22]
109203389000: system.cpu3.CUs3.wavefronts00: Kernel 000 inst: 01092 v_fma_f64 v[17:18], v[19:20], v[5:6], v[17:18]
109203393000: system.cpu3.CUs3.wavefronts00: Kernel 000 inst: 01100 v_cvt_f32_f64 v17, v17
109203394000: system.cpu3.CUs3.wavefronts00: Kernel 000 inst: 01104 ds_write_b32 v16, v17
109203493000: system.cpu3.CUs3.wavefronts00: Kernel 000 inst: 01112 s_or_b64 exec, exec, s20
109203621000: system.cpu3.CUs3.wavefronts00: Kernel 000 inst: 01116 s_andn2_b64 s14, s14, exec
109203757000: system.cpu3.CUs3.wavefronts00: Kernel 000 inst: 01120 s_and_b64 s8, s8, exec
109203889000: system.cpu3.CUs3.wavefronts00: Kernel 000 inst: 01124 s_or_b64 s14, s14, s8
109204001000: system.cpu3.CUs3.wavefronts00: Kernel 000 inst: 01128 s_or_b64 exec, exec, s18
109204137000: system.cpu3.CUs3.wavefronts00: Kernel 000 inst: 01132 s_waitcnt lgkmcnt(0)
109204273000: system.cpu3.CUs3.wavefronts00: Kernel 000 inst: 01136 s_barrier
109204481000: system.cpu3.CUs3.wavefronts00: Kernel 000 inst: 01140 s_waitcnt lgkmcnt(0)
109204597000: system.cpu3.CUs3.wavefronts00: Kernel 000 inst: 01144 s_cmp_eq_u32 s13, s12
109204713000: system.cpu3.CUs3.wavefronts00: Kernel 000 inst: 01148 s_mov_b64 s8, -1
109204829000: system.cpu3.CUs3.wavefronts00: Kernel 000 inst: 01152 s_cbranch_scc1
109204945000: system.cpu3.CUs3.wavefronts00: Kernel 000 inst: 00868 s_add_i32 s12, s12, 1
109205081000: system.cpu3.CUs3.wavefronts00: Kernel 000 inst: 00872 s_and_b64 vcc_lo, exec, s8
109205193000: system.cpu3.CUs3.wavefronts00: Kernel 000 inst: 00876 s_cbranch_vccnz
109205325000: system.cpu3.CUs3.wavefronts00: Kernel 000 inst: 01188 s_and_saveexec_b64 s0, s14
109205461000: system.cpu3.CUs3.wavefronts00: Kernel 000 inst: 01192 s_cbranch_execz label_3c
109205462000: system.cpu3.CUs3.wavefronts00: Kernel 000 inst: 01196 v_lshlrev_b32 v0, 2, v0
109205466000: system.cpu3.CUs3.wavefronts00: Kernel 000 inst: 01200 v_lshlrev_b32 v1, 6, v1
109205470000: system.cpu3.CUs3.wavefronts00: Kernel 000 inst: 01204 v_add_u32 v4, vcc, v1, v0
109205474000: system.cpu3.CUs3.wavefronts00: Kernel 000 inst: 01208 v_ashrrev_i32 v3, 31, v2
109205789000: system.cpu3.CUs3.wavefronts00: Kernel 000 inst: 01212 v_lshlrev_b64 v[0:1], 2, v[2:3]
109205793000: system.cpu3.CUs3.wavefronts00: Kernel 000 inst: 01220 v_mov_b32 v2, s11
109205797000: system.cpu3.CUs3.wavefronts00: Kernel 000 inst: 01224 v_add_u32 v0, vcc, s10, v0
109205801000: system.cpu3.CUs3.wavefronts00: Kernel 000 inst: 01228 v_addc_u32 v1, vcc, v2, v1, vcc
109205802000: system.cpu3.CUs3.wavefronts00: Kernel 000 inst: 01232 ds_read_b32 v2, v4 offset:2048
109205933000: system.cpu3.CUs3.wavefronts00: Kernel 000 inst: 01240 s_waitcnt lgkmcnt(0)
109205935000: system.cpu3.CUs3.wavefronts00: Kernel 000 inst: 01244 flat_store_dword v[0:1], v2
109207477000: system.cpu3.CUs3.wavefronts00: Kernel 000 inst: 01252 s_endpgm
109211515000: system.cpu0.workload.drivers0.device.dispatcher: -----------------------------------------------------------
109211515000: system.cpu0.workload.drivers0.device.dispatcher: | Kernel ID 0    start address 0x7fff5e777000             |
109211515000: system.cpu0.workload.drivers0.device.dispatcher: -----------------------------------------------------------
109211515000: system.cpu0.workload.drivers0.device.dispatcher: |         | Kernel | Start | End   | Count | Latency      |
109211515000: system.cpu0.workload.drivers0.device.dispatcher: -----------------------------------------------------------
109211515000: system.cpu0.workload.drivers0.device.dispatcher: | Measure | 0      | 876   | 1192  | 1     | 292000       |
109211515000: system.cpu0.workload.drivers0.device.dispatcher: | Measure | 0      | 876   | 892   | 1     | 432000       |
109211515000: system.cpu0.workload.drivers0.device.dispatcher: | Measure | 0      | 208   | 228   | 1     | 10173000     |
109211515000: system.cpu0.workload.drivers0.device.dispatcher: | Measure | 0      | 128   | 208   | 1     | 9853000      |
109211515000: system.cpu0.workload.drivers0.device.dispatcher: | Measure | 0      | 228   | 840   | 1     | 8609000      |
109211515000: system.cpu0.workload.drivers0.device.dispatcher: | Measure | 0      | 1112  | 1128  | 2     | 576000       |
109211515000: system.cpu0.workload.drivers0.device.dispatcher: | Measure | 0      | 840   | 892   | 1     | 468000       |
109211515000: system.cpu0.workload.drivers0.device.dispatcher: | Measure | 0      | 892   | 948   | 2     | 1444000      |
109211515000: system.cpu0.workload.drivers0.device.dispatcher: | Measure | 0      | 1152  | 876   | 1     | 432000       |
109211515000: system.cpu0.workload.drivers0.device.dispatcher: | Measure | 0      | 1152  | 1160  | 1     | 288000       |
109211515000: system.cpu0.workload.drivers0.device.dispatcher: | Measure | 0      | 948   | 1112  | 2     | 1408000      |
109211515000: system.cpu0.workload.drivers0.device.dispatcher: | Measure | 0      | 1192  | 1252  | 1     | 2845000      |
109211515000: system.cpu0.workload.drivers0.device.dispatcher: | Measure | 0      | 844   | 876   | 1     | 1544000      |
109211515000: system.cpu0.workload.drivers0.device.dispatcher: | Measure | 0      | 1128  | 1152  | 2     | 2232000      |
109211515000: system.cpu0.workload.drivers0.device.dispatcher: | Measure | 0      | 0     | 128   | 1     | 4600999      |
109211515000: system.cpu0.workload.drivers0.device.dispatcher: | Measure | 0      | 1160  | 844   | 0     | 148000       |
109211515000: system.cpu0.workload.drivers0.device.dispatcher: | Measure | 0      | 1160  | 1184  | 1     | 788000       |
109211515000: system.cpu0.workload.drivers0.device.dispatcher: | Measure | 0      | 1184  | 844   | 1     | 148000       |
109211515000: system.cpu0.workload.drivers0.device.dispatcher: -----------------------------------------------------------
109211515000: system.cpu0.workload.drivers0.device.dispatcher: | ~ 0 ~ Total Kernel Time ~ 30833999                      |
109211515000: system.cpu0.workload.drivers0.device.dispatcher: -----------------------------------------------------------
PASSED!
Ticks: 135764489500
Exiting because  exiting with last active thread context

Time elapsed: 3m9.275s