Global frequency set at 1000000000000 ticks per second
src/mem/dram_interface.cc:690: warn: DRAM device capacity (8192 Mbytes) does not match the address range assigned (512 Mbytes)
src/base/statistics.hh:279: warn: One of the stats is a legacy stat. Legacy stat is a stat that does not belong to any statistics::Group. Legacy stat is deprecated.
src/base/stats/storage.hh:278: warn: Bucket size (5) does not divide range [1:75] into equal-sized buckets. Rounding up.
src/base/stats/storage.hh:278: warn: Bucket size (2) does not divide range [1:10] into equal-sized buckets. Rounding up.
src/base/stats/storage.hh:278: warn: Bucket size (2) does not divide range [1:64] into equal-sized buckets. Rounding up.
src/base/stats/storage.hh:278: warn: Bucket size (10000) does not divide range [1:1e+06] into equal-sized buckets. Rounding up.
src/base/stats/storage.hh:278: warn: Bucket size (5) does not divide range [1:75] into equal-sized buckets. Rounding up.
src/base/stats/storage.hh:278: warn: Bucket size (2) does not divide range [1:10] into equal-sized buckets. Rounding up.
src/base/stats/storage.hh:278: warn: Bucket size (2) does not divide range [1:64] into equal-sized buckets. Rounding up.
src/base/stats/storage.hh:278: warn: Bucket size (10000) does not divide range [1:1e+06] into equal-sized buckets. Rounding up.
src/base/stats/storage.hh:278: warn: Bucket size (5) does not divide range [1:75] into equal-sized buckets. Rounding up.
src/base/stats/storage.hh:278: warn: Bucket size (2) does not divide range [1:10] into equal-sized buckets. Rounding up.
src/base/stats/storage.hh:278: warn: Bucket size (2) does not divide range [1:64] into equal-sized buckets. Rounding up.
src/base/stats/storage.hh:278: warn: Bucket size (10000) does not divide range [1:1e+06] into equal-sized buckets. Rounding up.
src/base/stats/storage.hh:278: warn: Bucket size (5) does not divide range [1:75] into equal-sized buckets. Rounding up.
src/base/stats/storage.hh:278: warn: Bucket size (2) does not divide range [1:10] into equal-sized buckets. Rounding up.
src/base/stats/storage.hh:278: warn: Bucket size (2) does not divide range [1:64] into equal-sized buckets. Rounding up.
src/base/stats/storage.hh:278: warn: Bucket size (10000) does not divide range [1:1e+06] into equal-sized buckets. Rounding up.
src/base/stats/storage.hh:278: warn: Bucket size (10000) does not divide range [1:1.6e+06] into equal-sized buckets. Rounding up.
src/base/stats/storage.hh:278: warn: Bucket size (10000) does not divide range [1:1.6e+06] into equal-sized buckets. Rounding up.
src/base/stats/storage.hh:278: warn: Bucket size (10000) does not divide range [1:1.6e+06] into equal-sized buckets. Rounding up.
src/base/stats/storage.hh:278: warn: Bucket size (10000) does not divide range [1:1.6e+06] into equal-sized buckets. Rounding up.
src/base/stats/storage.hh:278: warn: Bucket size (10000) does not divide range [1:1.6e+06] into equal-sized buckets. Rounding up.
src/base/stats/storage.hh:278: warn: Bucket size (10000) does not divide range [1:1.6e+06] into equal-sized buckets. Rounding up.
src/base/stats/storage.hh:278: warn: Bucket size (10000) does not divide range [1:1.6e+06] into equal-sized buckets. Rounding up.
src/base/statistics.hh:279: warn: One of the stats is a legacy stat. Legacy stat is a stat that does not belong to any statistics::Group. Legacy stat is deprecated.
src/base/stats/storage.hh:278: warn: Bucket size (10000) does not divide range [1:1.6e+06] into equal-sized buckets. Rounding up.
src/base/stats/storage.hh:278: warn: Bucket size (10000) does not divide range [1:1.6e+06] into equal-sized buckets. Rounding up.
src/base/stats/storage.hh:278: warn: Bucket size (10000) does not divide range [1:1.6e+06] into equal-sized buckets. Rounding up.
src/base/stats/storage.hh:278: warn: Bucket size (10000) does not divide range [1:1.6e+06] into equal-sized buckets. Rounding up.
src/base/stats/storage.hh:278: warn: Bucket size (10000) does not divide range [1:1.6e+06] into equal-sized buckets. Rounding up.
src/base/stats/storage.hh:278: warn: Bucket size (10000) does not divide range [1:1.6e+06] into equal-sized buckets. Rounding up.
src/base/stats/storage.hh:278: warn: Bucket size (10000) does not divide range [1:1.6e+06] into equal-sized buckets. Rounding up.
src/base/stats/storage.hh:278: warn: Bucket size (10000) does not divide range [1:1.6e+06] into equal-sized buckets. Rounding up.
src/base/stats/storage.hh:278: warn: Bucket size (10000) does not divide range [1:1.6e+06] into equal-sized buckets. Rounding up.
src/base/stats/storage.hh:278: warn: Bucket size (10000) does not divide range [1:1.6e+06] into equal-sized buckets. Rounding up.
src/base/stats/storage.hh:278: warn: Bucket size (10000) does not divide range [1:1.6e+06] into equal-sized buckets. Rounding up.
src/base/stats/storage.hh:278: warn: Bucket size (10000) does not divide range [1:1.6e+06] into equal-sized buckets. Rounding up.
src/base/stats/storage.hh:278: warn: Bucket size (10000) does not divide range [1:1.6e+06] into equal-sized buckets. Rounding up.
src/base/stats/storage.hh:278: warn: Bucket size (10000) does not divide range [1:1.6e+06] into equal-sized buckets. Rounding up.
src/base/stats/storage.hh:278: warn: Bucket size (10000) does not divide range [1:1.6e+06] into equal-sized buckets. Rounding up.
src/base/stats/storage.hh:278: warn: Bucket size (10000) does not divide range [1:1.6e+06] into equal-sized buckets. Rounding up.
src/base/stats/storage.hh:278: warn: Bucket size (10000) does not divide range [1:1.6e+06] into equal-sized buckets. Rounding up.
src/base/stats/storage.hh:278: warn: Bucket size (10000) does not divide range [1:1.6e+06] into equal-sized buckets. Rounding up.
src/base/stats/storage.hh:278: warn: Bucket size (10000) does not divide range [1:1.6e+06] into equal-sized buckets. Rounding up.
src/base/stats/storage.hh:278: warn: Bucket size (10000) does not divide range [1:1.6e+06] into equal-sized buckets. Rounding up.
src/base/stats/storage.hh:278: warn: Bucket size (10000) does not divide range [1:1.6e+06] into equal-sized buckets. Rounding up.
src/base/stats/storage.hh:278: warn: Bucket size (10000) does not divide range [1:1.6e+06] into equal-sized buckets. Rounding up.
src/base/stats/storage.hh:278: warn: Bucket size (10000) does not divide range [1:1.6e+06] into equal-sized buckets. Rounding up.
src/base/stats/storage.hh:278: warn: Bucket size (10000) does not divide range [1:1.6e+06] into equal-sized buckets. Rounding up.
src/base/stats/storage.hh:278: warn: Bucket size (10000) does not divide range [1:1.6e+06] into equal-sized buckets. Rounding up.
src/base/stats/storage.hh:278: warn: Bucket size (10000) does not divide range [1:1.6e+06] into equal-sized buckets. Rounding up.
src/base/stats/storage.hh:278: warn: Bucket size (10000) does not divide range [1:1.6e+06] into equal-sized buckets. Rounding up.
src/base/stats/storage.hh:278: warn: Bucket size (10000) does not divide range [1:1.6e+06] into equal-sized buckets. Rounding up.
src/base/stats/storage.hh:278: warn: Bucket size (10000) does not divide range [1:1.6e+06] into equal-sized buckets. Rounding up.
src/base/stats/storage.hh:278: warn: Bucket size (10000) does not divide range [1:1.6e+06] into equal-sized buckets. Rounding up.
src/base/stats/storage.hh:278: warn: Bucket size (10000) does not divide range [1:1.6e+06] into equal-sized buckets. Rounding up.
src/base/stats/storage.hh:278: warn: Bucket size (10000) does not divide range [1:1.6e+06] into equal-sized buckets. Rounding up.
src/base/stats/storage.hh:278: warn: Bucket size (10000) does not divide range [1:1.6e+06] into equal-sized buckets. Rounding up.
src/base/stats/storage.hh:278: warn: Bucket size (10000) does not divide range [1:1.6e+06] into equal-sized buckets. Rounding up.
src/base/stats/storage.hh:278: warn: Bucket size (10000) does not divide range [1:1.6e+06] into equal-sized buckets. Rounding up.
src/base/stats/storage.hh:278: warn: Bucket size (10000) does not divide range [1:1.6e+06] into equal-sized buckets. Rounding up.
src/base/stats/storage.hh:278: warn: Bucket size (10000) does not divide range [1:1.6e+06] into equal-sized buckets. Rounding up.
src/base/stats/storage.hh:278: warn: Bucket size (10000) does not divide range [1:1.6e+06] into equal-sized buckets. Rounding up.
src/base/stats/storage.hh:278: warn: Bucket size (10000) does not divide range [1:1.6e+06] into equal-sized buckets. Rounding up.
src/base/stats/storage.hh:278: warn: Bucket size (10000) does not divide range [1:1.6e+06] into equal-sized buckets. Rounding up.
src/base/stats/storage.hh:278: warn: Bucket size (10000) does not divide range [1:1.6e+06] into equal-sized buckets. Rounding up.
src/base/stats/storage.hh:278: warn: Bucket size (10000) does not divide range [1:1.6e+06] into equal-sized buckets. Rounding up.
src/base/stats/storage.hh:278: warn: Bucket size (10000) does not divide range [1:1.6e+06] into equal-sized buckets. Rounding up.
src/base/stats/storage.hh:278: warn: Bucket size (10000) does not divide range [1:1.6e+06] into equal-sized buckets. Rounding up.
src/base/stats/storage.hh:278: warn: Bucket size (10000) does not divide range [1:1.6e+06] into equal-sized buckets. Rounding up.
src/base/stats/storage.hh:278: warn: Bucket size (10000) does not divide range [1:1.6e+06] into equal-sized buckets. Rounding up.
src/base/stats/storage.hh:278: warn: Bucket size (10000) does not divide range [1:1.6e+06] into equal-sized buckets. Rounding up.
src/base/stats/storage.hh:278: warn: Bucket size (10000) does not divide range [1:1.6e+06] into equal-sized buckets. Rounding up.
src/base/stats/storage.hh:278: warn: Bucket size (10000) does not divide range [1:1.6e+06] into equal-sized buckets. Rounding up.
src/base/stats/storage.hh:278: warn: Bucket size (10000) does not divide range [1:1.6e+06] into equal-sized buckets. Rounding up.
src/base/stats/storage.hh:278: warn: Bucket size (10000) does not divide range [1:1.6e+06] into equal-sized buckets. Rounding up.
src/base/stats/storage.hh:278: warn: Bucket size (10000) does not divide range [1:1.6e+06] into equal-sized buckets. Rounding up.
src/base/stats/storage.hh:278: warn: Bucket size (10000) does not divide range [1:1.6e+06] into equal-sized buckets. Rounding up.
src/base/stats/storage.hh:278: warn: Bucket size (10000) does not divide range [1:1.6e+06] into equal-sized buckets. Rounding up.
src/base/stats/storage.hh:278: warn: Bucket size (10000) does not divide range [1:1.6e+06] into equal-sized buckets. Rounding up.
src/base/stats/storage.hh:278: warn: Bucket size (10000) does not divide range [1:1.6e+06] into equal-sized buckets. Rounding up.
src/base/stats/storage.hh:278: warn: Bucket size (10000) does not divide range [1:1.6e+06] into equal-sized buckets. Rounding up.
src/base/stats/storage.hh:278: warn: Bucket size (10000) does not divide range [1:1.6e+06] into equal-sized buckets. Rounding up.
src/base/stats/storage.hh:278: warn: Bucket size (10000) does not divide range [1:1.6e+06] into equal-sized buckets. Rounding up.
src/base/stats/storage.hh:278: warn: Bucket size (10000) does not divide range [1:1.6e+06] into equal-sized buckets. Rounding up.
src/base/stats/storage.hh:278: warn: Bucket size (10000) does not divide range [1:1.6e+06] into equal-sized buckets. Rounding up.
src/base/stats/storage.hh:278: warn: Bucket size (10000) does not divide range [1:1.6e+06] into equal-sized buckets. Rounding up.
src/base/stats/storage.hh:278: warn: Bucket size (10000) does not divide range [1:1.6e+06] into equal-sized buckets. Rounding up.
src/base/stats/storage.hh:278: warn: Bucket size (10000) does not divide range [1:1.6e+06] into equal-sized buckets. Rounding up.
Forcing maxCoalescedReqs to 32 (TLB assoc.) 
Forcing maxCoalescedReqs to 32 (TLB assoc.) 
Forcing maxCoalescedReqs to 32 (TLB assoc.) 
Forcing maxCoalescedReqs to 32 (TLB assoc.) 
Forcing maxCoalescedReqs to 32 (TLB assoc.) 
Forcing maxCoalescedReqs to 32 (TLB assoc.) 
src/base/statistics.hh:279: warn: One of the stats is a legacy stat. Legacy stat is a stat that does not belong to any statistics::Group. Legacy stat is deprecated.
Forcing maxCoalescedReqs to 32 (TLB assoc.) 
Forcing maxCoalescedReqs to 32 (TLB assoc.) 
system.remote_gdb: Listening for connections on port 7000
gem5 Simulator System.  https://www.gem5.org
gem5 is copyrighted software; use the --copyright option for details.

gem5 version 23.1.0.0
gem5 compiled Jun  3 2024 19:16:39
gem5 started Jun  4 2024 17:33:29
gem5 executing on 908dcad321bf, pid 96912
command line: /pws-gem5/build/GCN3_X86/gem5.opt --debug-flags=IPT,PWSDebug /pws-gem5/configs/example/apu_se.py -n 3 -c /hip-benchmarks/microbenchmarks/loop/loop -o ' -i 20'

Num SQC =  1 Num scalar caches =  1 Num CU =  4
warn: system.ruby.network adopting orphan SimObject param 'ext_links'
warn: system.ruby.network adopting orphan SimObject param 'int_links'
src/sim/simulate.cc:199: info: Entering event queue @ 0.  Starting simulation...
src/mem/ruby/system/Sequencer.cc:668: warn: Replacement policy updates recently became the responsibility of SLICC state machines. Make sure to setMRU() near callbacks in .sm files!
src/sim/mem_state.cc:448: info: Increasing stack size by one page.
src/base/loader/symtab.cc:95: warn: Cannot insert a new symbol table due to name collisions. Adding prefix to each symbol's name can resolve this issue.
src/base/loader/symtab.cc:95: warn: Cannot insert a new symbol table due to name collisions. Adding prefix to each symbol's name can resolve this issue.
src/base/loader/symtab.cc:95: warn: Cannot insert a new symbol table due to name collisions. Adding prefix to each symbol's name can resolve this issue.
src/base/loader/symtab.cc:95: warn: Cannot insert a new symbol table due to name collisions. Adding prefix to each symbol's name can resolve this issue.
src/sim/syscall_emul.cc:74: warn: ignoring syscall mprotect(...)
src/sim/syscall_emul.cc:74: warn: ignoring syscall mprotect(...)
src/base/loader/symtab.cc:95: warn: Cannot insert a new symbol table due to name collisions. Adding prefix to each symbol's name can resolve this issue.
src/sim/syscall_emul.cc:74: warn: ignoring syscall mprotect(...)
src/base/loader/symtab.cc:95: warn: Cannot insert a new symbol table due to name collisions. Adding prefix to each symbol's name can resolve this issue.
src/base/loader/symtab.cc:95: warn: Cannot insert a new symbol table due to name collisions. Adding prefix to each symbol's name can resolve this issue.
src/base/loader/symtab.cc:95: warn: Cannot insert a new symbol table due to name collisions. Adding prefix to each symbol's name can resolve this issue.
src/base/loader/symtab.cc:95: warn: Cannot insert a new symbol table due to name collisions. Adding prefix to each symbol's name can resolve this issue.
src/sim/syscall_emul.cc:74: warn: ignoring syscall mprotect(...)
src/base/loader/symtab.cc:95: warn: Cannot insert a new symbol table due to name collisions. Adding prefix to each symbol's name can resolve this issue.
src/base/loader/symtab.cc:95: warn: Cannot insert a new symbol table due to name collisions. Adding prefix to each symbol's name can resolve this issue.
src/sim/syscall_emul.cc:74: warn: ignoring syscall mprotect(...)
src/base/loader/symtab.cc:95: warn: Cannot insert a new symbol table due to name collisions. Adding prefix to each symbol's name can resolve this issue.
src/sim/syscall_emul.cc:74: warn: ignoring syscall mprotect(...)
src/sim/syscall_emul.cc:74: warn: ignoring syscall mprotect(...)
src/sim/syscall_emul.cc:74: warn: ignoring syscall mprotect(...)
src/sim/syscall_emul.cc:74: warn: ignoring syscall mprotect(...)
src/sim/syscall_emul.cc:74: warn: ignoring syscall mprotect(...)
src/sim/syscall_emul.cc:74: warn: ignoring syscall mprotect(...)
src/sim/syscall_emul.cc:74: warn: ignoring syscall mprotect(...)
src/sim/syscall_emul.cc:74: warn: ignoring syscall mprotect(...)
src/sim/syscall_emul.cc:74: warn: ignoring syscall mprotect(...)
src/sim/syscall_emul.cc:74: warn: ignoring syscall mprotect(...)
src/sim/syscall_emul.cc:74: warn: ignoring syscall mprotect(...)
src/sim/syscall_emul.cc:74: warn: ignoring syscall mprotect(...)
src/sim/syscall_emul.cc:74: warn: ignoring syscall mprotect(...)
src/sim/syscall_emul.cc:74: warn: ignoring syscall mprotect(...)
src/sim/syscall_emul.cc:74: warn: ignoring syscall mprotect(...)
src/sim/syscall_emul.cc:74: warn: ignoring syscall mprotect(...)
src/sim/syscall_emul.cc:74: warn: ignoring syscall mprotect(...)
src/sim/syscall_emul.cc:74: warn: ignoring syscall mprotect(...)
src/sim/syscall_emul.cc:74: warn: ignoring syscall mprotect(...)
src/sim/syscall_emul.cc:74: warn: ignoring syscall set_robust_list(...)
src/sim/syscall_emul.cc:85: warn: ignoring syscall rt_sigaction(...)
      (further warnings will be suppressed)
src/sim/syscall_emul.cc:85: warn: ignoring syscall rt_sigprocmask(...)
      (further warnings will be suppressed)
src/sim/syscall_emul.cc:74: warn: ignoring syscall get_mempolicy(...)
build/GCN3_X86/arch/x86/generated/exec-ns.cc.inc:27: warn: instruction 'frndint' unimplemented
src/gpu-compute/gpu_compute_driver.cc:710: warn: unimplemented ioctl: AMDKFD_IOC_ACQUIRE_VM
src/sim/syscall_emul.hh:1890: warn: mmap: writing to shared mmap region is currently unsupported. The write succeeds on the target, but it will not be propagated to the host or shared mappings
src/sim/mem_state.cc:448: info: Increasing stack size by one page.
src/gpu-compute/gpu_compute_driver.cc:460: warn: Signal events are only supported currently
src/sim/syscall_emul.cc:74: warn: ignoring syscall mprotect(...)
src/sim/power_state.cc:105: warn: PowerState: Already in the requested power state, request ignored
src/sim/syscall_emul.cc:74: warn: ignoring syscall set_robust_list(...)
src/sim/syscall_emul.cc:74: warn: ignoring syscall mprotect(...)
src/gpu-compute/gpu_compute_driver.cc:604: warn: unimplemented ioctl: AMDKFD_IOC_SET_SCRATCH_BACKING_VA
src/gpu-compute/gpu_compute_driver.cc:614: warn: unimplemented ioctl: AMDKFD_IOC_SET_TRAP_HANDLER
src/sim/syscall_emul.cc:74: warn: ignoring syscall mprotect(...)
src/sim/syscall_emul.cc:74: warn: ignoring syscall set_robust_list(...)
src/sim/syscall_emul.cc:74: warn: ignoring syscall mprotect(...)
src/sim/syscall_emul.cc:74: warn: ignoring syscall madvise(...)
src/sim/syscall_emul.cc:74: warn: ignoring syscall mprotect(...)
src/sim/syscall_emul.cc:74: warn: ignoring syscall sched_setaffinity(...)
src/sim/syscall_emul.cc:74: warn: ignoring syscall set_robust_list(...)
src/sim/syscall_emul.cc:85: warn: ignoring syscall sched_yield(...)
      (further warnings will be suppressed)
src/sim/syscall_emul.cc:74: warn: ignoring syscall mprotect(...)
src/sim/syscall_emul.cc:74: warn: ignoring syscall mprotect(...)
src/sim/syscall_emul.cc:74: warn: ignoring syscall mprotect(...)
src/sim/syscall_emul.cc:74: warn: ignoring syscall mprotect(...)
src/sim/syscall_emul.cc:74: warn: ignoring syscall mprotect(...)
src/sim/syscall_emul.cc:74: warn: ignoring syscall mprotect(...)
src/sim/syscall_emul.cc:74: warn: ignoring syscall mprotect(...)
src/sim/syscall_emul.cc:74: warn: ignoring syscall mprotect(...)
src/sim/syscall_emul.cc:74: warn: ignoring syscall mprotect(...)
src/sim/syscall_emul.cc:74: warn: ignoring syscall mprotect(...)
src/sim/syscall_emul.cc:74: warn: ignoring syscall mprotect(...)
src/sim/syscall_emul.cc:74: warn: ignoring syscall mprotect(...)
src/gpu-compute/gpu_command_processor.cc:528: warn: Ignoring vendor packet
79187178000: system.cpu3.CUs0.wavefronts00: Kernel 000 inst: 00000 s_load_dword s0, s[6:7], 0x08
79187179000: system.cpu3.CUs0.wavefronts00: Kernel 000 inst: 00008 s_waitcnt lgkmcnt(0)
79188526000: system.cpu3.CUs0.wavefronts00: Kernel 000 inst: 00012 s_cmp_eq_u32 s0, 0
79188530000: system.cpu3.CUs0.wavefronts00: Kernel 000 inst: 00016 s_cbranch_scc1
79188531000: system.cpu3.CUs0.wavefronts00: Kernel 000 inst: 00020 s_load_dword s1, s[4:5], 0x04
79188535000: system.cpu3.CUs0.wavefronts00: Kernel 000 inst: 00028 s_load_dwordx2 s[2:3], s[6:7], 0x00
79188536000: system.cpu3.CUs0.wavefronts00: Kernel 000 inst: 00036 s_waitcnt lgkmcnt(0)
79189879000: system.cpu3.CUs0.wavefronts00: Kernel 000 inst: 00040 s_and_b32 s1, s1, 0x0000ffff
79189883000: system.cpu3.CUs0.wavefronts00: Kernel 000 inst: 00048 s_mul_i32 s8, s8, s1
79189886000: system.cpu3.CUs0.wavefronts00: Kernel 000 inst: 00052 v_add_u32 v0, vcc, s8, v0
79189890000: system.cpu3.CUs0.wavefronts00: Kernel 000 inst: 00056 v_mov_b32 v1, s2
79189894000: system.cpu3.CUs0.wavefronts00: Kernel 000 inst: 00060 v_mov_b32 v2, s3
79189895000: system.cpu3.CUs0.wavefronts00: Kernel 000 inst: 00064 s_add_i32 s0, s0, -1
79189899000: system.cpu3.CUs0.wavefronts00: Kernel 000 inst: 00068 s_add_u32 s2, s2, 4
79189903000: system.cpu3.CUs0.wavefronts00: Kernel 000 inst: 00072 s_addc_u32 s3, s3, 0
79189907000: system.cpu3.CUs0.wavefronts00: Kernel 000 inst: 00076 s_cmp_eq_u32 s0, 0
79189908000: system.cpu3.CUs0.wavefronts00: Kernel 000 inst: 00080 flat_store_dword v[1:2], v0
79189911000: system.cpu3.CUs0.wavefronts00: Kernel 000 inst: 00088 s_cbranch_scc0
79189918000: system.cpu3.CUs0.wavefronts00: Kernel 000 inst: 00056 v_mov_b32 v1, s2
79189922000: system.cpu3.CUs0.wavefronts00: Kernel 000 inst: 00060 v_mov_b32 v2, s3
79189923000: system.cpu3.CUs0.wavefronts00: Kernel 000 inst: 00064 s_add_i32 s0, s0, -1
79189927000: system.cpu3.CUs0.wavefronts00: Kernel 000 inst: 00068 s_add_u32 s2, s2, 4
79189931000: system.cpu3.CUs0.wavefronts00: Kernel 000 inst: 00072 s_addc_u32 s3, s3, 0
79189935000: system.cpu3.CUs0.wavefronts00: Kernel 000 inst: 00076 s_cmp_eq_u32 s0, 0
79189936000: system.cpu3.CUs0.wavefronts00: Kernel 000 inst: 00080 flat_store_dword v[1:2], v0
79189939000: system.cpu3.CUs0.wavefronts00: Kernel 000 inst: 00088 s_cbranch_scc0
79189946000: system.cpu3.CUs0.wavefronts00: Kernel 000 inst: 00056 v_mov_b32 v1, s2
79189950000: system.cpu3.CUs0.wavefronts00: Kernel 000 inst: 00060 v_mov_b32 v2, s3
79189951000: system.cpu3.CUs0.wavefronts00: Kernel 000 inst: 00064 s_add_i32 s0, s0, -1
79189955000: system.cpu3.CUs0.wavefronts00: Kernel 000 inst: 00068 s_add_u32 s2, s2, 4
79189959000: system.cpu3.CUs0.wavefronts00: Kernel 000 inst: 00072 s_addc_u32 s3, s3, 0
79189963000: system.cpu3.CUs0.wavefronts00: Kernel 000 inst: 00076 s_cmp_eq_u32 s0, 0
79189964000: system.cpu3.CUs0.wavefronts00: Kernel 000 inst: 00080 flat_store_dword v[1:2], v0
79189967000: system.cpu3.CUs0.wavefronts00: Kernel 000 inst: 00088 s_cbranch_scc0
79189974000: system.cpu3.CUs0.wavefronts00: Kernel 000 inst: 00056 v_mov_b32 v1, s2
79189978000: system.cpu3.CUs0.wavefronts00: Kernel 000 inst: 00060 v_mov_b32 v2, s3
79189979000: system.cpu3.CUs0.wavefronts00: Kernel 000 inst: 00064 s_add_i32 s0, s0, -1
79189983000: system.cpu3.CUs0.wavefronts00: Kernel 000 inst: 00068 s_add_u32 s2, s2, 4
79189987000: system.cpu3.CUs0.wavefronts00: Kernel 000 inst: 00072 s_addc_u32 s3, s3, 0
79189991000: system.cpu3.CUs0.wavefronts00: Kernel 000 inst: 00076 s_cmp_eq_u32 s0, 0
79189992000: system.cpu3.CUs0.wavefronts00: Kernel 000 inst: 00080 flat_store_dword v[1:2], v0
79189995000: system.cpu3.CUs0.wavefronts00: Kernel 000 inst: 00088 s_cbranch_scc0
79190002000: system.cpu3.CUs0.wavefronts00: Kernel 000 inst: 00056 v_mov_b32 v1, s2
79190006000: system.cpu3.CUs0.wavefronts00: Kernel 000 inst: 00060 v_mov_b32 v2, s3
79190007000: system.cpu3.CUs0.wavefronts00: Kernel 000 inst: 00064 s_add_i32 s0, s0, -1
79190011000: system.cpu3.CUs0.wavefronts00: Kernel 000 inst: 00068 s_add_u32 s2, s2, 4
79190015000: system.cpu3.CUs0.wavefronts00: Kernel 000 inst: 00072 s_addc_u32 s3, s3, 0
79190019000: system.cpu3.CUs0.wavefronts00: Kernel 000 inst: 00076 s_cmp_eq_u32 s0, 0
79190936000: system.cpu3.CUs0.wavefronts00: Kernel 000 inst: 00080 flat_store_dword v[1:2], v0
79190937000: system.cpu3.CUs0.wavefronts00: Kernel 000 inst: 00088 s_cbranch_scc0
79190944000: system.cpu3.CUs0.wavefronts00: Kernel 000 inst: 00056 v_mov_b32 v1, s2
79190948000: system.cpu3.CUs0.wavefronts00: Kernel 000 inst: 00060 v_mov_b32 v2, s3
79190949000: system.cpu3.CUs0.wavefronts00: Kernel 000 inst: 00064 s_add_i32 s0, s0, -1
79190953000: system.cpu3.CUs0.wavefronts00: Kernel 000 inst: 00068 s_add_u32 s2, s2, 4
79190957000: system.cpu3.CUs0.wavefronts00: Kernel 000 inst: 00072 s_addc_u32 s3, s3, 0
79190961000: system.cpu3.CUs0.wavefronts00: Kernel 000 inst: 00076 s_cmp_eq_u32 s0, 0
79190962000: system.cpu3.CUs0.wavefronts00: Kernel 000 inst: 00080 flat_store_dword v[1:2], v0
79190965000: system.cpu3.CUs0.wavefronts00: Kernel 000 inst: 00088 s_cbranch_scc0
79190972000: system.cpu3.CUs0.wavefronts00: Kernel 000 inst: 00056 v_mov_b32 v1, s2
79190976000: system.cpu3.CUs0.wavefronts00: Kernel 000 inst: 00060 v_mov_b32 v2, s3
79190977000: system.cpu3.CUs0.wavefronts00: Kernel 000 inst: 00064 s_add_i32 s0, s0, -1
79190981000: system.cpu3.CUs0.wavefronts00: Kernel 000 inst: 00068 s_add_u32 s2, s2, 4
79190985000: system.cpu3.CUs0.wavefronts00: Kernel 000 inst: 00072 s_addc_u32 s3, s3, 0
79190989000: system.cpu3.CUs0.wavefronts00: Kernel 000 inst: 00076 s_cmp_eq_u32 s0, 0
79190990000: system.cpu3.CUs0.wavefronts00: Kernel 000 inst: 00080 flat_store_dword v[1:2], v0
79190993000: system.cpu3.CUs0.wavefronts00: Kernel 000 inst: 00088 s_cbranch_scc0
79191000000: system.cpu3.CUs0.wavefronts00: Kernel 000 inst: 00056 v_mov_b32 v1, s2
79191004000: system.cpu3.CUs0.wavefronts00: Kernel 000 inst: 00060 v_mov_b32 v2, s3
79191005000: system.cpu3.CUs0.wavefronts00: Kernel 000 inst: 00064 s_add_i32 s0, s0, -1
79191009000: system.cpu3.CUs0.wavefronts00: Kernel 000 inst: 00068 s_add_u32 s2, s2, 4
79191013000: system.cpu3.CUs0.wavefronts00: Kernel 000 inst: 00072 s_addc_u32 s3, s3, 0
79191017000: system.cpu3.CUs0.wavefronts00: Kernel 000 inst: 00076 s_cmp_eq_u32 s0, 0
79191018000: system.cpu3.CUs0.wavefronts00: Kernel 000 inst: 00080 flat_store_dword v[1:2], v0
79191021000: system.cpu3.CUs0.wavefronts00: Kernel 000 inst: 00088 s_cbranch_scc0
79191028000: system.cpu3.CUs0.wavefronts00: Kernel 000 inst: 00056 v_mov_b32 v1, s2
79191032000: system.cpu3.CUs0.wavefronts00: Kernel 000 inst: 00060 v_mov_b32 v2, s3
79191033000: system.cpu3.CUs0.wavefronts00: Kernel 000 inst: 00064 s_add_i32 s0, s0, -1
79191037000: system.cpu3.CUs0.wavefronts00: Kernel 000 inst: 00068 s_add_u32 s2, s2, 4
79191041000: system.cpu3.CUs0.wavefronts00: Kernel 000 inst: 00072 s_addc_u32 s3, s3, 0
79191045000: system.cpu3.CUs0.wavefronts00: Kernel 000 inst: 00076 s_cmp_eq_u32 s0, 0
79191046000: system.cpu3.CUs0.wavefronts00: Kernel 000 inst: 00080 flat_store_dword v[1:2], v0
79191049000: system.cpu3.CUs0.wavefronts00: Kernel 000 inst: 00088 s_cbranch_scc0
79191056000: system.cpu3.CUs0.wavefronts00: Kernel 000 inst: 00056 v_mov_b32 v1, s2
79191060000: system.cpu3.CUs0.wavefronts00: Kernel 000 inst: 00060 v_mov_b32 v2, s3
79191061000: system.cpu3.CUs0.wavefronts00: Kernel 000 inst: 00064 s_add_i32 s0, s0, -1
79191065000: system.cpu3.CUs0.wavefronts00: Kernel 000 inst: 00068 s_add_u32 s2, s2, 4
79191069000: system.cpu3.CUs0.wavefronts00: Kernel 000 inst: 00072 s_addc_u32 s3, s3, 0
79191073000: system.cpu3.CUs0.wavefronts00: Kernel 000 inst: 00076 s_cmp_eq_u32 s0, 0
79191074000: system.cpu3.CUs0.wavefronts00: Kernel 000 inst: 00080 flat_store_dword v[1:2], v0
79191077000: system.cpu3.CUs0.wavefronts00: Kernel 000 inst: 00088 s_cbranch_scc0
79191084000: system.cpu3.CUs0.wavefronts00: Kernel 000 inst: 00056 v_mov_b32 v1, s2
79191088000: system.cpu3.CUs0.wavefronts00: Kernel 000 inst: 00060 v_mov_b32 v2, s3
79191089000: system.cpu3.CUs0.wavefronts00: Kernel 000 inst: 00064 s_add_i32 s0, s0, -1
79191093000: system.cpu3.CUs0.wavefronts00: Kernel 000 inst: 00068 s_add_u32 s2, s2, 4
79191097000: system.cpu3.CUs0.wavefronts00: Kernel 000 inst: 00072 s_addc_u32 s3, s3, 0
79191101000: system.cpu3.CUs0.wavefronts00: Kernel 000 inst: 00076 s_cmp_eq_u32 s0, 0
79191102000: system.cpu3.CUs0.wavefronts00: Kernel 000 inst: 00080 flat_store_dword v[1:2], v0
79191105000: system.cpu3.CUs0.wavefronts00: Kernel 000 inst: 00088 s_cbranch_scc0
79191112000: system.cpu3.CUs0.wavefronts00: Kernel 000 inst: 00056 v_mov_b32 v1, s2
79191116000: system.cpu3.CUs0.wavefronts00: Kernel 000 inst: 00060 v_mov_b32 v2, s3
79191117000: system.cpu3.CUs0.wavefronts00: Kernel 000 inst: 00064 s_add_i32 s0, s0, -1
79191121000: system.cpu3.CUs0.wavefronts00: Kernel 000 inst: 00068 s_add_u32 s2, s2, 4
79191125000: system.cpu3.CUs0.wavefronts00: Kernel 000 inst: 00072 s_addc_u32 s3, s3, 0
79191129000: system.cpu3.CUs0.wavefronts00: Kernel 000 inst: 00076 s_cmp_eq_u32 s0, 0
79191130000: system.cpu3.CUs0.wavefronts00: Kernel 000 inst: 00080 flat_store_dword v[1:2], v0
79191133000: system.cpu3.CUs0.wavefronts00: Kernel 000 inst: 00088 s_cbranch_scc0
79191140000: system.cpu3.CUs0.wavefronts00: Kernel 000 inst: 00056 v_mov_b32 v1, s2
79191144000: system.cpu3.CUs0.wavefronts00: Kernel 000 inst: 00060 v_mov_b32 v2, s3
79191145000: system.cpu3.CUs0.wavefronts00: Kernel 000 inst: 00064 s_add_i32 s0, s0, -1
79191149000: system.cpu3.CUs0.wavefronts00: Kernel 000 inst: 00068 s_add_u32 s2, s2, 4
79191153000: system.cpu3.CUs0.wavefronts00: Kernel 000 inst: 00072 s_addc_u32 s3, s3, 0
79191157000: system.cpu3.CUs0.wavefronts00: Kernel 000 inst: 00076 s_cmp_eq_u32 s0, 0
79191158000: system.cpu3.CUs0.wavefronts00: Kernel 000 inst: 00080 flat_store_dword v[1:2], v0
79191161000: system.cpu3.CUs0.wavefronts00: Kernel 000 inst: 00088 s_cbranch_scc0
79191168000: system.cpu3.CUs0.wavefronts00: Kernel 000 inst: 00056 v_mov_b32 v1, s2
79191172000: system.cpu3.CUs0.wavefronts00: Kernel 000 inst: 00060 v_mov_b32 v2, s3
79191173000: system.cpu3.CUs0.wavefronts00: Kernel 000 inst: 00064 s_add_i32 s0, s0, -1
79191177000: system.cpu3.CUs0.wavefronts00: Kernel 000 inst: 00068 s_add_u32 s2, s2, 4
79191181000: system.cpu3.CUs0.wavefronts00: Kernel 000 inst: 00072 s_addc_u32 s3, s3, 0
79191185000: system.cpu3.CUs0.wavefronts00: Kernel 000 inst: 00076 s_cmp_eq_u32 s0, 0
79191186000: system.cpu3.CUs0.wavefronts00: Kernel 000 inst: 00080 flat_store_dword v[1:2], v0
79191189000: system.cpu3.CUs0.wavefronts00: Kernel 000 inst: 00088 s_cbranch_scc0
79191196000: system.cpu3.CUs0.wavefronts00: Kernel 000 inst: 00056 v_mov_b32 v1, s2
79191200000: system.cpu3.CUs0.wavefronts00: Kernel 000 inst: 00060 v_mov_b32 v2, s3
79191201000: system.cpu3.CUs0.wavefronts00: Kernel 000 inst: 00064 s_add_i32 s0, s0, -1
79191205000: system.cpu3.CUs0.wavefronts00: Kernel 000 inst: 00068 s_add_u32 s2, s2, 4
79191209000: system.cpu3.CUs0.wavefronts00: Kernel 000 inst: 00072 s_addc_u32 s3, s3, 0
79191213000: system.cpu3.CUs0.wavefronts00: Kernel 000 inst: 00076 s_cmp_eq_u32 s0, 0
79191214000: system.cpu3.CUs0.wavefronts00: Kernel 000 inst: 00080 flat_store_dword v[1:2], v0
79191217000: system.cpu3.CUs0.wavefronts00: Kernel 000 inst: 00088 s_cbranch_scc0
79191224000: system.cpu3.CUs0.wavefronts00: Kernel 000 inst: 00056 v_mov_b32 v1, s2
79191228000: system.cpu3.CUs0.wavefronts00: Kernel 000 inst: 00060 v_mov_b32 v2, s3
79191229000: system.cpu3.CUs0.wavefronts00: Kernel 000 inst: 00064 s_add_i32 s0, s0, -1
79191233000: system.cpu3.CUs0.wavefronts00: Kernel 000 inst: 00068 s_add_u32 s2, s2, 4
79191237000: system.cpu3.CUs0.wavefronts00: Kernel 000 inst: 00072 s_addc_u32 s3, s3, 0
79191241000: system.cpu3.CUs0.wavefronts00: Kernel 000 inst: 00076 s_cmp_eq_u32 s0, 0
79191242000: system.cpu3.CUs0.wavefronts00: Kernel 000 inst: 00080 flat_store_dword v[1:2], v0
79191245000: system.cpu3.CUs0.wavefronts00: Kernel 000 inst: 00088 s_cbranch_scc0
79191252000: system.cpu3.CUs0.wavefronts00: Kernel 000 inst: 00056 v_mov_b32 v1, s2
79191256000: system.cpu3.CUs0.wavefronts00: Kernel 000 inst: 00060 v_mov_b32 v2, s3
79191257000: system.cpu3.CUs0.wavefronts00: Kernel 000 inst: 00064 s_add_i32 s0, s0, -1
79191261000: system.cpu3.CUs0.wavefronts00: Kernel 000 inst: 00068 s_add_u32 s2, s2, 4
79191265000: system.cpu3.CUs0.wavefronts00: Kernel 000 inst: 00072 s_addc_u32 s3, s3, 0
79191269000: system.cpu3.CUs0.wavefronts00: Kernel 000 inst: 00076 s_cmp_eq_u32 s0, 0
79191270000: system.cpu3.CUs0.wavefronts00: Kernel 000 inst: 00080 flat_store_dword v[1:2], v0
79191273000: system.cpu3.CUs0.wavefronts00: Kernel 000 inst: 00088 s_cbranch_scc0
79191280000: system.cpu3.CUs0.wavefronts00: Kernel 000 inst: 00056 v_mov_b32 v1, s2
79191284000: system.cpu3.CUs0.wavefronts00: Kernel 000 inst: 00060 v_mov_b32 v2, s3
79191285000: system.cpu3.CUs0.wavefronts00: Kernel 000 inst: 00064 s_add_i32 s0, s0, -1
79191289000: system.cpu3.CUs0.wavefronts00: Kernel 000 inst: 00068 s_add_u32 s2, s2, 4
79191293000: system.cpu3.CUs0.wavefronts00: Kernel 000 inst: 00072 s_addc_u32 s3, s3, 0
79191297000: system.cpu3.CUs0.wavefronts00: Kernel 000 inst: 00076 s_cmp_eq_u32 s0, 0
79191298000: system.cpu3.CUs0.wavefronts00: Kernel 000 inst: 00080 flat_store_dword v[1:2], v0
79191301000: system.cpu3.CUs0.wavefronts00: Kernel 000 inst: 00088 s_cbranch_scc0
79191308000: system.cpu3.CUs0.wavefronts00: Kernel 000 inst: 00056 v_mov_b32 v1, s2
79191312000: system.cpu3.CUs0.wavefronts00: Kernel 000 inst: 00060 v_mov_b32 v2, s3
79191313000: system.cpu3.CUs0.wavefronts00: Kernel 000 inst: 00064 s_add_i32 s0, s0, -1
79191317000: system.cpu3.CUs0.wavefronts00: Kernel 000 inst: 00068 s_add_u32 s2, s2, 4
79191321000: system.cpu3.CUs0.wavefronts00: Kernel 000 inst: 00072 s_addc_u32 s3, s3, 0
79191325000: system.cpu3.CUs0.wavefronts00: Kernel 000 inst: 00076 s_cmp_eq_u32 s0, 0
79191326000: system.cpu3.CUs0.wavefronts00: Kernel 000 inst: 00080 flat_store_dword v[1:2], v0
79191329000: system.cpu3.CUs0.wavefronts00: Kernel 000 inst: 00088 s_cbranch_scc0
79191336000: system.cpu3.CUs0.wavefronts00: Kernel 000 inst: 00056 v_mov_b32 v1, s2
79191340000: system.cpu3.CUs0.wavefronts00: Kernel 000 inst: 00060 v_mov_b32 v2, s3
79191341000: system.cpu3.CUs0.wavefronts00: Kernel 000 inst: 00064 s_add_i32 s0, s0, -1
79191345000: system.cpu3.CUs0.wavefronts00: Kernel 000 inst: 00068 s_add_u32 s2, s2, 4
79191349000: system.cpu3.CUs0.wavefronts00: Kernel 000 inst: 00072 s_addc_u32 s3, s3, 0
79191353000: system.cpu3.CUs0.wavefronts00: Kernel 000 inst: 00076 s_cmp_eq_u32 s0, 0
79191354000: system.cpu3.CUs0.wavefronts00: Kernel 000 inst: 00080 flat_store_dword v[1:2], v0
79191357000: system.cpu3.CUs0.wavefronts00: Kernel 000 inst: 00088 s_cbranch_scc0
79192343000: system.cpu3.CUs0.wavefronts00: Kernel 000 inst: 00092 s_endpgm
79192343000: system.cpu0.workload.drivers0.device.dispatcher: -----------------------------------------------------------
79192343000: system.cpu0.workload.drivers0.device.dispatcher: | Kernel ID 0    start address 0x7fff5e782000             |
79192343000: system.cpu0.workload.drivers0.device.dispatcher: -----------------------------------------------------------
79192343000: system.cpu0.workload.drivers0.device.dispatcher: |         | Kernel | Start | End   | Count | Latency      |
79192343000: system.cpu0.workload.drivers0.device.dispatcher: -----------------------------------------------------------
79192343000: system.cpu0.workload.drivers0.device.dispatcher: | Measure | 0      | 88    | 92    | 1     | 986000       |
79192343000: system.cpu0.workload.drivers0.device.dispatcher: | Measure | 0      | 88    | 88    | 19    | 942000       |
79192343000: system.cpu0.workload.drivers0.device.dispatcher: | Measure | 0      | 16    | 88    | 1     | 1381000      |
79192343000: system.cpu0.workload.drivers0.device.dispatcher: | Measure | 0      | 0     | 16    | 1     | 2654999      |
79192343000: system.cpu0.workload.drivers0.device.dispatcher: -----------------------------------------------------------
79192343000: system.cpu0.workload.drivers0.device.dispatcher: | ~ 0 ~ Total Kernel Time ~ 6467999                       |
79192343000: system.cpu0.workload.drivers0.device.dispatcher: -----------------------------------------------------------
Kernel took 1.90619 milliseconds to complete.
PASSED!
Ticks: 82624910500
Exiting because  exiting with last active thread context

Time elapsed: 1m28.969s