Global frequency set at 1000000000000 ticks per second
src/mem/dram_interface.cc:690: warn: DRAM device capacity (8192 Mbytes) does not match the address range assigned (512 Mbytes)
src/base/statistics.hh:279: warn: One of the stats is a legacy stat. Legacy stat is a stat that does not belong to any statistics::Group. Legacy stat is deprecated.
src/base/stats/storage.hh:278: warn: Bucket size (5) does not divide range [1:75] into equal-sized buckets. Rounding up.
src/base/stats/storage.hh:278: warn: Bucket size (2) does not divide range [1:10] into equal-sized buckets. Rounding up.
src/base/stats/storage.hh:278: warn: Bucket size (2) does not divide range [1:64] into equal-sized buckets. Rounding up.
src/base/stats/storage.hh:278: warn: Bucket size (10000) does not divide range [1:1e+06] into equal-sized buckets. Rounding up.
src/base/stats/storage.hh:278: warn: Bucket size (5) does not divide range [1:75] into equal-sized buckets. Rounding up.
src/base/stats/storage.hh:278: warn: Bucket size (2) does not divide range [1:10] into equal-sized buckets. Rounding up.
src/base/stats/storage.hh:278: warn: Bucket size (2) does not divide range [1:64] into equal-sized buckets. Rounding up.
src/base/stats/storage.hh:278: warn: Bucket size (10000) does not divide range [1:1e+06] into equal-sized buckets. Rounding up.
src/base/stats/storage.hh:278: warn: Bucket size (5) does not divide range [1:75] into equal-sized buckets. Rounding up.
src/base/stats/storage.hh:278: warn: Bucket size (2) does not divide range [1:10] into equal-sized buckets. Rounding up.
src/base/stats/storage.hh:278: warn: Bucket size (2) does not divide range [1:64] into equal-sized buckets. Rounding up.
src/base/stats/storage.hh:278: warn: Bucket size (10000) does not divide range [1:1e+06] into equal-sized buckets. Rounding up.
src/base/stats/storage.hh:278: warn: Bucket size (5) does not divide range [1:75] into equal-sized buckets. Rounding up.
src/base/stats/storage.hh:278: warn: Bucket size (2) does not divide range [1:10] into equal-sized buckets. Rounding up.
src/base/stats/storage.hh:278: warn: Bucket size (2) does not divide range [1:64] into equal-sized buckets. Rounding up.
src/base/stats/storage.hh:278: warn: Bucket size (10000) does not divide range [1:1e+06] into equal-sized buckets. Rounding up.
src/base/stats/storage.hh:278: warn: Bucket size (10000) does not divide range [1:1.6e+06] into equal-sized buckets. Rounding up.
src/base/stats/storage.hh:278: warn: Bucket size (10000) does not divide range [1:1.6e+06] into equal-sized buckets. Rounding up.
src/base/stats/storage.hh:278: warn: Bucket size (10000) does not divide range [1:1.6e+06] into equal-sized buckets. Rounding up.
src/base/stats/storage.hh:278: warn: Bucket size (10000) does not divide range [1:1.6e+06] into equal-sized buckets. Rounding up.
src/base/stats/storage.hh:278: warn: Bucket size (10000) does not divide range [1:1.6e+06] into equal-sized buckets. Rounding up.
src/base/stats/storage.hh:278: warn: Bucket size (10000) does not divide range [1:1.6e+06] into equal-sized buckets. Rounding up.
src/base/stats/storage.hh:278: warn: Bucket size (10000) does not divide range [1:1.6e+06] into equal-sized buckets. Rounding up.
src/base/statistics.hh:279: warn: One of the stats is a legacy stat. Legacy stat is a stat that does not belong to any statistics::Group. Legacy stat is deprecated.
src/base/stats/storage.hh:278: warn: Bucket size (10000) does not divide range [1:1.6e+06] into equal-sized buckets. Rounding up.
src/base/stats/storage.hh:278: warn: Bucket size (10000) does not divide range [1:1.6e+06] into equal-sized buckets. Rounding up.
src/base/stats/storage.hh:278: warn: Bucket size (10000) does not divide range [1:1.6e+06] into equal-sized buckets. Rounding up.
src/base/stats/storage.hh:278: warn: Bucket size (10000) does not divide range [1:1.6e+06] into equal-sized buckets. Rounding up.
src/base/stats/storage.hh:278: warn: Bucket size (10000) does not divide range [1:1.6e+06] into equal-sized buckets. Rounding up.
src/base/stats/storage.hh:278: warn: Bucket size (10000) does not divide range [1:1.6e+06] into equal-sized buckets. Rounding up.
src/base/stats/storage.hh:278: warn: Bucket size (10000) does not divide range [1:1.6e+06] into equal-sized buckets. Rounding up.
src/base/stats/storage.hh:278: warn: Bucket size (10000) does not divide range [1:1.6e+06] into equal-sized buckets. Rounding up.
src/base/stats/storage.hh:278: warn: Bucket size (10000) does not divide range [1:1.6e+06] into equal-sized buckets. Rounding up.
src/base/stats/storage.hh:278: warn: Bucket size (10000) does not divide range [1:1.6e+06] into equal-sized buckets. Rounding up.
src/base/stats/storage.hh:278: warn: Bucket size (10000) does not divide range [1:1.6e+06] into equal-sized buckets. Rounding up.
src/base/stats/storage.hh:278: warn: Bucket size (10000) does not divide range [1:1.6e+06] into equal-sized buckets. Rounding up.
src/base/stats/storage.hh:278: warn: Bucket size (10000) does not divide range [1:1.6e+06] into equal-sized buckets. Rounding up.
src/base/stats/storage.hh:278: warn: Bucket size (10000) does not divide range [1:1.6e+06] into equal-sized buckets. Rounding up.
src/base/stats/storage.hh:278: warn: Bucket size (10000) does not divide range [1:1.6e+06] into equal-sized buckets. Rounding up.
src/base/stats/storage.hh:278: warn: Bucket size (10000) does not divide range [1:1.6e+06] into equal-sized buckets. Rounding up.
src/base/stats/storage.hh:278: warn: Bucket size (10000) does not divide range [1:1.6e+06] into equal-sized buckets. Rounding up.
src/base/stats/storage.hh:278: warn: Bucket size (10000) does not divide range [1:1.6e+06] into equal-sized buckets. Rounding up.
src/base/stats/storage.hh:278: warn: Bucket size (10000) does not divide range [1:1.6e+06] into equal-sized buckets. Rounding up.
src/base/stats/storage.hh:278: warn: Bucket size (10000) does not divide range [1:1.6e+06] into equal-sized buckets. Rounding up.
src/base/stats/storage.hh:278: warn: Bucket size (10000) does not divide range [1:1.6e+06] into equal-sized buckets. Rounding up.
src/base/stats/storage.hh:278: warn: Bucket size (10000) does not divide range [1:1.6e+06] into equal-sized buckets. Rounding up.
src/base/stats/storage.hh:278: warn: Bucket size (10000) does not divide range [1:1.6e+06] into equal-sized buckets. Rounding up.
src/base/stats/storage.hh:278: warn: Bucket size (10000) does not divide range [1:1.6e+06] into equal-sized buckets. Rounding up.
src/base/stats/storage.hh:278: warn: Bucket size (10000) does not divide range [1:1.6e+06] into equal-sized buckets. Rounding up.
src/base/stats/storage.hh:278: warn: Bucket size (10000) does not divide range [1:1.6e+06] into equal-sized buckets. Rounding up.
src/base/stats/storage.hh:278: warn: Bucket size (10000) does not divide range [1:1.6e+06] into equal-sized buckets. Rounding up.
src/base/stats/storage.hh:278: warn: Bucket size (10000) does not divide range [1:1.6e+06] into equal-sized buckets. Rounding up.
src/base/stats/storage.hh:278: warn: Bucket size (10000) does not divide range [1:1.6e+06] into equal-sized buckets. Rounding up.
src/base/stats/storage.hh:278: warn: Bucket size (10000) does not divide range [1:1.6e+06] into equal-sized buckets. Rounding up.
src/base/stats/storage.hh:278: warn: Bucket size (10000) does not divide range [1:1.6e+06] into equal-sized buckets. Rounding up.
src/base/stats/storage.hh:278: warn: Bucket size (10000) does not divide range [1:1.6e+06] into equal-sized buckets. Rounding up.
src/base/stats/storage.hh:278: warn: Bucket size (10000) does not divide range [1:1.6e+06] into equal-sized buckets. Rounding up.
src/base/stats/storage.hh:278: warn: Bucket size (10000) does not divide range [1:1.6e+06] into equal-sized buckets. Rounding up.
src/base/stats/storage.hh:278: warn: Bucket size (10000) does not divide range [1:1.6e+06] into equal-sized buckets. Rounding up.
src/base/stats/storage.hh:278: warn: Bucket size (10000) does not divide range [1:1.6e+06] into equal-sized buckets. Rounding up.
src/base/stats/storage.hh:278: warn: Bucket size (10000) does not divide range [1:1.6e+06] into equal-sized buckets. Rounding up.
src/base/stats/storage.hh:278: warn: Bucket size (10000) does not divide range [1:1.6e+06] into equal-sized buckets. Rounding up.
src/base/stats/storage.hh:278: warn: Bucket size (10000) does not divide range [1:1.6e+06] into equal-sized buckets. Rounding up.
src/base/stats/storage.hh:278: warn: Bucket size (10000) does not divide range [1:1.6e+06] into equal-sized buckets. Rounding up.
src/base/stats/storage.hh:278: warn: Bucket size (10000) does not divide range [1:1.6e+06] into equal-sized buckets. Rounding up.
src/base/stats/storage.hh:278: warn: Bucket size (10000) does not divide range [1:1.6e+06] into equal-sized buckets. Rounding up.
src/base/stats/storage.hh:278: warn: Bucket size (10000) does not divide range [1:1.6e+06] into equal-sized buckets. Rounding up.
src/base/stats/storage.hh:278: warn: Bucket size (10000) does not divide range [1:1.6e+06] into equal-sized buckets. Rounding up.
src/base/stats/storage.hh:278: warn: Bucket size (10000) does not divide range [1:1.6e+06] into equal-sized buckets. Rounding up.
src/base/stats/storage.hh:278: warn: Bucket size (10000) does not divide range [1:1.6e+06] into equal-sized buckets. Rounding up.
src/base/stats/storage.hh:278: warn: Bucket size (10000) does not divide range [1:1.6e+06] into equal-sized buckets. Rounding up.
src/base/stats/storage.hh:278: warn: Bucket size (10000) does not divide range [1:1.6e+06] into equal-sized buckets. Rounding up.
src/base/stats/storage.hh:278: warn: Bucket size (10000) does not divide range [1:1.6e+06] into equal-sized buckets. Rounding up.
src/base/stats/storage.hh:278: warn: Bucket size (10000) does not divide range [1:1.6e+06] into equal-sized buckets. Rounding up.
src/base/stats/storage.hh:278: warn: Bucket size (10000) does not divide range [1:1.6e+06] into equal-sized buckets. Rounding up.
src/base/stats/storage.hh:278: warn: Bucket size (10000) does not divide range [1:1.6e+06] into equal-sized buckets. Rounding up.
src/base/stats/storage.hh:278: warn: Bucket size (10000) does not divide range [1:1.6e+06] into equal-sized buckets. Rounding up.
src/base/stats/storage.hh:278: warn: Bucket size (10000) does not divide range [1:1.6e+06] into equal-sized buckets. Rounding up.
src/base/stats/storage.hh:278: warn: Bucket size (10000) does not divide range [1:1.6e+06] into equal-sized buckets. Rounding up.
src/base/stats/storage.hh:278: warn: Bucket size (10000) does not divide range [1:1.6e+06] into equal-sized buckets. Rounding up.
src/base/stats/storage.hh:278: warn: Bucket size (10000) does not divide range [1:1.6e+06] into equal-sized buckets. Rounding up.
src/base/stats/storage.hh:278: warn: Bucket size (10000) does not divide range [1:1.6e+06] into equal-sized buckets. Rounding up.
src/base/stats/storage.hh:278: warn: Bucket size (10000) does not divide range [1:1.6e+06] into equal-sized buckets. Rounding up.
src/base/stats/storage.hh:278: warn: Bucket size (10000) does not divide range [1:1.6e+06] into equal-sized buckets. Rounding up.
src/base/stats/storage.hh:278: warn: Bucket size (10000) does not divide range [1:1.6e+06] into equal-sized buckets. Rounding up.
src/base/stats/storage.hh:278: warn: Bucket size (10000) does not divide range [1:1.6e+06] into equal-sized buckets. Rounding up.
src/base/stats/storage.hh:278: warn: Bucket size (10000) does not divide range [1:1.6e+06] into equal-sized buckets. Rounding up.
src/base/stats/storage.hh:278: warn: Bucket size (10000) does not divide range [1:1.6e+06] into equal-sized buckets. Rounding up.
Forcing maxCoalescedReqs to 32 (TLB assoc.) 
Forcing maxCoalescedReqs to 32 (TLB assoc.) 
Forcing maxCoalescedReqs to 32 (TLB assoc.) 
Forcing maxCoalescedReqs to 32 (TLB assoc.) 
Forcing maxCoalescedReqs to 32 (TLB assoc.) 
Forcing maxCoalescedReqs to 32 (TLB assoc.) 
src/base/statistics.hh:279: warn: One of the stats is a legacy stat. Legacy stat is a stat that does not belong to any statistics::Group. Legacy stat is deprecated.
Forcing maxCoalescedReqs to 32 (TLB assoc.) 
Forcing maxCoalescedReqs to 32 (TLB assoc.) 
system.remote_gdb: Listening for connections on port 7000
gem5 Simulator System.  https://www.gem5.org
gem5 is copyrighted software; use the --copyright option for details.

gem5 version 23.1.0.0
gem5 compiled Jun  3 2024 19:16:39
gem5 started Jun  4 2024 17:36:31
gem5 executing on 908dcad321bf, pid 98508
command line: /pws-gem5/build/GCN3_X86/gem5.opt --debug-flags=IPT,PWSDebug /pws-gem5/configs/example/apu_se.py -n 3 -c /hip-benchmarks/rodinia_3.0/hip/myocyte/myocyte -o '100 1 0'

Num SQC =  1 Num scalar caches =  1 Num CU =  4
warn: system.ruby.network adopting orphan SimObject param 'ext_links'
warn: system.ruby.network adopting orphan SimObject param 'int_links'
src/sim/simulate.cc:199: info: Entering event queue @ 0.  Starting simulation...
src/mem/ruby/system/Sequencer.cc:668: warn: Replacement policy updates recently became the responsibility of SLICC state machines. Make sure to setMRU() near callbacks in .sm files!
src/sim/mem_state.cc:448: info: Increasing stack size by one page.
src/base/loader/symtab.cc:95: warn: Cannot insert a new symbol table due to name collisions. Adding prefix to each symbol's name can resolve this issue.
src/base/loader/symtab.cc:95: warn: Cannot insert a new symbol table due to name collisions. Adding prefix to each symbol's name can resolve this issue.
src/base/loader/symtab.cc:95: warn: Cannot insert a new symbol table due to name collisions. Adding prefix to each symbol's name can resolve this issue.
src/base/loader/symtab.cc:95: warn: Cannot insert a new symbol table due to name collisions. Adding prefix to each symbol's name can resolve this issue.
src/sim/syscall_emul.cc:74: warn: ignoring syscall mprotect(...)
src/sim/syscall_emul.cc:74: warn: ignoring syscall mprotect(...)
src/base/loader/symtab.cc:95: warn: Cannot insert a new symbol table due to name collisions. Adding prefix to each symbol's name can resolve this issue.
src/sim/syscall_emul.cc:74: warn: ignoring syscall mprotect(...)
src/base/loader/symtab.cc:95: warn: Cannot insert a new symbol table due to name collisions. Adding prefix to each symbol's name can resolve this issue.
src/base/loader/symtab.cc:95: warn: Cannot insert a new symbol table due to name collisions. Adding prefix to each symbol's name can resolve this issue.
src/base/loader/symtab.cc:95: warn: Cannot insert a new symbol table due to name collisions. Adding prefix to each symbol's name can resolve this issue.
src/base/loader/symtab.cc:95: warn: Cannot insert a new symbol table due to name collisions. Adding prefix to each symbol's name can resolve this issue.
src/sim/syscall_emul.cc:74: warn: ignoring syscall mprotect(...)
src/base/loader/symtab.cc:95: warn: Cannot insert a new symbol table due to name collisions. Adding prefix to each symbol's name can resolve this issue.
src/base/loader/symtab.cc:95: warn: Cannot insert a new symbol table due to name collisions. Adding prefix to each symbol's name can resolve this issue.
src/sim/syscall_emul.cc:74: warn: ignoring syscall mprotect(...)
src/base/loader/symtab.cc:95: warn: Cannot insert a new symbol table due to name collisions. Adding prefix to each symbol's name can resolve this issue.
src/sim/syscall_emul.cc:74: warn: ignoring syscall mprotect(...)
src/sim/syscall_emul.cc:74: warn: ignoring syscall mprotect(...)
src/sim/syscall_emul.cc:74: warn: ignoring syscall mprotect(...)
src/sim/syscall_emul.cc:74: warn: ignoring syscall mprotect(...)
src/sim/syscall_emul.cc:74: warn: ignoring syscall mprotect(...)
src/sim/syscall_emul.cc:74: warn: ignoring syscall mprotect(...)
src/sim/syscall_emul.cc:74: warn: ignoring syscall mprotect(...)
src/sim/syscall_emul.cc:74: warn: ignoring syscall mprotect(...)
src/sim/syscall_emul.cc:74: warn: ignoring syscall mprotect(...)
src/sim/syscall_emul.cc:74: warn: ignoring syscall mprotect(...)
src/sim/syscall_emul.cc:74: warn: ignoring syscall mprotect(...)
src/sim/syscall_emul.cc:74: warn: ignoring syscall mprotect(...)
src/sim/syscall_emul.cc:74: warn: ignoring syscall mprotect(...)
src/sim/syscall_emul.cc:74: warn: ignoring syscall mprotect(...)
src/sim/syscall_emul.cc:74: warn: ignoring syscall mprotect(...)
src/sim/syscall_emul.cc:74: warn: ignoring syscall mprotect(...)
src/sim/syscall_emul.cc:74: warn: ignoring syscall mprotect(...)
src/sim/syscall_emul.cc:74: warn: ignoring syscall mprotect(...)
src/sim/syscall_emul.cc:74: warn: ignoring syscall mprotect(...)
src/sim/syscall_emul.cc:74: warn: ignoring syscall set_robust_list(...)
src/sim/syscall_emul.cc:85: warn: ignoring syscall rt_sigaction(...)
      (further warnings will be suppressed)
src/sim/syscall_emul.cc:85: warn: ignoring syscall rt_sigprocmask(...)
      (further warnings will be suppressed)
src/sim/syscall_emul.cc:74: warn: ignoring syscall get_mempolicy(...)
build/GCN3_X86/arch/x86/generated/exec-ns.cc.inc:27: warn: instruction 'frndint' unimplemented
src/gpu-compute/gpu_compute_driver.cc:710: warn: unimplemented ioctl: AMDKFD_IOC_ACQUIRE_VM
src/sim/syscall_emul.hh:1890: warn: mmap: writing to shared mmap region is currently unsupported. The write succeeds on the target, but it will not be propagated to the host or shared mappings
src/sim/mem_state.cc:448: info: Increasing stack size by one page.
src/gpu-compute/gpu_compute_driver.cc:460: warn: Signal events are only supported currently
src/sim/syscall_emul.cc:74: warn: ignoring syscall mprotect(...)
src/sim/power_state.cc:105: warn: PowerState: Already in the requested power state, request ignored
src/sim/syscall_emul.cc:74: warn: ignoring syscall set_robust_list(...)
src/sim/syscall_emul.cc:74: warn: ignoring syscall mprotect(...)
src/gpu-compute/gpu_compute_driver.cc:604: warn: unimplemented ioctl: AMDKFD_IOC_SET_SCRATCH_BACKING_VA
src/gpu-compute/gpu_compute_driver.cc:614: warn: unimplemented ioctl: AMDKFD_IOC_SET_TRAP_HANDLER
The file was not opened for reading
The file was not opened for reading
src/sim/syscall_emul.cc:74: warn: ignoring syscall mprotect(...)
src/sim/syscall_emul.cc:74: warn: ignoring syscall set_robust_list(...)
src/sim/syscall_emul.cc:74: warn: ignoring syscall mprotect(...)
src/sim/syscall_emul.cc:74: warn: ignoring syscall madvise(...)
src/sim/syscall_emul.cc:74: warn: ignoring syscall mprotect(...)
src/sim/syscall_emul.cc:74: warn: ignoring syscall sched_setaffinity(...)
src/sim/syscall_emul.cc:74: warn: ignoring syscall set_robust_list(...)
src/sim/syscall_emul.cc:85: warn: ignoring syscall sched_yield(...)
      (further warnings will be suppressed)
src/sim/syscall_emul.cc:74: warn: ignoring syscall mprotect(...)
src/sim/syscall_emul.cc:74: warn: ignoring syscall mprotect(...)
src/sim/syscall_emul.cc:74: warn: ignoring syscall mprotect(...)
src/sim/syscall_emul.cc:74: warn: ignoring syscall mprotect(...)
src/sim/syscall_emul.cc:74: warn: ignoring syscall mprotect(...)
src/sim/syscall_emul.cc:74: warn: ignoring syscall mprotect(...)
src/sim/syscall_emul.cc:74: warn: ignoring syscall mprotect(...)
src/sim/syscall_emul.cc:74: warn: ignoring syscall mprotect(...)
src/sim/syscall_emul.cc:74: warn: ignoring syscall mprotect(...)
src/sim/syscall_emul.cc:74: warn: ignoring syscall mprotect(...)
src/sim/syscall_emul.cc:74: warn: ignoring syscall mprotect(...)
src/sim/syscall_emul.cc:74: warn: ignoring syscall mprotect(...)
src/gpu-compute/gpu_command_processor.cc:528: warn: Ignoring vendor packet
85168888000: system.cpu3.CUs0.wavefronts00: Kernel 000 inst: 00000 s_load_dwordx4 s[24:27], s[4:5], 0x08
85168892000: system.cpu3.CUs0.wavefronts00: Kernel 000 inst: 00008 s_load_dwordx2 s[12:13], s[4:5], 0x18
85168893000: system.cpu3.CUs0.wavefronts00: Kernel 000 inst: 00016 s_cmp_lg_u32 s6, 0
85168897000: system.cpu3.CUs0.wavefronts00: Kernel 000 inst: 00020 s_mov_b64 s0, -1
85168901000: system.cpu3.CUs0.wavefronts00: Kernel 000 inst: 00024 s_cbranch_scc0
85170207000: system.cpu3.CUs0.wavefronts00: Kernel 000 inst: 18404 s_andn2_b64 vcc_lo, exec, s0
85170211000: system.cpu3.CUs0.wavefronts00: Kernel 000 inst: 18408 s_cbranch_vccnz
85170212000: system.cpu3.CUs0.wavefronts00: Kernel 000 inst: 18412 v_cmp_eq_u32 vcc, 0, v0
85170215000: system.cpu3.CUs0.wavefronts00: Kernel 000 inst: 18416 s_and_saveexec_b64 s0, vcc_lo
85170219000: system.cpu3.CUs0.wavefronts00: Kernel 000 inst: 18420 s_cbranch_execz label_b52c
85170223000: system.cpu3.CUs0.wavefronts00: Kernel 000 inst: 18424 s_waitcnt lgkmcnt(0)
85170547000: system.cpu3.CUs0.wavefronts00: Kernel 000 inst: 18428 s_add_u32 s0, s12, 60
85170551000: system.cpu3.CUs0.wavefronts00: Kernel 000 inst: 18432 s_addc_u32 s1, s13, 0
85170552000: system.cpu3.CUs0.wavefronts00: Kernel 000 inst: 18436 v_mov_b32 v0, s0
85170556000: system.cpu3.CUs0.wavefronts00: Kernel 000 inst: 18440 v_mov_b32 v1, s1
85170557000: system.cpu3.CUs0.wavefronts00: Kernel 000 inst: 18444 flat_load_dword v12, v[0:1]
85170558000: system.cpu3.CUs0.wavefronts00: Kernel 000 inst: 18452 s_add_u32 s0, s24, 48
85170562000: system.cpu3.CUs0.wavefronts00: Kernel 000 inst: 18456 s_addc_u32 s1, s25, 0
85170563000: system.cpu3.CUs0.wavefronts00: Kernel 000 inst: 18460 v_mov_b32 v0, s0
85170567000: system.cpu3.CUs0.wavefronts00: Kernel 000 inst: 18464 v_mov_b32 v1, s1
85170568000: system.cpu3.CUs0.wavefronts00: Kernel 000 inst: 18468 s_add_u32 s0, s24, 32
85170572000: system.cpu3.CUs0.wavefronts00: Kernel 000 inst: 18472 s_addc_u32 s1, s25, 0
85170575000: system.cpu3.CUs0.wavefronts00: Kernel 000 inst: 18476 v_mov_b32 v3, s1
85170579000: system.cpu3.CUs0.wavefronts00: Kernel 000 inst: 18480 v_mov_b32 v2, s0
85170580000: system.cpu3.CUs0.wavefronts00: Kernel 000 inst: 18484 flat_load_dwordx4 v19, v[0:1]
85170875000: system.cpu3.CUs0.wavefronts00: Kernel 000 inst: 18492 flat_load_dwordx4 v8, v[2:3]
85170876000: system.cpu3.CUs0.wavefronts00: Kernel 000 inst: 18500 s_add_u32 s0, s24, 16
85170880000: system.cpu3.CUs0.wavefronts00: Kernel 000 inst: 18504 s_addc_u32 s1, s25, 0
85170883000: system.cpu3.CUs0.wavefronts00: Kernel 000 inst: 18508 v_mov_b32 v14, s1
85170887000: system.cpu3.CUs0.wavefronts00: Kernel 000 inst: 18512 v_mov_b32 v13, s0
85170891000: system.cpu3.CUs0.wavefronts00: Kernel 000 inst: 18516 v_mov_b32 v15, s24
85170895000: system.cpu3.CUs0.wavefronts00: Kernel 000 inst: 18520 v_mov_b32 v16, s25
85170896000: system.cpu3.CUs0.wavefronts00: Kernel 000 inst: 18524 flat_load_dwordx4 v0, v[13:14]
85171334000: system.cpu3.CUs0.wavefronts00: Kernel 000 inst: 18532 flat_load_dwordx4 v4, v[15:16]
85171335000: system.cpu3.CUs0.wavefronts00: Kernel 000 inst: 18540 s_add_u32 s0, s24, 64
85171339000: system.cpu3.CUs0.wavefronts00: Kernel 000 inst: 18544 s_addc_u32 s1, s25, 0
85171343000: system.cpu3.CUs0.wavefronts00: Kernel 000 inst: 18548 s_add_u32 s2, s24, 0x00000050
85171347000: system.cpu3.CUs0.wavefronts00: Kernel 000 inst: 18556 s_addc_u32 s3, s25, 0
85171350000: system.cpu3.CUs0.wavefronts00: Kernel 000 inst: 18560 v_mov_b32 v14, s3
85171354000: system.cpu3.CUs0.wavefronts00: Kernel 000 inst: 18564 v_mov_b32 v13, s2
85171355000: system.cpu3.CUs0.wavefronts00: Kernel 000 inst: 18568 s_add_u32 s2, s24, 0x00000058
85171359000: system.cpu3.CUs0.wavefronts00: Kernel 000 inst: 18576 s_addc_u32 s3, s25, 0
85171363000: system.cpu3.CUs0.wavefronts00: Kernel 000 inst: 18580 s_add_u32 s6, s24, 0x00000088
85171367000: system.cpu3.CUs0.wavefronts00: Kernel 000 inst: 18588 s_addc_u32 s7, s25, 0
85171371000: system.cpu3.CUs0.wavefronts00: Kernel 000 inst: 18592 s_add_u32 s8, s24, 0x00000078
85171375000: system.cpu3.CUs0.wavefronts00: Kernel 000 inst: 18600 s_addc_u32 s9, s25, 0
85171379000: system.cpu3.CUs0.wavefronts00: Kernel 000 inst: 18604 s_add_u32 s10, s24, 0x00000068
85171383000: system.cpu3.CUs0.wavefronts00: Kernel 000 inst: 18612 s_addc_u32 s11, s25, 0
85171387000: system.cpu3.CUs0.wavefronts00: Kernel 000 inst: 18616 s_add_u32 s12, s24, 0x00000098
85171675000: system.cpu3.CUs0.wavefronts00: Kernel 000 inst: 18624 s_addc_u32 s13, s25, 0
85171678000: system.cpu3.CUs0.wavefronts00: Kernel 000 inst: 18628 v_mov_b32 v18, s13
85171682000: system.cpu3.CUs0.wavefronts00: Kernel 000 inst: 18632 v_mov_b32 v17, s12
85171683000: system.cpu3.CUs0.wavefronts00: Kernel 000 inst: 18636 s_mov_b32 s12, 0xc2200000
85171686000: system.cpu3.CUs0.wavefronts00: Kernel 000 inst: 18644 v_mov_b32 v16, s1
85171690000: system.cpu3.CUs0.wavefronts00: Kernel 000 inst: 18648 v_mov_b32 v15, s0
85172236000: system.cpu3.CUs0.wavefronts00: Kernel 000 inst: 18652 flat_load_dword v33, v[13:14]
85172240000: system.cpu3.CUs0.wavefronts00: Kernel 000 inst: 18660 flat_load_dwordx4 v46, v[15:16]
85172241000: system.cpu3.CUs0.wavefronts00: Kernel 000 inst: 18668 v_mov_b32 v30, s3
85172245000: system.cpu3.CUs0.wavefronts00: Kernel 000 inst: 18672 v_mov_b32 v29, s2
85172249000: system.cpu3.CUs0.wavefronts00: Kernel 000 inst: 18676 v_mov_b32 v24, s7
85172253000: system.cpu3.CUs0.wavefronts00: Kernel 000 inst: 18680 v_mov_b32 v23, s6
85172257000: system.cpu3.CUs0.wavefronts00: Kernel 000 inst: 18684 v_mov_b32 v32, s9
85172261000: system.cpu3.CUs0.wavefronts00: Kernel 000 inst: 18688 v_mov_b32 v31, s8
85172262000: system.cpu3.CUs0.wavefronts00: Kernel 000 inst: 18692 flat_load_dwordx4 v13, v[23:24]
85172266000: system.cpu3.CUs0.wavefronts00: Kernel 000 inst: 18700 flat_load_dwordx4 v25, v[31:32]
85172267000: system.cpu3.CUs0.wavefronts00: Kernel 000 inst: 18708 v_mov_b32 v32, s11
85172271000: system.cpu3.CUs0.wavefronts00: Kernel 000 inst: 18712 v_mov_b32 v31, s10
85172291000: system.cpu3.CUs0.wavefronts00: Kernel 000 inst: 18716 flat_load_dwordx2 v17, v[17:18]
85172292000: system.cpu3.CUs0.wavefronts00: Kernel 000 inst: 18724 s_waitcnt vmcnt(0) & lgkmcnt(0)
85172615000: system.cpu3.CUs0.wavefronts00: Kernel 000 inst: 18728 v_cmp_nle_f32 vcc, s12, v17
85172619000: system.cpu3.CUs0.wavefronts00: Kernel 000 inst: 18732 v_cvt_f64_f32 v23, v17
85172620000: system.cpu3.CUs0.wavefronts00: Kernel 000 inst: 18736 s_and_b64 vcc_lo, exec, vcc_lo
85172621000: system.cpu3.CUs0.wavefronts00: Kernel 000 inst: 18740 flat_load_dwordx4 v38, v[31:32]
85172625000: system.cpu3.CUs0.wavefronts00: Kernel 000 inst: 18748 flat_load_dwordx4 v42, v[29:30]
85172626000: system.cpu3.CUs0.wavefronts00: Kernel 000 inst: 18756 s_cbranch_vccnz
85172630000: system.cpu3.CUs0.wavefronts00: Kernel 000 inst: 18760 s_mov_b32 s1, 0x402551eb
85172634000: system.cpu3.CUs0.wavefronts00: Kernel 000 inst: 18768 s_mov_b32 s0, 0x851eb852
85172637000: system.cpu3.CUs0.wavefronts00: Kernel 000 inst: 18776 v_add_f64 v[29:30], v[23:24], s[0:1]
85172638000: system.cpu3.CUs0.wavefronts00: Kernel 000 inst: 18784 s_mov_b32 s1, 0xc0263333
85172642000: system.cpu3.CUs0.wavefronts00: Kernel 000 inst: 18792 s_mov_b32 s0, 0x33333333
85172645000: system.cpu3.CUs0.wavefronts00: Kernel 000 inst: 18800 v_div_scale_f64 v31, s[2:3], s0, s0, v29
85172649000: system.cpu3.CUs0.wavefronts00: Kernel 000 inst: 18808 v_rcp_f64 v34, v31
85172984000: system.cpu3.CUs0.wavefronts00: Kernel 000 inst: 18812 v_fma_f64 v[36:37], -v[31:32], v[34:35], 1
85172988000: system.cpu3.CUs0.wavefronts00: Kernel 000 inst: 18820 v_fma_f64 v[34:35], v[34:35], v[36:37], v[34:35]
85172992000: system.cpu3.CUs0.wavefronts00: Kernel 000 inst: 18828 v_div_scale_f64 v36, vcc_lo, v29, s0, v29
85172996000: system.cpu3.CUs0.wavefronts00: Kernel 000 inst: 18836 v_fma_f64 v[50:51], -v[31:32], v[34:35], 1
85173000000: system.cpu3.CUs0.wavefronts00: Kernel 000 inst: 18844 v_fma_f64 v[34:35], v[34:35], v[50:51], v[34:35]
85173004000: system.cpu3.CUs0.wavefronts00: Kernel 000 inst: 18852 v_mul_f64 v[50:51], v[36:37], v[34:35]
85173008000: system.cpu3.CUs0.wavefronts00: Kernel 000 inst: 18860 v_fma_f64 v[31:32], -v[31:32], v[50:51], v[36:37]
85173012000: system.cpu3.CUs0.wavefronts00: Kernel 000 inst: 18868 v_div_fmas_f64 v[31:32], v[31:32], v[34:35], v[50:51]
85173312000: system.cpu3.CUs0.wavefronts00: Kernel 000 inst: 18876 v_div_fixup_f64 v[29:30], v[31:32], s[0:1], v[29:30]
85173313000: system.cpu3.CUs0.wavefronts00: Kernel 000 inst: 18884 s_mov_b32 s29, 0x3ff71547
85173317000: system.cpu3.CUs0.wavefronts00: Kernel 000 inst: 18892 s_mov_b32 s28, 0x652b82fe
85173320000: system.cpu3.CUs0.wavefronts00: Kernel 000 inst: 18900 v_mul_f64 v[31:32], v[29:30], s[28:29]
85173324000: system.cpu3.CUs0.wavefronts00: Kernel 000 inst: 18908 v_rndne_f64 v31, v31
85173325000: system.cpu3.CUs0.wavefronts00: Kernel 000 inst: 18912 s_mov_b32 s23, 0xbfe62e42
85173329000: system.cpu3.CUs0.wavefronts00: Kernel 000 inst: 18920 s_mov_b32 s22, 0xfefa3000
85173333000: system.cpu3.CUs0.wavefronts00: Kernel 000 inst: 18928 s_mov_b32 s25, 0xbd53de6a
85173337000: system.cpu3.CUs0.wavefronts00: Kernel 000 inst: 18936 s_mov_b32 s24, 0xf278ece6
85173640000: system.cpu3.CUs0.wavefronts00: Kernel 000 inst: 18944 v_fma_f64 v[34:35], v[31:32], s[22:23], v[29:30]
85173644000: system.cpu3.CUs0.wavefronts00: Kernel 000 inst: 18952 v_mul_f64 v[36:37], v[31:32], s[24:25]
85173648000: system.cpu3.CUs0.wavefronts00: Kernel 000 inst: 18960 v_add_f64 v[50:51], v[34:35], v[36:37]
85173649000: system.cpu3.CUs0.wavefronts00: Kernel 000 inst: 18968 s_mov_b32 s3, 0x3e928af3
85173653000: system.cpu3.CUs0.wavefronts00: Kernel 000 inst: 18976 s_mov_b32 s2, 0xfca7ab0c
85173657000: system.cpu3.CUs0.wavefronts00: Kernel 000 inst: 18984 s_mov_b32 s21, 0x3e5ade15
85173661000: system.cpu3.CUs0.wavefronts00: Kernel 000 inst: 18992 s_mov_b32 s20, 0x6a5dcb37
85173662000: system.cpu3.CUs0.wavefronts00: Kernel 000 inst: 19000 v_mov_b32 v55, s3
85174197000: system.cpu3.CUs0.wavefronts00: Kernel 000 inst: 19004 v_mov_b32 v54, s2
85174201000: system.cpu3.CUs0.wavefronts00: Kernel 000 inst: 19008 v_fma_f64 v[52:53], v[50:51], s[20:21], v[54:55]
85174202000: system.cpu3.CUs0.wavefronts00: Kernel 000 inst: 19016 s_mov_b32 s19, 0x3ec71dee
85174206000: system.cpu3.CUs0.wavefronts00: Kernel 000 inst: 19024 s_mov_b32 s18, 0x623fde64
85174209000: system.cpu3.CUs0.wavefronts00: Kernel 000 inst: 19032 v_fma_f64 v[52:53], v[50:51], v[52:53], s[18:19]
85174210000: system.cpu3.CUs0.wavefronts00: Kernel 000 inst: 19040 s_mov_b32 s17, 0x3efa0199
85174214000: system.cpu3.CUs0.wavefronts00: Kernel 000 inst: 19048 s_mov_b32 s16, 0x7c89e6b0
85174217000: system.cpu3.CUs0.wavefronts00: Kernel 000 inst: 19056 v_fma_f64 v[52:53], v[50:51], v[52:53], s[16:17]
85174218000: system.cpu3.CUs0.wavefronts00: Kernel 000 inst: 19064 s_mov_b32 s15, 0x3f2a01a0
85174525000: system.cpu3.CUs0.wavefronts00: Kernel 000 inst: 19072 s_mov_b32 s14, 0x14761f6e
85174526000: system.cpu3.CUs0.wavefronts00: Kernel 000 inst: 19080 v_add_f64 v[34:35], v[34:35], -v[50:51]
85174530000: system.cpu3.CUs0.wavefronts00: Kernel 000 inst: 19088 v_fma_f64 v[52:53], v[50:51], v[52:53], s[14:15]
85174531000: system.cpu3.CUs0.wavefronts00: Kernel 000 inst: 19096 s_mov_b32 s3, 0x3f56c16c
85174535000: system.cpu3.CUs0.wavefronts00: Kernel 000 inst: 19104 s_mov_b32 s2, 0x1852b7b0
85174536000: system.cpu3.CUs0.wavefronts00: Kernel 000 inst: 19112 v_mul_f64 v[56:57], v[50:51], v[50:51]
85174540000: system.cpu3.CUs0.wavefronts00: Kernel 000 inst: 19120 v_add_f64 v[34:35], v[34:35], v[36:37]
85174544000: system.cpu3.CUs0.wavefronts00: Kernel 000 inst: 19128 v_fma_f64 v[36:37], v[50:51], v[52:53], s[2:3]
85174850000: system.cpu3.CUs0.wavefronts00: Kernel 000 inst: 19136 s_mov_b32 s9, 0x3f811111
85174854000: system.cpu3.CUs0.wavefronts00: Kernel 000 inst: 19144 s_mov_b32 s8, 0x11122322
85174855000: system.cpu3.CUs0.wavefronts00: Kernel 000 inst: 19152 v_fma_f64 v[52:53], v[50:51], v[50:51], -v[56:57]
85174859000: system.cpu3.CUs0.wavefronts00: Kernel 000 inst: 19160 v_add_f64 v[58:59], v[34:35], v[34:35]
85174863000: system.cpu3.CUs0.wavefronts00: Kernel 000 inst: 19168 v_fma_f64 v[36:37], v[50:51], v[36:37], s[8:9]
85174864000: system.cpu3.CUs0.wavefronts00: Kernel 000 inst: 19176 s_mov_b32 s13, 0x3fa55555
85174868000: system.cpu3.CUs0.wavefronts00: Kernel 000 inst: 19184 s_mov_b32 s12, 0x555502a1
85174869000: system.cpu3.CUs0.wavefronts00: Kernel 000 inst: 19192 v_fma_f64 v[52:53], v[50:51], v[58:59], v[52:53]
85175175000: system.cpu3.CUs0.wavefronts00: Kernel 000 inst: 19200 v_fma_f64 v[36:37], v[50:51], v[36:37], s[12:13]
85175176000: system.cpu3.CUs0.wavefronts00: Kernel 000 inst: 19208 s_mov_b32 s11, 0x3fc55555
85175180000: system.cpu3.CUs0.wavefronts00: Kernel 000 inst: 19216 s_mov_b32 s10, 0x55555511
85175181000: system.cpu3.CUs0.wavefronts00: Kernel 000 inst: 19224 v_fma_f64 v[52:53], v[34:35], v[34:35], v[52:53]
85175185000: system.cpu3.CUs0.wavefronts00: Kernel 000 inst: 19232 v_fma_f64 v[36:37], v[50:51], v[36:37], s[10:11]
85175186000: system.cpu3.CUs0.wavefronts00: Kernel 000 inst: 19240 s_mov_b32 s7, 0x3fe00000
85175190000: system.cpu3.CUs0.wavefronts00: Kernel 000 inst: 19248 s_mov_b32 s6, 11
85175191000: system.cpu3.CUs0.wavefronts00: Kernel 000 inst: 19252 v_add_f64 v[58:59], v[56:57], v[52:53]
85175500000: system.cpu3.CUs0.wavefronts00: Kernel 000 inst: 19260 v_fma_f64 v[36:37], v[50:51], v[36:37], s[6:7]
85175501000: system.cpu3.CUs0.wavefronts00: Kernel 000 inst: 19268 s_mov_b32 s31, 0xbe910318
85175505000: system.cpu3.CUs0.wavefronts00: Kernel 000 inst: 19276 s_mov_b32 s30, 0xca62757c
85175508000: system.cpu3.CUs0.wavefronts00: Kernel 000 inst: 19284 v_mul_f64 v[60:61], v[23:24], s[30:31]
85175512000: system.cpu3.CUs0.wavefronts00: Kernel 000 inst: 19292 v_add_f64 v[56:57], v[58:59], -v[56:57]
85175516000: system.cpu3.CUs0.wavefronts00: Kernel 000 inst: 19300 v_mul_f64 v[62:63], v[58:59], v[36:37]
85175520000: system.cpu3.CUs0.wavefronts00: Kernel 000 inst: 19308 v_mul_f64 v[64:65], v[60:61], s[28:29]
85175524000: system.cpu3.CUs0.wavefronts00: Kernel 000 inst: 19316 v_add_f64 v[52:53], v[52:53], -v[56:57]
85175828000: system.cpu3.CUs0.wavefronts00: Kernel 000 inst: 19324 v_fma_f64 v[56:57], v[58:59], v[36:37], -v[62:63]
85175832000: system.cpu3.CUs0.wavefronts00: Kernel 000 inst: 19332 v_rndne_f64 v58, v64
85175836000: system.cpu3.CUs0.wavefronts00: Kernel 000 inst: 19336 v_fma_f64 v[36:37], v[52:53], v[36:37], v[56:57]
85175840000: system.cpu3.CUs0.wavefronts00: Kernel 000 inst: 19344 v_fma_f64 v[52:53], v[58:59], s[22:23], v[60:61]
85175844000: system.cpu3.CUs0.wavefronts00: Kernel 000 inst: 19352 v_mul_f64 v[56:57], v[58:59], s[24:25]
85175848000: system.cpu3.CUs0.wavefronts00: Kernel 000 inst: 19360 v_add_f64 v[64:65], v[62:63], v[36:37]
85175852000: system.cpu3.CUs0.wavefronts00: Kernel 000 inst: 19368 v_add_f64 v[66:67], v[52:53], v[56:57]
85175856000: system.cpu3.CUs0.wavefronts00: Kernel 000 inst: 19376 v_add_f64 v[68:69], v[50:51], v[64:65]
85175860000: system.cpu3.CUs0.wavefronts00: Kernel 000 inst: 19384 v_add_f64 v[62:63], v[64:65], -v[62:63]
85176156000: system.cpu3.CUs0.wavefronts00: Kernel 000 inst: 19392 v_fma_f64 v[70:71], v[66:67], s[20:21], v[54:55]
85176160000: system.cpu3.CUs0.wavefronts00: Kernel 000 inst: 19400 v_add_f64 v[72:73], v[68:69], -v[50:51]
85176164000: system.cpu3.CUs0.wavefronts00: Kernel 000 inst: 19408 v_add_f64 v[36:37], v[36:37], -v[62:63]
85176168000: system.cpu3.CUs0.wavefronts00: Kernel 000 inst: 19416 v_add_f32 v50, 0x42000000, v17
85176172000: system.cpu3.CUs0.wavefronts00: Kernel 000 inst: 19424 v_cvt_f64_f32 v50, v50
85176176000: system.cpu3.CUs0.wavefronts00: Kernel 000 inst: 19428 v_fma_f64 v[62:63], v[66:67], v[70:71], s[18:19]
85176177000: system.cpu3.CUs0.wavefronts00: Kernel 000 inst: 19436 s_mov_b32 s31, 0xbfb99999
85176181000: system.cpu3.CUs0.wavefronts00: Kernel 000 inst: 19444 s_mov_b32 s30, 0x9999999a
85176481000: system.cpu3.CUs0.wavefronts00: Kernel 000 inst: 19452 v_mul_f64 v[50:51], v[50:51], s[30:31]
85176485000: system.cpu3.CUs0.wavefronts00: Kernel 000 inst: 19460 v_add_f64 v[64:65], v[64:65], -v[72:73]
85176489000: system.cpu3.CUs0.wavefronts00: Kernel 000 inst: 19468 v_add_f64 v[34:35], v[34:35], v[36:37]
85176493000: system.cpu3.CUs0.wavefronts00: Kernel 000 inst: 19476 v_fma_f64 v[36:37], v[66:67], v[62:63], s[16:17]
85176497000: system.cpu3.CUs0.wavefronts00: Kernel 000 inst: 19484 v_mul_f64 v[62:63], v[50:51], s[28:29]
85176501000: system.cpu3.CUs0.wavefronts00: Kernel 000 inst: 19492 v_add_f64 v[34:35], v[64:65], v[34:35]
85176505000: system.cpu3.CUs0.wavefronts00: Kernel 000 inst: 19500 v_add_f64 v[64:65], v[52:53], -v[66:67]
85176509000: system.cpu3.CUs0.wavefronts00: Kernel 000 inst: 19508 v_fma_f64 v[36:37], v[66:67], v[36:37], s[14:15]
85176809000: system.cpu3.CUs0.wavefronts00: Kernel 000 inst: 19516 v_rndne_f64 v52, v62
85176813000: system.cpu3.CUs0.wavefronts00: Kernel 000 inst: 19520 v_add_f64 v[34:35], v[68:69], v[34:35]
85176817000: system.cpu3.CUs0.wavefronts00: Kernel 000 inst: 19528 v_mul_f64 v[62:63], v[66:67], v[66:67]
85176821000: system.cpu3.CUs0.wavefronts00: Kernel 000 inst: 19536 v_add_f64 v[56:57], v[64:65], v[56:57]
85176825000: system.cpu3.CUs0.wavefronts00: Kernel 000 inst: 19544 v_fma_f64 v[36:37], v[66:67], v[36:37], s[2:3]
85176829000: system.cpu3.CUs0.wavefronts00: Kernel 000 inst: 19552 v_fma_f64 v[64:65], v[52:53], s[22:23], v[50:51]
85176833000: system.cpu3.CUs0.wavefronts00: Kernel 000 inst: 19560 v_mul_f64 v[68:69], v[52:53], s[24:25]
85176837000: system.cpu3.CUs0.wavefronts00: Kernel 000 inst: 19568 v_add_f64 v[34:35], v[34:35], 1
85176841000: system.cpu3.CUs0.wavefronts00: Kernel 000 inst: 19576 v_fma_f64 v[70:71], v[66:67], v[66:67], -v[62:63]
85177137000: system.cpu3.CUs0.wavefronts00: Kernel 000 inst: 19584 v_add_f64 v[72:73], v[56:57], v[56:57]
85177141000: system.cpu3.CUs0.wavefronts00: Kernel 000 inst: 19592 v_fma_f64 v[36:37], v[66:67], v[36:37], s[8:9]
85177145000: system.cpu3.CUs0.wavefronts00: Kernel 000 inst: 19600 v_cvt_i32_f64 v31, v31
85177149000: system.cpu3.CUs0.wavefronts00: Kernel 000 inst: 19604 v_ldexp_f64 v[31:32], v[34:35], v31
85177153000: system.cpu3.CUs0.wavefronts00: Kernel 000 inst: 19612 v_add_f64 v[34:35], v[64:65], v[68:69]
85177157000: system.cpu3.CUs0.wavefronts00: Kernel 000 inst: 19620 v_fma_f64 v[70:71], v[66:67], v[72:73], v[70:71]
85177161000: system.cpu3.CUs0.wavefronts00: Kernel 000 inst: 19628 v_fma_f64 v[36:37], v[66:67], v[36:37], s[12:13]
85177165000: system.cpu3.CUs0.wavefronts00: Kernel 000 inst: 19636 v_add_f64 v[31:32], v[31:32], 1
85177462000: system.cpu3.CUs0.wavefronts00: Kernel 000 inst: 19644 v_fma_f64 v[54:55], v[34:35], s[20:21], v[54:55]
85177466000: system.cpu3.CUs0.wavefronts00: Kernel 000 inst: 19652 v_fma_f64 v[70:71], v[56:57], v[56:57], v[70:71]
85177470000: system.cpu3.CUs0.wavefronts00: Kernel 000 inst: 19660 v_fma_f64 v[36:37], v[66:67], v[36:37], s[10:11]
85177471000: system.cpu3.CUs0.wavefronts00: Kernel 000 inst: 19668 s_mov_b32 s21, 0x3fc0a3d7
85177475000: system.cpu3.CUs0.wavefronts00: Kernel 000 inst: 19676 s_mov_b32 s20, 0x0a3d70a4
85177478000: system.cpu3.CUs0.wavefronts00: Kernel 000 inst: 19684 v_mul_f64 v[31:32], v[31:32], s[20:21]
85177482000: system.cpu3.CUs0.wavefronts00: Kernel 000 inst: 19692 v_fma_f64 v[54:55], v[34:35], v[54:55], s[18:19]
85177486000: system.cpu3.CUs0.wavefronts00: Kernel 000 inst: 19700 v_add_f64 v[72:73], v[62:63], v[70:71]
85177790000: system.cpu3.CUs0.wavefronts00: Kernel 000 inst: 19708 v_fma_f64 v[36:37], v[66:67], v[36:37], s[6:7]
85177794000: system.cpu3.CUs0.wavefronts00: Kernel 000 inst: 19716 v_div_scale_f64 v74, s[18:19], v31, v31, 1
85177798000: system.cpu3.CUs0.wavefronts00: Kernel 000 inst: 19724 v_fma_f64 v[54:55], v[34:35], v[54:55], s[16:17]
85177802000: system.cpu3.CUs0.wavefronts00: Kernel 000 inst: 19732 v_add_f64 v[62:63], v[72:73], -v[62:63]
85177806000: system.cpu3.CUs0.wavefronts00: Kernel 000 inst: 19740 v_mul_f64 v[76:77], v[72:73], v[36:37]
85177810000: system.cpu3.CUs0.wavefronts00: Kernel 000 inst: 19748 v_add_f64 v[64:65], v[64:65], -v[34:35]
85177814000: system.cpu3.CUs0.wavefronts00: Kernel 000 inst: 19756 v_fma_f64 v[54:55], v[34:35], v[54:55], s[14:15]
85177818000: system.cpu3.CUs0.wavefronts00: Kernel 000 inst: 19764 v_add_f64 v[62:63], v[70:71], -v[62:63]
85178118000: system.cpu3.CUs0.wavefronts00: Kernel 000 inst: 19772 v_fma_f64 v[70:71], v[72:73], v[36:37], -v[76:77]
85178122000: system.cpu3.CUs0.wavefronts00: Kernel 000 inst: 19780 v_rcp_f64 v72, v74
85178126000: system.cpu3.CUs0.wavefronts00: Kernel 000 inst: 19784 v_mul_f64 v[78:79], v[34:35], v[34:35]
85178130000: system.cpu3.CUs0.wavefronts00: Kernel 000 inst: 19792 v_add_f64 v[64:65], v[64:65], v[68:69]
85178134000: system.cpu3.CUs0.wavefronts00: Kernel 000 inst: 19800 v_fma_f64 v[54:55], v[34:35], v[54:55], s[2:3]
85178138000: system.cpu3.CUs0.wavefronts00: Kernel 000 inst: 19808 v_fma_f64 v[36:37], v[62:63], v[36:37], v[70:71]
85178142000: system.cpu3.CUs0.wavefronts00: Kernel 000 inst: 19816 v_fma_f64 v[62:63], v[34:35], v[34:35], -v[78:79]
85178146000: system.cpu3.CUs0.wavefronts00: Kernel 000 inst: 19824 v_add_f64 v[68:69], v[64:65], v[64:65]
85178150000: system.cpu3.CUs0.wavefronts00: Kernel 000 inst: 19832 v_fma_f64 v[54:55], v[34:35], v[54:55], s[8:9]
85178446000: system.cpu3.CUs0.wavefronts00: Kernel 000 inst: 19840 v_add_f64 v[70:71], v[76:77], v[36:37]
85178450000: system.cpu3.CUs0.wavefronts00: Kernel 000 inst: 19848 v_fma_f64 v[80:81], -v[74:75], v[72:73], 1
85178454000: system.cpu3.CUs0.wavefronts00: Kernel 000 inst: 19856 v_fma_f64 v[62:63], v[34:35], v[68:69], v[62:63]
85178458000: system.cpu3.CUs0.wavefronts00: Kernel 000 inst: 19864 v_fma_f64 v[54:55], v[34:35], v[54:55], s[12:13]
85178462000: system.cpu3.CUs0.wavefronts00: Kernel 000 inst: 19872 v_add_f64 v[68:69], v[70:71], -v[76:77]
85178466000: system.cpu3.CUs0.wavefronts00: Kernel 000 inst: 19880 v_add_f64 v[76:77], v[66:67], v[70:71]
85178470000: system.cpu3.CUs0.wavefronts00: Kernel 000 inst: 19888 v_fma_f64 v[72:73], v[72:73], v[80:81], v[72:73]
85178474000: system.cpu3.CUs0.wavefronts00: Kernel 000 inst: 19896 v_fma_f64 v[62:63], v[64:65], v[64:65], v[62:63]
85178771000: system.cpu3.CUs0.wavefronts00: Kernel 000 inst: 19904 v_fma_f64 v[54:55], v[34:35], v[54:55], s[10:11]
85178775000: system.cpu3.CUs0.wavefronts00: Kernel 000 inst: 19912 v_add_f64 v[36:37], v[36:37], -v[68:69]
85178779000: system.cpu3.CUs0.wavefronts00: Kernel 000 inst: 19920 v_add_f64 v[66:67], v[76:77], -v[66:67]
85178783000: system.cpu3.CUs0.wavefronts00: Kernel 000 inst: 19928 v_div_scale_f64 v68, vcc_lo, 1, v31, 1
85178787000: system.cpu3.CUs0.wavefronts00: Kernel 000 inst: 19936 v_fma_f64 v[80:81], -v[74:75], v[72:73], 1
85178791000: system.cpu3.CUs0.wavefronts00: Kernel 000 inst: 19944 v_add_f64 v[82:83], v[78:79], v[62:63]
85178795000: system.cpu3.CUs0.wavefronts00: Kernel 000 inst: 19952 v_fma_f64 v[54:55], v[34:35], v[54:55], s[6:7]
85178799000: system.cpu3.CUs0.wavefronts00: Kernel 000 inst: 19960 v_add_f64 v[66:67], v[70:71], -v[66:67]
85179096000: system.cpu3.CUs0.wavefronts00: Kernel 000 inst: 19968 v_add_f64 v[36:37], v[56:57], v[36:37]
85179100000: system.cpu3.CUs0.wavefronts00: Kernel 000 inst: 19976 v_fma_f64 v[56:57], v[72:73], v[80:81], v[72:73]
85179104000: system.cpu3.CUs0.wavefronts00: Kernel 000 inst: 19984 v_add_f64 v[70:71], v[82:83], -v[78:79]
85179108000: system.cpu3.CUs0.wavefronts00: Kernel 000 inst: 19992 v_mul_f64 v[72:73], v[82:83], v[54:55]
85179112000: system.cpu3.CUs0.wavefronts00: Kernel 000 inst: 20000 v_add_f64 v[36:37], v[66:67], v[36:37]
85179116000: system.cpu3.CUs0.wavefronts00: Kernel 000 inst: 20008 v_mul_f64 v[66:67], v[68:69], v[56:57]
85179120000: system.cpu3.CUs0.wavefronts00: Kernel 000 inst: 20016 v_add_f64 v[62:63], v[62:63], -v[70:71]
85179124000: system.cpu3.CUs0.wavefronts00: Kernel 000 inst: 20024 v_fma_f64 v[70:71], v[82:83], v[54:55], -v[72:73]
85179421000: system.cpu3.CUs0.wavefronts00: Kernel 000 inst: 20032 v_add_f64 v[36:37], v[76:77], v[36:37]
85179425000: system.cpu3.CUs0.wavefronts00: Kernel 000 inst: 20040 v_fma_f64 v[68:69], -v[74:75], v[66:67], v[68:69]
85179429000: system.cpu3.CUs0.wavefronts00: Kernel 000 inst: 20048 v_fma_f64 v[62:63], v[62:63], v[54:55], v[70:71]
85179433000: system.cpu3.CUs0.wavefronts00: Kernel 000 inst: 20056 v_add_f64 v[36:37], v[36:37], 1
85179437000: system.cpu3.CUs0.wavefronts00: Kernel 000 inst: 20064 v_div_fmas_f64 v[56:57], v[68:69], v[56:57], v[66:67]
85179441000: system.cpu3.CUs0.wavefronts00: Kernel 000 inst: 20072 v_cvt_i32_f64 v54, v58
85179445000: system.cpu3.CUs0.wavefronts00: Kernel 000 inst: 20076 v_add_f64 v[58:59], v[72:73], v[62:63]
85179449000: system.cpu3.CUs0.wavefronts00: Kernel 000 inst: 20084 v_ldexp_f64 v[36:37], v[36:37], v54
85179748000: system.cpu3.CUs0.wavefronts00: Kernel 000 inst: 20092 s_mov_b32 s3, 0x40900000
85179752000: system.cpu3.CUs0.wavefronts00: Kernel 000 inst: 20100 s_mov_b32 s2, 0
85179756000: system.cpu3.CUs0.wavefronts00: Kernel 000 inst: 20104 s_mov_b32 s7, 0xc090cc00
85179757000: system.cpu3.CUs0.wavefronts00: Kernel 000 inst: 20112 v_mov_b32 v68, 0x401ec4ec
85179761000: system.cpu3.CUs0.wavefronts00: Kernel 000 inst: 20120 v_add_f64 v[54:55], v[34:35], v[58:59]
85179765000: system.cpu3.CUs0.wavefronts00: Kernel 000 inst: 20128 v_add_f64 v[66:67], v[58:59], -v[72:73]
85179766000: system.cpu3.CUs0.wavefronts00: Kernel 000 inst: 20136 s_mov_b32 s1, 0x3fd33333
85179769000: system.cpu3.CUs0.wavefronts00: Kernel 000 inst: 20144 v_mul_f64 v[36:37], v[36:37], s[0:1]
85179773000: system.cpu3.CUs0.wavefronts00: Kernel 000 inst: 20152 v_mov_b32 v69, 0x7ff00000
85180076000: system.cpu3.CUs0.wavefronts00: Kernel 000 inst: 20160 v_div_fixup_f64 v[31:32], v[56:57], v[31:32], 1
85180080000: system.cpu3.CUs0.wavefronts00: Kernel 000 inst: 20168 v_cmp_nlt_f64 vcc, s2, v29
85180081000: system.cpu3.CUs0.wavefronts00: Kernel 000 inst: 20172 s_mov_b32 s6, s2
85180084000: system.cpu3.CUs0.wavefronts00: Kernel 000 inst: 20176 v_add_f64 v[34:35], v[54:55], -v[34:35]
85180088000: system.cpu3.CUs0.wavefronts00: Kernel 000 inst: 20184 v_add_f64 v[62:63], v[62:63], -v[66:67]
85180092000: system.cpu3.CUs0.wavefronts00: Kernel 000 inst: 20192 v_cmp_nlt_f64 s[0:1], s[2:3], v[60:61]
85180096000: system.cpu3.CUs0.wavefronts00: Kernel 000 inst: 20200 v_cndmask_b32 v37, v69, v37, s[0:1]
85180100000: system.cpu3.CUs0.wavefronts00: Kernel 000 inst: 20208 v_cmp_ngt_f64 s[2:3], s[6:7], v[60:61]
85180104000: system.cpu3.CUs0.wavefronts00: Kernel 000 inst: 20216 v_cndmask_b32 v31, 0, v31, vcc
85180401000: system.cpu3.CUs0.wavefronts00: Kernel 000 inst: 20220 v_cndmask_b32 v32, 0, v32, vcc
85180405000: system.cpu3.CUs0.wavefronts00: Kernel 000 inst: 20224 v_cmp_ngt_f64 vcc, s6, v29
85180409000: system.cpu3.CUs0.wavefronts00: Kernel 000 inst: 20228 v_add_f64 v[57:58], v[58:59], -v[34:35]
85180413000: system.cpu3.CUs0.wavefronts00: Kernel 000 inst: 20236 v_add_f64 v[72:73], v[64:65], v[62:63]
85180417000: system.cpu3.CUs0.wavefronts00: Kernel 000 inst: 20244 v_mov_b32 v29, 0x4ec4ec4e
85180421000: system.cpu3.CUs0.wavefronts00: Kernel 000 inst: 20252 v_cndmask_b32 v61, 0, v37, s[2:3]
85180422000: system.cpu3.CUs0.wavefronts00: Kernel 000 inst: 20260 s_and_b64 s0, s2, s0
85180425000: system.cpu3.CUs0.wavefronts00: Kernel 000 inst: 20264 v_cndmask_b32 v60, 0, v36, s[0:1]
85180429000: system.cpu3.CUs0.wavefronts00: Kernel 000 inst: 20272 v_cndmask_b32 v36, v68, v32, vcc
85180433000: system.cpu3.CUs0.wavefronts00: Kernel 000 inst: 20276 v_cndmask_b32 v35, v29, v31, vcc
85180434000: system.cpu3.CUs0.wavefronts00: Kernel 000 inst: 20280 s_mov_b64 s0, 0
85180729000: system.cpu3.CUs0.wavefronts00: Kernel 000 inst: 20284 s_branch
85180736000: system.cpu3.CUs0.wavefronts00: Kernel 000 inst: 20292 s_load_dword s10, s[4:5], 0x00
85180737000: system.cpu3.CUs0.wavefronts00: Kernel 000 inst: 20300 s_mov_b32 s6, 0
85180741000: system.cpu3.CUs0.wavefronts00: Kernel 000 inst: 20304 s_andn2_b64 vcc_lo, exec, s0
85180742000: system.cpu3.CUs0.wavefronts00: Kernel 000 inst: 20308 v_mov_b32 v32, 0
85180746000: system.cpu3.CUs0.wavefronts00: Kernel 000 inst: 20312 v_mov_b32 v31, v32
85180747000: system.cpu3.CUs0.wavefronts00: Kernel 000 inst: 20316 s_cbranch_vccnz
85182048000: system.cpu3.CUs0.wavefronts00: Kernel 000 inst: 23828 s_mov_b32 s3, 0x404790a3
85182052000: system.cpu3.CUs0.wavefronts00: Kernel 000 inst: 23836 s_mov_b32 s2, 0xd70a3d71
85182056000: system.cpu3.CUs0.wavefronts00: Kernel 000 inst: 23844 s_mov_b32 s1, 0xbfb99999
85182060000: system.cpu3.CUs0.wavefronts00: Kernel 000 inst: 23852 s_mov_b32 s0, 0x9999999a
85182064000: system.cpu3.CUs0.wavefronts00: Kernel 000 inst: 23860 s_mov_b32 s49, 0x3ff71547
85182373000: system.cpu3.CUs0.wavefronts00: Kernel 000 inst: 23868 s_mov_b32 s48, 0x652b82fe
85182374000: system.cpu3.CUs0.wavefronts00: Kernel 000 inst: 23876 v_add_f64 v[67:68], v[23:24], s[2:3]
85182378000: system.cpu3.CUs0.wavefronts00: Kernel 000 inst: 23884 v_mul_f64 v[29:30], v[67:68], s[0:1]
85182382000: system.cpu3.CUs0.wavefronts00: Kernel 000 inst: 23892 v_mul_f64 v[62:63], v[29:30], s[48:49]
85182386000: system.cpu3.CUs0.wavefronts00: Kernel 000 inst: 23900 v_rndne_f64 v64, v62
85182387000: system.cpu3.CUs0.wavefronts00: Kernel 000 inst: 23904 s_mov_b32 s65, 0xbfe62e42
85182391000: system.cpu3.CUs0.wavefronts00: Kernel 000 inst: 23912 s_mov_b32 s64, 0xfefa3000
85182395000: system.cpu3.CUs0.wavefronts00: Kernel 000 inst: 23920 s_mov_b32 s67, 0xbd53de6a
85182399000: system.cpu3.CUs0.wavefronts00: Kernel 000 inst: 23928 s_mov_b32 s66, 0xf278ece6
85182701000: system.cpu3.CUs0.wavefronts00: Kernel 000 inst: 23936 v_fma_f64 v[62:63], v[64:65], s[64:65], v[29:30]
85182705000: system.cpu3.CUs0.wavefronts00: Kernel 000 inst: 23944 v_mul_f64 v[69:70], v[64:65], s[66:67]
85182709000: system.cpu3.CUs0.wavefronts00: Kernel 000 inst: 23952 v_add_f64 v[74:75], v[62:63], v[69:70]
85182713000: system.cpu3.CUs0.wavefronts00: Kernel 000 inst: 23960 v_add_f64 v[62:63], v[62:63], -v[74:75]
85182717000: system.cpu3.CUs0.wavefronts00: Kernel 000 inst: 23968 v_add_f64 v[69:70], v[62:63], v[69:70]
85182721000: system.cpu3.CUs0.wavefronts00: Kernel 000 inst: 23976 v_mul_f64 v[62:63], v[74:75], v[74:75]
85182725000: system.cpu3.CUs0.wavefronts00: Kernel 000 inst: 23984 v_fma_f64 v[76:77], v[74:75], v[74:75], -v[62:63]
85182729000: system.cpu3.CUs0.wavefronts00: Kernel 000 inst: 23992 v_add_f64 v[78:79], v[69:70], v[69:70]
85183026000: system.cpu3.CUs0.wavefronts00: Kernel 000 inst: 24000 v_fma_f64 v[76:77], v[74:75], v[78:79], v[76:77]
85183030000: system.cpu3.CUs0.wavefronts00: Kernel 000 inst: 24008 v_fma_f64 v[76:77], v[69:70], v[69:70], v[76:77]
85183034000: system.cpu3.CUs0.wavefronts00: Kernel 000 inst: 24016 v_add_f64 v[78:79], v[62:63], v[76:77]
85183038000: system.cpu3.CUs0.wavefronts00: Kernel 000 inst: 24024 v_add_f64 v[62:63], v[78:79], -v[62:63]
85183042000: system.cpu3.CUs0.wavefronts00: Kernel 000 inst: 24032 v_add_f64 v[76:77], v[76:77], -v[62:63]
85183043000: system.cpu3.CUs0.wavefronts00: Kernel 000 inst: 24040 s_mov_b32 s3, 0x3e928af3
85183047000: system.cpu3.CUs0.wavefronts00: Kernel 000 inst: 24048 s_mov_b32 s2, 0xfca7ab0c
85183051000: system.cpu3.CUs0.wavefronts00: Kernel 000 inst: 24056 s_mov_b32 s39, 0x3e5ade15
85183351000: system.cpu3.CUs0.wavefronts00: Kernel 000 inst: 24064 s_mov_b32 s38, 0x6a5dcb37
85183355000: system.cpu3.CUs0.wavefronts00: Kernel 000 inst: 24072 s_mov_b32 s41, 0x3ec71dee
85183359000: system.cpu3.CUs0.wavefronts00: Kernel 000 inst: 24080 s_mov_b32 s40, 0x623fde64
85183360000: system.cpu3.CUs0.wavefronts00: Kernel 000 inst: 24088 v_mov_b32 v63, s3
85183364000: system.cpu3.CUs0.wavefronts00: Kernel 000 inst: 24092 v_mov_b32 v62, s2
85183368000: system.cpu3.CUs0.wavefronts00: Kernel 000 inst: 24096 v_fma_f64 v[80:81], v[74:75], s[38:39], v[62:63]
85183372000: system.cpu3.CUs0.wavefronts00: Kernel 000 inst: 24104 v_fma_f64 v[80:81], v[74:75], v[80:81], s[40:41]
85183373000: system.cpu3.CUs0.wavefronts00: Kernel 000 inst: 24112 s_mov_b32 s43, 0x3efa0199
85183377000: system.cpu3.CUs0.wavefronts00: Kernel 000 inst: 24120 s_mov_b32 s42, 0x7c89e6b0
85183676000: system.cpu3.CUs0.wavefronts00: Kernel 000 inst: 24128 v_fma_f64 v[80:81], v[74:75], v[80:81], s[42:43]
85183677000: system.cpu3.CUs0.wavefronts00: Kernel 000 inst: 24136 s_mov_b32 s53, 0x3f2a01a0
85183681000: system.cpu3.CUs0.wavefronts00: Kernel 000 inst: 24144 s_mov_b32 s52, 0x14761f6e
85183684000: system.cpu3.CUs0.wavefronts00: Kernel 000 inst: 24152 v_fma_f64 v[80:81], v[74:75], v[80:81], s[52:53]
85183685000: system.cpu3.CUs0.wavefronts00: Kernel 000 inst: 24160 s_mov_b32 s55, 0x3f56c16c
85183689000: system.cpu3.CUs0.wavefronts00: Kernel 000 inst: 24168 s_mov_b32 s54, 0x1852b7b0
85183692000: system.cpu3.CUs0.wavefronts00: Kernel 000 inst: 24176 v_fma_f64 v[80:81], v[74:75], v[80:81], s[54:55]
85183693000: system.cpu3.CUs0.wavefronts00: Kernel 000 inst: 24184 s_mov_b32 s57, 0x3f811111
85184001000: system.cpu3.CUs0.wavefronts00: Kernel 000 inst: 24192 s_mov_b32 s56, 0x11122322
85184004000: system.cpu3.CUs0.wavefronts00: Kernel 000 inst: 24200 v_fma_f64 v[80:81], v[74:75], v[80:81], s[56:57]
85184005000: system.cpu3.CUs0.wavefronts00: Kernel 000 inst: 24208 s_mov_b32 s61, 0x3fa55555
85184009000: system.cpu3.CUs0.wavefronts00: Kernel 000 inst: 24216 s_mov_b32 s60, 0x555502a1
85184012000: system.cpu3.CUs0.wavefronts00: Kernel 000 inst: 24224 v_fma_f64 v[80:81], v[74:75], v[80:81], s[60:61]
85184013000: system.cpu3.CUs0.wavefronts00: Kernel 000 inst: 24232 s_mov_b32 s63, 0x3fc55555
85184017000: system.cpu3.CUs0.wavefronts00: Kernel 000 inst: 24240 s_mov_b32 s62, 0x55555511
85184020000: system.cpu3.CUs0.wavefronts00: Kernel 000 inst: 24248 v_fma_f64 v[80:81], v[74:75], v[80:81], s[62:63]
85184326000: system.cpu3.CUs0.wavefronts00: Kernel 000 inst: 24256 s_mov_b32 s59, 0x3fe00000
85184330000: system.cpu3.CUs0.wavefronts00: Kernel 000 inst: 24264 s_mov_b32 s58, 11
85184333000: system.cpu3.CUs0.wavefronts00: Kernel 000 inst: 24268 v_fma_f64 v[80:81], v[74:75], v[80:81], s[58:59]
85184337000: system.cpu3.CUs0.wavefronts00: Kernel 000 inst: 24276 v_mul_f64 v[82:83], v[78:79], v[80:81]
85184341000: system.cpu3.CUs0.wavefronts00: Kernel 000 inst: 24284 v_fma_f64 v[78:79], v[78:79], v[80:81], -v[82:83]
85184345000: system.cpu3.CUs0.wavefronts00: Kernel 000 inst: 24292 v_fma_f64 v[76:77], v[76:77], v[80:81], v[78:79]
85184346000: system.cpu3.CUs0.wavefronts00: Kernel 000 inst: 24300 s_mov_b32 s3, 0x3fa32acb
85184350000: system.cpu3.CUs0.wavefronts00: Kernel 000 inst: 24308 s_mov_b32 s2, -2
85184351000: system.cpu3.CUs0.wavefronts00: Kernel 000 inst: 24312 v_mul_f64 v[78:79], v[23:24], s[0:1]
85184651000: system.cpu3.CUs0.wavefronts00: Kernel 000 inst: 24320 v_mul_f64 v[80:81], v[78:79], s[2:3]
85184655000: system.cpu3.CUs0.wavefronts00: Kernel 000 inst: 24328 v_mul_f64 v[78:79], v[80:81], s[48:49]
85184659000: system.cpu3.CUs0.wavefronts00: Kernel 000 inst: 24336 v_rndne_f64 v84, v78
85184663000: system.cpu3.CUs0.wavefronts00: Kernel 000 inst: 24340 v_fma_f64 v[78:79], v[84:85], s[64:65], v[80:81]
85184667000: system.cpu3.CUs0.wavefronts00: Kernel 000 inst: 24348 v_mul_f64 v[86:87], v[84:85], s[66:67]
85184671000: system.cpu3.CUs0.wavefronts00: Kernel 000 inst: 24356 v_add_f64 v[88:89], v[78:79], v[86:87]
85184675000: system.cpu3.CUs0.wavefronts00: Kernel 000 inst: 24364 v_add_f64 v[78:79], v[78:79], -v[88:89]
85184679000: system.cpu3.CUs0.wavefronts00: Kernel 000 inst: 24372 v_add_f64 v[86:87], v[78:79], v[86:87]
85184976000: system.cpu3.CUs0.wavefronts00: Kernel 000 inst: 24380 v_mul_f64 v[78:79], v[88:89], v[88:89]
85184980000: system.cpu3.CUs0.wavefronts00: Kernel 000 inst: 24388 v_fma_f64 v[90:91], v[88:89], v[88:89], -v[78:79]
85184984000: system.cpu3.CUs0.wavefronts00: Kernel 000 inst: 24396 v_add_f64 v[92:93], v[86:87], v[86:87]
85184988000: system.cpu3.CUs0.wavefronts00: Kernel 000 inst: 24404 v_fma_f64 v[90:91], v[88:89], v[92:93], v[90:91]
85184992000: system.cpu3.CUs0.wavefronts00: Kernel 000 inst: 24412 v_fma_f64 v[90:91], v[86:87], v[86:87], v[90:91]
85184996000: system.cpu3.CUs0.wavefronts00: Kernel 000 inst: 24420 v_add_f64 v[92:93], v[78:79], v[90:91]
85185000000: system.cpu3.CUs0.wavefronts00: Kernel 000 inst: 24428 v_add_f64 v[78:79], v[92:93], -v[78:79]
85185004000: system.cpu3.CUs0.wavefronts00: Kernel 000 inst: 24436 v_add_f64 v[78:79], v[90:91], -v[78:79]
85185304000: system.cpu3.CUs0.wavefronts00: Kernel 000 inst: 24444 v_fma_f64 v[90:91], v[88:89], s[38:39], v[62:63]
85185308000: system.cpu3.CUs0.wavefronts00: Kernel 000 inst: 24452 v_fma_f64 v[90:91], v[88:89], v[90:91], s[40:41]
85185312000: system.cpu3.CUs0.wavefronts00: Kernel 000 inst: 24460 v_fma_f64 v[90:91], v[88:89], v[90:91], s[42:43]
85185316000: system.cpu3.CUs0.wavefronts00: Kernel 000 inst: 24468 v_fma_f64 v[90:91], v[88:89], v[90:91], s[52:53]
85185320000: system.cpu3.CUs0.wavefronts00: Kernel 000 inst: 24476 v_fma_f64 v[90:91], v[88:89], v[90:91], s[54:55]
85185324000: system.cpu3.CUs0.wavefronts00: Kernel 000 inst: 24484 v_fma_f64 v[90:91], v[88:89], v[90:91], s[56:57]
85185328000: system.cpu3.CUs0.wavefronts00: Kernel 000 inst: 24492 v_fma_f64 v[90:91], v[88:89], v[90:91], s[60:61]
85185332000: system.cpu3.CUs0.wavefronts00: Kernel 000 inst: 24500 v_fma_f64 v[90:91], v[88:89], v[90:91], s[62:63]
85185632000: system.cpu3.CUs0.wavefronts00: Kernel 000 inst: 24508 v_fma_f64 v[90:91], v[88:89], v[90:91], s[58:59]
85185636000: system.cpu3.CUs0.wavefronts00: Kernel 000 inst: 24516 v_mul_f64 v[94:95], v[92:93], v[90:91]
85185640000: system.cpu3.CUs0.wavefronts00: Kernel 000 inst: 24524 v_fma_f64 v[92:93], v[92:93], v[90:91], -v[94:95]
85185644000: system.cpu3.CUs0.wavefronts00: Kernel 000 inst: 24532 v_fma_f64 v[90:91], v[78:79], v[90:91], v[92:93]
85185648000: system.cpu3.CUs0.wavefronts00: Kernel 000 inst: 24540 v_add_f64 v[78:79], v[82:83], v[76:77]
85185652000: system.cpu3.CUs0.wavefronts00: Kernel 000 inst: 24548 v_add_f64 v[82:83], v[78:79], -v[82:83]
85185656000: system.cpu3.CUs0.wavefronts00: Kernel 000 inst: 24556 v_add_f64 v[76:77], v[76:77], -v[82:83]
85185660000: system.cpu3.CUs0.wavefronts00: Kernel 000 inst: 24564 v_add_f64 v[82:83], v[74:75], v[78:79]
85186936000: system.cpu3.CUs0.wavefronts00: Kernel 000 inst: 24572 v_add_f64 v[74:75], v[82:83], -v[74:75]
85186940000: system.cpu3.CUs0.wavefronts00: Kernel 000 inst: 24580 v_add_f64 v[74:75], v[78:79], -v[74:75]
85186944000: system.cpu3.CUs0.wavefronts00: Kernel 000 inst: 24588 v_add_f64 v[69:70], v[69:70], v[76:77]
85186948000: system.cpu3.CUs0.wavefronts00: Kernel 000 inst: 24596 v_add_f64 v[69:70], v[74:75], v[69:70]
85186952000: system.cpu3.CUs0.wavefronts00: Kernel 000 inst: 24604 v_add_f64 v[69:70], v[82:83], v[69:70]
85186953000: system.cpu3.CUs0.wavefronts00: Kernel 000 inst: 24612 s_mov_b32 s11, 0x430c0000
85186956000: system.cpu3.CUs0.wavefronts00: Kernel 000 inst: 24620 v_div_scale_f32 v34, s[0:1], v26, v26, s11
85186960000: system.cpu3.CUs0.wavefronts00: Kernel 000 inst: 24628 v_rcp_f32 v37, v34
85186964000: system.cpu3.CUs0.wavefronts00: Kernel 000 inst: 24632 v_fma_f32 v56, -v34, v37, 1
85187264000: system.cpu3.CUs0.wavefronts00: Kernel 000 inst: 24640 v_fma_f32 v37, v56, v37, v37
85187268000: system.cpu3.CUs0.wavefronts00: Kernel 000 inst: 24648 v_div_scale_f32 v56, vcc_lo, s11, v26, s11
85187272000: system.cpu3.CUs0.wavefronts00: Kernel 000 inst: 24656 v_mul_f32 v59, v56, v37
85187276000: system.cpu3.CUs0.wavefronts00: Kernel 000 inst: 24660 v_fma_f32 v66, -v34, v59, v56
85187280000: system.cpu3.CUs0.wavefronts00: Kernel 000 inst: 24668 v_fma_f32 v59, v66, v37, v59
85187284000: system.cpu3.CUs0.wavefronts00: Kernel 000 inst: 24676 v_fma_f32 v34, -v34, v59, v56
85187288000: system.cpu3.CUs0.wavefronts00: Kernel 000 inst: 24684 v_div_fmas_f32 v34, v34, v37, v59
85187292000: system.cpu3.CUs0.wavefronts00: Kernel 000 inst: 24692 v_cvt_i32_f64 v37, v64
85187296000: system.cpu3.CUs0.wavefronts00: Kernel 000 inst: 24696 v_add_f64 v[64:65], v[69:70], 1
85187591000: system.cpu3.CUs0.wavefronts00: Kernel 000 inst: 24704 v_ldexp_f64 v[64:65], v[64:65], v37
85187595000: system.cpu3.CUs0.wavefronts00: Kernel 000 inst: 24712 v_add_f64 v[64:65], -v[64:65], 1
85187596000: system.cpu3.CUs0.wavefronts00: Kernel 000 inst: 24720 s_mov_b32 s7, 0x40900000
85187600000: system.cpu3.CUs0.wavefronts00: Kernel 000 inst: 24728 s_mov_b32 s71, 0xc090cc00
85187604000: system.cpu3.CUs0.wavefronts00: Kernel 000 inst: 24736 s_mov_b32 s70, s6
85187605000: system.cpu3.CUs0.wavefronts00: Kernel 000 inst: 24740 v_mov_b32 v56, 0xfff00000
85187609000: system.cpu3.CUs0.wavefronts00: Kernel 000 inst: 24748 v_cmp_nlt_f64 s[0:1], s[6:7], v[29:30]
85187613000: system.cpu3.CUs0.wavefronts00: Kernel 000 inst: 24756 v_mov_b32 v37, 0x3ff00000
85187919000: system.cpu3.CUs0.wavefronts00: Kernel 000 inst: 24764 v_cndmask_b32 v59, v56, v65, s[0:1]
85187923000: system.cpu3.CUs0.wavefronts00: Kernel 000 inst: 24772 v_cmp_ngt_f64 s[2:3], s[70:71], v[29:30]
85187927000: system.cpu3.CUs0.wavefronts00: Kernel 000 inst: 24780 v_div_scale_f32 v29, s[4:5], v27, v27, s11
85187931000: system.cpu3.CUs0.wavefronts00: Kernel 000 inst: 24788 v_rcp_f32 v30, v29
85187935000: system.cpu3.CUs0.wavefronts00: Kernel 000 inst: 24792 v_fma_f32 v65, -v29, v30, 1
85187939000: system.cpu3.CUs0.wavefronts00: Kernel 000 inst: 24800 v_fma_f32 v30, v65, v30, v30
85187943000: system.cpu3.CUs0.wavefronts00: Kernel 000 inst: 24808 v_div_scale_f32 v65, vcc_lo, s11, v27, s11
85187947000: system.cpu3.CUs0.wavefronts00: Kernel 000 inst: 24816 v_mul_f32 v66, v65, v30
85187951000: system.cpu3.CUs0.wavefronts00: Kernel 000 inst: 24820 v_fma_f32 v69, -v29, v66, v65
85188247000: system.cpu3.CUs0.wavefronts00: Kernel 000 inst: 24828 v_fma_f32 v66, v69, v30, v66
85188251000: system.cpu3.CUs0.wavefronts00: Kernel 000 inst: 24836 v_fma_f32 v29, -v29, v66, v65
85188255000: system.cpu3.CUs0.wavefronts00: Kernel 000 inst: 24844 v_div_fmas_f32 v29, v29, v30, v66
85188259000: system.cpu3.CUs0.wavefronts00: Kernel 000 inst: 24852 v_cndmask_b32 v66, v37, v59, s[2:3]
85188260000: system.cpu3.CUs0.wavefronts00: Kernel 000 inst: 24860 s_and_b64 vcc_lo, s2, s0
85188263000: system.cpu3.CUs0.wavefronts00: Kernel 000 inst: 24864 v_cndmask_b32 v65, 0, v64, vcc
85188264000: system.cpu3.CUs0.wavefronts00: Kernel 000 inst: 24868 s_mov_b32 s73, 0x3fd47ae1
85188268000: system.cpu3.CUs0.wavefronts00: Kernel 000 inst: 24876 s_mov_b32 s72, 0x47ae147b
85188271000: system.cpu3.CUs0.wavefronts00: Kernel 000 inst: 24884 v_mul_f64 v[67:68], v[67:68], s[72:73]
85188575000: system.cpu3.CUs0.wavefronts00: Kernel 000 inst: 24892 v_div_scale_f64 v69, s[0:1], v65, v65, v67
85188579000: system.cpu3.CUs0.wavefronts00: Kernel 000 inst: 24900 v_rcp_f64 v74, v69
85188583000: system.cpu3.CUs0.wavefronts00: Kernel 000 inst: 24904 v_fma_f64 v[76:77], -v[69:70], v[74:75], 1
85188587000: system.cpu3.CUs0.wavefronts00: Kernel 000 inst: 24912 v_fma_f64 v[75:76], v[74:75], v[76:77], v[74:75]
85188588000: system.cpu3.CUs0.wavefronts00: Kernel 000 inst: 24920 s_mov_b32 s8, 0x3fe66666
85188591000: system.cpu3.CUs0.wavefronts00: Kernel 000 inst: 24928 v_div_scale_f32 v30, s[0:1], v14, v14, s8
85188595000: system.cpu3.CUs0.wavefronts00: Kernel 000 inst: 24936 v_rcp_f32 v59, v30
85188599000: system.cpu3.CUs0.wavefronts00: Kernel 000 inst: 24940 v_fma_f32 v64, -v30, v59, 1
85188603000: system.cpu3.CUs0.wavefronts00: Kernel 000 inst: 24948 v_fma_f32 v59, v64, v59, v59
85188903000: system.cpu3.CUs0.wavefronts00: Kernel 000 inst: 24956 v_div_scale_f32 v64, vcc_lo, s8, v14, s8
85188907000: system.cpu3.CUs0.wavefronts00: Kernel 000 inst: 24964 v_mul_f32 v71, v64, v59
85188911000: system.cpu3.CUs0.wavefronts00: Kernel 000 inst: 24968 v_fma_f32 v74, -v30, v71, v64
85188915000: system.cpu3.CUs0.wavefronts00: Kernel 000 inst: 24976 v_fma_f32 v71, v74, v59, v71
85188919000: system.cpu3.CUs0.wavefronts00: Kernel 000 inst: 24984 v_fma_f32 v30, -v30, v71, v64
85188923000: system.cpu3.CUs0.wavefronts00: Kernel 000 inst: 24992 v_div_fmas_f32 v74, v30, v59, v71
85188927000: system.cpu3.CUs0.wavefronts00: Kernel 000 inst: 25000 v_fma_f64 v[77:78], -v[69:70], v[75:76], 1
85188931000: system.cpu3.CUs0.wavefronts00: Kernel 000 inst: 25008 v_fma_f64 v[75:76], v[75:76], v[77:78], v[75:76]
85188935000: system.cpu3.CUs0.wavefronts00: Kernel 000 inst: 25016 v_div_scale_f64 v77, s[0:1], v67, v65, v67
85189231000: system.cpu3.CUs0.wavefronts00: Kernel 000 inst: 25024 v_mul_f64 v[82:83], v[77:78], v[75:76]
85189235000: system.cpu3.CUs0.wavefronts00: Kernel 000 inst: 25032 v_fma_f64 v[69:70], -v[69:70], v[82:83], v[77:78]
85189239000: system.cpu3.CUs0.wavefronts00: Kernel 000 inst: 25040 v_div_scale_f32 v30, s[2:3], v15, v15, s8
85189243000: system.cpu3.CUs0.wavefronts00: Kernel 000 inst: 25048 v_rcp_f32 v59, v30
85189247000: system.cpu3.CUs0.wavefronts00: Kernel 000 inst: 25052 v_fma_f32 v64, -v30, v59, 1
85189251000: system.cpu3.CUs0.wavefronts00: Kernel 000 inst: 25060 v_fma_f32 v59, v64, v59, v59
85189255000: system.cpu3.CUs0.wavefronts00: Kernel 000 inst: 25068 v_div_scale_f32 v64, vcc_lo, s8, v15, s8
85189259000: system.cpu3.CUs0.wavefronts00: Kernel 000 inst: 25076 v_mul_f32 v71, v64, v59
85189263000: system.cpu3.CUs0.wavefronts00: Kernel 000 inst: 25080 v_fma_f32 v77, -v30, v71, v64
85189726000: system.cpu3.CUs0.wavefronts00: Kernel 000 inst: 25088 v_fma_f32 v71, v77, v59, v71
85189730000: system.cpu3.CUs0.wavefronts00: Kernel 000 inst: 25096 v_fma_f32 v30, -v30, v71, v64
85189734000: system.cpu3.CUs0.wavefronts00: Kernel 000 inst: 25104 v_div_fmas_f32 v77, v30, v59, v71
85189735000: system.cpu3.CUs0.wavefronts00: Kernel 000 inst: 25112 s_mov_b64 vcc_lo, s0
85189738000: system.cpu3.CUs0.wavefronts00: Kernel 000 inst: 25116 v_div_fmas_f64 v[70:71], v[69:70], v[75:76], v[82:83]
85189742000: system.cpu3.CUs0.wavefronts00: Kernel 000 inst: 25124 v_add_f64 v[57:58], v[57:58], v[72:73]
85189746000: system.cpu3.CUs0.wavefronts00: Kernel 000 inst: 25132 v_add_f64 v[54:55], v[54:55], v[57:58]
85189750000: system.cpu3.CUs0.wavefronts00: Kernel 000 inst: 25140 v_cvt_i32_f64 v30, v52
85189754000: system.cpu3.CUs0.wavefronts00: Kernel 000 inst: 25144 v_add_f64 v[52:53], v[54:55], 1
85190051000: system.cpu3.CUs0.wavefronts00: Kernel 000 inst: 25152 v_ldexp_f64 v[52:53], v[52:53], v30
85190055000: system.cpu3.CUs0.wavefronts00: Kernel 000 inst: 25160 v_add_f64 v[52:53], v[52:53], 1
85190056000: system.cpu3.CUs0.wavefronts00: Kernel 000 inst: 25168 s_mov_b32 s4, 0x7ff00000
85190059000: system.cpu3.CUs0.wavefronts00: Kernel 000 inst: 25176 v_mov_b32 v69, s4
85190063000: system.cpu3.CUs0.wavefronts00: Kernel 000 inst: 25180 v_cmp_nlt_f64 vcc, s6, v50
85190067000: system.cpu3.CUs0.wavefronts00: Kernel 000 inst: 25184 v_cndmask_b32 v30, v69, v53, vcc
85190071000: system.cpu3.CUs0.wavefronts00: Kernel 000 inst: 25188 v_cmp_ngt_f64 s[0:1], s[70:71], v[50:51]
85190075000: system.cpu3.CUs0.wavefronts00: Kernel 000 inst: 25196 v_cndmask_b32 v76, v37, v30, s[0:1]
85190076000: system.cpu3.CUs0.wavefronts00: Kernel 000 inst: 25204 s_and_b64 vcc_lo, s0, vcc_lo
85190079000: system.cpu3.CUs0.wavefronts00: Kernel 000 inst: 25208 v_cndmask_b32 v75, 0, v52, vcc
85190376000: system.cpu3.CUs0.wavefronts00: Kernel 000 inst: 25212 v_div_scale_f64 v50, s[0:1], v75, v75, v60
85190380000: system.cpu3.CUs0.wavefronts00: Kernel 000 inst: 25220 v_rcp_f64 v52, v50
85190384000: system.cpu3.CUs0.wavefronts00: Kernel 000 inst: 25224 v_fma_f64 v[54:55], -v[50:51], v[52:53], 1
85190388000: system.cpu3.CUs0.wavefronts00: Kernel 000 inst: 25232 v_fma_f64 v[52:53], v[52:53], v[54:55], v[52:53]
85190392000: system.cpu3.CUs0.wavefronts00: Kernel 000 inst: 25240 v_fma_f64 v[54:55], -v[50:51], v[52:53], 1
85190396000: system.cpu3.CUs0.wavefronts00: Kernel 000 inst: 25248 v_fma_f64 v[52:53], v[52:53], v[54:55], v[52:53]
85190400000: system.cpu3.CUs0.wavefronts00: Kernel 000 inst: 25256 v_div_scale_f64 v54, s[0:1], v60, v75, v60
85190404000: system.cpu3.CUs0.wavefronts00: Kernel 000 inst: 25264 v_mul_f64 v[57:58], v[54:55], v[52:53]
85190408000: system.cpu3.CUs0.wavefronts00: Kernel 000 inst: 25272 v_fma_f64 v[50:51], -v[50:51], v[57:58], v[54:55]
85190704000: system.cpu3.CUs0.wavefronts00: Kernel 000 inst: 25280 s_mov_b32 s44, 0xc1300000
85190707000: system.cpu3.CUs0.wavefronts00: Kernel 000 inst: 25288 v_div_scale_f32 v30, s[2:3], s44, s44, v17
85190711000: system.cpu3.CUs0.wavefronts00: Kernel 000 inst: 25296 v_rcp_f32 v54, v30
85190715000: system.cpu3.CUs0.wavefronts00: Kernel 000 inst: 25300 v_fma_f32 v55, -v30, v54, 1
85190719000: system.cpu3.CUs0.wavefronts00: Kernel 000 inst: 25308 v_fma_f32 v54, v55, v54, v54
85190723000: system.cpu3.CUs0.wavefronts00: Kernel 000 inst: 25316 v_div_scale_f32 v55, vcc_lo, v17, s44, v17
85190727000: system.cpu3.CUs0.wavefronts00: Kernel 000 inst: 25324 v_mul_f32 v59, v55, v54
85190731000: system.cpu3.CUs0.wavefronts00: Kernel 000 inst: 25328 v_fma_f32 v64, -v30, v59, v55
85190735000: system.cpu3.CUs0.wavefronts00: Kernel 000 inst: 25336 v_fma_f32 v59, v64, v54, v59
gem5.opt: src/arch/amdgpu/gcn3/insts/instructions.cc:23100: virtual void gem5::Gcn3ISA::Inst_VOP3__V_CNDMASK_B32::execute(gem5::GPUDynInstPtr): Assertion `!(instData.ABS & 0x1)' failed.
Program aborted at tick 85190789000
--- BEGIN LIBC BACKTRACE ---
/pws-gem5/build/GCN3_X86/gem5.opt(_ZN4gem515print_backtraceEv+0x30)[0x5b5a44a66430]
/pws-gem5/build/GCN3_X86/gem5.opt(_ZN4gem512abortHandlerEi+0x4e)[0x5b5a44a8cc8e]
/lib/x86_64-linux-gnu/libpthread.so.0(+0x14420)[0x71b28a8df420]
/lib/x86_64-linux-gnu/libc.so.6(gsignal+0xcb)[0x71b289aa900b]
/lib/x86_64-linux-gnu/libc.so.6(abort+0x12b)[0x71b289a88859]
/lib/x86_64-linux-gnu/libc.so.6(+0x22729)[0x71b289a88729]
/lib/x86_64-linux-gnu/libc.so.6(+0x33fd6)[0x71b289a99fd6]
/pws-gem5/build/GCN3_X86/gem5.opt(_ZN4gem57Gcn3ISA24Inst_VOP3__V_CNDMASK_B327executeESt10shared_ptrINS_10GPUDynInstEE+0x43d)[0x5b5a4416c8bd]
/pws-gem5/build/GCN3_X86/gem5.opt(_ZN4gem510GPUDynInst7executeESt10shared_ptrIS0_E+0x4d)[0x5b5a449bcdbd]
/pws-gem5/build/GCN3_X86/gem5.opt(_ZN4gem59Wavefront4execEv+0x100)[0x5b5a44a06140]
/pws-gem5/build/GCN3_X86/gem5.opt(_ZN4gem59ExecStage4execEv+0x1e7)[0x5b5a4498b377]
/pws-gem5/build/GCN3_X86/gem5.opt(_ZN4gem511ComputeUnit4execEv+0xb5)[0x5b5a4495e685]
/pws-gem5/build/GCN3_X86/gem5.opt(_ZN4gem510EventQueue10serviceOneEv+0xc2)[0x5b5a44a7b852]
/pws-gem5/build/GCN3_X86/gem5.opt(_ZN4gem59doSimLoopEPNS_10EventQueueE+0x70)[0x5b5a44aa8710]
/pws-gem5/build/GCN3_X86/gem5.opt(_ZN4gem58simulateEm+0x29b)[0x5b5a44aa8d9b]
/pws-gem5/build/GCN3_X86/gem5.opt(+0x186f202)[0x5b5a44d0e202]
/pws-gem5/build/GCN3_X86/gem5.opt(+0xc20db6)[0x5b5a440bfdb6]
/lib/x86_64-linux-gnu/libpython3.8.so.1.0(+0x2a8748)[0x71b28ab96748]
/lib/x86_64-linux-gnu/libpython3.8.so.1.0(_PyEval_EvalFrameDefault+0x8dd8)[0x71b28a96bf48]
/lib/x86_64-linux-gnu/libpython3.8.so.1.0(_PyEval_EvalCodeWithName+0x8fb)[0x71b28aab8e4b]
/lib/x86_64-linux-gnu/libpython3.8.so.1.0(_PyFunction_Vectorcall+0x94)[0x71b28ab96124]
/lib/x86_64-linux-gnu/libpython3.8.so.1.0(+0x74d6d)[0x71b28a962d6d]
/lib/x86_64-linux-gnu/libpython3.8.so.1.0(_PyEval_EvalFrameDefault+0x7d86)[0x71b28a96aef6]
/lib/x86_64-linux-gnu/libpython3.8.so.1.0(_PyEval_EvalCodeWithName+0x8fb)[0x71b28aab8e4b]
/lib/x86_64-linux-gnu/libpython3.8.so.1.0(PyEval_EvalCodeEx+0x42)[0x71b28aab91d2]
/lib/x86_64-linux-gnu/libpython3.8.so.1.0(PyEval_EvalCode+0x1f)[0x71b28aab95bf]
/lib/x86_64-linux-gnu/libpython3.8.so.1.0(+0x1cfc01)[0x71b28aabdc01]
/lib/x86_64-linux-gnu/libpython3.8.so.1.0(+0x25f547)[0x71b28ab4d547]
/lib/x86_64-linux-gnu/libpython3.8.so.1.0(+0x74d6d)[0x71b28a962d6d]
/lib/x86_64-linux-gnu/libpython3.8.so.1.0(_PyEval_EvalFrameDefault+0x12fd)[0x71b28a96446d]
/lib/x86_64-linux-gnu/libpython3.8.so.1.0(+0x8006b)[0x71b28a96e06b]
/lib/x86_64-linux-gnu/libpython3.8.so.1.0(PyVectorcall_Call+0x60)[0x71b28ab96840]
--- END LIBC BACKTRACE ---
For more info on how to address this issue, please visit https://www.gem5.org/documentation/general_docs/common-errors/ 

Aborted (core dumped)

Time elapsed: 1m30.126s