Global frequency set at 1000000000000 ticks per second
src/mem/dram_interface.cc:690: warn: DRAM device capacity (8192 Mbytes) does not match the address range assigned (512 Mbytes)
src/base/statistics.hh:279: warn: One of the stats is a legacy stat. Legacy stat is a stat that does not belong to any statistics::Group. Legacy stat is deprecated.
src/base/stats/storage.hh:278: warn: Bucket size (5) does not divide range [1:75] into equal-sized buckets. Rounding up.
src/base/stats/storage.hh:278: warn: Bucket size (2) does not divide range [1:10] into equal-sized buckets. Rounding up.
src/base/stats/storage.hh:278: warn: Bucket size (2) does not divide range [1:64] into equal-sized buckets. Rounding up.
src/base/stats/storage.hh:278: warn: Bucket size (10000) does not divide range [1:1e+06] into equal-sized buckets. Rounding up.
src/base/stats/storage.hh:278: warn: Bucket size (5) does not divide range [1:75] into equal-sized buckets. Rounding up.
src/base/stats/storage.hh:278: warn: Bucket size (2) does not divide range [1:10] into equal-sized buckets. Rounding up.
src/base/stats/storage.hh:278: warn: Bucket size (2) does not divide range [1:64] into equal-sized buckets. Rounding up.
src/base/stats/storage.hh:278: warn: Bucket size (10000) does not divide range [1:1e+06] into equal-sized buckets. Rounding up.
src/base/stats/storage.hh:278: warn: Bucket size (5) does not divide range [1:75] into equal-sized buckets. Rounding up.
src/base/stats/storage.hh:278: warn: Bucket size (2) does not divide range [1:10] into equal-sized buckets. Rounding up.
src/base/stats/storage.hh:278: warn: Bucket size (2) does not divide range [1:64] into equal-sized buckets. Rounding up.
src/base/stats/storage.hh:278: warn: Bucket size (10000) does not divide range [1:1e+06] into equal-sized buckets. Rounding up.
src/base/stats/storage.hh:278: warn: Bucket size (5) does not divide range [1:75] into equal-sized buckets. Rounding up.
src/base/stats/storage.hh:278: warn: Bucket size (2) does not divide range [1:10] into equal-sized buckets. Rounding up.
src/base/stats/storage.hh:278: warn: Bucket size (2) does not divide range [1:64] into equal-sized buckets. Rounding up.
src/base/stats/storage.hh:278: warn: Bucket size (10000) does not divide range [1:1e+06] into equal-sized buckets. Rounding up.
src/base/stats/storage.hh:278: warn: Bucket size (10000) does not divide range [1:1.6e+06] into equal-sized buckets. Rounding up.
src/base/stats/storage.hh:278: warn: Bucket size (10000) does not divide range [1:1.6e+06] into equal-sized buckets. Rounding up.
src/base/stats/storage.hh:278: warn: Bucket size (10000) does not divide range [1:1.6e+06] into equal-sized buckets. Rounding up.
src/base/stats/storage.hh:278: warn: Bucket size (10000) does not divide range [1:1.6e+06] into equal-sized buckets. Rounding up.
src/base/stats/storage.hh:278: warn: Bucket size (10000) does not divide range [1:1.6e+06] into equal-sized buckets. Rounding up.
src/base/stats/storage.hh:278: warn: Bucket size (10000) does not divide range [1:1.6e+06] into equal-sized buckets. Rounding up.
src/base/stats/storage.hh:278: warn: Bucket size (10000) does not divide range [1:1.6e+06] into equal-sized buckets. Rounding up.
src/base/statistics.hh:279: warn: One of the stats is a legacy stat. Legacy stat is a stat that does not belong to any statistics::Group. Legacy stat is deprecated.
src/base/stats/storage.hh:278: warn: Bucket size (10000) does not divide range [1:1.6e+06] into equal-sized buckets. Rounding up.
src/base/stats/storage.hh:278: warn: Bucket size (10000) does not divide range [1:1.6e+06] into equal-sized buckets. Rounding up.
src/base/stats/storage.hh:278: warn: Bucket size (10000) does not divide range [1:1.6e+06] into equal-sized buckets. Rounding up.
src/base/stats/storage.hh:278: warn: Bucket size (10000) does not divide range [1:1.6e+06] into equal-sized buckets. Rounding up.
src/base/stats/storage.hh:278: warn: Bucket size (10000) does not divide range [1:1.6e+06] into equal-sized buckets. Rounding up.
src/base/stats/storage.hh:278: warn: Bucket size (10000) does not divide range [1:1.6e+06] into equal-sized buckets. Rounding up.
src/base/stats/storage.hh:278: warn: Bucket size (10000) does not divide range [1:1.6e+06] into equal-sized buckets. Rounding up.
src/base/stats/storage.hh:278: warn: Bucket size (10000) does not divide range [1:1.6e+06] into equal-sized buckets. Rounding up.
src/base/stats/storage.hh:278: warn: Bucket size (10000) does not divide range [1:1.6e+06] into equal-sized buckets. Rounding up.
src/base/stats/storage.hh:278: warn: Bucket size (10000) does not divide range [1:1.6e+06] into equal-sized buckets. Rounding up.
src/base/stats/storage.hh:278: warn: Bucket size (10000) does not divide range [1:1.6e+06] into equal-sized buckets. Rounding up.
src/base/stats/storage.hh:278: warn: Bucket size (10000) does not divide range [1:1.6e+06] into equal-sized buckets. Rounding up.
src/base/stats/storage.hh:278: warn: Bucket size (10000) does not divide range [1:1.6e+06] into equal-sized buckets. Rounding up.
src/base/stats/storage.hh:278: warn: Bucket size (10000) does not divide range [1:1.6e+06] into equal-sized buckets. Rounding up.
src/base/stats/storage.hh:278: warn: Bucket size (10000) does not divide range [1:1.6e+06] into equal-sized buckets. Rounding up.
src/base/stats/storage.hh:278: warn: Bucket size (10000) does not divide range [1:1.6e+06] into equal-sized buckets. Rounding up.
src/base/stats/storage.hh:278: warn: Bucket size (10000) does not divide range [1:1.6e+06] into equal-sized buckets. Rounding up.
src/base/stats/storage.hh:278: warn: Bucket size (10000) does not divide range [1:1.6e+06] into equal-sized buckets. Rounding up.
src/base/stats/storage.hh:278: warn: Bucket size (10000) does not divide range [1:1.6e+06] into equal-sized buckets. Rounding up.
src/base/stats/storage.hh:278: warn: Bucket size (10000) does not divide range [1:1.6e+06] into equal-sized buckets. Rounding up.
src/base/stats/storage.hh:278: warn: Bucket size (10000) does not divide range [1:1.6e+06] into equal-sized buckets. Rounding up.
src/base/stats/storage.hh:278: warn: Bucket size (10000) does not divide range [1:1.6e+06] into equal-sized buckets. Rounding up.
src/base/stats/storage.hh:278: warn: Bucket size (10000) does not divide range [1:1.6e+06] into equal-sized buckets. Rounding up.
src/base/stats/storage.hh:278: warn: Bucket size (10000) does not divide range [1:1.6e+06] into equal-sized buckets. Rounding up.
src/base/stats/storage.hh:278: warn: Bucket size (10000) does not divide range [1:1.6e+06] into equal-sized buckets. Rounding up.
src/base/stats/storage.hh:278: warn: Bucket size (10000) does not divide range [1:1.6e+06] into equal-sized buckets. Rounding up.
src/base/stats/storage.hh:278: warn: Bucket size (10000) does not divide range [1:1.6e+06] into equal-sized buckets. Rounding up.
src/base/stats/storage.hh:278: warn: Bucket size (10000) does not divide range [1:1.6e+06] into equal-sized buckets. Rounding up.
src/base/stats/storage.hh:278: warn: Bucket size (10000) does not divide range [1:1.6e+06] into equal-sized buckets. Rounding up.
src/base/stats/storage.hh:278: warn: Bucket size (10000) does not divide range [1:1.6e+06] into equal-sized buckets. Rounding up.
src/base/stats/storage.hh:278: warn: Bucket size (10000) does not divide range [1:1.6e+06] into equal-sized buckets. Rounding up.
src/base/stats/storage.hh:278: warn: Bucket size (10000) does not divide range [1:1.6e+06] into equal-sized buckets. Rounding up.
src/base/stats/storage.hh:278: warn: Bucket size (10000) does not divide range [1:1.6e+06] into equal-sized buckets. Rounding up.
src/base/stats/storage.hh:278: warn: Bucket size (10000) does not divide range [1:1.6e+06] into equal-sized buckets. Rounding up.
src/base/stats/storage.hh:278: warn: Bucket size (10000) does not divide range [1:1.6e+06] into equal-sized buckets. Rounding up.
src/base/stats/storage.hh:278: warn: Bucket size (10000) does not divide range [1:1.6e+06] into equal-sized buckets. Rounding up.
src/base/stats/storage.hh:278: warn: Bucket size (10000) does not divide range [1:1.6e+06] into equal-sized buckets. Rounding up.
src/base/stats/storage.hh:278: warn: Bucket size (10000) does not divide range [1:1.6e+06] into equal-sized buckets. Rounding up.
src/base/stats/storage.hh:278: warn: Bucket size (10000) does not divide range [1:1.6e+06] into equal-sized buckets. Rounding up.
src/base/stats/storage.hh:278: warn: Bucket size (10000) does not divide range [1:1.6e+06] into equal-sized buckets. Rounding up.
src/base/stats/storage.hh:278: warn: Bucket size (10000) does not divide range [1:1.6e+06] into equal-sized buckets. Rounding up.
src/base/stats/storage.hh:278: warn: Bucket size (10000) does not divide range [1:1.6e+06] into equal-sized buckets. Rounding up.
src/base/stats/storage.hh:278: warn: Bucket size (10000) does not divide range [1:1.6e+06] into equal-sized buckets. Rounding up.
src/base/stats/storage.hh:278: warn: Bucket size (10000) does not divide range [1:1.6e+06] into equal-sized buckets. Rounding up.
src/base/stats/storage.hh:278: warn: Bucket size (10000) does not divide range [1:1.6e+06] into equal-sized buckets. Rounding up.
src/base/stats/storage.hh:278: warn: Bucket size (10000) does not divide range [1:1.6e+06] into equal-sized buckets. Rounding up.
src/base/stats/storage.hh:278: warn: Bucket size (10000) does not divide range [1:1.6e+06] into equal-sized buckets. Rounding up.
src/base/stats/storage.hh:278: warn: Bucket size (10000) does not divide range [1:1.6e+06] into equal-sized buckets. Rounding up.
src/base/stats/storage.hh:278: warn: Bucket size (10000) does not divide range [1:1.6e+06] into equal-sized buckets. Rounding up.
src/base/stats/storage.hh:278: warn: Bucket size (10000) does not divide range [1:1.6e+06] into equal-sized buckets. Rounding up.
src/base/stats/storage.hh:278: warn: Bucket size (10000) does not divide range [1:1.6e+06] into equal-sized buckets. Rounding up.
src/base/stats/storage.hh:278: warn: Bucket size (10000) does not divide range [1:1.6e+06] into equal-sized buckets. Rounding up.
src/base/stats/storage.hh:278: warn: Bucket size (10000) does not divide range [1:1.6e+06] into equal-sized buckets. Rounding up.
src/base/stats/storage.hh:278: warn: Bucket size (10000) does not divide range [1:1.6e+06] into equal-sized buckets. Rounding up.
src/base/stats/storage.hh:278: warn: Bucket size (10000) does not divide range [1:1.6e+06] into equal-sized buckets. Rounding up.
src/base/stats/storage.hh:278: warn: Bucket size (10000) does not divide range [1:1.6e+06] into equal-sized buckets. Rounding up.
src/base/stats/storage.hh:278: warn: Bucket size (10000) does not divide range [1:1.6e+06] into equal-sized buckets. Rounding up.
src/base/stats/storage.hh:278: warn: Bucket size (10000) does not divide range [1:1.6e+06] into equal-sized buckets. Rounding up.
src/base/stats/storage.hh:278: warn: Bucket size (10000) does not divide range [1:1.6e+06] into equal-sized buckets. Rounding up.
src/base/stats/storage.hh:278: warn: Bucket size (10000) does not divide range [1:1.6e+06] into equal-sized buckets. Rounding up.
src/base/stats/storage.hh:278: warn: Bucket size (10000) does not divide range [1:1.6e+06] into equal-sized buckets. Rounding up.
src/base/stats/storage.hh:278: warn: Bucket size (10000) does not divide range [1:1.6e+06] into equal-sized buckets. Rounding up.
src/base/stats/storage.hh:278: warn: Bucket size (10000) does not divide range [1:1.6e+06] into equal-sized buckets. Rounding up.
src/base/stats/storage.hh:278: warn: Bucket size (10000) does not divide range [1:1.6e+06] into equal-sized buckets. Rounding up.
Forcing maxCoalescedReqs to 32 (TLB assoc.) 
Forcing maxCoalescedReqs to 32 (TLB assoc.) 
Forcing maxCoalescedReqs to 32 (TLB assoc.) 
Forcing maxCoalescedReqs to 32 (TLB assoc.) 
Forcing maxCoalescedReqs to 32 (TLB assoc.) 
Forcing maxCoalescedReqs to 32 (TLB assoc.) 
src/base/statistics.hh:279: warn: One of the stats is a legacy stat. Legacy stat is a stat that does not belong to any statistics::Group. Legacy stat is deprecated.
Forcing maxCoalescedReqs to 32 (TLB assoc.) 
Forcing maxCoalescedReqs to 32 (TLB assoc.) 
system.remote_gdb: Listening for connections on port 7000
gem5 Simulator System.  https://www.gem5.org
gem5 is copyrighted software; use the --copyright option for details.

gem5 version 23.1.0.0
gem5 compiled Oct 11 2024 18:07:55
gem5 started Oct 11 2024 18:49:31
gem5 executing on 908dcad321bf, pid 67840
command line: /pws-gem5/build/GCN3_X86/gem5.opt --debug-flags=IPT /pws-gem5/configs/example/apu_se.py -n 3 -c /hip-benchmarks/rodinia_3.0/hip/nn/nn -o '/hip-benchmarks/rodinia_3.0/data/nn/filelist-small.txt -r 100 -lat 30 -lng 90'

Num SQC =  1 Num scalar caches =  1 Num CU =  4
warn: system.ruby.network adopting orphan SimObject param 'ext_links'
warn: system.ruby.network adopting orphan SimObject param 'int_links'
src/sim/simulate.cc:199: info: Entering event queue @ 0.  Starting simulation...
src/mem/ruby/system/Sequencer.cc:668: warn: Replacement policy updates recently became the responsibility of SLICC state machines. Make sure to setMRU() near callbacks in .sm files!
src/sim/mem_state.cc:448: info: Increasing stack size by one page.
src/base/loader/symtab.cc:95: warn: Cannot insert a new symbol table due to name collisions. Adding prefix to each symbol's name can resolve this issue.
src/base/loader/symtab.cc:95: warn: Cannot insert a new symbol table due to name collisions. Adding prefix to each symbol's name can resolve this issue.
src/base/loader/symtab.cc:95: warn: Cannot insert a new symbol table due to name collisions. Adding prefix to each symbol's name can resolve this issue.
src/base/loader/symtab.cc:95: warn: Cannot insert a new symbol table due to name collisions. Adding prefix to each symbol's name can resolve this issue.
src/sim/syscall_emul.cc:74: warn: ignoring syscall mprotect(...)
src/sim/syscall_emul.cc:74: warn: ignoring syscall mprotect(...)
src/base/loader/symtab.cc:95: warn: Cannot insert a new symbol table due to name collisions. Adding prefix to each symbol's name can resolve this issue.
src/sim/syscall_emul.cc:74: warn: ignoring syscall mprotect(...)
src/base/loader/symtab.cc:95: warn: Cannot insert a new symbol table due to name collisions. Adding prefix to each symbol's name can resolve this issue.
src/base/loader/symtab.cc:95: warn: Cannot insert a new symbol table due to name collisions. Adding prefix to each symbol's name can resolve this issue.
src/base/loader/symtab.cc:95: warn: Cannot insert a new symbol table due to name collisions. Adding prefix to each symbol's name can resolve this issue.
src/base/loader/symtab.cc:95: warn: Cannot insert a new symbol table due to name collisions. Adding prefix to each symbol's name can resolve this issue.
src/sim/syscall_emul.cc:74: warn: ignoring syscall mprotect(...)
src/base/loader/symtab.cc:95: warn: Cannot insert a new symbol table due to name collisions. Adding prefix to each symbol's name can resolve this issue.
src/base/loader/symtab.cc:95: warn: Cannot insert a new symbol table due to name collisions. Adding prefix to each symbol's name can resolve this issue.
src/sim/syscall_emul.cc:74: warn: ignoring syscall mprotect(...)
src/base/loader/symtab.cc:95: warn: Cannot insert a new symbol table due to name collisions. Adding prefix to each symbol's name can resolve this issue.
src/sim/syscall_emul.cc:74: warn: ignoring syscall mprotect(...)
src/sim/syscall_emul.cc:74: warn: ignoring syscall mprotect(...)
src/sim/syscall_emul.cc:74: warn: ignoring syscall mprotect(...)
src/sim/syscall_emul.cc:74: warn: ignoring syscall mprotect(...)
src/sim/syscall_emul.cc:74: warn: ignoring syscall mprotect(...)
src/sim/syscall_emul.cc:74: warn: ignoring syscall mprotect(...)
src/sim/syscall_emul.cc:74: warn: ignoring syscall mprotect(...)
src/sim/syscall_emul.cc:74: warn: ignoring syscall mprotect(...)
src/sim/syscall_emul.cc:74: warn: ignoring syscall mprotect(...)
src/sim/syscall_emul.cc:74: warn: ignoring syscall mprotect(...)
src/sim/syscall_emul.cc:74: warn: ignoring syscall mprotect(...)
src/sim/syscall_emul.cc:74: warn: ignoring syscall mprotect(...)
src/sim/syscall_emul.cc:74: warn: ignoring syscall mprotect(...)
src/sim/syscall_emul.cc:74: warn: ignoring syscall mprotect(...)
src/sim/syscall_emul.cc:74: warn: ignoring syscall mprotect(...)
src/sim/syscall_emul.cc:74: warn: ignoring syscall mprotect(...)
src/sim/syscall_emul.cc:74: warn: ignoring syscall mprotect(...)
src/sim/syscall_emul.cc:74: warn: ignoring syscall mprotect(...)
src/sim/syscall_emul.cc:74: warn: ignoring syscall mprotect(...)
src/sim/syscall_emul.cc:74: warn: ignoring syscall set_robust_list(...)
src/sim/syscall_emul.cc:85: warn: ignoring syscall rt_sigaction(...)
      (further warnings will be suppressed)
src/sim/syscall_emul.cc:85: warn: ignoring syscall rt_sigprocmask(...)
      (further warnings will be suppressed)
src/sim/syscall_emul.cc:74: warn: ignoring syscall get_mempolicy(...)
build/GCN3_X86/arch/x86/generated/exec-ns.cc.inc:27: warn: instruction 'frndint' unimplemented
src/sim/mem_state.cc:448: info: Increasing stack size by one page.
src/gpu-compute/gpu_compute_driver.cc:710: warn: unimplemented ioctl: AMDKFD_IOC_ACQUIRE_VM
src/sim/syscall_emul.hh:1890: warn: mmap: writing to shared mmap region is currently unsupported. The write succeeds on the target, but it will not be propagated to the host or shared mappings
src/sim/mem_state.cc:448: info: Increasing stack size by one page.
src/gpu-compute/gpu_compute_driver.cc:460: warn: Signal events are only supported currently
src/sim/syscall_emul.cc:74: warn: ignoring syscall mprotect(...)
src/sim/power_state.cc:105: warn: PowerState: Already in the requested power state, request ignored
src/sim/syscall_emul.cc:74: warn: ignoring syscall set_robust_list(...)
src/sim/syscall_emul.cc:74: warn: ignoring syscall mprotect(...)
src/gpu-compute/gpu_compute_driver.cc:604: warn: unimplemented ioctl: AMDKFD_IOC_SET_SCRATCH_BACKING_VA
src/gpu-compute/gpu_compute_driver.cc:614: warn: unimplemented ioctl: AMDKFD_IOC_SET_TRAP_HANDLER
src/sim/syscall_emul.cc:74: warn: ignoring syscall mprotect(...)
src/sim/syscall_emul.cc:74: warn: ignoring syscall set_robust_list(...)
src/sim/syscall_emul.cc:74: warn: ignoring syscall mprotect(...)
src/sim/syscall_emul.cc:74: warn: ignoring syscall madvise(...)
src/sim/syscall_emul.cc:74: warn: ignoring syscall mprotect(...)
src/sim/syscall_emul.cc:74: warn: ignoring syscall sched_setaffinity(...)
src/sim/syscall_emul.cc:74: warn: ignoring syscall set_robust_list(...)
src/sim/syscall_emul.cc:85: warn: ignoring syscall sched_yield(...)
      (further warnings will be suppressed)
src/sim/syscall_emul.cc:74: warn: ignoring syscall mprotect(...)
src/sim/syscall_emul.cc:74: warn: ignoring syscall mprotect(...)
src/sim/syscall_emul.cc:74: warn: ignoring syscall mprotect(...)
src/sim/syscall_emul.cc:74: warn: ignoring syscall mprotect(...)
src/sim/syscall_emul.cc:74: warn: ignoring syscall mprotect(...)
src/sim/syscall_emul.cc:74: warn: ignoring syscall mprotect(...)
src/sim/syscall_emul.cc:74: warn: ignoring syscall mprotect(...)
src/sim/syscall_emul.cc:74: warn: ignoring syscall mprotect(...)
src/sim/syscall_emul.cc:74: warn: ignoring syscall mprotect(...)
src/sim/syscall_emul.cc:74: warn: ignoring syscall mprotect(...)
src/sim/syscall_emul.cc:74: warn: ignoring syscall mprotect(...)
src/sim/syscall_emul.cc:74: warn: ignoring syscall mprotect(...)
src/gpu-compute/gpu_command_processor.cc:528: warn: Ignoring vendor packet
79490376000: system.cpu3.CUs0.wavefronts00: Kernel 000 inst: 00000 s_mov_b32 s2, s9
79490377000: system.cpu3.CUs0.wavefronts00: Kernel 000 inst: 00004 s_load_dword s0, s[4:5], 0x04
79490381000: system.cpu3.CUs0.wavefronts00: Kernel 000 inst: 00012 s_load_dword s3, s[4:5], 0x0c
79490392000: system.cpu3.CUs0.wavefronts00: Kernel 000 inst: 00020 s_waitcnt lgkmcnt(0)
79491725000: system.cpu3.CUs0.wavefronts00: Kernel 000 inst: 00024 s_and_b32 s4, s0, 0x0000ffff
79491728000: system.cpu3.CUs0.wavefronts00: Kernel 000 inst: 00032 v_cvt_f32_u32 v1, s4
79491732000: system.cpu3.CUs0.wavefronts00: Kernel 000 inst: 00036 v_rcp_iflag_f32 v1, v1
79491736000: system.cpu3.CUs0.wavefronts00: Kernel 000 inst: 00040 v_mul_f32 v1, 0x4f7ffffe, v1
79491740000: system.cpu3.CUs0.wavefronts00: Kernel 000 inst: 00048 v_cvt_u32_f32 v1, v1
79491741000: system.cpu3.CUs0.wavefronts00: Kernel 000 inst: 00052 s_sub_i32 s0, 0, s4
79491744000: system.cpu3.CUs0.wavefronts00: Kernel 000 inst: 00056 v_mul_lo_u32 v2, s0, v1
79491748000: system.cpu3.CUs0.wavefronts00: Kernel 000 inst: 00064 v_mul_hi_u32 v2, v1, v2
79491752000: system.cpu3.CUs0.wavefronts00: Kernel 000 inst: 00072 v_add_u32 v1, vcc, v2, v1
79491756000: system.cpu3.CUs0.wavefronts00: Kernel 000 inst: 00076 v_mul_hi_u32 v1, s3, v1
79491760000: system.cpu3.CUs0.wavefronts00: Kernel 000 inst: 00084 v_mul_lo_u32 v2, v1, s4
79491764000: system.cpu3.CUs0.wavefronts00: Kernel 000 inst: 00092 v_add_u32 v3, vcc, 1, v1
79491768000: system.cpu3.CUs0.wavefronts00: Kernel 000 inst: 00096 v_sub_u32 v2, vcc, s3, v2
79491772000: system.cpu3.CUs0.wavefronts00: Kernel 000 inst: 00100 v_cmp_le_u32 s[0:1], s4, v2
79491776000: system.cpu3.CUs0.wavefronts00: Kernel 000 inst: 00108 v_cndmask_b32 v1, v1, v3, s[0:1]
79491780000: system.cpu3.CUs0.wavefronts00: Kernel 000 inst: 00116 v_subrev_u32 v3, vcc, s4, v2
79491784000: system.cpu3.CUs0.wavefronts00: Kernel 000 inst: 00120 v_cndmask_b32 v2, v2, v3, s[0:1]
79492072000: system.cpu3.CUs0.wavefronts00: Kernel 000 inst: 00128 v_add_u32 v3, vcc, 1, v1
79492076000: system.cpu3.CUs0.wavefronts00: Kernel 000 inst: 00132 v_cmp_le_u32 vcc, s4, v2
79492080000: system.cpu3.CUs0.wavefronts00: Kernel 000 inst: 00136 v_cndmask_b32 v1, v1, v3, vcc
79492084000: system.cpu3.CUs0.wavefronts00: Kernel 000 inst: 00140 v_mul_lo_u32 v2, v1, s4
79492085000: system.cpu3.CUs0.wavefronts00: Kernel 000 inst: 00148 s_mov_b32 s9, 0
79492088000: system.cpu3.CUs0.wavefronts00: Kernel 000 inst: 00152 v_mov_b32 v3, s2
79492092000: system.cpu3.CUs0.wavefronts00: Kernel 000 inst: 00156 v_cmp_gt_u32 vcc, s3, v2
79492096000: system.cpu3.CUs0.wavefronts00: Kernel 000 inst: 00160 v_addc_u32 v1, vcc, 0, v1, vcc
79492100000: system.cpu3.CUs0.wavefronts00: Kernel 000 inst: 00164 v_mad_u64_u32 v1, s[0:1], v1, v3, s8
79492104000: system.cpu3.CUs0.wavefronts00: Kernel 000 inst: 00172 v_mul_lo_u32 v1, v1, s4
79492105000: system.cpu3.CUs0.wavefronts00: Kernel 000 inst: 00180 s_load_dwordx4 s[0:3], s[6:7], 0x10
79492397000: system.cpu3.CUs0.wavefronts00: Kernel 000 inst: 00188 v_add_u32 v1, vcc, v1, v0
79492398000: system.cpu3.CUs0.wavefronts00: Kernel 000 inst: 00192 s_waitcnt lgkmcnt(0)
79493453000: system.cpu3.CUs0.wavefronts00: Kernel 000 inst: 00196 v_cmp_gt_i32 vcc, s0, v1
79493456000: system.cpu3.CUs0.wavefronts00: Kernel 000 inst: 00200 s_and_saveexec_b64 s4, vcc_lo
79493460000: system.cpu3.CUs0.wavefronts00: Kernel 000 inst: 00204 s_cbranch_execz label_d4
79493461000: system.cpu3.CUs0.wavefronts00: Kernel 000 inst: 00208 s_load_dwordx4 s[4:7], s[6:7], 0x00
79493462000: system.cpu3.CUs0.wavefronts00: Kernel 000 inst: 00216 v_mov_b32 v0, 0
79493466000: system.cpu3.CUs0.wavefronts00: Kernel 000 inst: 00220 v_ashrrev_i64 v[2:3], 29, v[0:1]
79493480000: system.cpu3.CUs0.wavefronts00: Kernel 000 inst: 00228 s_waitcnt lgkmcnt(0)
79493519000: system.cpu3.CUs0.wavefronts00: Kernel 000 inst: 00232 v_mov_b32 v4, s5
79493523000: system.cpu3.CUs0.wavefronts00: Kernel 000 inst: 00236 v_add_u32 v2, vcc, s4, v2
79493527000: system.cpu3.CUs0.wavefronts00: Kernel 000 inst: 00240 v_addc_u32 v3, vcc, v4, v3, vcc
79493528000: system.cpu3.CUs0.wavefronts00: Kernel 000 inst: 00244 flat_load_dwordx2 v2, v[2:3]
79493788000: system.cpu3.CUs0.wavefronts00: Kernel 000 inst: 00252 s_mov_b32 s0, 0x0f800000
79493789000: system.cpu3.CUs0.wavefronts00: Kernel 000 inst: 00260 v_mov_b32 v4, 0x4f800000
79493796000: system.cpu3.CUs0.wavefronts00: Kernel 000 inst: 00268 s_movk_i32 s3, 0x0260
79493797000: system.cpu3.CUs0.wavefronts00: Kernel 000 inst: 00272 v_mov_b32 v5, 0x37800000
79493801000: system.cpu3.CUs0.wavefronts00: Kernel 000 inst: 00280 v_ashrrev_i64 v[0:1], 30, v[0:1]
79493805000: system.cpu3.CUs0.wavefronts00: Kernel 000 inst: 00288 v_mov_b32 v6, s7
79493806000: system.cpu3.CUs0.wavefronts00: Kernel 000 inst: 00292 s_waitcnt vmcnt(0) & lgkmcnt(0)
79494884000: system.cpu3.CUs0.wavefronts00: Kernel 000 inst: 00296 v_sub_f32 v2, s1, v2
79494888000: system.cpu3.CUs0.wavefronts00: Kernel 000 inst: 00300 v_sub_f32 v3, s2, v3
79494892000: system.cpu3.CUs0.wavefronts00: Kernel 000 inst: 00304 v_mul_f32 v3, v3, v3
79494896000: system.cpu3.CUs0.wavefronts00: Kernel 000 inst: 00308 v_fma_f32 v2, v2, v2, v3
79494900000: system.cpu3.CUs0.wavefronts00: Kernel 000 inst: 00316 v_cmp_gt_f32 vcc, s0, v2
79494904000: system.cpu3.CUs0.wavefronts00: Kernel 000 inst: 00320 v_cndmask_b32 v3, 1, v4, vcc
79494908000: system.cpu3.CUs0.wavefronts00: Kernel 000 inst: 00324 v_mul_f32 v2, v2, v3
79494912000: system.cpu3.CUs0.wavefronts00: Kernel 000 inst: 00328 v_sqrt_f32 v3, v2
79494916000: system.cpu3.CUs0.wavefronts00: Kernel 000 inst: 00332 v_add_u32 v0, s[0:1], s6, v0
79494920000: system.cpu3.CUs0.wavefronts00: Kernel 000 inst: 00340 v_addc_u32 v1, s[0:1], v6, v1, s0, vcc
79494924000: system.cpu3.CUs0.wavefronts00: Kernel 000 inst: 00348 v_cndmask_b32 v4, 1, v5, vcc
79494928000: system.cpu3.CUs0.wavefronts00: Kernel 000 inst: 00352 v_add_u32 v5, vcc, -1, v3
79494932000: system.cpu3.CUs0.wavefronts00: Kernel 000 inst: 00356 v_add_u32 v6, vcc, 1, v3
79494936000: system.cpu3.CUs0.wavefronts00: Kernel 000 inst: 00360 v_fma_f32 v7, -v6, v3, v2
79494940000: system.cpu3.CUs0.wavefronts00: Kernel 000 inst: 00368 v_fma_f32 v8, -v5, v3, v2
79494944000: system.cpu3.CUs0.wavefronts00: Kernel 000 inst: 00376 v_cmp_ge_f32 vcc, 0, v8
79494948000: system.cpu3.CUs0.wavefronts00: Kernel 000 inst: 00380 v_cndmask_b32 v3, v3, v5, vcc
79494952000: system.cpu3.CUs0.wavefronts00: Kernel 000 inst: 00384 v_cmp_lt_f32 vcc, 0, v7
79494956000: system.cpu3.CUs0.wavefronts00: Kernel 000 inst: 00388 v_cndmask_b32 v3, v3, v6, vcc
79494960000: system.cpu3.CUs0.wavefronts00: Kernel 000 inst: 00392 v_mul_f32 v3, v4, v3
79494964000: system.cpu3.CUs0.wavefronts00: Kernel 000 inst: 00396 v_cmp_class_f32 s[106:107], v2, s3
79494968000: system.cpu3.CUs0.wavefronts00: Kernel 000 inst: 00404 v_cndmask_b32 v2, v3, v2, vcc
79494969000: system.cpu3.CUs0.wavefronts00: Kernel 000 inst: 00408 flat_store_dword v[0:1], v2
79496207000: system.cpu3.CUs0.wavefronts00: Kernel 000 inst: 00416 s_endpgm
79496220000: system.cpu0.workload.drivers0.device.dispatcher: -----------------------------------------------------------
79496220000: system.cpu0.workload.drivers0.device.dispatcher: | Kernel ID 0    start address 0x7fff5e781000             |
79496220000: system.cpu0.workload.drivers0.device.dispatcher: -----------------------------------------------------------
79496220000: system.cpu0.workload.drivers0.device.dispatcher: |         | Kernel | Start | End   | Count | Latency      |
79496220000: system.cpu0.workload.drivers0.device.dispatcher: -----------------------------------------------------------
79496220000: system.cpu0.workload.drivers0.device.dispatcher: | Measure | 0      | 204   | 416   | 1     | 2744000      |
79496220000: system.cpu0.workload.drivers0.device.dispatcher: | Measure | 0      | 0     | 204   | 1     | 4414999      |
79496220000: system.cpu0.workload.drivers0.device.dispatcher: -----------------------------------------------------------
79496220000: system.cpu0.workload.drivers0.device.dispatcher: | ~ 0 ~ Total Kernel Time ~ 7146999                       |
79496220000: system.cpu0.workload.drivers0.device.dispatcher: -----------------------------------------------------------
1957  6 25 12 27 GORDON     37.1  86.6   24  792 --> Distance=7.872102
1984  1 14  0 27 ALBERTO    37.3  94.5   28  655 --> Distance=8.575546
1969  4 10  6 22 WILLIAM    40.4  97.7  108  774 --> Distance=12.940247
1980 11  6 12 18 SANDY      15.8  84.2  153   47 --> Distance=15.338840
1960 10 16  0  2 HELENE     14.5  79.9  157  781 --> Distance=18.500269
1962  4  7  0  2 ERNESTO    50.2  90.7  161  182 --> Distance=20.212126
1985  3 19  0 20 HELENE     46.6  78.2   46  314 --> Distance=20.366640
1952 12 22  0 15 VALERIE    14.2  74.6   46  792 --> Distance=22.063545
1954  2  2 18  8 JOYCE      36.8 113.0   67  618 --> Distance=23.984161
2004  4  2  0 10 JOYCE      18.9  65.4  109  823 --> Distance=26.988329
1977  4 21  0  4 OSCAR      15.7  66.9   76  187 --> Distance=27.167994
1958  3 23  0 12 TONY       17.0 114.5   98  517 --> Distance=27.735357
1970  3 12  0 24 NADINE     19.5 117.1  155  269 --> Distance=29.063034
1962 10  4 12 11 LESLIE     51.7 110.4   64  161 --> Distance=29.783386
1954  2  2 18  8 JOYCE      36.8 113.0   67  618 --> Distance=30.173164
1972  6 14 18 28 DEBBY      47.1  63.0   78  684 --> Distance=31.959505
1975  9  2 12 10 GORDON     64.6  88.5  114  331 --> Distance=34.632500
1952 10 16 18 10 RAFAEL     26.7  54.4  115  502 --> Distance=35.752621
1976  7  6  0 11 BERYL      55.9 115.0   37   42 --> Distance=35.997360
2002  2  6  6 20 FLORENCE   30.3  53.2   81  351 --> Distance=36.801224
1988  8 13 18 24 HELENE     63.6  72.4  151  561 --> Distance=37.930462
1980  3 22  6 14 GORDON     10.9  57.1   59  289 --> Distance=38.042347
1970  3 12  0 24 NADINE     19.5 117.1  155  269 --> Distance=38.064289
1971  8 27  6 22 ISAAC      13.1  50.9   49  388 --> Distance=42.596008
1995  7 16 12 12 SANDY      29.1 135.3   57   70 --> Distance=45.308945
1951  1 17 18 23 BERYL      30.5 140.9  117  544 --> Distance=50.902451
1976 10  4  6 20 FLORENCE   34.1  38.6  134  466 --> Distance=51.563263
1999  6 16 18  5 OSCAR      29.7 144.3  161  243 --> Distance=54.300831
1976 10  4  6 20 FLORENCE   34.1  38.6  134  466 --> Distance=55.809856
1969  4 10  6 22 WILLIAM    40.4  97.7  108  774 --> Distance=56.707764
1990  5  9 12  8 KIRK       45.4  35.1   68  801 --> Distance=57.019035
1958  3 23  0 12 TONY       17.0 114.5   98  517 --> Distance=57.042618
1962  4  7  0  2 ERNESTO    50.2  90.7  161  182 --> Distance=58.186771
1982  4 17 18  7 TONY       14.9 150.2  129  288 --> Distance=62.064880
1993  1  1  6 10 PATTY      24.5  27.8   63  468 --> Distance=62.442696
1958  5  8 18 11 GORDON     10.8  29.7  134  765 --> Distance=63.282936
1958  6  6  6 11 ERNESTO    65.4  33.0   78  813 --> Distance=67.098137
1969  4 10  6 22 WILLIAM    40.4  97.7  108  774 --> Distance=67.240540
1960  5 10 12  9 ISAAC      45.5  20.4   21  198 --> Distance=71.305046
1994  4 28 12 18 OSCAR      28.1 162.6   74  517 --> Distance=72.624863
1989  5 16  0  1 PATTY      57.8  21.6   46   96 --> Distance=73.833595
1962  4  7  0  2 ERNESTO    50.2  90.7  161  182 --> Distance=74.104378
1982  4 17 18  7 TONY       14.9 150.2  129  288 --> Distance=74.638466
1982  4 17 18  7 TONY       14.9 150.2  129  288 --> Distance=75.024330
1994  4 28 12 18 OSCAR      28.1 162.6   74  517 --> Distance=76.593727
1951  9 12 18  7 VALERIE    54.1 163.7  102  407 --> Distance=77.540306
1950  6  2  0 26 FLORENCE   43.3 166.8  100  775 --> Distance=77.943123
1956  7  8 12  4 MICHAEL    27.0  10.2   98    5 --> Distance=79.856377
1972  6 14 18 28 DEBBY      47.1  63.0   78  684 --> Distance=80.817451
1990  5  9 12  8 KIRK       45.4  35.1   68  801 --> Distance=81.590683
1963  5  8  0 22 ISAAC      51.5   8.3   89  664 --> Distance=84.481590
1977  4 21  0  4 OSCAR      15.7  66.9   76  187 --> Distance=86.066078
1974  6  9 18 27 ISAAC      32.7 176.5   62  501 --> Distance=86.542130
1976  3  4 12  7 KIRK       15.5   4.0  127  187 --> Distance=87.213821
1988  2 11 12 20 WILLIAM    41.6 177.4  152  312 --> Distance=88.166428
1980  3 22  6 14 GORDON     10.9  57.1   59  289 --> Distance=88.629852
1955  1 11  6  9 NADINE     55.6 175.4  113  780 --> Distance=89.154465
1976  3  4 12  7 KIRK       15.5   4.0  127  187 --> Distance=93.720963
1980 11 20  0 11 GORDON     52.3 190.0  111  825 --> Distance=102.456284
1951  9 12 18  7 VALERIE    54.1 163.7  102  407 --> Distance=104.114655
1969  4 10  6 22 WILLIAM    40.4  97.7  108  774 --> Distance=105.045753
1990  5  9 12  8 KIRK       45.4  35.1   68  801 --> Distance=107.859024
1994  4 28 12 18 OSCAR      28.1 162.6   74  517 --> Distance=110.220543
1984  8  9  0 13 RAFAEL     45.0 200.2  147  302 --> Distance=111.216179
1977  4 21  0  4 OSCAR      15.7  66.9   76  187 --> Distance=114.227707
1980  3 22  6 14 GORDON     10.9  57.1   59  289 --> Distance=122.359024
1951  9 12 18  7 VALERIE    54.1 163.7  102  407 --> Distance=123.168266
1976  9 10 12 18 WILLIAM    35.2 214.0  113  463 --> Distance=124.108986
1959  2  4 18 23 ERNESTO    55.2 232.7   53  753 --> Distance=144.908005
1974  6  9 18 27 ISAAC      32.7 176.5   62  501 --> Distance=148.411743
1974  6  9 18 27 ISAAC      32.7 176.5   62  501 --> Distance=151.417465
1994  4 28 12 18 OSCAR      28.1 162.6   74  517 --> Distance=152.339127
2001 11  1 12 11 VALERIE    49.6 250.9   46  217 --> Distance=162.089386
1951  9 12 18  7 VALERIE    54.1 163.7  102  407 --> Distance=167.120468
2001 11  1 12 11 VALERIE    49.6 250.9   46  217 --> Distance=167.956573
1974  6  9 18 27 ISAAC      32.7 176.5   62  501 --> Distance=170.559387
1954  2  2 18  8 JOYCE      36.8 113.0   67  618 --> Distance=171.125702
1971  8 27  6 22 ISAAC      13.1  50.9   49  388 --> Distance=171.464569
1980 10 10  6  4 CHRIS      41.6 270.7   61  857 --> Distance=181.071960
1999  6 16 18  5 OSCAR      29.7 144.3  161  243 --> Distance=187.516663
1994  4 28 12 18 OSCAR      28.1 162.6   74  517 --> Distance=194.537125
1974  6 20 12 20 ERNESTO    18.4 288.5  132  805 --> Distance=198.838654
1972  6 14 18 28 DEBBY      47.1  63.0   78  684 --> Distance=200.687943
1980 10 10  6  4 CHRIS      41.6 270.7   61  857 --> Distance=204.189117
1999  6 16 18  5 OSCAR      29.7 144.3  161  243 --> Distance=210.600327
1958  5  8 18 11 GORDON     10.8  29.7  134  765 --> Distance=211.437836
1971  8 27  6 22 ISAAC      13.1  50.9   49  388 --> Distance=219.109131
1980 10 10  6  4 CHRIS      41.6 270.7   61  857 --> Distance=226.487106
1963  3  9  6 26 HELENE     67.2 326.7   91  283 --> Distance=239.605377
1994  4 28 12 18 OSCAR      28.1 162.6   74  517 --> Distance=239.823151
1994  4 28 12 18 OSCAR      28.1 162.6   74  517 --> Distance=244.334381
1999  6 16 18  5 OSCAR      29.7 144.3  161  243 --> Distance=246.244873
1999  6 16 18  5 OSCAR      29.7 144.3  161  243 --> Distance=246.592087
1994  4 28 12 18 OSCAR      28.1 162.6   74  517 --> Distance=246.646820
1994  4 28 12 18 OSCAR      28.1 162.6   74  517 --> Distance=252.150131
1963  5  8  0 22 ISAAC      51.5   8.3   89  664 --> Distance=253.907791
2001 11  1 12 11 VALERIE    49.6 250.9   46  217 --> Distance=254.515396
1974 12  9 12 10 GORDON     37.2 350.1   53  868 --> Distance=260.199646
1974 12  9 12 10 GORDON     37.2 350.1   53  868 --> Distance=261.848297
1974 12  9 12 10 GORDON     37.2 350.1   53  868 --> Distance=265.504822
PASSED!
Ticks: 83690052000
Exiting because  exiting with last active thread context

Time elapsed: 1m29.185s