Global frequency set at 1000000000000 ticks per second
src/mem/dram_interface.cc:690: warn: DRAM device capacity (8192 Mbytes) does not match the address range assigned (512 Mbytes)
src/base/statistics.hh:279: warn: One of the stats is a legacy stat. Legacy stat is a stat that does not belong to any statistics::Group. Legacy stat is deprecated.
src/base/stats/storage.hh:278: warn: Bucket size (5) does not divide range [1:75] into equal-sized buckets. Rounding up.
src/base/stats/storage.hh:278: warn: Bucket size (2) does not divide range [1:10] into equal-sized buckets. Rounding up.
src/base/stats/storage.hh:278: warn: Bucket size (2) does not divide range [1:64] into equal-sized buckets. Rounding up.
src/base/stats/storage.hh:278: warn: Bucket size (10000) does not divide range [1:1e+06] into equal-sized buckets. Rounding up.
src/base/stats/storage.hh:278: warn: Bucket size (5) does not divide range [1:75] into equal-sized buckets. Rounding up.
src/base/stats/storage.hh:278: warn: Bucket size (2) does not divide range [1:10] into equal-sized buckets. Rounding up.
src/base/stats/storage.hh:278: warn: Bucket size (2) does not divide range [1:64] into equal-sized buckets. Rounding up.
src/base/stats/storage.hh:278: warn: Bucket size (10000) does not divide range [1:1e+06] into equal-sized buckets. Rounding up.
src/base/stats/storage.hh:278: warn: Bucket size (5) does not divide range [1:75] into equal-sized buckets. Rounding up.
src/base/stats/storage.hh:278: warn: Bucket size (2) does not divide range [1:10] into equal-sized buckets. Rounding up.
src/base/stats/storage.hh:278: warn: Bucket size (2) does not divide range [1:64] into equal-sized buckets. Rounding up.
src/base/stats/storage.hh:278: warn: Bucket size (10000) does not divide range [1:1e+06] into equal-sized buckets. Rounding up.
src/base/stats/storage.hh:278: warn: Bucket size (5) does not divide range [1:75] into equal-sized buckets. Rounding up.
src/base/stats/storage.hh:278: warn: Bucket size (2) does not divide range [1:10] into equal-sized buckets. Rounding up.
src/base/stats/storage.hh:278: warn: Bucket size (2) does not divide range [1:64] into equal-sized buckets. Rounding up.
src/base/stats/storage.hh:278: warn: Bucket size (10000) does not divide range [1:1e+06] into equal-sized buckets. Rounding up.
src/base/stats/storage.hh:278: warn: Bucket size (10000) does not divide range [1:1.6e+06] into equal-sized buckets. Rounding up.
src/base/stats/storage.hh:278: warn: Bucket size (10000) does not divide range [1:1.6e+06] into equal-sized buckets. Rounding up.
src/base/stats/storage.hh:278: warn: Bucket size (10000) does not divide range [1:1.6e+06] into equal-sized buckets. Rounding up.
src/base/stats/storage.hh:278: warn: Bucket size (10000) does not divide range [1:1.6e+06] into equal-sized buckets. Rounding up.
src/base/stats/storage.hh:278: warn: Bucket size (10000) does not divide range [1:1.6e+06] into equal-sized buckets. Rounding up.
src/base/stats/storage.hh:278: warn: Bucket size (10000) does not divide range [1:1.6e+06] into equal-sized buckets. Rounding up.
src/base/stats/storage.hh:278: warn: Bucket size (10000) does not divide range [1:1.6e+06] into equal-sized buckets. Rounding up.
src/base/statistics.hh:279: warn: One of the stats is a legacy stat. Legacy stat is a stat that does not belong to any statistics::Group. Legacy stat is deprecated.
src/base/stats/storage.hh:278: warn: Bucket size (10000) does not divide range [1:1.6e+06] into equal-sized buckets. Rounding up.
src/base/stats/storage.hh:278: warn: Bucket size (10000) does not divide range [1:1.6e+06] into equal-sized buckets. Rounding up.
src/base/stats/storage.hh:278: warn: Bucket size (10000) does not divide range [1:1.6e+06] into equal-sized buckets. Rounding up.
src/base/stats/storage.hh:278: warn: Bucket size (10000) does not divide range [1:1.6e+06] into equal-sized buckets. Rounding up.
src/base/stats/storage.hh:278: warn: Bucket size (10000) does not divide range [1:1.6e+06] into equal-sized buckets. Rounding up.
src/base/stats/storage.hh:278: warn: Bucket size (10000) does not divide range [1:1.6e+06] into equal-sized buckets. Rounding up.
src/base/stats/storage.hh:278: warn: Bucket size (10000) does not divide range [1:1.6e+06] into equal-sized buckets. Rounding up.
src/base/stats/storage.hh:278: warn: Bucket size (10000) does not divide range [1:1.6e+06] into equal-sized buckets. Rounding up.
src/base/stats/storage.hh:278: warn: Bucket size (10000) does not divide range [1:1.6e+06] into equal-sized buckets. Rounding up.
src/base/stats/storage.hh:278: warn: Bucket size (10000) does not divide range [1:1.6e+06] into equal-sized buckets. Rounding up.
src/base/stats/storage.hh:278: warn: Bucket size (10000) does not divide range [1:1.6e+06] into equal-sized buckets. Rounding up.
src/base/stats/storage.hh:278: warn: Bucket size (10000) does not divide range [1:1.6e+06] into equal-sized buckets. Rounding up.
src/base/stats/storage.hh:278: warn: Bucket size (10000) does not divide range [1:1.6e+06] into equal-sized buckets. Rounding up.
src/base/stats/storage.hh:278: warn: Bucket size (10000) does not divide range [1:1.6e+06] into equal-sized buckets. Rounding up.
src/base/stats/storage.hh:278: warn: Bucket size (10000) does not divide range [1:1.6e+06] into equal-sized buckets. Rounding up.
src/base/stats/storage.hh:278: warn: Bucket size (10000) does not divide range [1:1.6e+06] into equal-sized buckets. Rounding up.
src/base/stats/storage.hh:278: warn: Bucket size (10000) does not divide range [1:1.6e+06] into equal-sized buckets. Rounding up.
src/base/stats/storage.hh:278: warn: Bucket size (10000) does not divide range [1:1.6e+06] into equal-sized buckets. Rounding up.
src/base/stats/storage.hh:278: warn: Bucket size (10000) does not divide range [1:1.6e+06] into equal-sized buckets. Rounding up.
src/base/stats/storage.hh:278: warn: Bucket size (10000) does not divide range [1:1.6e+06] into equal-sized buckets. Rounding up.
src/base/stats/storage.hh:278: warn: Bucket size (10000) does not divide range [1:1.6e+06] into equal-sized buckets. Rounding up.
src/base/stats/storage.hh:278: warn: Bucket size (10000) does not divide range [1:1.6e+06] into equal-sized buckets. Rounding up.
src/base/stats/storage.hh:278: warn: Bucket size (10000) does not divide range [1:1.6e+06] into equal-sized buckets. Rounding up.
src/base/stats/storage.hh:278: warn: Bucket size (10000) does not divide range [1:1.6e+06] into equal-sized buckets. Rounding up.
src/base/stats/storage.hh:278: warn: Bucket size (10000) does not divide range [1:1.6e+06] into equal-sized buckets. Rounding up.
src/base/stats/storage.hh:278: warn: Bucket size (10000) does not divide range [1:1.6e+06] into equal-sized buckets. Rounding up.
src/base/stats/storage.hh:278: warn: Bucket size (10000) does not divide range [1:1.6e+06] into equal-sized buckets. Rounding up.
src/base/stats/storage.hh:278: warn: Bucket size (10000) does not divide range [1:1.6e+06] into equal-sized buckets. Rounding up.
src/base/stats/storage.hh:278: warn: Bucket size (10000) does not divide range [1:1.6e+06] into equal-sized buckets. Rounding up.
src/base/stats/storage.hh:278: warn: Bucket size (10000) does not divide range [1:1.6e+06] into equal-sized buckets. Rounding up.
src/base/stats/storage.hh:278: warn: Bucket size (10000) does not divide range [1:1.6e+06] into equal-sized buckets. Rounding up.
src/base/stats/storage.hh:278: warn: Bucket size (10000) does not divide range [1:1.6e+06] into equal-sized buckets. Rounding up.
src/base/stats/storage.hh:278: warn: Bucket size (10000) does not divide range [1:1.6e+06] into equal-sized buckets. Rounding up.
src/base/stats/storage.hh:278: warn: Bucket size (10000) does not divide range [1:1.6e+06] into equal-sized buckets. Rounding up.
src/base/stats/storage.hh:278: warn: Bucket size (10000) does not divide range [1:1.6e+06] into equal-sized buckets. Rounding up.
src/base/stats/storage.hh:278: warn: Bucket size (10000) does not divide range [1:1.6e+06] into equal-sized buckets. Rounding up.
src/base/stats/storage.hh:278: warn: Bucket size (10000) does not divide range [1:1.6e+06] into equal-sized buckets. Rounding up.
src/base/stats/storage.hh:278: warn: Bucket size (10000) does not divide range [1:1.6e+06] into equal-sized buckets. Rounding up.
src/base/stats/storage.hh:278: warn: Bucket size (10000) does not divide range [1:1.6e+06] into equal-sized buckets. Rounding up.
src/base/stats/storage.hh:278: warn: Bucket size (10000) does not divide range [1:1.6e+06] into equal-sized buckets. Rounding up.
src/base/stats/storage.hh:278: warn: Bucket size (10000) does not divide range [1:1.6e+06] into equal-sized buckets. Rounding up.
src/base/stats/storage.hh:278: warn: Bucket size (10000) does not divide range [1:1.6e+06] into equal-sized buckets. Rounding up.
src/base/stats/storage.hh:278: warn: Bucket size (10000) does not divide range [1:1.6e+06] into equal-sized buckets. Rounding up.
src/base/stats/storage.hh:278: warn: Bucket size (10000) does not divide range [1:1.6e+06] into equal-sized buckets. Rounding up.
src/base/stats/storage.hh:278: warn: Bucket size (10000) does not divide range [1:1.6e+06] into equal-sized buckets. Rounding up.
src/base/stats/storage.hh:278: warn: Bucket size (10000) does not divide range [1:1.6e+06] into equal-sized buckets. Rounding up.
src/base/stats/storage.hh:278: warn: Bucket size (10000) does not divide range [1:1.6e+06] into equal-sized buckets. Rounding up.
src/base/stats/storage.hh:278: warn: Bucket size (10000) does not divide range [1:1.6e+06] into equal-sized buckets. Rounding up.
src/base/stats/storage.hh:278: warn: Bucket size (10000) does not divide range [1:1.6e+06] into equal-sized buckets. Rounding up.
src/base/stats/storage.hh:278: warn: Bucket size (10000) does not divide range [1:1.6e+06] into equal-sized buckets. Rounding up.
src/base/stats/storage.hh:278: warn: Bucket size (10000) does not divide range [1:1.6e+06] into equal-sized buckets. Rounding up.
src/base/stats/storage.hh:278: warn: Bucket size (10000) does not divide range [1:1.6e+06] into equal-sized buckets. Rounding up.
src/base/stats/storage.hh:278: warn: Bucket size (10000) does not divide range [1:1.6e+06] into equal-sized buckets. Rounding up.
src/base/stats/storage.hh:278: warn: Bucket size (10000) does not divide range [1:1.6e+06] into equal-sized buckets. Rounding up.
src/base/stats/storage.hh:278: warn: Bucket size (10000) does not divide range [1:1.6e+06] into equal-sized buckets. Rounding up.
src/base/stats/storage.hh:278: warn: Bucket size (10000) does not divide range [1:1.6e+06] into equal-sized buckets. Rounding up.
src/base/stats/storage.hh:278: warn: Bucket size (10000) does not divide range [1:1.6e+06] into equal-sized buckets. Rounding up.
src/base/stats/storage.hh:278: warn: Bucket size (10000) does not divide range [1:1.6e+06] into equal-sized buckets. Rounding up.
src/base/stats/storage.hh:278: warn: Bucket size (10000) does not divide range [1:1.6e+06] into equal-sized buckets. Rounding up.
src/base/stats/storage.hh:278: warn: Bucket size (10000) does not divide range [1:1.6e+06] into equal-sized buckets. Rounding up.
src/base/stats/storage.hh:278: warn: Bucket size (10000) does not divide range [1:1.6e+06] into equal-sized buckets. Rounding up.
src/base/stats/storage.hh:278: warn: Bucket size (10000) does not divide range [1:1.6e+06] into equal-sized buckets. Rounding up.
src/base/stats/storage.hh:278: warn: Bucket size (10000) does not divide range [1:1.6e+06] into equal-sized buckets. Rounding up.
src/base/stats/storage.hh:278: warn: Bucket size (10000) does not divide range [1:1.6e+06] into equal-sized buckets. Rounding up.
Forcing maxCoalescedReqs to 32 (TLB assoc.) 
Forcing maxCoalescedReqs to 32 (TLB assoc.) 
Forcing maxCoalescedReqs to 32 (TLB assoc.) 
Forcing maxCoalescedReqs to 32 (TLB assoc.) 
Forcing maxCoalescedReqs to 32 (TLB assoc.) 
Forcing maxCoalescedReqs to 32 (TLB assoc.) 
src/base/statistics.hh:279: warn: One of the stats is a legacy stat. Legacy stat is a stat that does not belong to any statistics::Group. Legacy stat is deprecated.
Forcing maxCoalescedReqs to 32 (TLB assoc.) 
Forcing maxCoalescedReqs to 32 (TLB assoc.) 
system.remote_gdb: Listening for connections on port 7000
gem5 Simulator System.  https://www.gem5.org
gem5 is copyrighted software; use the --copyright option for details.

gem5 version 23.1.0.0
gem5 compiled Oct 11 2024 18:07:55
gem5 started Oct 11 2024 18:54:05
gem5 executing on 908dcad321bf, pid 70265
command line: /pws-gem5/build/GCN3_X86/gem5.opt --debug-flags=IPT /pws-gem5/configs/example/apu_se.py -n 3 -c /hip-benchmarks/rodinia_3.0/hip/particlefilter_naive/particlefilter_naive -o ' -x 16 -y 16 -z 2 -np 100'

Num SQC =  1 Num scalar caches =  1 Num CU =  4
warn: system.ruby.network adopting orphan SimObject param 'ext_links'
warn: system.ruby.network adopting orphan SimObject param 'int_links'
src/sim/simulate.cc:199: info: Entering event queue @ 0.  Starting simulation...
src/mem/ruby/system/Sequencer.cc:668: warn: Replacement policy updates recently became the responsibility of SLICC state machines. Make sure to setMRU() near callbacks in .sm files!
src/sim/mem_state.cc:448: info: Increasing stack size by one page.
src/base/loader/symtab.cc:95: warn: Cannot insert a new symbol table due to name collisions. Adding prefix to each symbol's name can resolve this issue.
src/base/loader/symtab.cc:95: warn: Cannot insert a new symbol table due to name collisions. Adding prefix to each symbol's name can resolve this issue.
src/base/loader/symtab.cc:95: warn: Cannot insert a new symbol table due to name collisions. Adding prefix to each symbol's name can resolve this issue.
src/base/loader/symtab.cc:95: warn: Cannot insert a new symbol table due to name collisions. Adding prefix to each symbol's name can resolve this issue.
src/sim/syscall_emul.cc:74: warn: ignoring syscall mprotect(...)
src/sim/syscall_emul.cc:74: warn: ignoring syscall mprotect(...)
src/base/loader/symtab.cc:95: warn: Cannot insert a new symbol table due to name collisions. Adding prefix to each symbol's name can resolve this issue.
src/sim/syscall_emul.cc:74: warn: ignoring syscall mprotect(...)
src/base/loader/symtab.cc:95: warn: Cannot insert a new symbol table due to name collisions. Adding prefix to each symbol's name can resolve this issue.
src/base/loader/symtab.cc:95: warn: Cannot insert a new symbol table due to name collisions. Adding prefix to each symbol's name can resolve this issue.
src/base/loader/symtab.cc:95: warn: Cannot insert a new symbol table due to name collisions. Adding prefix to each symbol's name can resolve this issue.
src/base/loader/symtab.cc:95: warn: Cannot insert a new symbol table due to name collisions. Adding prefix to each symbol's name can resolve this issue.
src/sim/syscall_emul.cc:74: warn: ignoring syscall mprotect(...)
src/base/loader/symtab.cc:95: warn: Cannot insert a new symbol table due to name collisions. Adding prefix to each symbol's name can resolve this issue.
src/base/loader/symtab.cc:95: warn: Cannot insert a new symbol table due to name collisions. Adding prefix to each symbol's name can resolve this issue.
src/sim/syscall_emul.cc:74: warn: ignoring syscall mprotect(...)
src/base/loader/symtab.cc:95: warn: Cannot insert a new symbol table due to name collisions. Adding prefix to each symbol's name can resolve this issue.
src/sim/syscall_emul.cc:74: warn: ignoring syscall mprotect(...)
src/sim/syscall_emul.cc:74: warn: ignoring syscall mprotect(...)
src/sim/syscall_emul.cc:74: warn: ignoring syscall mprotect(...)
src/sim/syscall_emul.cc:74: warn: ignoring syscall mprotect(...)
src/sim/syscall_emul.cc:74: warn: ignoring syscall mprotect(...)
src/sim/syscall_emul.cc:74: warn: ignoring syscall mprotect(...)
src/sim/syscall_emul.cc:74: warn: ignoring syscall mprotect(...)
src/sim/syscall_emul.cc:74: warn: ignoring syscall mprotect(...)
src/sim/syscall_emul.cc:74: warn: ignoring syscall mprotect(...)
src/sim/syscall_emul.cc:74: warn: ignoring syscall mprotect(...)
src/sim/syscall_emul.cc:74: warn: ignoring syscall mprotect(...)
src/sim/syscall_emul.cc:74: warn: ignoring syscall mprotect(...)
src/sim/syscall_emul.cc:74: warn: ignoring syscall mprotect(...)
src/sim/syscall_emul.cc:74: warn: ignoring syscall mprotect(...)
src/sim/syscall_emul.cc:74: warn: ignoring syscall mprotect(...)
src/sim/syscall_emul.cc:74: warn: ignoring syscall mprotect(...)
src/sim/syscall_emul.cc:74: warn: ignoring syscall mprotect(...)
src/sim/syscall_emul.cc:74: warn: ignoring syscall mprotect(...)
src/sim/syscall_emul.cc:74: warn: ignoring syscall mprotect(...)
src/sim/syscall_emul.cc:74: warn: ignoring syscall set_robust_list(...)
src/sim/syscall_emul.cc:85: warn: ignoring syscall rt_sigaction(...)
      (further warnings will be suppressed)
src/sim/syscall_emul.cc:85: warn: ignoring syscall rt_sigprocmask(...)
      (further warnings will be suppressed)
src/sim/syscall_emul.cc:74: warn: ignoring syscall get_mempolicy(...)
build/GCN3_X86/arch/x86/generated/exec-ns.cc.inc:27: warn: instruction 'frndint' unimplemented
src/gpu-compute/gpu_compute_driver.cc:710: warn: unimplemented ioctl: AMDKFD_IOC_ACQUIRE_VM
src/sim/syscall_emul.hh:1890: warn: mmap: writing to shared mmap region is currently unsupported. The write succeeds on the target, but it will not be propagated to the host or shared mappings
src/sim/mem_state.cc:448: info: Increasing stack size by one page.
src/gpu-compute/gpu_compute_driver.cc:460: warn: Signal events are only supported currently
src/sim/syscall_emul.cc:74: warn: ignoring syscall mprotect(...)
src/sim/power_state.cc:105: warn: PowerState: Already in the requested power state, request ignored
src/sim/syscall_emul.cc:74: warn: ignoring syscall set_robust_list(...)
src/sim/syscall_emul.cc:74: warn: ignoring syscall mprotect(...)
src/gpu-compute/gpu_compute_driver.cc:604: warn: unimplemented ioctl: AMDKFD_IOC_SET_SCRATCH_BACKING_VA
src/gpu-compute/gpu_compute_driver.cc:614: warn: unimplemented ioctl: AMDKFD_IOC_SET_TRAP_HANDLER
XE: 8.118352
YE: 8.932472
0.939952
src/sim/syscall_emul.cc:74: warn: ignoring syscall mprotect(...)
src/sim/syscall_emul.cc:74: warn: ignoring syscall set_robust_list(...)
src/sim/syscall_emul.cc:74: warn: ignoring syscall mprotect(...)
src/sim/syscall_emul.cc:74: warn: ignoring syscall madvise(...)
src/sim/syscall_emul.cc:74: warn: ignoring syscall mprotect(...)
src/sim/syscall_emul.cc:74: warn: ignoring syscall sched_setaffinity(...)
src/sim/syscall_emul.cc:74: warn: ignoring syscall set_robust_list(...)
src/sim/syscall_emul.cc:85: warn: ignoring syscall sched_yield(...)
      (further warnings will be suppressed)
src/sim/syscall_emul.cc:74: warn: ignoring syscall mprotect(...)
src/sim/syscall_emul.cc:74: warn: ignoring syscall mprotect(...)
src/sim/syscall_emul.cc:74: warn: ignoring syscall mprotect(...)
src/sim/syscall_emul.cc:74: warn: ignoring syscall mprotect(...)
src/sim/syscall_emul.cc:74: warn: ignoring syscall mprotect(...)
src/sim/syscall_emul.cc:74: warn: ignoring syscall mprotect(...)
src/sim/syscall_emul.cc:74: warn: ignoring syscall mprotect(...)
src/sim/syscall_emul.cc:74: warn: ignoring syscall mprotect(...)
src/sim/syscall_emul.cc:74: warn: ignoring syscall mprotect(...)
src/sim/syscall_emul.cc:74: warn: ignoring syscall mprotect(...)
src/sim/syscall_emul.cc:74: warn: ignoring syscall mprotect(...)
src/sim/syscall_emul.cc:74: warn: ignoring syscall mprotect(...)
src/gpu-compute/gpu_command_processor.cc:528: warn: Ignoring vendor packet
84932800000: system.cpu3.CUs0.wavefronts00: Kernel 000 inst: 00000 v_mov_b32 v1, 0
84932801000: system.cpu3.CUs0.wavefronts00: Kernel 000 inst: 00004 s_load_dword s0, s[4:5], 0x04
84932802000: system.cpu3.CUs0.wavefronts00: Kernel 000 inst: 00012 s_waitcnt lgkmcnt(0)
84934149000: system.cpu3.CUs0.wavefronts00: Kernel 000 inst: 00016 s_and_b32 s0, s0, 0x0000ffff
84934150000: system.cpu3.CUs0.wavefronts00: Kernel 000 inst: 00024 v_mov_b32 v2, s8
84934154000: system.cpu3.CUs0.wavefronts00: Kernel 000 inst: 00028 v_mad_u64_u32 v0, s[0:1], s0, v2, v0
84934155000: system.cpu3.CUs0.wavefronts00: Kernel 000 inst: 00036 s_load_dword s4, s[6:7], 0x30
84934157000: system.cpu3.CUs0.wavefronts00: Kernel 000 inst: 00044 s_waitcnt lgkmcnt(0)
84935503000: system.cpu3.CUs0.wavefronts00: Kernel 000 inst: 00048 v_cmp_gt_i32 vcc, s4, v0
84935506000: system.cpu3.CUs0.wavefronts00: Kernel 000 inst: 00052 s_and_saveexec_b64 s0, vcc_lo
84935510000: system.cpu3.CUs0.wavefronts00: Kernel 000 inst: 00056 s_cbranch_execz label_13c
84935838000: system.cpu3.CUs0.wavefronts00: Kernel 000 inst: 00060 s_load_dwordx8 s[8:15], s[6:7], 0x00
84935842000: system.cpu3.CUs0.wavefronts00: Kernel 000 inst: 00068 s_load_dwordx4 s[0:3], s[6:7], 0x20
84935843000: system.cpu3.CUs0.wavefronts00: Kernel 000 inst: 00076 s_cmp_lt_i32 s4, 1
84935844000: system.cpu3.CUs0.wavefronts00: Kernel 000 inst: 00080 v_mov_b32 v1, -1
84935847000: system.cpu3.CUs0.wavefronts00: Kernel 000 inst: 00084 s_cbranch_scc1
84935851000: system.cpu3.CUs0.wavefronts00: Kernel 000 inst: 00088 s_mov_b32 s5, 0
84935852000: system.cpu3.CUs0.wavefronts00: Kernel 000 inst: 00092 v_mov_b32 v1, 0
84935856000: system.cpu3.CUs0.wavefronts00: Kernel 000 inst: 00096 v_mov_b32 v2, v0
84935860000: system.cpu3.CUs0.wavefronts00: Kernel 000 inst: 00100 v_ashrrev_i64 v[1:2], 29, v[1:2]
84935867000: system.cpu3.CUs0.wavefronts00: Kernel 000 inst: 00108 s_waitcnt lgkmcnt(0)
84935899000: system.cpu3.CUs0.wavefronts00: Kernel 000 inst: 00112 v_mov_b32 v3, s15
84935903000: system.cpu3.CUs0.wavefronts00: Kernel 000 inst: 00116 v_add_u32 v1, vcc, s14, v1
84935907000: system.cpu3.CUs0.wavefronts00: Kernel 000 inst: 00120 v_addc_u32 v2, vcc, v3, v2, vcc
84936175000: system.cpu3.CUs0.wavefronts00: Kernel 000 inst: 00124 flat_load_dwordx2 v2, v[1:2]
84936176000: system.cpu3.CUs0.wavefronts00: Kernel 000 inst: 00132 s_mov_b64 s6, 0
84936180000: system.cpu3.CUs0.wavefronts00: Kernel 000 inst: 00136 s_branch
84936187000: system.cpu3.CUs0.wavefronts00: Kernel 000 inst: 00160 s_load_dwordx2 s[16:17], s[12:13], 0x00
84936192000: system.cpu3.CUs0.wavefronts00: Kernel 000 inst: 00168 s_waitcnt vmcnt(0) & lgkmcnt(0)
84937566000: system.cpu3.CUs0.wavefronts00: Kernel 000 inst: 00172 v_cmp_nge_f64 vcc, s16, v2
84937570000: system.cpu3.CUs0.wavefronts00: Kernel 000 inst: 00176 v_mov_b32 v1, s5
84937571000: system.cpu3.CUs0.wavefronts00: Kernel 000 inst: 00180 s_or_b64 s14, s14, exec
84937575000: system.cpu3.CUs0.wavefronts00: Kernel 000 inst: 00184 s_and_saveexec_b64 s16, vcc_lo
84937583000: system.cpu3.CUs0.wavefronts00: Kernel 000 inst: 00188 s_cbranch_execz label_3ffd0
84937591000: system.cpu3.CUs0.wavefronts00: Kernel 000 inst: 00192 s_add_i32 s5, s5, 1
84937599000: system.cpu3.CUs0.wavefronts00: Kernel 000 inst: 00196 s_add_u32 s12, s12, 8
84937607000: system.cpu3.CUs0.wavefronts00: Kernel 000 inst: 00200 s_addc_u32 s13, s13, 0
84937608000: system.cpu3.CUs0.wavefronts00: Kernel 000 inst: 00204 v_mov_b32 v1, s5
84937612000: system.cpu3.CUs0.wavefronts00: Kernel 000 inst: 00208 v_cmp_eq_u32 vcc, s4, v1
84937616000: system.cpu3.CUs0.wavefronts00: Kernel 000 inst: 00212 v_mov_b32 v1, -1
84937619000: system.cpu3.CUs0.wavefronts00: Kernel 000 inst: 00216 s_andn2_b64 s14, s14, exec
84937623000: system.cpu3.CUs0.wavefronts00: Kernel 000 inst: 00220 s_and_b64 s18, vcc_lo, exec
84937631000: system.cpu3.CUs0.wavefronts00: Kernel 000 inst: 00224 s_or_b64 s14, s14, s18
84937639000: system.cpu3.CUs0.wavefronts00: Kernel 000 inst: 00228 s_branch
84937651000: system.cpu3.CUs0.wavefronts00: Kernel 000 inst: 00140 s_or_b64 exec, exec, s16
84937655000: system.cpu3.CUs0.wavefronts00: Kernel 000 inst: 00144 s_and_b64 s16, exec, s14
84937663000: system.cpu3.CUs0.wavefronts00: Kernel 000 inst: 00148 s_or_b64 s6, s16, s6
84937671000: system.cpu3.CUs0.wavefronts00: Kernel 000 inst: 00152 s_andn2_b64 exec, exec, s6
84937679000: system.cpu3.CUs0.wavefronts00: Kernel 000 inst: 00156 s_cbranch_execz label_4c
84937680000: system.cpu3.CUs0.wavefronts00: Kernel 000 inst: 00160 s_load_dwordx2 s[16:17], s[12:13], 0x00
84937687000: system.cpu3.CUs0.wavefronts00: Kernel 000 inst: 00168 s_waitcnt vmcnt(0) & lgkmcnt(0)
84937738000: system.cpu3.CUs0.wavefronts00: Kernel 000 inst: 00172 v_cmp_nge_f64 vcc, s16, v2
84937742000: system.cpu3.CUs0.wavefronts00: Kernel 000 inst: 00176 v_mov_b32 v1, s5
84937743000: system.cpu3.CUs0.wavefronts00: Kernel 000 inst: 00180 s_or_b64 s14, s14, exec
84937747000: system.cpu3.CUs0.wavefronts00: Kernel 000 inst: 00184 s_and_saveexec_b64 s16, vcc_lo
84937751000: system.cpu3.CUs0.wavefronts00: Kernel 000 inst: 00188 s_cbranch_execz label_3ffd0
84937755000: system.cpu3.CUs0.wavefronts00: Kernel 000 inst: 00192 s_add_i32 s5, s5, 1
84937763000: system.cpu3.CUs0.wavefronts00: Kernel 000 inst: 00196 s_add_u32 s12, s12, 8
84937771000: system.cpu3.CUs0.wavefronts00: Kernel 000 inst: 00200 s_addc_u32 s13, s13, 0
84937772000: system.cpu3.CUs0.wavefronts00: Kernel 000 inst: 00204 v_mov_b32 v1, s5
84937776000: system.cpu3.CUs0.wavefronts00: Kernel 000 inst: 00208 v_cmp_eq_u32 vcc, s4, v1
84937780000: system.cpu3.CUs0.wavefronts00: Kernel 000 inst: 00212 v_mov_b32 v1, -1
84937787000: system.cpu3.CUs0.wavefronts00: Kernel 000 inst: 00216 s_andn2_b64 s14, s14, exec
84937795000: system.cpu3.CUs0.wavefronts00: Kernel 000 inst: 00220 s_and_b64 s18, vcc_lo, exec
84937799000: system.cpu3.CUs0.wavefronts00: Kernel 000 inst: 00224 s_or_b64 s14, s14, s18
84937803000: system.cpu3.CUs0.wavefronts00: Kernel 000 inst: 00228 s_branch
84937815000: system.cpu3.CUs0.wavefronts00: Kernel 000 inst: 00140 s_or_b64 exec, exec, s16
84937823000: system.cpu3.CUs0.wavefronts00: Kernel 000 inst: 00144 s_and_b64 s16, exec, s14
84937831000: system.cpu3.CUs0.wavefronts00: Kernel 000 inst: 00148 s_or_b64 s6, s16, s6
84937835000: system.cpu3.CUs0.wavefronts00: Kernel 000 inst: 00152 s_andn2_b64 exec, exec, s6
84937843000: system.cpu3.CUs0.wavefronts00: Kernel 000 inst: 00156 s_cbranch_execz label_4c
84937844000: system.cpu3.CUs0.wavefronts00: Kernel 000 inst: 00160 s_load_dwordx2 s[16:17], s[12:13], 0x00
84937851000: system.cpu3.CUs0.wavefronts00: Kernel 000 inst: 00168 s_waitcnt vmcnt(0) & lgkmcnt(0)
84937902000: system.cpu3.CUs0.wavefronts00: Kernel 000 inst: 00172 v_cmp_nge_f64 vcc, s16, v2
84937906000: system.cpu3.CUs0.wavefronts00: Kernel 000 inst: 00176 v_mov_b32 v1, s5
84937907000: system.cpu3.CUs0.wavefronts00: Kernel 000 inst: 00180 s_or_b64 s14, s14, exec
84937911000: system.cpu3.CUs0.wavefronts00: Kernel 000 inst: 00184 s_and_saveexec_b64 s16, vcc_lo
84937915000: system.cpu3.CUs0.wavefronts00: Kernel 000 inst: 00188 s_cbranch_execz label_3ffd0
84937919000: system.cpu3.CUs0.wavefronts00: Kernel 000 inst: 00192 s_add_i32 s5, s5, 1
84937923000: system.cpu3.CUs0.wavefronts00: Kernel 000 inst: 00196 s_add_u32 s12, s12, 8
84937927000: system.cpu3.CUs0.wavefronts00: Kernel 000 inst: 00200 s_addc_u32 s13, s13, 0
84937928000: system.cpu3.CUs0.wavefronts00: Kernel 000 inst: 00204 v_mov_b32 v1, s5
84937932000: system.cpu3.CUs0.wavefronts00: Kernel 000 inst: 00208 v_cmp_eq_u32 vcc, s4, v1
84937936000: system.cpu3.CUs0.wavefronts00: Kernel 000 inst: 00212 v_mov_b32 v1, -1
84937943000: system.cpu3.CUs0.wavefronts00: Kernel 000 inst: 00216 s_andn2_b64 s14, s14, exec
84937951000: system.cpu3.CUs0.wavefronts00: Kernel 000 inst: 00220 s_and_b64 s18, vcc_lo, exec
84937959000: system.cpu3.CUs0.wavefronts00: Kernel 000 inst: 00224 s_or_b64 s14, s14, s18
84937967000: system.cpu3.CUs0.wavefronts00: Kernel 000 inst: 00228 s_branch
84937977000: system.cpu3.CUs0.wavefronts00: Kernel 000 inst: 00140 s_or_b64 exec, exec, s16
84937985000: system.cpu3.CUs0.wavefronts00: Kernel 000 inst: 00144 s_and_b64 s16, exec, s14
84937993000: system.cpu3.CUs0.wavefronts00: Kernel 000 inst: 00148 s_or_b64 s6, s16, s6
84938001000: system.cpu3.CUs0.wavefronts00: Kernel 000 inst: 00152 s_andn2_b64 exec, exec, s6
84938005000: system.cpu3.CUs0.wavefronts00: Kernel 000 inst: 00156 s_cbranch_execz label_4c
84938006000: system.cpu3.CUs0.wavefronts00: Kernel 000 inst: 00160 s_load_dwordx2 s[16:17], s[12:13], 0x00
84938013000: system.cpu3.CUs0.wavefronts00: Kernel 000 inst: 00168 s_waitcnt vmcnt(0) & lgkmcnt(0)
84938064000: system.cpu3.CUs0.wavefronts00: Kernel 000 inst: 00172 v_cmp_nge_f64 vcc, s16, v2
84938068000: system.cpu3.CUs0.wavefronts00: Kernel 000 inst: 00176 v_mov_b32 v1, s5
84938069000: system.cpu3.CUs0.wavefronts00: Kernel 000 inst: 00180 s_or_b64 s14, s14, exec
84938073000: system.cpu3.CUs0.wavefronts00: Kernel 000 inst: 00184 s_and_saveexec_b64 s16, vcc_lo
84938077000: system.cpu3.CUs0.wavefronts00: Kernel 000 inst: 00188 s_cbranch_execz label_3ffd0
84938081000: system.cpu3.CUs0.wavefronts00: Kernel 000 inst: 00192 s_add_i32 s5, s5, 1
84938085000: system.cpu3.CUs0.wavefronts00: Kernel 000 inst: 00196 s_add_u32 s12, s12, 8
84938089000: system.cpu3.CUs0.wavefronts00: Kernel 000 inst: 00200 s_addc_u32 s13, s13, 0
84938090000: system.cpu3.CUs0.wavefronts00: Kernel 000 inst: 00204 v_mov_b32 v1, s5
84938094000: system.cpu3.CUs0.wavefronts00: Kernel 000 inst: 00208 v_cmp_eq_u32 vcc, s4, v1
84938098000: system.cpu3.CUs0.wavefronts00: Kernel 000 inst: 00212 v_mov_b32 v1, -1
84938105000: system.cpu3.CUs0.wavefronts00: Kernel 000 inst: 00216 s_andn2_b64 s14, s14, exec
84938113000: system.cpu3.CUs0.wavefronts00: Kernel 000 inst: 00220 s_and_b64 s18, vcc_lo, exec
84938121000: system.cpu3.CUs0.wavefronts00: Kernel 000 inst: 00224 s_or_b64 s14, s14, s18
84938129000: system.cpu3.CUs0.wavefronts00: Kernel 000 inst: 00228 s_branch
84938139000: system.cpu3.CUs0.wavefronts00: Kernel 000 inst: 00140 s_or_b64 exec, exec, s16
84938147000: system.cpu3.CUs0.wavefronts00: Kernel 000 inst: 00144 s_and_b64 s16, exec, s14
84938155000: system.cpu3.CUs0.wavefronts00: Kernel 000 inst: 00148 s_or_b64 s6, s16, s6
84938163000: system.cpu3.CUs0.wavefronts00: Kernel 000 inst: 00152 s_andn2_b64 exec, exec, s6
84938167000: system.cpu3.CUs0.wavefronts00: Kernel 000 inst: 00156 s_cbranch_execz label_4c
84938168000: system.cpu3.CUs0.wavefronts00: Kernel 000 inst: 00160 s_load_dwordx2 s[16:17], s[12:13], 0x00
84938175000: system.cpu3.CUs0.wavefronts00: Kernel 000 inst: 00168 s_waitcnt vmcnt(0) & lgkmcnt(0)
84938226000: system.cpu3.CUs0.wavefronts00: Kernel 000 inst: 00172 v_cmp_nge_f64 vcc, s16, v2
84938230000: system.cpu3.CUs0.wavefronts00: Kernel 000 inst: 00176 v_mov_b32 v1, s5
84938231000: system.cpu3.CUs0.wavefronts00: Kernel 000 inst: 00180 s_or_b64 s14, s14, exec
84938235000: system.cpu3.CUs0.wavefronts00: Kernel 000 inst: 00184 s_and_saveexec_b64 s16, vcc_lo
84938239000: system.cpu3.CUs0.wavefronts00: Kernel 000 inst: 00188 s_cbranch_execz label_3ffd0
84938243000: system.cpu3.CUs0.wavefronts00: Kernel 000 inst: 00192 s_add_i32 s5, s5, 1
84938247000: system.cpu3.CUs0.wavefronts00: Kernel 000 inst: 00196 s_add_u32 s12, s12, 8
84938251000: system.cpu3.CUs0.wavefronts00: Kernel 000 inst: 00200 s_addc_u32 s13, s13, 0
84938252000: system.cpu3.CUs0.wavefronts00: Kernel 000 inst: 00204 v_mov_b32 v1, s5
84938256000: system.cpu3.CUs0.wavefronts00: Kernel 000 inst: 00208 v_cmp_eq_u32 vcc, s4, v1
84938260000: system.cpu3.CUs0.wavefronts00: Kernel 000 inst: 00212 v_mov_b32 v1, -1
84938267000: system.cpu3.CUs0.wavefronts00: Kernel 000 inst: 00216 s_andn2_b64 s14, s14, exec
84938275000: system.cpu3.CUs0.wavefronts00: Kernel 000 inst: 00220 s_and_b64 s18, vcc_lo, exec
84938283000: system.cpu3.CUs0.wavefronts00: Kernel 000 inst: 00224 s_or_b64 s14, s14, s18
84938291000: system.cpu3.CUs0.wavefronts00: Kernel 000 inst: 00228 s_branch
84938301000: system.cpu3.CUs0.wavefronts00: Kernel 000 inst: 00140 s_or_b64 exec, exec, s16
84938309000: system.cpu3.CUs0.wavefronts00: Kernel 000 inst: 00144 s_and_b64 s16, exec, s14
84938317000: system.cpu3.CUs0.wavefronts00: Kernel 000 inst: 00148 s_or_b64 s6, s16, s6
84938325000: system.cpu3.CUs0.wavefronts00: Kernel 000 inst: 00152 s_andn2_b64 exec, exec, s6
84938329000: system.cpu3.CUs0.wavefronts00: Kernel 000 inst: 00156 s_cbranch_execz label_4c
84938330000: system.cpu3.CUs0.wavefronts00: Kernel 000 inst: 00160 s_load_dwordx2 s[16:17], s[12:13], 0x00
84938337000: system.cpu3.CUs0.wavefronts00: Kernel 000 inst: 00168 s_waitcnt vmcnt(0) & lgkmcnt(0)
84938388000: system.cpu3.CUs0.wavefronts00: Kernel 000 inst: 00172 v_cmp_nge_f64 vcc, s16, v2
84938392000: system.cpu3.CUs0.wavefronts00: Kernel 000 inst: 00176 v_mov_b32 v1, s5
84938393000: system.cpu3.CUs0.wavefronts00: Kernel 000 inst: 00180 s_or_b64 s14, s14, exec
84938397000: system.cpu3.CUs0.wavefronts00: Kernel 000 inst: 00184 s_and_saveexec_b64 s16, vcc_lo
84938401000: system.cpu3.CUs0.wavefronts00: Kernel 000 inst: 00188 s_cbranch_execz label_3ffd0
84938405000: system.cpu3.CUs0.wavefronts00: Kernel 000 inst: 00192 s_add_i32 s5, s5, 1
84938409000: system.cpu3.CUs0.wavefronts00: Kernel 000 inst: 00196 s_add_u32 s12, s12, 8
84938413000: system.cpu3.CUs0.wavefronts00: Kernel 000 inst: 00200 s_addc_u32 s13, s13, 0
84938414000: system.cpu3.CUs0.wavefronts00: Kernel 000 inst: 00204 v_mov_b32 v1, s5
84938418000: system.cpu3.CUs0.wavefronts00: Kernel 000 inst: 00208 v_cmp_eq_u32 vcc, s4, v1
84938422000: system.cpu3.CUs0.wavefronts00: Kernel 000 inst: 00212 v_mov_b32 v1, -1
84938429000: system.cpu3.CUs0.wavefronts00: Kernel 000 inst: 00216 s_andn2_b64 s14, s14, exec
84938437000: system.cpu3.CUs0.wavefronts00: Kernel 000 inst: 00220 s_and_b64 s18, vcc_lo, exec
84938445000: system.cpu3.CUs0.wavefronts00: Kernel 000 inst: 00224 s_or_b64 s14, s14, s18
84938453000: system.cpu3.CUs0.wavefronts00: Kernel 000 inst: 00228 s_branch
84938463000: system.cpu3.CUs0.wavefronts00: Kernel 000 inst: 00140 s_or_b64 exec, exec, s16
84938471000: system.cpu3.CUs0.wavefronts00: Kernel 000 inst: 00144 s_and_b64 s16, exec, s14
84938479000: system.cpu3.CUs0.wavefronts00: Kernel 000 inst: 00148 s_or_b64 s6, s16, s6
84938487000: system.cpu3.CUs0.wavefronts00: Kernel 000 inst: 00152 s_andn2_b64 exec, exec, s6
84938491000: system.cpu3.CUs0.wavefronts00: Kernel 000 inst: 00156 s_cbranch_execz label_4c
84938492000: system.cpu3.CUs0.wavefronts00: Kernel 000 inst: 00160 s_load_dwordx2 s[16:17], s[12:13], 0x00
84938499000: system.cpu3.CUs0.wavefronts00: Kernel 000 inst: 00168 s_waitcnt vmcnt(0) & lgkmcnt(0)
84938550000: system.cpu3.CUs0.wavefronts00: Kernel 000 inst: 00172 v_cmp_nge_f64 vcc, s16, v2
84938554000: system.cpu3.CUs0.wavefronts00: Kernel 000 inst: 00176 v_mov_b32 v1, s5
84938555000: system.cpu3.CUs0.wavefronts00: Kernel 000 inst: 00180 s_or_b64 s14, s14, exec
84938559000: system.cpu3.CUs0.wavefronts00: Kernel 000 inst: 00184 s_and_saveexec_b64 s16, vcc_lo
84938563000: system.cpu3.CUs0.wavefronts00: Kernel 000 inst: 00188 s_cbranch_execz label_3ffd0
84938567000: system.cpu3.CUs0.wavefronts00: Kernel 000 inst: 00192 s_add_i32 s5, s5, 1
84938571000: system.cpu3.CUs0.wavefronts00: Kernel 000 inst: 00196 s_add_u32 s12, s12, 8
84938575000: system.cpu3.CUs0.wavefronts00: Kernel 000 inst: 00200 s_addc_u32 s13, s13, 0
84938576000: system.cpu3.CUs0.wavefronts00: Kernel 000 inst: 00204 v_mov_b32 v1, s5
84938580000: system.cpu3.CUs0.wavefronts00: Kernel 000 inst: 00208 v_cmp_eq_u32 vcc, s4, v1
84938584000: system.cpu3.CUs0.wavefronts00: Kernel 000 inst: 00212 v_mov_b32 v1, -1
84938591000: system.cpu3.CUs0.wavefronts00: Kernel 000 inst: 00216 s_andn2_b64 s14, s14, exec
84938599000: system.cpu3.CUs0.wavefronts00: Kernel 000 inst: 00220 s_and_b64 s18, vcc_lo, exec
84938607000: system.cpu3.CUs0.wavefronts00: Kernel 000 inst: 00224 s_or_b64 s14, s14, s18
84938615000: system.cpu3.CUs0.wavefronts00: Kernel 000 inst: 00228 s_branch
84938625000: system.cpu3.CUs0.wavefronts00: Kernel 000 inst: 00140 s_or_b64 exec, exec, s16
84938633000: system.cpu3.CUs0.wavefronts00: Kernel 000 inst: 00144 s_and_b64 s16, exec, s14
84938641000: system.cpu3.CUs0.wavefronts00: Kernel 000 inst: 00148 s_or_b64 s6, s16, s6
84938649000: system.cpu3.CUs0.wavefronts00: Kernel 000 inst: 00152 s_andn2_b64 exec, exec, s6
84938653000: system.cpu3.CUs0.wavefronts00: Kernel 000 inst: 00156 s_cbranch_execz label_4c
84938654000: system.cpu3.CUs0.wavefronts00: Kernel 000 inst: 00160 s_load_dwordx2 s[16:17], s[12:13], 0x00
84938661000: system.cpu3.CUs0.wavefronts00: Kernel 000 inst: 00168 s_waitcnt vmcnt(0) & lgkmcnt(0)
84938712000: system.cpu3.CUs0.wavefronts00: Kernel 000 inst: 00172 v_cmp_nge_f64 vcc, s16, v2
84938716000: system.cpu3.CUs0.wavefronts00: Kernel 000 inst: 00176 v_mov_b32 v1, s5
84938717000: system.cpu3.CUs0.wavefronts00: Kernel 000 inst: 00180 s_or_b64 s14, s14, exec
84938721000: system.cpu3.CUs0.wavefronts00: Kernel 000 inst: 00184 s_and_saveexec_b64 s16, vcc_lo
84938725000: system.cpu3.CUs0.wavefronts00: Kernel 000 inst: 00188 s_cbranch_execz label_3ffd0
84938729000: system.cpu3.CUs0.wavefronts00: Kernel 000 inst: 00192 s_add_i32 s5, s5, 1
84938733000: system.cpu3.CUs0.wavefronts00: Kernel 000 inst: 00196 s_add_u32 s12, s12, 8
84938737000: system.cpu3.CUs0.wavefronts00: Kernel 000 inst: 00200 s_addc_u32 s13, s13, 0
84938738000: system.cpu3.CUs0.wavefronts00: Kernel 000 inst: 00204 v_mov_b32 v1, s5
84938742000: system.cpu3.CUs0.wavefronts00: Kernel 000 inst: 00208 v_cmp_eq_u32 vcc, s4, v1
84938746000: system.cpu3.CUs0.wavefronts00: Kernel 000 inst: 00212 v_mov_b32 v1, -1
84938753000: system.cpu3.CUs0.wavefronts00: Kernel 000 inst: 00216 s_andn2_b64 s14, s14, exec
84938761000: system.cpu3.CUs0.wavefronts00: Kernel 000 inst: 00220 s_and_b64 s18, vcc_lo, exec
84938769000: system.cpu3.CUs0.wavefronts00: Kernel 000 inst: 00224 s_or_b64 s14, s14, s18
84938777000: system.cpu3.CUs0.wavefronts00: Kernel 000 inst: 00228 s_branch
84938787000: system.cpu3.CUs0.wavefronts00: Kernel 000 inst: 00140 s_or_b64 exec, exec, s16
84938795000: system.cpu3.CUs0.wavefronts00: Kernel 000 inst: 00144 s_and_b64 s16, exec, s14
84938803000: system.cpu3.CUs0.wavefronts00: Kernel 000 inst: 00148 s_or_b64 s6, s16, s6
84938811000: system.cpu3.CUs0.wavefronts00: Kernel 000 inst: 00152 s_andn2_b64 exec, exec, s6
84938815000: system.cpu3.CUs0.wavefronts00: Kernel 000 inst: 00156 s_cbranch_execz label_4c
84938816000: system.cpu3.CUs0.wavefronts00: Kernel 000 inst: 00160 s_load_dwordx2 s[16:17], s[12:13], 0x00
84938823000: system.cpu3.CUs0.wavefronts00: Kernel 000 inst: 00168 s_waitcnt vmcnt(0) & lgkmcnt(0)
84939191000: system.cpu3.CUs0.wavefronts00: Kernel 000 inst: 00172 v_cmp_nge_f64 vcc, s16, v2
84939195000: system.cpu3.CUs0.wavefronts00: Kernel 000 inst: 00176 v_mov_b32 v1, s5
84939196000: system.cpu3.CUs0.wavefronts00: Kernel 000 inst: 00180 s_or_b64 s14, s14, exec
84939200000: system.cpu3.CUs0.wavefronts00: Kernel 000 inst: 00184 s_and_saveexec_b64 s16, vcc_lo
84939208000: system.cpu3.CUs0.wavefronts00: Kernel 000 inst: 00188 s_cbranch_execz label_3ffd0
84939216000: system.cpu3.CUs0.wavefronts00: Kernel 000 inst: 00192 s_add_i32 s5, s5, 1
84939224000: system.cpu3.CUs0.wavefronts00: Kernel 000 inst: 00196 s_add_u32 s12, s12, 8
84939232000: system.cpu3.CUs0.wavefronts00: Kernel 000 inst: 00200 s_addc_u32 s13, s13, 0
84939233000: system.cpu3.CUs0.wavefronts00: Kernel 000 inst: 00204 v_mov_b32 v1, s5
84939237000: system.cpu3.CUs0.wavefronts00: Kernel 000 inst: 00208 v_cmp_eq_u32 vcc, s4, v1
84939241000: system.cpu3.CUs0.wavefronts00: Kernel 000 inst: 00212 v_mov_b32 v1, -1
84939244000: system.cpu3.CUs0.wavefronts00: Kernel 000 inst: 00216 s_andn2_b64 s14, s14, exec
84939248000: system.cpu3.CUs0.wavefronts00: Kernel 000 inst: 00220 s_and_b64 s18, vcc_lo, exec
84939256000: system.cpu3.CUs0.wavefronts00: Kernel 000 inst: 00224 s_or_b64 s14, s14, s18
84939264000: system.cpu3.CUs0.wavefronts00: Kernel 000 inst: 00228 s_branch
84939276000: system.cpu3.CUs0.wavefronts00: Kernel 000 inst: 00140 s_or_b64 exec, exec, s16
84939280000: system.cpu3.CUs0.wavefronts00: Kernel 000 inst: 00144 s_and_b64 s16, exec, s14
84939288000: system.cpu3.CUs0.wavefronts00: Kernel 000 inst: 00148 s_or_b64 s6, s16, s6
84939296000: system.cpu3.CUs0.wavefronts00: Kernel 000 inst: 00152 s_andn2_b64 exec, exec, s6
84939304000: system.cpu3.CUs0.wavefronts00: Kernel 000 inst: 00156 s_cbranch_execz label_4c
84939305000: system.cpu3.CUs0.wavefronts00: Kernel 000 inst: 00160 s_load_dwordx2 s[16:17], s[12:13], 0x00
84939312000: system.cpu3.CUs0.wavefronts00: Kernel 000 inst: 00168 s_waitcnt vmcnt(0) & lgkmcnt(0)
84939363000: system.cpu3.CUs0.wavefronts00: Kernel 000 inst: 00172 v_cmp_nge_f64 vcc, s16, v2
84939367000: system.cpu3.CUs0.wavefronts00: Kernel 000 inst: 00176 v_mov_b32 v1, s5
84939368000: system.cpu3.CUs0.wavefronts00: Kernel 000 inst: 00180 s_or_b64 s14, s14, exec
84939372000: system.cpu3.CUs0.wavefronts00: Kernel 000 inst: 00184 s_and_saveexec_b64 s16, vcc_lo
84939376000: system.cpu3.CUs0.wavefronts00: Kernel 000 inst: 00188 s_cbranch_execz label_3ffd0
84939380000: system.cpu3.CUs0.wavefronts00: Kernel 000 inst: 00192 s_add_i32 s5, s5, 1
84939388000: system.cpu3.CUs0.wavefronts00: Kernel 000 inst: 00196 s_add_u32 s12, s12, 8
84939396000: system.cpu3.CUs0.wavefronts00: Kernel 000 inst: 00200 s_addc_u32 s13, s13, 0
84939397000: system.cpu3.CUs0.wavefronts00: Kernel 000 inst: 00204 v_mov_b32 v1, s5
84939401000: system.cpu3.CUs0.wavefronts00: Kernel 000 inst: 00208 v_cmp_eq_u32 vcc, s4, v1
84939405000: system.cpu3.CUs0.wavefronts00: Kernel 000 inst: 00212 v_mov_b32 v1, -1
84939412000: system.cpu3.CUs0.wavefronts00: Kernel 000 inst: 00216 s_andn2_b64 s14, s14, exec
84939420000: system.cpu3.CUs0.wavefronts00: Kernel 000 inst: 00220 s_and_b64 s18, vcc_lo, exec
84939424000: system.cpu3.CUs0.wavefronts00: Kernel 000 inst: 00224 s_or_b64 s14, s14, s18
84939428000: system.cpu3.CUs0.wavefronts00: Kernel 000 inst: 00228 s_branch
84939440000: system.cpu3.CUs0.wavefronts00: Kernel 000 inst: 00140 s_or_b64 exec, exec, s16
84939448000: system.cpu3.CUs0.wavefronts00: Kernel 000 inst: 00144 s_and_b64 s16, exec, s14
84939456000: system.cpu3.CUs0.wavefronts00: Kernel 000 inst: 00148 s_or_b64 s6, s16, s6
84939460000: system.cpu3.CUs0.wavefronts00: Kernel 000 inst: 00152 s_andn2_b64 exec, exec, s6
84939468000: system.cpu3.CUs0.wavefronts00: Kernel 000 inst: 00156 s_cbranch_execz label_4c
84939469000: system.cpu3.CUs0.wavefronts00: Kernel 000 inst: 00160 s_load_dwordx2 s[16:17], s[12:13], 0x00
84939476000: system.cpu3.CUs0.wavefronts00: Kernel 000 inst: 00168 s_waitcnt vmcnt(0) & lgkmcnt(0)
84939527000: system.cpu3.CUs0.wavefronts00: Kernel 000 inst: 00172 v_cmp_nge_f64 vcc, s16, v2
84939531000: system.cpu3.CUs0.wavefronts00: Kernel 000 inst: 00176 v_mov_b32 v1, s5
84939532000: system.cpu3.CUs0.wavefronts00: Kernel 000 inst: 00180 s_or_b64 s14, s14, exec
84939536000: system.cpu3.CUs0.wavefronts00: Kernel 000 inst: 00184 s_and_saveexec_b64 s16, vcc_lo
84939540000: system.cpu3.CUs0.wavefronts00: Kernel 000 inst: 00188 s_cbranch_execz label_3ffd0
84939544000: system.cpu3.CUs0.wavefronts00: Kernel 000 inst: 00192 s_add_i32 s5, s5, 1
84939548000: system.cpu3.CUs0.wavefronts00: Kernel 000 inst: 00196 s_add_u32 s12, s12, 8
84939552000: system.cpu3.CUs0.wavefronts00: Kernel 000 inst: 00200 s_addc_u32 s13, s13, 0
84939553000: system.cpu3.CUs0.wavefronts00: Kernel 000 inst: 00204 v_mov_b32 v1, s5
84939557000: system.cpu3.CUs0.wavefronts00: Kernel 000 inst: 00208 v_cmp_eq_u32 vcc, s4, v1
84939561000: system.cpu3.CUs0.wavefronts00: Kernel 000 inst: 00212 v_mov_b32 v1, -1
84939568000: system.cpu3.CUs0.wavefronts00: Kernel 000 inst: 00216 s_andn2_b64 s14, s14, exec
84939576000: system.cpu3.CUs0.wavefronts00: Kernel 000 inst: 00220 s_and_b64 s18, vcc_lo, exec
84939584000: system.cpu3.CUs0.wavefronts00: Kernel 000 inst: 00224 s_or_b64 s14, s14, s18
84939592000: system.cpu3.CUs0.wavefronts00: Kernel 000 inst: 00228 s_branch
84939602000: system.cpu3.CUs0.wavefronts00: Kernel 000 inst: 00140 s_or_b64 exec, exec, s16
84939610000: system.cpu3.CUs0.wavefronts00: Kernel 000 inst: 00144 s_and_b64 s16, exec, s14
84939618000: system.cpu3.CUs0.wavefronts00: Kernel 000 inst: 00148 s_or_b64 s6, s16, s6
84939626000: system.cpu3.CUs0.wavefronts00: Kernel 000 inst: 00152 s_andn2_b64 exec, exec, s6
84939630000: system.cpu3.CUs0.wavefronts00: Kernel 000 inst: 00156 s_cbranch_execz label_4c
84939631000: system.cpu3.CUs0.wavefronts00: Kernel 000 inst: 00160 s_load_dwordx2 s[16:17], s[12:13], 0x00
84939638000: system.cpu3.CUs0.wavefronts00: Kernel 000 inst: 00168 s_waitcnt vmcnt(0) & lgkmcnt(0)
84939689000: system.cpu3.CUs0.wavefronts00: Kernel 000 inst: 00172 v_cmp_nge_f64 vcc, s16, v2
84939693000: system.cpu3.CUs0.wavefronts00: Kernel 000 inst: 00176 v_mov_b32 v1, s5
84939694000: system.cpu3.CUs0.wavefronts00: Kernel 000 inst: 00180 s_or_b64 s14, s14, exec
84939698000: system.cpu3.CUs0.wavefronts00: Kernel 000 inst: 00184 s_and_saveexec_b64 s16, vcc_lo
84939702000: system.cpu3.CUs0.wavefronts00: Kernel 000 inst: 00188 s_cbranch_execz label_3ffd0
84939706000: system.cpu3.CUs0.wavefronts00: Kernel 000 inst: 00192 s_add_i32 s5, s5, 1
84939710000: system.cpu3.CUs0.wavefronts00: Kernel 000 inst: 00196 s_add_u32 s12, s12, 8
84939714000: system.cpu3.CUs0.wavefronts00: Kernel 000 inst: 00200 s_addc_u32 s13, s13, 0
84939715000: system.cpu3.CUs0.wavefronts00: Kernel 000 inst: 00204 v_mov_b32 v1, s5
84939719000: system.cpu3.CUs0.wavefronts00: Kernel 000 inst: 00208 v_cmp_eq_u32 vcc, s4, v1
84939723000: system.cpu3.CUs0.wavefronts00: Kernel 000 inst: 00212 v_mov_b32 v1, -1
84939730000: system.cpu3.CUs0.wavefronts00: Kernel 000 inst: 00216 s_andn2_b64 s14, s14, exec
84939738000: system.cpu3.CUs0.wavefronts00: Kernel 000 inst: 00220 s_and_b64 s18, vcc_lo, exec
84939746000: system.cpu3.CUs0.wavefronts00: Kernel 000 inst: 00224 s_or_b64 s14, s14, s18
84939754000: system.cpu3.CUs0.wavefronts00: Kernel 000 inst: 00228 s_branch
84939764000: system.cpu3.CUs0.wavefronts00: Kernel 000 inst: 00140 s_or_b64 exec, exec, s16
84939772000: system.cpu3.CUs0.wavefronts00: Kernel 000 inst: 00144 s_and_b64 s16, exec, s14
84939780000: system.cpu3.CUs0.wavefronts00: Kernel 000 inst: 00148 s_or_b64 s6, s16, s6
84939788000: system.cpu3.CUs0.wavefronts00: Kernel 000 inst: 00152 s_andn2_b64 exec, exec, s6
84939792000: system.cpu3.CUs0.wavefronts00: Kernel 000 inst: 00156 s_cbranch_execz label_4c
84939793000: system.cpu3.CUs0.wavefronts00: Kernel 000 inst: 00160 s_load_dwordx2 s[16:17], s[12:13], 0x00
84939800000: system.cpu3.CUs0.wavefronts00: Kernel 000 inst: 00168 s_waitcnt vmcnt(0) & lgkmcnt(0)
84939851000: system.cpu3.CUs0.wavefronts00: Kernel 000 inst: 00172 v_cmp_nge_f64 vcc, s16, v2
84939855000: system.cpu3.CUs0.wavefronts00: Kernel 000 inst: 00176 v_mov_b32 v1, s5
84939856000: system.cpu3.CUs0.wavefronts00: Kernel 000 inst: 00180 s_or_b64 s14, s14, exec
84939860000: system.cpu3.CUs0.wavefronts00: Kernel 000 inst: 00184 s_and_saveexec_b64 s16, vcc_lo
84939864000: system.cpu3.CUs0.wavefronts00: Kernel 000 inst: 00188 s_cbranch_execz label_3ffd0
84939868000: system.cpu3.CUs0.wavefronts00: Kernel 000 inst: 00192 s_add_i32 s5, s5, 1
84939872000: system.cpu3.CUs0.wavefronts00: Kernel 000 inst: 00196 s_add_u32 s12, s12, 8
84939876000: system.cpu3.CUs0.wavefronts00: Kernel 000 inst: 00200 s_addc_u32 s13, s13, 0
84939877000: system.cpu3.CUs0.wavefronts00: Kernel 000 inst: 00204 v_mov_b32 v1, s5
84939881000: system.cpu3.CUs0.wavefronts00: Kernel 000 inst: 00208 v_cmp_eq_u32 vcc, s4, v1
84939885000: system.cpu3.CUs0.wavefronts00: Kernel 000 inst: 00212 v_mov_b32 v1, -1
84939892000: system.cpu3.CUs0.wavefronts00: Kernel 000 inst: 00216 s_andn2_b64 s14, s14, exec
84939900000: system.cpu3.CUs0.wavefronts00: Kernel 000 inst: 00220 s_and_b64 s18, vcc_lo, exec
84939908000: system.cpu3.CUs0.wavefronts00: Kernel 000 inst: 00224 s_or_b64 s14, s14, s18
84939916000: system.cpu3.CUs0.wavefronts00: Kernel 000 inst: 00228 s_branch
84939926000: system.cpu3.CUs0.wavefronts00: Kernel 000 inst: 00140 s_or_b64 exec, exec, s16
84939934000: system.cpu3.CUs0.wavefronts00: Kernel 000 inst: 00144 s_and_b64 s16, exec, s14
84939942000: system.cpu3.CUs0.wavefronts00: Kernel 000 inst: 00148 s_or_b64 s6, s16, s6
84939950000: system.cpu3.CUs0.wavefronts00: Kernel 000 inst: 00152 s_andn2_b64 exec, exec, s6
84939954000: system.cpu3.CUs0.wavefronts00: Kernel 000 inst: 00156 s_cbranch_execz label_4c
84939955000: system.cpu3.CUs0.wavefronts00: Kernel 000 inst: 00160 s_load_dwordx2 s[16:17], s[12:13], 0x00
84939962000: system.cpu3.CUs0.wavefronts00: Kernel 000 inst: 00168 s_waitcnt vmcnt(0) & lgkmcnt(0)
84940013000: system.cpu3.CUs0.wavefronts00: Kernel 000 inst: 00172 v_cmp_nge_f64 vcc, s16, v2
84940017000: system.cpu3.CUs0.wavefronts00: Kernel 000 inst: 00176 v_mov_b32 v1, s5
84940018000: system.cpu3.CUs0.wavefronts00: Kernel 000 inst: 00180 s_or_b64 s14, s14, exec
84940022000: system.cpu3.CUs0.wavefronts00: Kernel 000 inst: 00184 s_and_saveexec_b64 s16, vcc_lo
84940026000: system.cpu3.CUs0.wavefronts00: Kernel 000 inst: 00188 s_cbranch_execz label_3ffd0
84940030000: system.cpu3.CUs0.wavefronts00: Kernel 000 inst: 00192 s_add_i32 s5, s5, 1
84940034000: system.cpu3.CUs0.wavefronts00: Kernel 000 inst: 00196 s_add_u32 s12, s12, 8
84940038000: system.cpu3.CUs0.wavefronts00: Kernel 000 inst: 00200 s_addc_u32 s13, s13, 0
84940039000: system.cpu3.CUs0.wavefronts00: Kernel 000 inst: 00204 v_mov_b32 v1, s5
84940043000: system.cpu3.CUs0.wavefronts00: Kernel 000 inst: 00208 v_cmp_eq_u32 vcc, s4, v1
84940047000: system.cpu3.CUs0.wavefronts00: Kernel 000 inst: 00212 v_mov_b32 v1, -1
84940054000: system.cpu3.CUs0.wavefronts00: Kernel 000 inst: 00216 s_andn2_b64 s14, s14, exec
84940062000: system.cpu3.CUs0.wavefronts00: Kernel 000 inst: 00220 s_and_b64 s18, vcc_lo, exec
84940070000: system.cpu3.CUs0.wavefronts00: Kernel 000 inst: 00224 s_or_b64 s14, s14, s18
84940078000: system.cpu3.CUs0.wavefronts00: Kernel 000 inst: 00228 s_branch
84940088000: system.cpu3.CUs0.wavefronts00: Kernel 000 inst: 00140 s_or_b64 exec, exec, s16
84940096000: system.cpu3.CUs0.wavefronts00: Kernel 000 inst: 00144 s_and_b64 s16, exec, s14
84940104000: system.cpu3.CUs0.wavefronts00: Kernel 000 inst: 00148 s_or_b64 s6, s16, s6
84940112000: system.cpu3.CUs0.wavefronts00: Kernel 000 inst: 00152 s_andn2_b64 exec, exec, s6
84940116000: system.cpu3.CUs0.wavefronts00: Kernel 000 inst: 00156 s_cbranch_execz label_4c
84940117000: system.cpu3.CUs0.wavefronts00: Kernel 000 inst: 00160 s_load_dwordx2 s[16:17], s[12:13], 0x00
84940124000: system.cpu3.CUs0.wavefronts00: Kernel 000 inst: 00168 s_waitcnt vmcnt(0) & lgkmcnt(0)
84940175000: system.cpu3.CUs0.wavefronts00: Kernel 000 inst: 00172 v_cmp_nge_f64 vcc, s16, v2
84940179000: system.cpu3.CUs0.wavefronts00: Kernel 000 inst: 00176 v_mov_b32 v1, s5
84940180000: system.cpu3.CUs0.wavefronts00: Kernel 000 inst: 00180 s_or_b64 s14, s14, exec
84940184000: system.cpu3.CUs0.wavefronts00: Kernel 000 inst: 00184 s_and_saveexec_b64 s16, vcc_lo
84940188000: system.cpu3.CUs0.wavefronts00: Kernel 000 inst: 00188 s_cbranch_execz label_3ffd0
84940192000: system.cpu3.CUs0.wavefronts00: Kernel 000 inst: 00192 s_add_i32 s5, s5, 1
84940196000: system.cpu3.CUs0.wavefronts00: Kernel 000 inst: 00196 s_add_u32 s12, s12, 8
84940200000: system.cpu3.CUs0.wavefronts00: Kernel 000 inst: 00200 s_addc_u32 s13, s13, 0
84940201000: system.cpu3.CUs0.wavefronts00: Kernel 000 inst: 00204 v_mov_b32 v1, s5
84940205000: system.cpu3.CUs0.wavefronts00: Kernel 000 inst: 00208 v_cmp_eq_u32 vcc, s4, v1
84940209000: system.cpu3.CUs0.wavefronts00: Kernel 000 inst: 00212 v_mov_b32 v1, -1
84940216000: system.cpu3.CUs0.wavefronts00: Kernel 000 inst: 00216 s_andn2_b64 s14, s14, exec
84940224000: system.cpu3.CUs0.wavefronts00: Kernel 000 inst: 00220 s_and_b64 s18, vcc_lo, exec
84940232000: system.cpu3.CUs0.wavefronts00: Kernel 000 inst: 00224 s_or_b64 s14, s14, s18
84940240000: system.cpu3.CUs0.wavefronts00: Kernel 000 inst: 00228 s_branch
84940250000: system.cpu3.CUs0.wavefronts00: Kernel 000 inst: 00140 s_or_b64 exec, exec, s16
84940258000: system.cpu3.CUs0.wavefronts00: Kernel 000 inst: 00144 s_and_b64 s16, exec, s14
84940266000: system.cpu3.CUs0.wavefronts00: Kernel 000 inst: 00148 s_or_b64 s6, s16, s6
84940274000: system.cpu3.CUs0.wavefronts00: Kernel 000 inst: 00152 s_andn2_b64 exec, exec, s6
84940278000: system.cpu3.CUs0.wavefronts00: Kernel 000 inst: 00156 s_cbranch_execz label_4c
84940279000: system.cpu3.CUs0.wavefronts00: Kernel 000 inst: 00160 s_load_dwordx2 s[16:17], s[12:13], 0x00
84940286000: system.cpu3.CUs0.wavefronts00: Kernel 000 inst: 00168 s_waitcnt vmcnt(0) & lgkmcnt(0)
84940337000: system.cpu3.CUs0.wavefronts00: Kernel 000 inst: 00172 v_cmp_nge_f64 vcc, s16, v2
84940341000: system.cpu3.CUs0.wavefronts00: Kernel 000 inst: 00176 v_mov_b32 v1, s5
84940342000: system.cpu3.CUs0.wavefronts00: Kernel 000 inst: 00180 s_or_b64 s14, s14, exec
84940346000: system.cpu3.CUs0.wavefronts00: Kernel 000 inst: 00184 s_and_saveexec_b64 s16, vcc_lo
84940350000: system.cpu3.CUs0.wavefronts00: Kernel 000 inst: 00188 s_cbranch_execz label_3ffd0
84940354000: system.cpu3.CUs0.wavefronts00: Kernel 000 inst: 00192 s_add_i32 s5, s5, 1
84940358000: system.cpu3.CUs0.wavefronts00: Kernel 000 inst: 00196 s_add_u32 s12, s12, 8
84940362000: system.cpu3.CUs0.wavefronts00: Kernel 000 inst: 00200 s_addc_u32 s13, s13, 0
84940363000: system.cpu3.CUs0.wavefronts00: Kernel 000 inst: 00204 v_mov_b32 v1, s5
84940367000: system.cpu3.CUs0.wavefronts00: Kernel 000 inst: 00208 v_cmp_eq_u32 vcc, s4, v1
84940371000: system.cpu3.CUs0.wavefronts00: Kernel 000 inst: 00212 v_mov_b32 v1, -1
84940378000: system.cpu3.CUs0.wavefronts00: Kernel 000 inst: 00216 s_andn2_b64 s14, s14, exec
84940386000: system.cpu3.CUs0.wavefronts00: Kernel 000 inst: 00220 s_and_b64 s18, vcc_lo, exec
84940394000: system.cpu3.CUs0.wavefronts00: Kernel 000 inst: 00224 s_or_b64 s14, s14, s18
84940402000: system.cpu3.CUs0.wavefronts00: Kernel 000 inst: 00228 s_branch
84940412000: system.cpu3.CUs0.wavefronts00: Kernel 000 inst: 00140 s_or_b64 exec, exec, s16
84940420000: system.cpu3.CUs0.wavefronts00: Kernel 000 inst: 00144 s_and_b64 s16, exec, s14
84940428000: system.cpu3.CUs0.wavefronts00: Kernel 000 inst: 00148 s_or_b64 s6, s16, s6
84940436000: system.cpu3.CUs0.wavefronts00: Kernel 000 inst: 00152 s_andn2_b64 exec, exec, s6
84940440000: system.cpu3.CUs0.wavefronts00: Kernel 000 inst: 00156 s_cbranch_execz label_4c
84940441000: system.cpu3.CUs0.wavefronts00: Kernel 000 inst: 00160 s_load_dwordx2 s[16:17], s[12:13], 0x00
84940448000: system.cpu3.CUs0.wavefronts00: Kernel 000 inst: 00168 s_waitcnt vmcnt(0) & lgkmcnt(0)
84940816000: system.cpu3.CUs0.wavefronts00: Kernel 000 inst: 00172 v_cmp_nge_f64 vcc, s16, v2
84940820000: system.cpu3.CUs0.wavefronts00: Kernel 000 inst: 00176 v_mov_b32 v1, s5
84940821000: system.cpu3.CUs0.wavefronts00: Kernel 000 inst: 00180 s_or_b64 s14, s14, exec
84940825000: system.cpu3.CUs0.wavefronts00: Kernel 000 inst: 00184 s_and_saveexec_b64 s16, vcc_lo
84940833000: system.cpu3.CUs0.wavefronts00: Kernel 000 inst: 00188 s_cbranch_execz label_3ffd0
84940841000: system.cpu3.CUs0.wavefronts00: Kernel 000 inst: 00192 s_add_i32 s5, s5, 1
84940849000: system.cpu3.CUs0.wavefronts00: Kernel 000 inst: 00196 s_add_u32 s12, s12, 8
84940857000: system.cpu3.CUs0.wavefronts00: Kernel 000 inst: 00200 s_addc_u32 s13, s13, 0
84940858000: system.cpu3.CUs0.wavefronts00: Kernel 000 inst: 00204 v_mov_b32 v1, s5
84940862000: system.cpu3.CUs0.wavefronts00: Kernel 000 inst: 00208 v_cmp_eq_u32 vcc, s4, v1
84940866000: system.cpu3.CUs0.wavefronts00: Kernel 000 inst: 00212 v_mov_b32 v1, -1
84940869000: system.cpu3.CUs0.wavefronts00: Kernel 000 inst: 00216 s_andn2_b64 s14, s14, exec
84940873000: system.cpu3.CUs0.wavefronts00: Kernel 000 inst: 00220 s_and_b64 s18, vcc_lo, exec
84940881000: system.cpu3.CUs0.wavefronts00: Kernel 000 inst: 00224 s_or_b64 s14, s14, s18
84940889000: system.cpu3.CUs0.wavefronts00: Kernel 000 inst: 00228 s_branch
84940901000: system.cpu3.CUs0.wavefronts00: Kernel 000 inst: 00140 s_or_b64 exec, exec, s16
84940905000: system.cpu3.CUs0.wavefronts00: Kernel 000 inst: 00144 s_and_b64 s16, exec, s14
84940913000: system.cpu3.CUs0.wavefronts00: Kernel 000 inst: 00148 s_or_b64 s6, s16, s6
84940921000: system.cpu3.CUs0.wavefronts00: Kernel 000 inst: 00152 s_andn2_b64 exec, exec, s6
84940929000: system.cpu3.CUs0.wavefronts00: Kernel 000 inst: 00156 s_cbranch_execz label_4c
84940930000: system.cpu3.CUs0.wavefronts00: Kernel 000 inst: 00160 s_load_dwordx2 s[16:17], s[12:13], 0x00
84940937000: system.cpu3.CUs0.wavefronts00: Kernel 000 inst: 00168 s_waitcnt vmcnt(0) & lgkmcnt(0)
84940988000: system.cpu3.CUs0.wavefronts00: Kernel 000 inst: 00172 v_cmp_nge_f64 vcc, s16, v2
84940992000: system.cpu3.CUs0.wavefronts00: Kernel 000 inst: 00176 v_mov_b32 v1, s5
84940993000: system.cpu3.CUs0.wavefronts00: Kernel 000 inst: 00180 s_or_b64 s14, s14, exec
84940997000: system.cpu3.CUs0.wavefronts00: Kernel 000 inst: 00184 s_and_saveexec_b64 s16, vcc_lo
84941001000: system.cpu3.CUs0.wavefronts00: Kernel 000 inst: 00188 s_cbranch_execz label_3ffd0
84941005000: system.cpu3.CUs0.wavefronts00: Kernel 000 inst: 00192 s_add_i32 s5, s5, 1
84941013000: system.cpu3.CUs0.wavefronts00: Kernel 000 inst: 00196 s_add_u32 s12, s12, 8
84941021000: system.cpu3.CUs0.wavefronts00: Kernel 000 inst: 00200 s_addc_u32 s13, s13, 0
84941022000: system.cpu3.CUs0.wavefronts00: Kernel 000 inst: 00204 v_mov_b32 v1, s5
84941026000: system.cpu3.CUs0.wavefronts00: Kernel 000 inst: 00208 v_cmp_eq_u32 vcc, s4, v1
84941030000: system.cpu3.CUs0.wavefronts00: Kernel 000 inst: 00212 v_mov_b32 v1, -1
84941037000: system.cpu3.CUs0.wavefronts00: Kernel 000 inst: 00216 s_andn2_b64 s14, s14, exec
84941045000: system.cpu3.CUs0.wavefronts00: Kernel 000 inst: 00220 s_and_b64 s18, vcc_lo, exec
84941049000: system.cpu3.CUs0.wavefronts00: Kernel 000 inst: 00224 s_or_b64 s14, s14, s18
84941053000: system.cpu3.CUs0.wavefronts00: Kernel 000 inst: 00228 s_branch
84941065000: system.cpu3.CUs0.wavefronts00: Kernel 000 inst: 00140 s_or_b64 exec, exec, s16
84941073000: system.cpu3.CUs0.wavefronts00: Kernel 000 inst: 00144 s_and_b64 s16, exec, s14
84941081000: system.cpu3.CUs0.wavefronts00: Kernel 000 inst: 00148 s_or_b64 s6, s16, s6
84941085000: system.cpu3.CUs0.wavefronts00: Kernel 000 inst: 00152 s_andn2_b64 exec, exec, s6
84941093000: system.cpu3.CUs0.wavefronts00: Kernel 000 inst: 00156 s_cbranch_execz label_4c
84941094000: system.cpu3.CUs0.wavefronts00: Kernel 000 inst: 00160 s_load_dwordx2 s[16:17], s[12:13], 0x00
84941101000: system.cpu3.CUs0.wavefronts00: Kernel 000 inst: 00168 s_waitcnt vmcnt(0) & lgkmcnt(0)
84941152000: system.cpu3.CUs0.wavefronts00: Kernel 000 inst: 00172 v_cmp_nge_f64 vcc, s16, v2
84941156000: system.cpu3.CUs0.wavefronts00: Kernel 000 inst: 00176 v_mov_b32 v1, s5
84941157000: system.cpu3.CUs0.wavefronts00: Kernel 000 inst: 00180 s_or_b64 s14, s14, exec
84941161000: system.cpu3.CUs0.wavefronts00: Kernel 000 inst: 00184 s_and_saveexec_b64 s16, vcc_lo
84941165000: system.cpu3.CUs0.wavefronts00: Kernel 000 inst: 00188 s_cbranch_execz label_3ffd0
84941169000: system.cpu3.CUs0.wavefronts00: Kernel 000 inst: 00192 s_add_i32 s5, s5, 1
84941173000: system.cpu3.CUs0.wavefronts00: Kernel 000 inst: 00196 s_add_u32 s12, s12, 8
84941177000: system.cpu3.CUs0.wavefronts00: Kernel 000 inst: 00200 s_addc_u32 s13, s13, 0
84941178000: system.cpu3.CUs0.wavefronts00: Kernel 000 inst: 00204 v_mov_b32 v1, s5
84941182000: system.cpu3.CUs0.wavefronts00: Kernel 000 inst: 00208 v_cmp_eq_u32 vcc, s4, v1
84941186000: system.cpu3.CUs0.wavefronts00: Kernel 000 inst: 00212 v_mov_b32 v1, -1
84941193000: system.cpu3.CUs0.wavefronts00: Kernel 000 inst: 00216 s_andn2_b64 s14, s14, exec
84941201000: system.cpu3.CUs0.wavefronts00: Kernel 000 inst: 00220 s_and_b64 s18, vcc_lo, exec
84941209000: system.cpu3.CUs0.wavefronts00: Kernel 000 inst: 00224 s_or_b64 s14, s14, s18
84941217000: system.cpu3.CUs0.wavefronts00: Kernel 000 inst: 00228 s_branch
84941227000: system.cpu3.CUs0.wavefronts00: Kernel 000 inst: 00140 s_or_b64 exec, exec, s16
84941235000: system.cpu3.CUs0.wavefronts00: Kernel 000 inst: 00144 s_and_b64 s16, exec, s14
84941243000: system.cpu3.CUs0.wavefronts00: Kernel 000 inst: 00148 s_or_b64 s6, s16, s6
84941251000: system.cpu3.CUs0.wavefronts00: Kernel 000 inst: 00152 s_andn2_b64 exec, exec, s6
84941255000: system.cpu3.CUs0.wavefronts00: Kernel 000 inst: 00156 s_cbranch_execz label_4c
84941256000: system.cpu3.CUs0.wavefronts00: Kernel 000 inst: 00160 s_load_dwordx2 s[16:17], s[12:13], 0x00
84941263000: system.cpu3.CUs0.wavefronts00: Kernel 000 inst: 00168 s_waitcnt vmcnt(0) & lgkmcnt(0)
84941314000: system.cpu3.CUs0.wavefronts00: Kernel 000 inst: 00172 v_cmp_nge_f64 vcc, s16, v2
84941318000: system.cpu3.CUs0.wavefronts00: Kernel 000 inst: 00176 v_mov_b32 v1, s5
84941319000: system.cpu3.CUs0.wavefronts00: Kernel 000 inst: 00180 s_or_b64 s14, s14, exec
84941323000: system.cpu3.CUs0.wavefronts00: Kernel 000 inst: 00184 s_and_saveexec_b64 s16, vcc_lo
84941327000: system.cpu3.CUs0.wavefronts00: Kernel 000 inst: 00188 s_cbranch_execz label_3ffd0
84941331000: system.cpu3.CUs0.wavefronts00: Kernel 000 inst: 00192 s_add_i32 s5, s5, 1
84941335000: system.cpu3.CUs0.wavefronts00: Kernel 000 inst: 00196 s_add_u32 s12, s12, 8
84941339000: system.cpu3.CUs0.wavefronts00: Kernel 000 inst: 00200 s_addc_u32 s13, s13, 0
84941340000: system.cpu3.CUs0.wavefronts00: Kernel 000 inst: 00204 v_mov_b32 v1, s5
84941344000: system.cpu3.CUs0.wavefronts00: Kernel 000 inst: 00208 v_cmp_eq_u32 vcc, s4, v1
84941348000: system.cpu3.CUs0.wavefronts00: Kernel 000 inst: 00212 v_mov_b32 v1, -1
84941355000: system.cpu3.CUs0.wavefronts00: Kernel 000 inst: 00216 s_andn2_b64 s14, s14, exec
84941363000: system.cpu3.CUs0.wavefronts00: Kernel 000 inst: 00220 s_and_b64 s18, vcc_lo, exec
84941371000: system.cpu3.CUs0.wavefronts00: Kernel 000 inst: 00224 s_or_b64 s14, s14, s18
84941379000: system.cpu3.CUs0.wavefronts00: Kernel 000 inst: 00228 s_branch
84941389000: system.cpu3.CUs0.wavefronts00: Kernel 000 inst: 00140 s_or_b64 exec, exec, s16
84941397000: system.cpu3.CUs0.wavefronts00: Kernel 000 inst: 00144 s_and_b64 s16, exec, s14
84941405000: system.cpu3.CUs0.wavefronts00: Kernel 000 inst: 00148 s_or_b64 s6, s16, s6
84941413000: system.cpu3.CUs0.wavefronts00: Kernel 000 inst: 00152 s_andn2_b64 exec, exec, s6
84941417000: system.cpu3.CUs0.wavefronts00: Kernel 000 inst: 00156 s_cbranch_execz label_4c
84941418000: system.cpu3.CUs0.wavefronts00: Kernel 000 inst: 00160 s_load_dwordx2 s[16:17], s[12:13], 0x00
84941425000: system.cpu3.CUs0.wavefronts00: Kernel 000 inst: 00168 s_waitcnt vmcnt(0) & lgkmcnt(0)
84941476000: system.cpu3.CUs0.wavefronts00: Kernel 000 inst: 00172 v_cmp_nge_f64 vcc, s16, v2
84941480000: system.cpu3.CUs0.wavefronts00: Kernel 000 inst: 00176 v_mov_b32 v1, s5
84941481000: system.cpu3.CUs0.wavefronts00: Kernel 000 inst: 00180 s_or_b64 s14, s14, exec
84941485000: system.cpu3.CUs0.wavefronts00: Kernel 000 inst: 00184 s_and_saveexec_b64 s16, vcc_lo
84941489000: system.cpu3.CUs0.wavefronts00: Kernel 000 inst: 00188 s_cbranch_execz label_3ffd0
84941493000: system.cpu3.CUs0.wavefronts00: Kernel 000 inst: 00192 s_add_i32 s5, s5, 1
84941497000: system.cpu3.CUs0.wavefronts00: Kernel 000 inst: 00196 s_add_u32 s12, s12, 8
84941501000: system.cpu3.CUs0.wavefronts00: Kernel 000 inst: 00200 s_addc_u32 s13, s13, 0
84941502000: system.cpu3.CUs0.wavefronts00: Kernel 000 inst: 00204 v_mov_b32 v1, s5
84941506000: system.cpu3.CUs0.wavefronts00: Kernel 000 inst: 00208 v_cmp_eq_u32 vcc, s4, v1
84941510000: system.cpu3.CUs0.wavefronts00: Kernel 000 inst: 00212 v_mov_b32 v1, -1
84941517000: system.cpu3.CUs0.wavefronts00: Kernel 000 inst: 00216 s_andn2_b64 s14, s14, exec
84941525000: system.cpu3.CUs0.wavefronts00: Kernel 000 inst: 00220 s_and_b64 s18, vcc_lo, exec
84941533000: system.cpu3.CUs0.wavefronts00: Kernel 000 inst: 00224 s_or_b64 s14, s14, s18
84941541000: system.cpu3.CUs0.wavefronts00: Kernel 000 inst: 00228 s_branch
84941551000: system.cpu3.CUs0.wavefronts00: Kernel 000 inst: 00140 s_or_b64 exec, exec, s16
84941559000: system.cpu3.CUs0.wavefronts00: Kernel 000 inst: 00144 s_and_b64 s16, exec, s14
84941567000: system.cpu3.CUs0.wavefronts00: Kernel 000 inst: 00148 s_or_b64 s6, s16, s6
84941575000: system.cpu3.CUs0.wavefronts00: Kernel 000 inst: 00152 s_andn2_b64 exec, exec, s6
84941579000: system.cpu3.CUs0.wavefronts00: Kernel 000 inst: 00156 s_cbranch_execz label_4c
84941580000: system.cpu3.CUs0.wavefronts00: Kernel 000 inst: 00160 s_load_dwordx2 s[16:17], s[12:13], 0x00
84941587000: system.cpu3.CUs0.wavefronts00: Kernel 000 inst: 00168 s_waitcnt vmcnt(0) & lgkmcnt(0)
84941638000: system.cpu3.CUs0.wavefronts00: Kernel 000 inst: 00172 v_cmp_nge_f64 vcc, s16, v2
84941642000: system.cpu3.CUs0.wavefronts00: Kernel 000 inst: 00176 v_mov_b32 v1, s5
84941643000: system.cpu3.CUs0.wavefronts00: Kernel 000 inst: 00180 s_or_b64 s14, s14, exec
84941647000: system.cpu3.CUs0.wavefronts00: Kernel 000 inst: 00184 s_and_saveexec_b64 s16, vcc_lo
84941651000: system.cpu3.CUs0.wavefronts00: Kernel 000 inst: 00188 s_cbranch_execz label_3ffd0
84941655000: system.cpu3.CUs0.wavefronts00: Kernel 000 inst: 00192 s_add_i32 s5, s5, 1
84941659000: system.cpu3.CUs0.wavefronts00: Kernel 000 inst: 00196 s_add_u32 s12, s12, 8
84941663000: system.cpu3.CUs0.wavefronts00: Kernel 000 inst: 00200 s_addc_u32 s13, s13, 0
84941664000: system.cpu3.CUs0.wavefronts00: Kernel 000 inst: 00204 v_mov_b32 v1, s5
84941668000: system.cpu3.CUs0.wavefronts00: Kernel 000 inst: 00208 v_cmp_eq_u32 vcc, s4, v1
84941672000: system.cpu3.CUs0.wavefronts00: Kernel 000 inst: 00212 v_mov_b32 v1, -1
84941679000: system.cpu3.CUs0.wavefronts00: Kernel 000 inst: 00216 s_andn2_b64 s14, s14, exec
84941687000: system.cpu3.CUs0.wavefronts00: Kernel 000 inst: 00220 s_and_b64 s18, vcc_lo, exec
84941695000: system.cpu3.CUs0.wavefronts00: Kernel 000 inst: 00224 s_or_b64 s14, s14, s18
84941703000: system.cpu3.CUs0.wavefronts00: Kernel 000 inst: 00228 s_branch
84941713000: system.cpu3.CUs0.wavefronts00: Kernel 000 inst: 00140 s_or_b64 exec, exec, s16
84941721000: system.cpu3.CUs0.wavefronts00: Kernel 000 inst: 00144 s_and_b64 s16, exec, s14
84941729000: system.cpu3.CUs0.wavefronts00: Kernel 000 inst: 00148 s_or_b64 s6, s16, s6
84941737000: system.cpu3.CUs0.wavefronts00: Kernel 000 inst: 00152 s_andn2_b64 exec, exec, s6
84941741000: system.cpu3.CUs0.wavefronts00: Kernel 000 inst: 00156 s_cbranch_execz label_4c
84941742000: system.cpu3.CUs0.wavefronts00: Kernel 000 inst: 00160 s_load_dwordx2 s[16:17], s[12:13], 0x00
84941749000: system.cpu3.CUs0.wavefronts00: Kernel 000 inst: 00168 s_waitcnt vmcnt(0) & lgkmcnt(0)
84941800000: system.cpu3.CUs0.wavefronts00: Kernel 000 inst: 00172 v_cmp_nge_f64 vcc, s16, v2
84941804000: system.cpu3.CUs0.wavefronts00: Kernel 000 inst: 00176 v_mov_b32 v1, s5
84941805000: system.cpu3.CUs0.wavefronts00: Kernel 000 inst: 00180 s_or_b64 s14, s14, exec
84941809000: system.cpu3.CUs0.wavefronts00: Kernel 000 inst: 00184 s_and_saveexec_b64 s16, vcc_lo
84941813000: system.cpu3.CUs0.wavefronts00: Kernel 000 inst: 00188 s_cbranch_execz label_3ffd0
84941817000: system.cpu3.CUs0.wavefronts00: Kernel 000 inst: 00192 s_add_i32 s5, s5, 1
84941821000: system.cpu3.CUs0.wavefronts00: Kernel 000 inst: 00196 s_add_u32 s12, s12, 8
84941825000: system.cpu3.CUs0.wavefronts00: Kernel 000 inst: 00200 s_addc_u32 s13, s13, 0
84941826000: system.cpu3.CUs0.wavefronts00: Kernel 000 inst: 00204 v_mov_b32 v1, s5
84941830000: system.cpu3.CUs0.wavefronts00: Kernel 000 inst: 00208 v_cmp_eq_u32 vcc, s4, v1
84941834000: system.cpu3.CUs0.wavefronts00: Kernel 000 inst: 00212 v_mov_b32 v1, -1
84941841000: system.cpu3.CUs0.wavefronts00: Kernel 000 inst: 00216 s_andn2_b64 s14, s14, exec
84941849000: system.cpu3.CUs0.wavefronts00: Kernel 000 inst: 00220 s_and_b64 s18, vcc_lo, exec
84941857000: system.cpu3.CUs0.wavefronts00: Kernel 000 inst: 00224 s_or_b64 s14, s14, s18
84941865000: system.cpu3.CUs0.wavefronts00: Kernel 000 inst: 00228 s_branch
84941875000: system.cpu3.CUs0.wavefronts00: Kernel 000 inst: 00140 s_or_b64 exec, exec, s16
84941883000: system.cpu3.CUs0.wavefronts00: Kernel 000 inst: 00144 s_and_b64 s16, exec, s14
84941891000: system.cpu3.CUs0.wavefronts00: Kernel 000 inst: 00148 s_or_b64 s6, s16, s6
84941899000: system.cpu3.CUs0.wavefronts00: Kernel 000 inst: 00152 s_andn2_b64 exec, exec, s6
84941903000: system.cpu3.CUs0.wavefronts00: Kernel 000 inst: 00156 s_cbranch_execz label_4c
84941904000: system.cpu3.CUs0.wavefronts00: Kernel 000 inst: 00160 s_load_dwordx2 s[16:17], s[12:13], 0x00
84941911000: system.cpu3.CUs0.wavefronts00: Kernel 000 inst: 00168 s_waitcnt vmcnt(0) & lgkmcnt(0)
84941962000: system.cpu3.CUs0.wavefronts00: Kernel 000 inst: 00172 v_cmp_nge_f64 vcc, s16, v2
84941966000: system.cpu3.CUs0.wavefronts00: Kernel 000 inst: 00176 v_mov_b32 v1, s5
84941967000: system.cpu3.CUs0.wavefronts00: Kernel 000 inst: 00180 s_or_b64 s14, s14, exec
84941971000: system.cpu3.CUs0.wavefronts00: Kernel 000 inst: 00184 s_and_saveexec_b64 s16, vcc_lo
84941975000: system.cpu3.CUs0.wavefronts00: Kernel 000 inst: 00188 s_cbranch_execz label_3ffd0
84941979000: system.cpu3.CUs0.wavefronts00: Kernel 000 inst: 00192 s_add_i32 s5, s5, 1
84941983000: system.cpu3.CUs0.wavefronts00: Kernel 000 inst: 00196 s_add_u32 s12, s12, 8
84941987000: system.cpu3.CUs0.wavefronts00: Kernel 000 inst: 00200 s_addc_u32 s13, s13, 0
84941988000: system.cpu3.CUs0.wavefronts00: Kernel 000 inst: 00204 v_mov_b32 v1, s5
84941992000: system.cpu3.CUs0.wavefronts00: Kernel 000 inst: 00208 v_cmp_eq_u32 vcc, s4, v1
84941996000: system.cpu3.CUs0.wavefronts00: Kernel 000 inst: 00212 v_mov_b32 v1, -1
84942003000: system.cpu3.CUs0.wavefronts00: Kernel 000 inst: 00216 s_andn2_b64 s14, s14, exec
84942011000: system.cpu3.CUs0.wavefronts00: Kernel 000 inst: 00220 s_and_b64 s18, vcc_lo, exec
84942019000: system.cpu3.CUs0.wavefronts00: Kernel 000 inst: 00224 s_or_b64 s14, s14, s18
84942027000: system.cpu3.CUs0.wavefronts00: Kernel 000 inst: 00228 s_branch
84942037000: system.cpu3.CUs0.wavefronts00: Kernel 000 inst: 00140 s_or_b64 exec, exec, s16
84942045000: system.cpu3.CUs0.wavefronts00: Kernel 000 inst: 00144 s_and_b64 s16, exec, s14
84942053000: system.cpu3.CUs0.wavefronts00: Kernel 000 inst: 00148 s_or_b64 s6, s16, s6
84942061000: system.cpu3.CUs0.wavefronts00: Kernel 000 inst: 00152 s_andn2_b64 exec, exec, s6
84942065000: system.cpu3.CUs0.wavefronts00: Kernel 000 inst: 00156 s_cbranch_execz label_4c
84942066000: system.cpu3.CUs0.wavefronts00: Kernel 000 inst: 00160 s_load_dwordx2 s[16:17], s[12:13], 0x00
84942073000: system.cpu3.CUs0.wavefronts00: Kernel 000 inst: 00168 s_waitcnt vmcnt(0) & lgkmcnt(0)
84942441000: system.cpu3.CUs0.wavefronts00: Kernel 000 inst: 00172 v_cmp_nge_f64 vcc, s16, v2
84942445000: system.cpu3.CUs0.wavefronts00: Kernel 000 inst: 00176 v_mov_b32 v1, s5
84942446000: system.cpu3.CUs0.wavefronts00: Kernel 000 inst: 00180 s_or_b64 s14, s14, exec
84942450000: system.cpu3.CUs0.wavefronts00: Kernel 000 inst: 00184 s_and_saveexec_b64 s16, vcc_lo
84942458000: system.cpu3.CUs0.wavefronts00: Kernel 000 inst: 00188 s_cbranch_execz label_3ffd0
84942466000: system.cpu3.CUs0.wavefronts00: Kernel 000 inst: 00192 s_add_i32 s5, s5, 1
84942474000: system.cpu3.CUs0.wavefronts00: Kernel 000 inst: 00196 s_add_u32 s12, s12, 8
84942482000: system.cpu3.CUs0.wavefronts00: Kernel 000 inst: 00200 s_addc_u32 s13, s13, 0
84942483000: system.cpu3.CUs0.wavefronts00: Kernel 000 inst: 00204 v_mov_b32 v1, s5
84942487000: system.cpu3.CUs0.wavefronts00: Kernel 000 inst: 00208 v_cmp_eq_u32 vcc, s4, v1
84942491000: system.cpu3.CUs0.wavefronts00: Kernel 000 inst: 00212 v_mov_b32 v1, -1
84942494000: system.cpu3.CUs0.wavefronts00: Kernel 000 inst: 00216 s_andn2_b64 s14, s14, exec
84942498000: system.cpu3.CUs0.wavefronts00: Kernel 000 inst: 00220 s_and_b64 s18, vcc_lo, exec
84942506000: system.cpu3.CUs0.wavefronts00: Kernel 000 inst: 00224 s_or_b64 s14, s14, s18
84942514000: system.cpu3.CUs0.wavefronts00: Kernel 000 inst: 00228 s_branch
84942526000: system.cpu3.CUs0.wavefronts00: Kernel 000 inst: 00140 s_or_b64 exec, exec, s16
84942530000: system.cpu3.CUs0.wavefronts00: Kernel 000 inst: 00144 s_and_b64 s16, exec, s14
84942538000: system.cpu3.CUs0.wavefronts00: Kernel 000 inst: 00148 s_or_b64 s6, s16, s6
84942546000: system.cpu3.CUs0.wavefronts00: Kernel 000 inst: 00152 s_andn2_b64 exec, exec, s6
84942554000: system.cpu3.CUs0.wavefronts00: Kernel 000 inst: 00156 s_cbranch_execz label_4c
84942555000: system.cpu3.CUs0.wavefronts00: Kernel 000 inst: 00160 s_load_dwordx2 s[16:17], s[12:13], 0x00
84942562000: system.cpu3.CUs0.wavefronts00: Kernel 000 inst: 00168 s_waitcnt vmcnt(0) & lgkmcnt(0)
84942613000: system.cpu3.CUs0.wavefronts00: Kernel 000 inst: 00172 v_cmp_nge_f64 vcc, s16, v2
84942617000: system.cpu3.CUs0.wavefronts00: Kernel 000 inst: 00176 v_mov_b32 v1, s5
84942618000: system.cpu3.CUs0.wavefronts00: Kernel 000 inst: 00180 s_or_b64 s14, s14, exec
84942622000: system.cpu3.CUs0.wavefronts00: Kernel 000 inst: 00184 s_and_saveexec_b64 s16, vcc_lo
84942626000: system.cpu3.CUs0.wavefronts00: Kernel 000 inst: 00188 s_cbranch_execz label_3ffd0
84942638000: system.cpu3.CUs0.wavefronts00: Kernel 000 inst: 00140 s_or_b64 exec, exec, s16
84942646000: system.cpu3.CUs0.wavefronts00: Kernel 000 inst: 00144 s_and_b64 s16, exec, s14
84942650000: system.cpu3.CUs0.wavefronts00: Kernel 000 inst: 00148 s_or_b64 s6, s16, s6
84942658000: system.cpu3.CUs0.wavefronts00: Kernel 000 inst: 00152 s_andn2_b64 exec, exec, s6
84942666000: system.cpu3.CUs0.wavefronts00: Kernel 000 inst: 00156 s_cbranch_execz label_4c
84942674000: system.cpu3.CUs0.wavefronts00: Kernel 000 inst: 00232 s_or_b64 exec, exec, s6
84942682000: system.cpu3.CUs0.wavefronts00: Kernel 000 inst: 00236 s_add_i32 s4, s4, -1
84942685000: system.cpu3.CUs0.wavefronts00: Kernel 000 inst: 00240 v_mov_b32 v2, s4
84942689000: system.cpu3.CUs0.wavefronts00: Kernel 000 inst: 00244 v_cmp_eq_u32 vcc, -1, v1
84942693000: system.cpu3.CUs0.wavefronts00: Kernel 000 inst: 00248 v_cndmask_b32 v1, v1, v2, vcc
84942998000: system.cpu3.CUs0.wavefronts00: Kernel 000 inst: 00252 v_ashrrev_i32 v2, 31, v1
84943002000: system.cpu3.CUs0.wavefronts00: Kernel 000 inst: 00256 v_lshlrev_b64 v[1:2], 3, v[1:2]
84943003000: system.cpu3.CUs0.wavefronts00: Kernel 000 inst: 00264 s_waitcnt lgkmcnt(0)
84943006000: system.cpu3.CUs0.wavefronts00: Kernel 000 inst: 00268 v_mov_b32 v4, s9
84943010000: system.cpu3.CUs0.wavefronts00: Kernel 000 inst: 00272 v_add_u32 v3, vcc, s8, v1
84943014000: system.cpu3.CUs0.wavefronts00: Kernel 000 inst: 00276 v_addc_u32 v4, vcc, v4, v2, vcc
84943015000: system.cpu3.CUs0.wavefronts00: Kernel 000 inst: 00280 flat_load_dwordx2 v3, v[3:4]
84943018000: system.cpu3.CUs0.wavefronts00: Kernel 000 inst: 00288 v_mov_b32 v5, 0
84943022000: system.cpu3.CUs0.wavefronts00: Kernel 000 inst: 00292 v_mov_b32 v6, v0
84943026000: system.cpu3.CUs0.wavefronts00: Kernel 000 inst: 00296 v_mov_b32 v0, s1
84943030000: system.cpu3.CUs0.wavefronts00: Kernel 000 inst: 00300 v_mov_b32 v9, s11
84943034000: system.cpu3.CUs0.wavefronts00: Kernel 000 inst: 00304 v_ashrrev_i64 v[5:6], 29, v[5:6]
84943038000: system.cpu3.CUs0.wavefronts00: Kernel 000 inst: 00312 v_add_u32 v7, vcc, s0, v5
84943326000: system.cpu3.CUs0.wavefronts00: Kernel 000 inst: 00316 v_addc_u32 v8, vcc, v0, v6, vcc
84943327000: system.cpu3.CUs0.wavefronts00: Kernel 000 inst: 00320 s_waitcnt vmcnt(0) & lgkmcnt(0)
84944334000: system.cpu3.CUs0.wavefronts00: Kernel 000 inst: 00324 flat_store_dwordx2 v[7:8], v3
84944335000: system.cpu3.CUs0.wavefronts00: Kernel 000 inst: 00332 v_add_u32 v0, vcc, s10, v1
84944339000: system.cpu3.CUs0.wavefronts00: Kernel 000 inst: 00336 v_addc_u32 v1, vcc, v9, v2, vcc
84944342000: system.cpu3.CUs0.wavefronts00: Kernel 000 inst: 00340 flat_load_dwordx2 v0, v[0:1]
84944343000: system.cpu3.CUs0.wavefronts00: Kernel 000 inst: 00348 v_mov_b32 v3, s3
84944347000: system.cpu3.CUs0.wavefronts00: Kernel 000 inst: 00352 v_add_u32 v2, vcc, s2, v5
84944351000: system.cpu3.CUs0.wavefronts00: Kernel 000 inst: 00356 v_addc_u32 v3, vcc, v3, v6, vcc
84944352000: system.cpu3.CUs0.wavefronts00: Kernel 000 inst: 00360 s_waitcnt vmcnt(0) & lgkmcnt(0)
84946628000: system.cpu3.CUs0.wavefronts00: Kernel 000 inst: 00364 flat_store_dwordx2 v[2:3], v0
84947884000: system.cpu3.CUs0.wavefronts00: Kernel 000 inst: 00372 s_endpgm
84947906000: system.cpu0.workload.drivers0.device.dispatcher: -----------------------------------------------------------
84947906000: system.cpu0.workload.drivers0.device.dispatcher: | Kernel ID 0    start address 0x7fff5e77d000             |
84947906000: system.cpu0.workload.drivers0.device.dispatcher: -----------------------------------------------------------
84947906000: system.cpu0.workload.drivers0.device.dispatcher: |         | Kernel | Start | End   | Count | Latency      |
84947906000: system.cpu0.workload.drivers0.device.dispatcher: -----------------------------------------------------------
84947906000: system.cpu0.workload.drivers0.device.dispatcher: | Measure | 0      | 232   | 372   | 1     | 5213000      |
84947906000: system.cpu0.workload.drivers0.device.dispatcher: | Measure | 0      | 140   | 156   | 26    | 32000        |
84947906000: system.cpu0.workload.drivers0.device.dispatcher: | Measure | 0      | 228   | 140   | 25    | 12000        |
84947906000: system.cpu0.workload.drivers0.device.dispatcher: | Measure | 0      | 188   | 140   | 1     | 12000        |
84947906000: system.cpu0.workload.drivers0.device.dispatcher: | Measure | 0      | 188   | 228   | 25    | 58000        |
84947906000: system.cpu0.workload.drivers0.device.dispatcher: | Measure | 0      | 136   | 188   | 1     | 1407000      |
84947906000: system.cpu0.workload.drivers0.device.dispatcher: | Measure | 0      | 84    | 136   | 1     | 333000       |
84947906000: system.cpu0.workload.drivers0.device.dispatcher: | Measure | 0      | 56    | 84    | 1     | 341000       |
84947906000: system.cpu0.workload.drivers0.device.dispatcher: | Measure | 0      | 156   | 232   | 1     | 8000         |
84947906000: system.cpu0.workload.drivers0.device.dispatcher: | Measure | 0      | 156   | 188   | 25    | 393000       |
84947906000: system.cpu0.workload.drivers0.device.dispatcher: | Measure | 0      | 0     | 56    | 1     | 4020999      |
84947906000: system.cpu0.workload.drivers0.device.dispatcher: -----------------------------------------------------------
84947906000: system.cpu0.workload.drivers0.device.dispatcher: | ~ 0 ~ Total Kernel Time ~ 16408999                      |
84947906000: system.cpu0.workload.drivers0.device.dispatcher: -----------------------------------------------------------
PASSED!
Ticks: 88382070000
Exiting because  exiting with last active thread context

Time elapsed: 1m35.347s