Global frequency set at 1000000000000 ticks per second
src/mem/dram_interface.cc:690: warn: DRAM device capacity (8192 Mbytes) does not match the address range assigned (512 Mbytes)
src/base/statistics.hh:279: warn: One of the stats is a legacy stat. Legacy stat is a stat that does not belong to any statistics::Group. Legacy stat is deprecated.
src/base/stats/storage.hh:278: warn: Bucket size (5) does not divide range [1:75] into equal-sized buckets. Rounding up.
src/base/stats/storage.hh:278: warn: Bucket size (2) does not divide range [1:10] into equal-sized buckets. Rounding up.
src/base/stats/storage.hh:278: warn: Bucket size (2) does not divide range [1:64] into equal-sized buckets. Rounding up.
src/base/stats/storage.hh:278: warn: Bucket size (10000) does not divide range [1:1e+06] into equal-sized buckets. Rounding up.
src/base/stats/storage.hh:278: warn: Bucket size (5) does not divide range [1:75] into equal-sized buckets. Rounding up.
src/base/stats/storage.hh:278: warn: Bucket size (2) does not divide range [1:10] into equal-sized buckets. Rounding up.
src/base/stats/storage.hh:278: warn: Bucket size (2) does not divide range [1:64] into equal-sized buckets. Rounding up.
src/base/stats/storage.hh:278: warn: Bucket size (10000) does not divide range [1:1e+06] into equal-sized buckets. Rounding up.
src/base/stats/storage.hh:278: warn: Bucket size (5) does not divide range [1:75] into equal-sized buckets. Rounding up.
src/base/stats/storage.hh:278: warn: Bucket size (2) does not divide range [1:10] into equal-sized buckets. Rounding up.
src/base/stats/storage.hh:278: warn: Bucket size (2) does not divide range [1:64] into equal-sized buckets. Rounding up.
src/base/stats/storage.hh:278: warn: Bucket size (10000) does not divide range [1:1e+06] into equal-sized buckets. Rounding up.
src/base/stats/storage.hh:278: warn: Bucket size (5) does not divide range [1:75] into equal-sized buckets. Rounding up.
src/base/stats/storage.hh:278: warn: Bucket size (2) does not divide range [1:10] into equal-sized buckets. Rounding up.
src/base/stats/storage.hh:278: warn: Bucket size (2) does not divide range [1:64] into equal-sized buckets. Rounding up.
src/base/stats/storage.hh:278: warn: Bucket size (10000) does not divide range [1:1e+06] into equal-sized buckets. Rounding up.
src/base/stats/storage.hh:278: warn: Bucket size (10000) does not divide range [1:1.6e+06] into equal-sized buckets. Rounding up.
src/base/stats/storage.hh:278: warn: Bucket size (10000) does not divide range [1:1.6e+06] into equal-sized buckets. Rounding up.
src/base/stats/storage.hh:278: warn: Bucket size (10000) does not divide range [1:1.6e+06] into equal-sized buckets. Rounding up.
src/base/stats/storage.hh:278: warn: Bucket size (10000) does not divide range [1:1.6e+06] into equal-sized buckets. Rounding up.
src/base/stats/storage.hh:278: warn: Bucket size (10000) does not divide range [1:1.6e+06] into equal-sized buckets. Rounding up.
src/base/stats/storage.hh:278: warn: Bucket size (10000) does not divide range [1:1.6e+06] into equal-sized buckets. Rounding up.
src/base/stats/storage.hh:278: warn: Bucket size (10000) does not divide range [1:1.6e+06] into equal-sized buckets. Rounding up.
src/base/statistics.hh:279: warn: One of the stats is a legacy stat. Legacy stat is a stat that does not belong to any statistics::Group. Legacy stat is deprecated.
src/base/stats/storage.hh:278: warn: Bucket size (10000) does not divide range [1:1.6e+06] into equal-sized buckets. Rounding up.
src/base/stats/storage.hh:278: warn: Bucket size (10000) does not divide range [1:1.6e+06] into equal-sized buckets. Rounding up.
src/base/stats/storage.hh:278: warn: Bucket size (10000) does not divide range [1:1.6e+06] into equal-sized buckets. Rounding up.
src/base/stats/storage.hh:278: warn: Bucket size (10000) does not divide range [1:1.6e+06] into equal-sized buckets. Rounding up.
src/base/stats/storage.hh:278: warn: Bucket size (10000) does not divide range [1:1.6e+06] into equal-sized buckets. Rounding up.
src/base/stats/storage.hh:278: warn: Bucket size (10000) does not divide range [1:1.6e+06] into equal-sized buckets. Rounding up.
src/base/stats/storage.hh:278: warn: Bucket size (10000) does not divide range [1:1.6e+06] into equal-sized buckets. Rounding up.
src/base/stats/storage.hh:278: warn: Bucket size (10000) does not divide range [1:1.6e+06] into equal-sized buckets. Rounding up.
src/base/stats/storage.hh:278: warn: Bucket size (10000) does not divide range [1:1.6e+06] into equal-sized buckets. Rounding up.
src/base/stats/storage.hh:278: warn: Bucket size (10000) does not divide range [1:1.6e+06] into equal-sized buckets. Rounding up.
src/base/stats/storage.hh:278: warn: Bucket size (10000) does not divide range [1:1.6e+06] into equal-sized buckets. Rounding up.
src/base/stats/storage.hh:278: warn: Bucket size (10000) does not divide range [1:1.6e+06] into equal-sized buckets. Rounding up.
src/base/stats/storage.hh:278: warn: Bucket size (10000) does not divide range [1:1.6e+06] into equal-sized buckets. Rounding up.
src/base/stats/storage.hh:278: warn: Bucket size (10000) does not divide range [1:1.6e+06] into equal-sized buckets. Rounding up.
src/base/stats/storage.hh:278: warn: Bucket size (10000) does not divide range [1:1.6e+06] into equal-sized buckets. Rounding up.
src/base/stats/storage.hh:278: warn: Bucket size (10000) does not divide range [1:1.6e+06] into equal-sized buckets. Rounding up.
src/base/stats/storage.hh:278: warn: Bucket size (10000) does not divide range [1:1.6e+06] into equal-sized buckets. Rounding up.
src/base/stats/storage.hh:278: warn: Bucket size (10000) does not divide range [1:1.6e+06] into equal-sized buckets. Rounding up.
src/base/stats/storage.hh:278: warn: Bucket size (10000) does not divide range [1:1.6e+06] into equal-sized buckets. Rounding up.
src/base/stats/storage.hh:278: warn: Bucket size (10000) does not divide range [1:1.6e+06] into equal-sized buckets. Rounding up.
src/base/stats/storage.hh:278: warn: Bucket size (10000) does not divide range [1:1.6e+06] into equal-sized buckets. Rounding up.
src/base/stats/storage.hh:278: warn: Bucket size (10000) does not divide range [1:1.6e+06] into equal-sized buckets. Rounding up.
src/base/stats/storage.hh:278: warn: Bucket size (10000) does not divide range [1:1.6e+06] into equal-sized buckets. Rounding up.
src/base/stats/storage.hh:278: warn: Bucket size (10000) does not divide range [1:1.6e+06] into equal-sized buckets. Rounding up.
src/base/stats/storage.hh:278: warn: Bucket size (10000) does not divide range [1:1.6e+06] into equal-sized buckets. Rounding up.
src/base/stats/storage.hh:278: warn: Bucket size (10000) does not divide range [1:1.6e+06] into equal-sized buckets. Rounding up.
src/base/stats/storage.hh:278: warn: Bucket size (10000) does not divide range [1:1.6e+06] into equal-sized buckets. Rounding up.
src/base/stats/storage.hh:278: warn: Bucket size (10000) does not divide range [1:1.6e+06] into equal-sized buckets. Rounding up.
src/base/stats/storage.hh:278: warn: Bucket size (10000) does not divide range [1:1.6e+06] into equal-sized buckets. Rounding up.
src/base/stats/storage.hh:278: warn: Bucket size (10000) does not divide range [1:1.6e+06] into equal-sized buckets. Rounding up.
src/base/stats/storage.hh:278: warn: Bucket size (10000) does not divide range [1:1.6e+06] into equal-sized buckets. Rounding up.
src/base/stats/storage.hh:278: warn: Bucket size (10000) does not divide range [1:1.6e+06] into equal-sized buckets. Rounding up.
src/base/stats/storage.hh:278: warn: Bucket size (10000) does not divide range [1:1.6e+06] into equal-sized buckets. Rounding up.
src/base/stats/storage.hh:278: warn: Bucket size (10000) does not divide range [1:1.6e+06] into equal-sized buckets. Rounding up.
src/base/stats/storage.hh:278: warn: Bucket size (10000) does not divide range [1:1.6e+06] into equal-sized buckets. Rounding up.
src/base/stats/storage.hh:278: warn: Bucket size (10000) does not divide range [1:1.6e+06] into equal-sized buckets. Rounding up.
src/base/stats/storage.hh:278: warn: Bucket size (10000) does not divide range [1:1.6e+06] into equal-sized buckets. Rounding up.
src/base/stats/storage.hh:278: warn: Bucket size (10000) does not divide range [1:1.6e+06] into equal-sized buckets. Rounding up.
src/base/stats/storage.hh:278: warn: Bucket size (10000) does not divide range [1:1.6e+06] into equal-sized buckets. Rounding up.
src/base/stats/storage.hh:278: warn: Bucket size (10000) does not divide range [1:1.6e+06] into equal-sized buckets. Rounding up.
src/base/stats/storage.hh:278: warn: Bucket size (10000) does not divide range [1:1.6e+06] into equal-sized buckets. Rounding up.
src/base/stats/storage.hh:278: warn: Bucket size (10000) does not divide range [1:1.6e+06] into equal-sized buckets. Rounding up.
src/base/stats/storage.hh:278: warn: Bucket size (10000) does not divide range [1:1.6e+06] into equal-sized buckets. Rounding up.
src/base/stats/storage.hh:278: warn: Bucket size (10000) does not divide range [1:1.6e+06] into equal-sized buckets. Rounding up.
src/base/stats/storage.hh:278: warn: Bucket size (10000) does not divide range [1:1.6e+06] into equal-sized buckets. Rounding up.
src/base/stats/storage.hh:278: warn: Bucket size (10000) does not divide range [1:1.6e+06] into equal-sized buckets. Rounding up.
src/base/stats/storage.hh:278: warn: Bucket size (10000) does not divide range [1:1.6e+06] into equal-sized buckets. Rounding up.
src/base/stats/storage.hh:278: warn: Bucket size (10000) does not divide range [1:1.6e+06] into equal-sized buckets. Rounding up.
src/base/stats/storage.hh:278: warn: Bucket size (10000) does not divide range [1:1.6e+06] into equal-sized buckets. Rounding up.
src/base/stats/storage.hh:278: warn: Bucket size (10000) does not divide range [1:1.6e+06] into equal-sized buckets. Rounding up.
src/base/stats/storage.hh:278: warn: Bucket size (10000) does not divide range [1:1.6e+06] into equal-sized buckets. Rounding up.
src/base/stats/storage.hh:278: warn: Bucket size (10000) does not divide range [1:1.6e+06] into equal-sized buckets. Rounding up.
src/base/stats/storage.hh:278: warn: Bucket size (10000) does not divide range [1:1.6e+06] into equal-sized buckets. Rounding up.
src/base/stats/storage.hh:278: warn: Bucket size (10000) does not divide range [1:1.6e+06] into equal-sized buckets. Rounding up.
src/base/stats/storage.hh:278: warn: Bucket size (10000) does not divide range [1:1.6e+06] into equal-sized buckets. Rounding up.
src/base/stats/storage.hh:278: warn: Bucket size (10000) does not divide range [1:1.6e+06] into equal-sized buckets. Rounding up.
src/base/stats/storage.hh:278: warn: Bucket size (10000) does not divide range [1:1.6e+06] into equal-sized buckets. Rounding up.
src/base/stats/storage.hh:278: warn: Bucket size (10000) does not divide range [1:1.6e+06] into equal-sized buckets. Rounding up.
src/base/stats/storage.hh:278: warn: Bucket size (10000) does not divide range [1:1.6e+06] into equal-sized buckets. Rounding up.
src/base/stats/storage.hh:278: warn: Bucket size (10000) does not divide range [1:1.6e+06] into equal-sized buckets. Rounding up.
src/base/stats/storage.hh:278: warn: Bucket size (10000) does not divide range [1:1.6e+06] into equal-sized buckets. Rounding up.
src/base/stats/storage.hh:278: warn: Bucket size (10000) does not divide range [1:1.6e+06] into equal-sized buckets. Rounding up.
src/base/stats/storage.hh:278: warn: Bucket size (10000) does not divide range [1:1.6e+06] into equal-sized buckets. Rounding up.
src/base/stats/storage.hh:278: warn: Bucket size (10000) does not divide range [1:1.6e+06] into equal-sized buckets. Rounding up.
Forcing maxCoalescedReqs to 32 (TLB assoc.) 
Forcing maxCoalescedReqs to 32 (TLB assoc.) 
Forcing maxCoalescedReqs to 32 (TLB assoc.) 
Forcing maxCoalescedReqs to 32 (TLB assoc.) 
Forcing maxCoalescedReqs to 32 (TLB assoc.) 
Forcing maxCoalescedReqs to 32 (TLB assoc.) 
src/base/statistics.hh:279: warn: One of the stats is a legacy stat. Legacy stat is a stat that does not belong to any statistics::Group. Legacy stat is deprecated.
Forcing maxCoalescedReqs to 32 (TLB assoc.) 
Forcing maxCoalescedReqs to 32 (TLB assoc.) 
system.remote_gdb: Listening for connections on port 7000
gem5 Simulator System.  https://www.gem5.org
gem5 is copyrighted software; use the --copyright option for details.

gem5 version 23.1.0.0
gem5 compiled Jun  3 2024 19:16:39
gem5 started Jun  3 2024 20:22:22
gem5 executing on 908dcad321bf, pid 66798
command line: /pws-gem5/build/GCN3_X86/gem5.opt --debug-flags=IPT,PWSDebug /pws-gem5/configs/example/apu_se.py -n 3 -c /rocm-examples/Applications/prefix_sum/applications_prefix_sum -o ' -n 64'

Num SQC =  1 Num scalar caches =  1 Num CU =  4
warn: system.ruby.network adopting orphan SimObject param 'ext_links'
warn: system.ruby.network adopting orphan SimObject param 'int_links'
src/sim/simulate.cc:199: info: Entering event queue @ 0.  Starting simulation...
src/mem/ruby/system/Sequencer.cc:668: warn: Replacement policy updates recently became the responsibility of SLICC state machines. Make sure to setMRU() near callbacks in .sm files!
src/sim/mem_state.cc:448: info: Increasing stack size by one page.
src/base/loader/symtab.cc:95: warn: Cannot insert a new symbol table due to name collisions. Adding prefix to each symbol's name can resolve this issue.
src/base/loader/symtab.cc:95: warn: Cannot insert a new symbol table due to name collisions. Adding prefix to each symbol's name can resolve this issue.
src/base/loader/symtab.cc:95: warn: Cannot insert a new symbol table due to name collisions. Adding prefix to each symbol's name can resolve this issue.
src/base/loader/symtab.cc:95: warn: Cannot insert a new symbol table due to name collisions. Adding prefix to each symbol's name can resolve this issue.
src/sim/syscall_emul.cc:74: warn: ignoring syscall mprotect(...)
src/sim/syscall_emul.cc:74: warn: ignoring syscall mprotect(...)
src/base/loader/symtab.cc:95: warn: Cannot insert a new symbol table due to name collisions. Adding prefix to each symbol's name can resolve this issue.
src/sim/syscall_emul.cc:74: warn: ignoring syscall mprotect(...)
src/base/loader/symtab.cc:95: warn: Cannot insert a new symbol table due to name collisions. Adding prefix to each symbol's name can resolve this issue.
src/base/loader/symtab.cc:95: warn: Cannot insert a new symbol table due to name collisions. Adding prefix to each symbol's name can resolve this issue.
src/base/loader/symtab.cc:95: warn: Cannot insert a new symbol table due to name collisions. Adding prefix to each symbol's name can resolve this issue.
src/base/loader/symtab.cc:95: warn: Cannot insert a new symbol table due to name collisions. Adding prefix to each symbol's name can resolve this issue.
src/sim/syscall_emul.cc:74: warn: ignoring syscall mprotect(...)
src/base/loader/symtab.cc:95: warn: Cannot insert a new symbol table due to name collisions. Adding prefix to each symbol's name can resolve this issue.
src/base/loader/symtab.cc:95: warn: Cannot insert a new symbol table due to name collisions. Adding prefix to each symbol's name can resolve this issue.
src/sim/syscall_emul.cc:74: warn: ignoring syscall mprotect(...)
src/base/loader/symtab.cc:95: warn: Cannot insert a new symbol table due to name collisions. Adding prefix to each symbol's name can resolve this issue.
src/sim/syscall_emul.cc:74: warn: ignoring syscall mprotect(...)
src/sim/syscall_emul.cc:74: warn: ignoring syscall mprotect(...)
src/sim/syscall_emul.cc:74: warn: ignoring syscall mprotect(...)
src/sim/syscall_emul.cc:74: warn: ignoring syscall mprotect(...)
src/sim/syscall_emul.cc:74: warn: ignoring syscall mprotect(...)
src/sim/syscall_emul.cc:74: warn: ignoring syscall mprotect(...)
src/sim/syscall_emul.cc:74: warn: ignoring syscall mprotect(...)
src/sim/syscall_emul.cc:74: warn: ignoring syscall mprotect(...)
src/sim/syscall_emul.cc:74: warn: ignoring syscall mprotect(...)
src/sim/syscall_emul.cc:74: warn: ignoring syscall mprotect(...)
src/sim/syscall_emul.cc:74: warn: ignoring syscall mprotect(...)
src/sim/syscall_emul.cc:74: warn: ignoring syscall mprotect(...)
src/sim/syscall_emul.cc:74: warn: ignoring syscall mprotect(...)
src/sim/syscall_emul.cc:74: warn: ignoring syscall mprotect(...)
src/sim/syscall_emul.cc:74: warn: ignoring syscall mprotect(...)
src/sim/syscall_emul.cc:74: warn: ignoring syscall mprotect(...)
src/sim/syscall_emul.cc:74: warn: ignoring syscall mprotect(...)
src/sim/syscall_emul.cc:74: warn: ignoring syscall mprotect(...)
src/sim/syscall_emul.cc:74: warn: ignoring syscall mprotect(...)
src/sim/syscall_emul.cc:74: warn: ignoring syscall set_robust_list(...)
src/sim/syscall_emul.cc:85: warn: ignoring syscall rt_sigaction(...)
      (further warnings will be suppressed)
src/sim/syscall_emul.cc:85: warn: ignoring syscall rt_sigprocmask(...)
      (further warnings will be suppressed)
src/sim/syscall_emul.cc:74: warn: ignoring syscall get_mempolicy(...)
build/GCN3_X86/arch/x86/generated/exec-ns.cc.inc:27: warn: instruction 'frndint' unimplemented
Prefix sum over 64 items.

build/GCN3_X86/arch/x86/generated/exec-ns.cc.inc:27: warn: instruction 'fxam' unimplemented
build/GCN3_X86/arch/x86/generated/exec-ns.cc.inc:27: warn: instruction 'fcomp' unimplemented
build/GCN3_X86/arch/x86/generated/exec-ns.cc.inc:27: warn: instruction 'fdivrp' unimplemented
build/GCN3_X86/arch/x86/generated/exec-ns.cc.inc:27: warn: instruction 'fcmovb' unimplemented
src/gpu-compute/gpu_compute_driver.cc:710: warn: unimplemented ioctl: AMDKFD_IOC_ACQUIRE_VM
src/sim/syscall_emul.hh:1890: warn: mmap: writing to shared mmap region is currently unsupported. The write succeeds on the target, but it will not be propagated to the host or shared mappings
src/sim/mem_state.cc:448: info: Increasing stack size by one page.
src/gpu-compute/gpu_compute_driver.cc:460: warn: Signal events are only supported currently
src/sim/syscall_emul.cc:74: warn: ignoring syscall mprotect(...)
src/sim/power_state.cc:105: warn: PowerState: Already in the requested power state, request ignored
src/sim/syscall_emul.cc:74: warn: ignoring syscall set_robust_list(...)
src/sim/syscall_emul.cc:74: warn: ignoring syscall mprotect(...)
src/gpu-compute/gpu_compute_driver.cc:604: warn: unimplemented ioctl: AMDKFD_IOC_SET_SCRATCH_BACKING_VA
src/gpu-compute/gpu_compute_driver.cc:614: warn: unimplemented ioctl: AMDKFD_IOC_SET_TRAP_HANDLER
src/sim/syscall_emul.cc:74: warn: ignoring syscall mprotect(...)
src/sim/syscall_emul.cc:74: warn: ignoring syscall set_robust_list(...)
src/sim/syscall_emul.cc:74: warn: ignoring syscall mprotect(...)
src/sim/syscall_emul.cc:74: warn: ignoring syscall madvise(...)
src/sim/syscall_emul.cc:74: warn: ignoring syscall mprotect(...)
src/sim/syscall_emul.cc:74: warn: ignoring syscall sched_setaffinity(...)
src/sim/syscall_emul.cc:74: warn: ignoring syscall set_robust_list(...)
src/sim/syscall_emul.cc:85: warn: ignoring syscall sched_yield(...)
      (further warnings will be suppressed)
src/sim/syscall_emul.cc:74: warn: ignoring syscall mprotect(...)
src/sim/syscall_emul.cc:74: warn: ignoring syscall mprotect(...)
src/sim/syscall_emul.cc:74: warn: ignoring syscall mprotect(...)
src/sim/syscall_emul.cc:74: warn: ignoring syscall mprotect(...)
src/sim/syscall_emul.cc:74: warn: ignoring syscall mprotect(...)
src/sim/syscall_emul.cc:74: warn: ignoring syscall mprotect(...)
src/sim/syscall_emul.cc:74: warn: ignoring syscall mprotect(...)
src/sim/syscall_emul.cc:74: warn: ignoring syscall mprotect(...)
src/sim/syscall_emul.cc:74: warn: ignoring syscall mprotect(...)
src/sim/syscall_emul.cc:74: warn: ignoring syscall mprotect(...)
src/sim/syscall_emul.cc:74: warn: ignoring syscall mprotect(...)
src/sim/syscall_emul.cc:74: warn: ignoring syscall mprotect(...)
src/gpu-compute/gpu_command_processor.cc:528: warn: Ignoring vendor packet
79721303000: system.cpu3.CUs0.wavefronts00: Kernel 000 inst: 00000 s_load_dwordx2 s[10:11], s[6:7], 0x08
79721307000: system.cpu3.CUs0.wavefronts00: Kernel 000 inst: 00008 s_load_dword s0, s[4:5], 0x04
79721315000: system.cpu3.CUs0.wavefronts00: Kernel 000 inst: 00016 s_load_dwordx2 s[2:3], s[6:7], 0x00
79721316000: system.cpu3.CUs0.wavefronts00: Kernel 000 inst: 00024 v_lshlrev_b32 v6, 1, v0
79721317000: system.cpu3.CUs0.wavefronts00: Kernel 000 inst: 00028 s_mov_b32 m0, -1
79721321000: system.cpu3.CUs0.wavefronts00: Kernel 000 inst: 00032 s_waitcnt lgkmcnt(0)
79722656000: system.cpu3.CUs0.wavefronts00: Kernel 000 inst: 00036 s_and_b32 s0, s0, 0x0000ffff
79722664000: system.cpu3.CUs0.wavefronts00: Kernel 000 inst: 00044 s_mul_i32 s8, s8, s0
79722667000: system.cpu3.CUs0.wavefronts00: Kernel 000 inst: 00048 v_add_u32 v1, vcc, s8, v0
79722671000: system.cpu3.CUs0.wavefronts00: Kernel 000 inst: 00052 v_lshlrev_b32 v1, 1, v1
79722675000: system.cpu3.CUs0.wavefronts00: Kernel 000 inst: 00056 v_or_b32 v1, 1, v1
79722679000: system.cpu3.CUs0.wavefronts00: Kernel 000 inst: 00060 v_mul_lo_u32 v1, v1, s11
79722683000: system.cpu3.CUs0.wavefronts00: Kernel 000 inst: 00068 v_add_u32 v4, vcc, -1, v1
79722687000: system.cpu3.CUs0.wavefronts00: Kernel 000 inst: 00072 v_ashrrev_i32 v5, 31, v4
79722691000: system.cpu3.CUs0.wavefronts00: Kernel 000 inst: 00076 v_cmp_ge_i32 s[0:1], s10, v1
79722695000: system.cpu3.CUs0.wavefronts00: Kernel 000 inst: 00084 v_lshlrev_b32 v1, 3, v0
79722699000: system.cpu3.CUs0.wavefronts00: Kernel 000 inst: 00088 v_lshlrev_b64 v[2:3], 2, v[4:5]
79722703000: system.cpu3.CUs0.wavefronts00: Kernel 000 inst: 00096 v_add_u32 v1, vcc, 0, v1
79722707000: system.cpu3.CUs0.wavefronts00: Kernel 000 inst: 00100 v_mov_b32 v5, s3
79722711000: system.cpu3.CUs0.wavefronts00: Kernel 000 inst: 00104 v_add_u32 v2, vcc, s2, v2
79722715000: system.cpu3.CUs0.wavefronts00: Kernel 000 inst: 00108 v_addc_u32 v3, vcc, v5, v3, vcc
79722716000: system.cpu3.CUs0.wavefronts00: Kernel 000 inst: 00112 s_and_saveexec_b64 s2, s0
79722720000: system.cpu3.CUs0.wavefronts00: Kernel 000 inst: 00116 s_cbranch_execz label_18
79722721000: system.cpu3.CUs0.wavefronts00: Kernel 000 inst: 00120 flat_load_dword v5, v[2:3]
79723048000: system.cpu3.CUs0.wavefronts00: Kernel 000 inst: 00128 s_waitcnt vmcnt(0) & lgkmcnt(0)
79724055000: system.cpu3.CUs0.wavefronts00: Kernel 000 inst: 00132 ds_write_b32 v1, v5
79724056000: system.cpu3.CUs0.wavefronts00: Kernel 000 inst: 00140 s_or_b64 exec, exec, s2
79724060000: system.cpu3.CUs0.wavefronts00: Kernel 000 inst: 00144 s_ashr_i32 s5, s11, 31
79724064000: system.cpu3.CUs0.wavefronts00: Kernel 000 inst: 00148 s_mov_b32 s4, s11
79724065000: system.cpu3.CUs0.wavefronts00: Kernel 000 inst: 00152 v_add_u32 v4, vcc, s11, v4
79724068000: system.cpu3.CUs0.wavefronts00: Kernel 000 inst: 00156 s_lshl_b64 s4, s4, 2
79724069000: system.cpu3.CUs0.wavefronts00: Kernel 000 inst: 00160 v_cmp_gt_i32 s[2:3], s10, v4
79724073000: system.cpu3.CUs0.wavefronts00: Kernel 000 inst: 00168 v_mov_b32 v5, s5
79724077000: system.cpu3.CUs0.wavefronts00: Kernel 000 inst: 00172 v_add_u32 v4, vcc, s4, v2
79724081000: system.cpu3.CUs0.wavefronts00: Kernel 000 inst: 00176 v_addc_u32 v5, vcc, v3, v5, vcc
79724082000: system.cpu3.CUs0.wavefronts00: Kernel 000 inst: 00180 s_and_saveexec_b64 s4, s2
79724086000: system.cpu3.CUs0.wavefronts00: Kernel 000 inst: 00184 s_cbranch_execz label_18
79724093000: system.cpu3.CUs0.wavefronts00: Kernel 000 inst: 00188 flat_load_dword v7, v[4:5]
79724094000: system.cpu3.CUs0.wavefronts00: Kernel 000 inst: 00196 s_waitcnt vmcnt(0) & lgkmcnt(0)
79724201000: system.cpu3.CUs0.wavefronts00: Kernel 000 inst: 00200 ds_write_b32 v1, v7 offset:4
79724202000: system.cpu3.CUs0.wavefronts00: Kernel 000 inst: 00208 s_or_b64 exec, exec, s4
79724206000: system.cpu3.CUs0.wavefronts00: Kernel 000 inst: 00212 s_cmp_lt_i32 s10, 2
79724210000: system.cpu3.CUs0.wavefronts00: Kernel 000 inst: 00216 s_mov_b32 m0, -1
79724214000: system.cpu3.CUs0.wavefronts00: Kernel 000 inst: 00220 s_cbranch_scc1
79724218000: system.cpu3.CUs0.wavefronts00: Kernel 000 inst: 00224 s_mov_b32 s4, 1
79724219000: system.cpu3.CUs0.wavefronts00: Kernel 000 inst: 00228 v_or_b32 v6, 1, v6
79724222000: system.cpu3.CUs0.wavefronts00: Kernel 000 inst: 00232 s_mov_b32 s5, s10
79724226000: system.cpu3.CUs0.wavefronts00: Kernel 000 inst: 00236 s_mov_b32 m0, -1
79724230000: system.cpu3.CUs0.wavefronts00: Kernel 000 inst: 00240 s_branch
79724237000: system.cpu3.CUs0.wavefronts00: Kernel 000 inst: 00264 s_ashr_i32 s6, s5, 1
79724240000: system.cpu3.CUs0.wavefronts00: Kernel 000 inst: 00268 v_cmp_gt_i32 vcc, s6, v0
79724241000: system.cpu3.CUs0.wavefronts00: Kernel 000 inst: 00272 s_waitcnt lgkmcnt(0)
79724245000: system.cpu3.CUs0.wavefronts00: Kernel 000 inst: 00276 s_barrier
79724249000: system.cpu3.CUs0.wavefronts00: Kernel 000 inst: 00280 s_waitcnt lgkmcnt(0)
79724257000: system.cpu3.CUs0.wavefronts00: Kernel 000 inst: 00284 s_and_saveexec_b64 s8, vcc_lo
79724265000: system.cpu3.CUs0.wavefronts00: Kernel 000 inst: 00288 s_cbranch_execz label_3ffd4
79724266000: system.cpu3.CUs0.wavefronts00: Kernel 000 inst: 00292 v_mul_lo_u32 v7, s4, v6
79724273000: system.cpu3.CUs0.wavefronts00: Kernel 000 inst: 00300 s_lshl_b32 s7, s4, 2
79724274000: system.cpu3.CUs0.wavefronts00: Kernel 000 inst: 00304 v_lshlrev_b32 v7, 2, v7
79724278000: system.cpu3.CUs0.wavefronts00: Kernel 000 inst: 00308 v_add_u32 v7, vcc, 0, v7
79724282000: system.cpu3.CUs0.wavefronts00: Kernel 000 inst: 00312 v_add_u32 v7, vcc, -4, v7
79724594000: system.cpu3.CUs0.wavefronts00: Kernel 000 inst: 00316 v_add_u32 v8, vcc, s7, v7
79724595000: system.cpu3.CUs0.wavefronts00: Kernel 000 inst: 00320 ds_read_b32 v7, v7
79724599000: system.cpu3.CUs0.wavefronts00: Kernel 000 inst: 00328 ds_read_b32 v9, v8
79724600000: system.cpu3.CUs0.wavefronts00: Kernel 000 inst: 00336 s_waitcnt lgkmcnt(0)
79724631000: system.cpu3.CUs0.wavefronts00: Kernel 000 inst: 00340 v_add_f32 v7, v7, v9
79724632000: system.cpu3.CUs0.wavefronts00: Kernel 000 inst: 00344 ds_write_b32 v8, v7
79724633000: system.cpu3.CUs0.wavefronts00: Kernel 000 inst: 00352 s_branch
79724640000: system.cpu3.CUs0.wavefronts00: Kernel 000 inst: 00244 s_or_b64 exec, exec, s8
79724644000: system.cpu3.CUs0.wavefronts00: Kernel 000 inst: 00248 s_lshl_b32 s4, s4, 1
79724648000: system.cpu3.CUs0.wavefronts00: Kernel 000 inst: 00252 s_cmp_lt_i32 s5, 4
79724652000: system.cpu3.CUs0.wavefronts00: Kernel 000 inst: 00256 s_mov_b32 s5, s6
79724656000: system.cpu3.CUs0.wavefronts00: Kernel 000 inst: 00260 s_cbranch_scc1
79724660000: system.cpu3.CUs0.wavefronts00: Kernel 000 inst: 00264 s_ashr_i32 s6, s5, 1
79724663000: system.cpu3.CUs0.wavefronts00: Kernel 000 inst: 00268 v_cmp_gt_i32 vcc, s6, v0
79724664000: system.cpu3.CUs0.wavefronts00: Kernel 000 inst: 00272 s_waitcnt lgkmcnt(0)
79724668000: system.cpu3.CUs0.wavefronts00: Kernel 000 inst: 00276 s_barrier
79724672000: system.cpu3.CUs0.wavefronts00: Kernel 000 inst: 00280 s_waitcnt lgkmcnt(0)
79724680000: system.cpu3.CUs0.wavefronts00: Kernel 000 inst: 00284 s_and_saveexec_b64 s8, vcc_lo
79724688000: system.cpu3.CUs0.wavefronts00: Kernel 000 inst: 00288 s_cbranch_execz label_3ffd4
79724689000: system.cpu3.CUs0.wavefronts00: Kernel 000 inst: 00292 v_mul_lo_u32 v7, s4, v6
79724696000: system.cpu3.CUs0.wavefronts00: Kernel 000 inst: 00300 s_lshl_b32 s7, s4, 2
79724697000: system.cpu3.CUs0.wavefronts00: Kernel 000 inst: 00304 v_lshlrev_b32 v7, 2, v7
79724701000: system.cpu3.CUs0.wavefronts00: Kernel 000 inst: 00308 v_add_u32 v7, vcc, 0, v7
79724705000: system.cpu3.CUs0.wavefronts00: Kernel 000 inst: 00312 v_add_u32 v7, vcc, -4, v7
79724709000: system.cpu3.CUs0.wavefronts00: Kernel 000 inst: 00316 v_add_u32 v8, vcc, s7, v7
79724710000: system.cpu3.CUs0.wavefronts00: Kernel 000 inst: 00320 ds_read_b32 v7, v7
79724714000: system.cpu3.CUs0.wavefronts00: Kernel 000 inst: 00328 ds_read_b32 v9, v8
79724720000: system.cpu3.CUs0.wavefronts00: Kernel 000 inst: 00336 s_waitcnt lgkmcnt(0)
79724746000: system.cpu3.CUs0.wavefronts00: Kernel 000 inst: 00340 v_add_f32 v7, v7, v9
79724747000: system.cpu3.CUs0.wavefronts00: Kernel 000 inst: 00344 ds_write_b32 v8, v7
79724748000: system.cpu3.CUs0.wavefronts00: Kernel 000 inst: 00352 s_branch
79724755000: system.cpu3.CUs0.wavefronts00: Kernel 000 inst: 00244 s_or_b64 exec, exec, s8
79724759000: system.cpu3.CUs0.wavefronts00: Kernel 000 inst: 00248 s_lshl_b32 s4, s4, 1
79724763000: system.cpu3.CUs0.wavefronts00: Kernel 000 inst: 00252 s_cmp_lt_i32 s5, 4
79724767000: system.cpu3.CUs0.wavefronts00: Kernel 000 inst: 00256 s_mov_b32 s5, s6
79724771000: system.cpu3.CUs0.wavefronts00: Kernel 000 inst: 00260 s_cbranch_scc1
79724775000: system.cpu3.CUs0.wavefronts00: Kernel 000 inst: 00264 s_ashr_i32 s6, s5, 1
79724778000: system.cpu3.CUs0.wavefronts00: Kernel 000 inst: 00268 v_cmp_gt_i32 vcc, s6, v0
79724779000: system.cpu3.CUs0.wavefronts00: Kernel 000 inst: 00272 s_waitcnt lgkmcnt(0)
79724783000: system.cpu3.CUs0.wavefronts00: Kernel 000 inst: 00276 s_barrier
79724787000: system.cpu3.CUs0.wavefronts00: Kernel 000 inst: 00280 s_waitcnt lgkmcnt(0)
79724795000: system.cpu3.CUs0.wavefronts00: Kernel 000 inst: 00284 s_and_saveexec_b64 s8, vcc_lo
79724803000: system.cpu3.CUs0.wavefronts00: Kernel 000 inst: 00288 s_cbranch_execz label_3ffd4
79724804000: system.cpu3.CUs0.wavefronts00: Kernel 000 inst: 00292 v_mul_lo_u32 v7, s4, v6
79724811000: system.cpu3.CUs0.wavefronts00: Kernel 000 inst: 00300 s_lshl_b32 s7, s4, 2
79724812000: system.cpu3.CUs0.wavefronts00: Kernel 000 inst: 00304 v_lshlrev_b32 v7, 2, v7
79724816000: system.cpu3.CUs0.wavefronts00: Kernel 000 inst: 00308 v_add_u32 v7, vcc, 0, v7
79724820000: system.cpu3.CUs0.wavefronts00: Kernel 000 inst: 00312 v_add_u32 v7, vcc, -4, v7
79724824000: system.cpu3.CUs0.wavefronts00: Kernel 000 inst: 00316 v_add_u32 v8, vcc, s7, v7
79724825000: system.cpu3.CUs0.wavefronts00: Kernel 000 inst: 00320 ds_read_b32 v7, v7
79724829000: system.cpu3.CUs0.wavefronts00: Kernel 000 inst: 00328 ds_read_b32 v9, v8
79724835000: system.cpu3.CUs0.wavefronts00: Kernel 000 inst: 00336 s_waitcnt lgkmcnt(0)
79724861000: system.cpu3.CUs0.wavefronts00: Kernel 000 inst: 00340 v_add_f32 v7, v7, v9
79724862000: system.cpu3.CUs0.wavefronts00: Kernel 000 inst: 00344 ds_write_b32 v8, v7
79724863000: system.cpu3.CUs0.wavefronts00: Kernel 000 inst: 00352 s_branch
79724870000: system.cpu3.CUs0.wavefronts00: Kernel 000 inst: 00244 s_or_b64 exec, exec, s8
79724874000: system.cpu3.CUs0.wavefronts00: Kernel 000 inst: 00248 s_lshl_b32 s4, s4, 1
79724878000: system.cpu3.CUs0.wavefronts00: Kernel 000 inst: 00252 s_cmp_lt_i32 s5, 4
79724882000: system.cpu3.CUs0.wavefronts00: Kernel 000 inst: 00256 s_mov_b32 s5, s6
79724886000: system.cpu3.CUs0.wavefronts00: Kernel 000 inst: 00260 s_cbranch_scc1
79724890000: system.cpu3.CUs0.wavefronts00: Kernel 000 inst: 00264 s_ashr_i32 s6, s5, 1
79724893000: system.cpu3.CUs0.wavefronts00: Kernel 000 inst: 00268 v_cmp_gt_i32 vcc, s6, v0
79724894000: system.cpu3.CUs0.wavefronts00: Kernel 000 inst: 00272 s_waitcnt lgkmcnt(0)
79724898000: system.cpu3.CUs0.wavefronts00: Kernel 000 inst: 00276 s_barrier
79724902000: system.cpu3.CUs0.wavefronts00: Kernel 000 inst: 00280 s_waitcnt lgkmcnt(0)
79724910000: system.cpu3.CUs0.wavefronts00: Kernel 000 inst: 00284 s_and_saveexec_b64 s8, vcc_lo
79724918000: system.cpu3.CUs0.wavefronts00: Kernel 000 inst: 00288 s_cbranch_execz label_3ffd4
79724919000: system.cpu3.CUs0.wavefronts00: Kernel 000 inst: 00292 v_mul_lo_u32 v7, s4, v6
79724926000: system.cpu3.CUs0.wavefronts00: Kernel 000 inst: 00300 s_lshl_b32 s7, s4, 2
79724927000: system.cpu3.CUs0.wavefronts00: Kernel 000 inst: 00304 v_lshlrev_b32 v7, 2, v7
79724931000: system.cpu3.CUs0.wavefronts00: Kernel 000 inst: 00308 v_add_u32 v7, vcc, 0, v7
79724935000: system.cpu3.CUs0.wavefronts00: Kernel 000 inst: 00312 v_add_u32 v7, vcc, -4, v7
79724939000: system.cpu3.CUs0.wavefronts00: Kernel 000 inst: 00316 v_add_u32 v8, vcc, s7, v7
79724940000: system.cpu3.CUs0.wavefronts00: Kernel 000 inst: 00320 ds_read_b32 v7, v7
79724944000: system.cpu3.CUs0.wavefronts00: Kernel 000 inst: 00328 ds_read_b32 v9, v8
79724950000: system.cpu3.CUs0.wavefronts00: Kernel 000 inst: 00336 s_waitcnt lgkmcnt(0)
79724971000: system.cpu3.CUs0.wavefronts00: Kernel 000 inst: 00340 v_add_f32 v7, v7, v9
79724972000: system.cpu3.CUs0.wavefronts00: Kernel 000 inst: 00344 ds_write_b32 v8, v7
79724973000: system.cpu3.CUs0.wavefronts00: Kernel 000 inst: 00352 s_branch
79724980000: system.cpu3.CUs0.wavefronts00: Kernel 000 inst: 00244 s_or_b64 exec, exec, s8
79724984000: system.cpu3.CUs0.wavefronts00: Kernel 000 inst: 00248 s_lshl_b32 s4, s4, 1
79724988000: system.cpu3.CUs0.wavefronts00: Kernel 000 inst: 00252 s_cmp_lt_i32 s5, 4
79724992000: system.cpu3.CUs0.wavefronts00: Kernel 000 inst: 00256 s_mov_b32 s5, s6
79724996000: system.cpu3.CUs0.wavefronts00: Kernel 000 inst: 00260 s_cbranch_scc1
79725000000: system.cpu3.CUs0.wavefronts00: Kernel 000 inst: 00264 s_ashr_i32 s6, s5, 1
79725003000: system.cpu3.CUs0.wavefronts00: Kernel 000 inst: 00268 v_cmp_gt_i32 vcc, s6, v0
79725004000: system.cpu3.CUs0.wavefronts00: Kernel 000 inst: 00272 s_waitcnt lgkmcnt(0)
79725008000: system.cpu3.CUs0.wavefronts00: Kernel 000 inst: 00276 s_barrier
79725012000: system.cpu3.CUs0.wavefronts00: Kernel 000 inst: 00280 s_waitcnt lgkmcnt(0)
79725020000: system.cpu3.CUs0.wavefronts00: Kernel 000 inst: 00284 s_and_saveexec_b64 s8, vcc_lo
79725028000: system.cpu3.CUs0.wavefronts00: Kernel 000 inst: 00288 s_cbranch_execz label_3ffd4
79725029000: system.cpu3.CUs0.wavefronts00: Kernel 000 inst: 00292 v_mul_lo_u32 v7, s4, v6
79725036000: system.cpu3.CUs0.wavefronts00: Kernel 000 inst: 00300 s_lshl_b32 s7, s4, 2
79725037000: system.cpu3.CUs0.wavefronts00: Kernel 000 inst: 00304 v_lshlrev_b32 v7, 2, v7
79725041000: system.cpu3.CUs0.wavefronts00: Kernel 000 inst: 00308 v_add_u32 v7, vcc, 0, v7
79725045000: system.cpu3.CUs0.wavefronts00: Kernel 000 inst: 00312 v_add_u32 v7, vcc, -4, v7
79725049000: system.cpu3.CUs0.wavefronts00: Kernel 000 inst: 00316 v_add_u32 v8, vcc, s7, v7
79725050000: system.cpu3.CUs0.wavefronts00: Kernel 000 inst: 00320 ds_read_b32 v7, v7
79725054000: system.cpu3.CUs0.wavefronts00: Kernel 000 inst: 00328 ds_read_b32 v9, v8
79725060000: system.cpu3.CUs0.wavefronts00: Kernel 000 inst: 00336 s_waitcnt lgkmcnt(0)
79725081000: system.cpu3.CUs0.wavefronts00: Kernel 000 inst: 00340 v_add_f32 v7, v7, v9
79725082000: system.cpu3.CUs0.wavefronts00: Kernel 000 inst: 00344 ds_write_b32 v8, v7
79725083000: system.cpu3.CUs0.wavefronts00: Kernel 000 inst: 00352 s_branch
79725090000: system.cpu3.CUs0.wavefronts00: Kernel 000 inst: 00244 s_or_b64 exec, exec, s8
79725094000: system.cpu3.CUs0.wavefronts00: Kernel 000 inst: 00248 s_lshl_b32 s4, s4, 1
79725098000: system.cpu3.CUs0.wavefronts00: Kernel 000 inst: 00252 s_cmp_lt_i32 s5, 4
79725102000: system.cpu3.CUs0.wavefronts00: Kernel 000 inst: 00256 s_mov_b32 s5, s6
79725106000: system.cpu3.CUs0.wavefronts00: Kernel 000 inst: 00260 s_cbranch_scc1
79725110000: system.cpu3.CUs0.wavefronts00: Kernel 000 inst: 00264 s_ashr_i32 s6, s5, 1
79725113000: system.cpu3.CUs0.wavefronts00: Kernel 000 inst: 00268 v_cmp_gt_i32 vcc, s6, v0
79725114000: system.cpu3.CUs0.wavefronts00: Kernel 000 inst: 00272 s_waitcnt lgkmcnt(0)
79725118000: system.cpu3.CUs0.wavefronts00: Kernel 000 inst: 00276 s_barrier
79725122000: system.cpu3.CUs0.wavefronts00: Kernel 000 inst: 00280 s_waitcnt lgkmcnt(0)
79725130000: system.cpu3.CUs0.wavefronts00: Kernel 000 inst: 00284 s_and_saveexec_b64 s8, vcc_lo
79725138000: system.cpu3.CUs0.wavefronts00: Kernel 000 inst: 00288 s_cbranch_execz label_3ffd4
79725139000: system.cpu3.CUs0.wavefronts00: Kernel 000 inst: 00292 v_mul_lo_u32 v7, s4, v6
79725146000: system.cpu3.CUs0.wavefronts00: Kernel 000 inst: 00300 s_lshl_b32 s7, s4, 2
79725147000: system.cpu3.CUs0.wavefronts00: Kernel 000 inst: 00304 v_lshlrev_b32 v7, 2, v7
79725151000: system.cpu3.CUs0.wavefronts00: Kernel 000 inst: 00308 v_add_u32 v7, vcc, 0, v7
79725155000: system.cpu3.CUs0.wavefronts00: Kernel 000 inst: 00312 v_add_u32 v7, vcc, -4, v7
79725159000: system.cpu3.CUs0.wavefronts00: Kernel 000 inst: 00316 v_add_u32 v8, vcc, s7, v7
79725160000: system.cpu3.CUs0.wavefronts00: Kernel 000 inst: 00320 ds_read_b32 v7, v7
79725164000: system.cpu3.CUs0.wavefronts00: Kernel 000 inst: 00328 ds_read_b32 v9, v8
79725170000: system.cpu3.CUs0.wavefronts00: Kernel 000 inst: 00336 s_waitcnt lgkmcnt(0)
79725191000: system.cpu3.CUs0.wavefronts00: Kernel 000 inst: 00340 v_add_f32 v7, v7, v9
79725192000: system.cpu3.CUs0.wavefronts00: Kernel 000 inst: 00344 ds_write_b32 v8, v7
79725193000: system.cpu3.CUs0.wavefronts00: Kernel 000 inst: 00352 s_branch
79725200000: system.cpu3.CUs0.wavefronts00: Kernel 000 inst: 00244 s_or_b64 exec, exec, s8
79725204000: system.cpu3.CUs0.wavefronts00: Kernel 000 inst: 00248 s_lshl_b32 s4, s4, 1
79725208000: system.cpu3.CUs0.wavefronts00: Kernel 000 inst: 00252 s_cmp_lt_i32 s5, 4
79725212000: system.cpu3.CUs0.wavefronts00: Kernel 000 inst: 00256 s_mov_b32 s5, s6
79725216000: system.cpu3.CUs0.wavefronts00: Kernel 000 inst: 00260 s_cbranch_scc1
79725223000: system.cpu3.CUs0.wavefronts00: Kernel 000 inst: 00356 s_cmp_gt_i32 s10, 2
79725227000: system.cpu3.CUs0.wavefronts00: Kernel 000 inst: 00360 s_cbranch_scc0
79725228000: system.cpu3.CUs0.wavefronts00: Kernel 000 inst: 00364 v_mov_b32 v6, s10
79725232000: system.cpu3.CUs0.wavefronts00: Kernel 000 inst: 00368 v_cmp_lt_i32 vcc, s4, v6
79725236000: system.cpu3.CUs0.wavefronts00: Kernel 000 inst: 00372 v_cndmask_b32 v6, 0, 1, vcc_lo
79725506000: system.cpu3.CUs0.wavefronts00: Kernel 000 inst: 00380 v_lshlrev_b32 v8, v6, s4
79725510000: system.cpu3.CUs0.wavefronts00: Kernel 000 inst: 00388 v_cmp_gt_i32 vcc, 2, v8
79725513000: system.cpu3.CUs0.wavefronts00: Kernel 000 inst: 00392 s_and_b64 vcc_lo, exec, vcc_lo
79725521000: system.cpu3.CUs0.wavefronts00: Kernel 000 inst: 00396 s_cbranch_vccnz
79725522000: system.cpu3.CUs0.wavefronts00: Kernel 000 inst: 00400 v_ashrrev_i32 v6, 1, v8
79725526000: system.cpu3.CUs0.wavefronts00: Kernel 000 inst: 00404 v_add_u32 v7, vcc, 1, v0
79725529000: system.cpu3.CUs0.wavefronts00: Kernel 000 inst: 00408 s_mov_b32 s4, 0
79725533000: system.cpu3.CUs0.wavefronts00: Kernel 000 inst: 00412 s_branch
79725545000: system.cpu3.CUs0.wavefronts00: Kernel 000 inst: 00440 s_or_b32 s4, s4, 1
79725865000: system.cpu3.CUs0.wavefronts00: Kernel 000 inst: 00444 v_ashrrev_i32 v9, 1, v8
79725869000: system.cpu3.CUs0.wavefronts00: Kernel 000 inst: 00448 v_cmp_gt_i32 vcc, s4, v0
79725870000: system.cpu3.CUs0.wavefronts00: Kernel 000 inst: 00452 s_waitcnt lgkmcnt(0)
79725878000: system.cpu3.CUs0.wavefronts00: Kernel 000 inst: 00456 s_barrier
79725886000: system.cpu3.CUs0.wavefronts00: Kernel 000 inst: 00460 s_waitcnt lgkmcnt(0)
79725894000: system.cpu3.CUs0.wavefronts00: Kernel 000 inst: 00464 s_and_saveexec_b64 s6, vcc_lo
79725902000: system.cpu3.CUs0.wavefronts00: Kernel 000 inst: 00468 s_cbranch_execz label_3ffcc
79725903000: system.cpu3.CUs0.wavefronts00: Kernel 000 inst: 00472 v_mul_lo_u32 v10, v9, v7
79725907000: system.cpu3.CUs0.wavefronts00: Kernel 000 inst: 00480 v_and_b32 v8, -4, v8
79725911000: system.cpu3.CUs0.wavefronts00: Kernel 000 inst: 00484 v_lshlrev_b32 v10, 2, v10
79725915000: system.cpu3.CUs0.wavefronts00: Kernel 000 inst: 00488 v_add_u32 v10, vcc, 0, v10
79725919000: system.cpu3.CUs0.wavefronts00: Kernel 000 inst: 00492 v_add_u32 v10, vcc, -4, v10
79725923000: system.cpu3.CUs0.wavefronts00: Kernel 000 inst: 00496 v_add_u32 v8, vcc, v10, v8
79725924000: system.cpu3.CUs0.wavefronts00: Kernel 000 inst: 00500 ds_read_b32 v10, v10
79726230000: system.cpu3.CUs0.wavefronts00: Kernel 000 inst: 00508 ds_read_b32 v11, v8
79726231000: system.cpu3.CUs0.wavefronts00: Kernel 000 inst: 00516 s_waitcnt lgkmcnt(0)
79726257000: system.cpu3.CUs0.wavefronts00: Kernel 000 inst: 00520 v_add_f32 v10, v10, v11
79726258000: system.cpu3.CUs0.wavefronts00: Kernel 000 inst: 00524 ds_write_b32 v8, v10
79726259000: system.cpu3.CUs0.wavefronts00: Kernel 000 inst: 00532 s_branch
79726266000: system.cpu3.CUs0.wavefronts00: Kernel 000 inst: 00416 s_or_b64 exec, exec, s6
79726270000: system.cpu3.CUs0.wavefronts00: Kernel 000 inst: 00420 s_lshl_b32 s4, s4, 1
79726273000: system.cpu3.CUs0.wavefronts00: Kernel 000 inst: 00424 v_cmp_lt_i32 vcc, s4, v6
79726276000: system.cpu3.CUs0.wavefronts00: Kernel 000 inst: 00428 s_and_b64 vcc_lo, exec, vcc_lo
79726277000: system.cpu3.CUs0.wavefronts00: Kernel 000 inst: 00432 v_mov_b32 v8, v9
79726280000: system.cpu3.CUs0.wavefronts00: Kernel 000 inst: 00436 s_cbranch_vccz
79726284000: system.cpu3.CUs0.wavefronts00: Kernel 000 inst: 00440 s_or_b32 s4, s4, 1
79726287000: system.cpu3.CUs0.wavefronts00: Kernel 000 inst: 00444 v_ashrrev_i32 v9, 1, v8
79726291000: system.cpu3.CUs0.wavefronts00: Kernel 000 inst: 00448 v_cmp_gt_i32 vcc, s4, v0
79726292000: system.cpu3.CUs0.wavefronts00: Kernel 000 inst: 00452 s_waitcnt lgkmcnt(0)
79726296000: system.cpu3.CUs0.wavefronts00: Kernel 000 inst: 00456 s_barrier
79726300000: system.cpu3.CUs0.wavefronts00: Kernel 000 inst: 00460 s_waitcnt lgkmcnt(0)
79726308000: system.cpu3.CUs0.wavefronts00: Kernel 000 inst: 00464 s_and_saveexec_b64 s6, vcc_lo
79726316000: system.cpu3.CUs0.wavefronts00: Kernel 000 inst: 00468 s_cbranch_execz label_3ffcc
79726317000: system.cpu3.CUs0.wavefronts00: Kernel 000 inst: 00472 v_mul_lo_u32 v10, v9, v7
79726321000: system.cpu3.CUs0.wavefronts00: Kernel 000 inst: 00480 v_and_b32 v8, -4, v8
79726325000: system.cpu3.CUs0.wavefronts00: Kernel 000 inst: 00484 v_lshlrev_b32 v10, 2, v10
79726329000: system.cpu3.CUs0.wavefronts00: Kernel 000 inst: 00488 v_add_u32 v10, vcc, 0, v10
79726333000: system.cpu3.CUs0.wavefronts00: Kernel 000 inst: 00492 v_add_u32 v10, vcc, -4, v10
79726337000: system.cpu3.CUs0.wavefronts00: Kernel 000 inst: 00496 v_add_u32 v8, vcc, v10, v8
79726338000: system.cpu3.CUs0.wavefronts00: Kernel 000 inst: 00500 ds_read_b32 v10, v10
79726342000: system.cpu3.CUs0.wavefronts00: Kernel 000 inst: 00508 ds_read_b32 v11, v8
79726349000: system.cpu3.CUs0.wavefronts00: Kernel 000 inst: 00516 s_waitcnt lgkmcnt(0)
79726369000: system.cpu3.CUs0.wavefronts00: Kernel 000 inst: 00520 v_add_f32 v10, v10, v11
79726370000: system.cpu3.CUs0.wavefronts00: Kernel 000 inst: 00524 ds_write_b32 v8, v10
79726371000: system.cpu3.CUs0.wavefronts00: Kernel 000 inst: 00532 s_branch
79726378000: system.cpu3.CUs0.wavefronts00: Kernel 000 inst: 00416 s_or_b64 exec, exec, s6
79726382000: system.cpu3.CUs0.wavefronts00: Kernel 000 inst: 00420 s_lshl_b32 s4, s4, 1
79726385000: system.cpu3.CUs0.wavefronts00: Kernel 000 inst: 00424 v_cmp_lt_i32 vcc, s4, v6
79726388000: system.cpu3.CUs0.wavefronts00: Kernel 000 inst: 00428 s_and_b64 vcc_lo, exec, vcc_lo
79726389000: system.cpu3.CUs0.wavefronts00: Kernel 000 inst: 00432 v_mov_b32 v8, v9
79726392000: system.cpu3.CUs0.wavefronts00: Kernel 000 inst: 00436 s_cbranch_vccz
79726396000: system.cpu3.CUs0.wavefronts00: Kernel 000 inst: 00440 s_or_b32 s4, s4, 1
79726399000: system.cpu3.CUs0.wavefronts00: Kernel 000 inst: 00444 v_ashrrev_i32 v9, 1, v8
79726403000: system.cpu3.CUs0.wavefronts00: Kernel 000 inst: 00448 v_cmp_gt_i32 vcc, s4, v0
79726404000: system.cpu3.CUs0.wavefronts00: Kernel 000 inst: 00452 s_waitcnt lgkmcnt(0)
79726408000: system.cpu3.CUs0.wavefronts00: Kernel 000 inst: 00456 s_barrier
79726412000: system.cpu3.CUs0.wavefronts00: Kernel 000 inst: 00460 s_waitcnt lgkmcnt(0)
79726420000: system.cpu3.CUs0.wavefronts00: Kernel 000 inst: 00464 s_and_saveexec_b64 s6, vcc_lo
79726428000: system.cpu3.CUs0.wavefronts00: Kernel 000 inst: 00468 s_cbranch_execz label_3ffcc
79726429000: system.cpu3.CUs0.wavefronts00: Kernel 000 inst: 00472 v_mul_lo_u32 v10, v9, v7
79726433000: system.cpu3.CUs0.wavefronts00: Kernel 000 inst: 00480 v_and_b32 v8, -4, v8
79726437000: system.cpu3.CUs0.wavefronts00: Kernel 000 inst: 00484 v_lshlrev_b32 v10, 2, v10
79726441000: system.cpu3.CUs0.wavefronts00: Kernel 000 inst: 00488 v_add_u32 v10, vcc, 0, v10
79726445000: system.cpu3.CUs0.wavefronts00: Kernel 000 inst: 00492 v_add_u32 v10, vcc, -4, v10
79726449000: system.cpu3.CUs0.wavefronts00: Kernel 000 inst: 00496 v_add_u32 v8, vcc, v10, v8
79726450000: system.cpu3.CUs0.wavefronts00: Kernel 000 inst: 00500 ds_read_b32 v10, v10
79726454000: system.cpu3.CUs0.wavefronts00: Kernel 000 inst: 00508 ds_read_b32 v11, v8
79726461000: system.cpu3.CUs0.wavefronts00: Kernel 000 inst: 00516 s_waitcnt lgkmcnt(0)
79726484000: system.cpu3.CUs0.wavefronts00: Kernel 000 inst: 00520 v_add_f32 v10, v10, v11
79726485000: system.cpu3.CUs0.wavefronts00: Kernel 000 inst: 00524 ds_write_b32 v8, v10
79726486000: system.cpu3.CUs0.wavefronts00: Kernel 000 inst: 00532 s_branch
79726493000: system.cpu3.CUs0.wavefronts00: Kernel 000 inst: 00416 s_or_b64 exec, exec, s6
79726497000: system.cpu3.CUs0.wavefronts00: Kernel 000 inst: 00420 s_lshl_b32 s4, s4, 1
79726500000: system.cpu3.CUs0.wavefronts00: Kernel 000 inst: 00424 v_cmp_lt_i32 vcc, s4, v6
79726503000: system.cpu3.CUs0.wavefronts00: Kernel 000 inst: 00428 s_and_b64 vcc_lo, exec, vcc_lo
79726504000: system.cpu3.CUs0.wavefronts00: Kernel 000 inst: 00432 v_mov_b32 v8, v9
79726507000: system.cpu3.CUs0.wavefronts00: Kernel 000 inst: 00436 s_cbranch_vccz
79726511000: system.cpu3.CUs0.wavefronts00: Kernel 000 inst: 00440 s_or_b32 s4, s4, 1
79726514000: system.cpu3.CUs0.wavefronts00: Kernel 000 inst: 00444 v_ashrrev_i32 v9, 1, v8
79726518000: system.cpu3.CUs0.wavefronts00: Kernel 000 inst: 00448 v_cmp_gt_i32 vcc, s4, v0
79726519000: system.cpu3.CUs0.wavefronts00: Kernel 000 inst: 00452 s_waitcnt lgkmcnt(0)
79726523000: system.cpu3.CUs0.wavefronts00: Kernel 000 inst: 00456 s_barrier
79726527000: system.cpu3.CUs0.wavefronts00: Kernel 000 inst: 00460 s_waitcnt lgkmcnt(0)
79726535000: system.cpu3.CUs0.wavefronts00: Kernel 000 inst: 00464 s_and_saveexec_b64 s6, vcc_lo
79726543000: system.cpu3.CUs0.wavefronts00: Kernel 000 inst: 00468 s_cbranch_execz label_3ffcc
79726544000: system.cpu3.CUs0.wavefronts00: Kernel 000 inst: 00472 v_mul_lo_u32 v10, v9, v7
79726548000: system.cpu3.CUs0.wavefronts00: Kernel 000 inst: 00480 v_and_b32 v8, -4, v8
79726552000: system.cpu3.CUs0.wavefronts00: Kernel 000 inst: 00484 v_lshlrev_b32 v10, 2, v10
79726556000: system.cpu3.CUs0.wavefronts00: Kernel 000 inst: 00488 v_add_u32 v10, vcc, 0, v10
79726560000: system.cpu3.CUs0.wavefronts00: Kernel 000 inst: 00492 v_add_u32 v10, vcc, -4, v10
79726564000: system.cpu3.CUs0.wavefronts00: Kernel 000 inst: 00496 v_add_u32 v8, vcc, v10, v8
79726565000: system.cpu3.CUs0.wavefronts00: Kernel 000 inst: 00500 ds_read_b32 v10, v10
79726569000: system.cpu3.CUs0.wavefronts00: Kernel 000 inst: 00508 ds_read_b32 v11, v8
79726576000: system.cpu3.CUs0.wavefronts00: Kernel 000 inst: 00516 s_waitcnt lgkmcnt(0)
79726601000: system.cpu3.CUs0.wavefronts00: Kernel 000 inst: 00520 v_add_f32 v10, v10, v11
79726602000: system.cpu3.CUs0.wavefronts00: Kernel 000 inst: 00524 ds_write_b32 v8, v10
79726603000: system.cpu3.CUs0.wavefronts00: Kernel 000 inst: 00532 s_branch
79726610000: system.cpu3.CUs0.wavefronts00: Kernel 000 inst: 00416 s_or_b64 exec, exec, s6
79726614000: system.cpu3.CUs0.wavefronts00: Kernel 000 inst: 00420 s_lshl_b32 s4, s4, 1
79726617000: system.cpu3.CUs0.wavefronts00: Kernel 000 inst: 00424 v_cmp_lt_i32 vcc, s4, v6
79726620000: system.cpu3.CUs0.wavefronts00: Kernel 000 inst: 00428 s_and_b64 vcc_lo, exec, vcc_lo
79726621000: system.cpu3.CUs0.wavefronts00: Kernel 000 inst: 00432 v_mov_b32 v8, v9
79726624000: system.cpu3.CUs0.wavefronts00: Kernel 000 inst: 00436 s_cbranch_vccz
79726628000: system.cpu3.CUs0.wavefronts00: Kernel 000 inst: 00440 s_or_b32 s4, s4, 1
79726631000: system.cpu3.CUs0.wavefronts00: Kernel 000 inst: 00444 v_ashrrev_i32 v9, 1, v8
79726635000: system.cpu3.CUs0.wavefronts00: Kernel 000 inst: 00448 v_cmp_gt_i32 vcc, s4, v0
79726636000: system.cpu3.CUs0.wavefronts00: Kernel 000 inst: 00452 s_waitcnt lgkmcnt(0)
79726640000: system.cpu3.CUs0.wavefronts00: Kernel 000 inst: 00456 s_barrier
79726644000: system.cpu3.CUs0.wavefronts00: Kernel 000 inst: 00460 s_waitcnt lgkmcnt(0)
79726652000: system.cpu3.CUs0.wavefronts00: Kernel 000 inst: 00464 s_and_saveexec_b64 s6, vcc_lo
79726660000: system.cpu3.CUs0.wavefronts00: Kernel 000 inst: 00468 s_cbranch_execz label_3ffcc
79726661000: system.cpu3.CUs0.wavefronts00: Kernel 000 inst: 00472 v_mul_lo_u32 v10, v9, v7
79726665000: system.cpu3.CUs0.wavefronts00: Kernel 000 inst: 00480 v_and_b32 v8, -4, v8
79726669000: system.cpu3.CUs0.wavefronts00: Kernel 000 inst: 00484 v_lshlrev_b32 v10, 2, v10
79726673000: system.cpu3.CUs0.wavefronts00: Kernel 000 inst: 00488 v_add_u32 v10, vcc, 0, v10
79726677000: system.cpu3.CUs0.wavefronts00: Kernel 000 inst: 00492 v_add_u32 v10, vcc, -4, v10
79726681000: system.cpu3.CUs0.wavefronts00: Kernel 000 inst: 00496 v_add_u32 v8, vcc, v10, v8
79726682000: system.cpu3.CUs0.wavefronts00: Kernel 000 inst: 00500 ds_read_b32 v10, v10
79726686000: system.cpu3.CUs0.wavefronts00: Kernel 000 inst: 00508 ds_read_b32 v11, v8
79726689000: system.cpu3.CUs0.wavefronts00: Kernel 000 inst: 00516 s_waitcnt lgkmcnt(0)
79726718000: system.cpu3.CUs0.wavefronts00: Kernel 000 inst: 00520 v_add_f32 v10, v10, v11
79726719000: system.cpu3.CUs0.wavefronts00: Kernel 000 inst: 00524 ds_write_b32 v8, v10
79726720000: system.cpu3.CUs0.wavefronts00: Kernel 000 inst: 00532 s_branch
79726727000: system.cpu3.CUs0.wavefronts00: Kernel 000 inst: 00416 s_or_b64 exec, exec, s6
79726731000: system.cpu3.CUs0.wavefronts00: Kernel 000 inst: 00420 s_lshl_b32 s4, s4, 1
79726734000: system.cpu3.CUs0.wavefronts00: Kernel 000 inst: 00424 v_cmp_lt_i32 vcc, s4, v6
79726737000: system.cpu3.CUs0.wavefronts00: Kernel 000 inst: 00428 s_and_b64 vcc_lo, exec, vcc_lo
79726738000: system.cpu3.CUs0.wavefronts00: Kernel 000 inst: 00432 v_mov_b32 v8, v9
79726741000: system.cpu3.CUs0.wavefronts00: Kernel 000 inst: 00436 s_cbranch_vccz
79726748000: system.cpu3.CUs0.wavefronts00: Kernel 000 inst: 00536 s_waitcnt lgkmcnt(0)
79726752000: system.cpu3.CUs0.wavefronts00: Kernel 000 inst: 00540 s_barrier
79726756000: system.cpu3.CUs0.wavefronts00: Kernel 000 inst: 00544 s_waitcnt lgkmcnt(0)
79726764000: system.cpu3.CUs0.wavefronts00: Kernel 000 inst: 00548 s_and_saveexec_b64 s4, s0
79726772000: system.cpu3.CUs0.wavefronts00: Kernel 000 inst: 00552 s_cbranch_execnz
79727104000: system.cpu3.CUs0.wavefronts00: Kernel 000 inst: 00572 ds_read_b32 v0, v1
79727105000: system.cpu3.CUs0.wavefronts00: Kernel 000 inst: 00580 s_waitcnt lgkmcnt(0)
79727131000: system.cpu3.CUs0.wavefronts00: Kernel 000 inst: 00584 flat_store_dword v[2:3], v0
79727132000: system.cpu3.CUs0.wavefronts00: Kernel 000 inst: 00592 s_or_b64 exec, exec, s4
79727136000: system.cpu3.CUs0.wavefronts00: Kernel 000 inst: 00596 s_and_saveexec_b64 s0, s2
79727140000: system.cpu3.CUs0.wavefronts00: Kernel 000 inst: 00600 s_cbranch_execz label_3ffe0
79727141000: system.cpu3.CUs0.wavefronts00: Kernel 000 inst: 00604 ds_read_b32 v0, v1 offset:4
79727144000: system.cpu3.CUs0.wavefronts00: Kernel 000 inst: 00612 s_waitcnt lgkmcnt(0)
79727396000: system.cpu3.CUs0.wavefronts00: Kernel 000 inst: 00616 flat_store_dword v[4:5], v0
79727661000: system.cpu3.CUs0.wavefronts00: Kernel 000 inst: 00624 s_endpgm
79727661000: system.cpu0.workload.drivers0.device.dispatcher: -----------------------------------------------------------
79727661000: system.cpu0.workload.drivers0.device.dispatcher: | Kernel ID 0    start address 0x7fff5e782000             |
79727661000: system.cpu0.workload.drivers0.device.dispatcher: -----------------------------------------------------------
79727661000: system.cpu0.workload.drivers0.device.dispatcher: |         | Kernel | Start | End   | Count | Latency      |
79727661000: system.cpu0.workload.drivers0.device.dispatcher: -----------------------------------------------------------
79727661000: system.cpu0.workload.drivers0.device.dispatcher: | Measure | 0      | 600   | 624   | 1     | 521000       |
79727661000: system.cpu0.workload.drivers0.device.dispatcher: | Measure | 0      | 552   | 592   | 1     | 360000       |
79727661000: system.cpu0.workload.drivers0.device.dispatcher: | Measure | 0      | 552   | 556   | 0     | 4000         |
79727661000: system.cpu0.workload.drivers0.device.dispatcher: | Measure | 0      | 436   | 552   | 1     | 91000        |
79727661000: system.cpu0.workload.drivers0.device.dispatcher: | Measure | 0      | 436   | 468   | 4     | 393000       |
79727661000: system.cpu0.workload.drivers0.device.dispatcher: | Measure | 0      | 412   | 468   | 1     | 369000       |
79727661000: system.cpu0.workload.drivers0.device.dispatcher: | Measure | 0      | 556   | 564   | 0     | 8000         |
79727661000: system.cpu0.workload.drivers0.device.dispatcher: | Measure | 0      | 208   | 220   | 1     | 12000        |
79727661000: system.cpu0.workload.drivers0.device.dispatcher: | Measure | 0      | 260   | 360   | 1     | 12000        |
79727661000: system.cpu0.workload.drivers0.device.dispatcher: | Measure | 0      | 260   | 288   | 5     | 399000       |
79727661000: system.cpu0.workload.drivers0.device.dispatcher: | Measure | 0      | 0     | 116   | 1     | 2727999      |
79727661000: system.cpu0.workload.drivers0.device.dispatcher: | Measure | 0      | 116   | 140   | 1     | 1336000      |
79727661000: system.cpu0.workload.drivers0.device.dispatcher: | Measure | 0      | 220   | 240   | 1     | 16000        |
79727661000: system.cpu0.workload.drivers0.device.dispatcher: | Measure | 0      | 140   | 184   | 1     | 30000        |
79727661000: system.cpu0.workload.drivers0.device.dispatcher: | Measure | 0      | 532   | 416   | 5     | 7000         |
79727661000: system.cpu0.workload.drivers0.device.dispatcher: | Measure | 0      | 416   | 436   | 5     | 14000        |
79727661000: system.cpu0.workload.drivers0.device.dispatcher: | Measure | 0      | 184   | 208   | 1     | 328000       |
79727661000: system.cpu0.workload.drivers0.device.dispatcher: | Measure | 0      | 288   | 352   | 6     | 368000       |
79727661000: system.cpu0.workload.drivers0.device.dispatcher: | Measure | 0      | 288   | 244   | 0     | 8000         |
79727661000: system.cpu0.workload.drivers0.device.dispatcher: | Measure | 0      | 240   | 288   | 1     | 831000       |
79727661000: system.cpu0.workload.drivers0.device.dispatcher: | Measure | 0      | 396   | 412   | 1     | 16000        |
79727661000: system.cpu0.workload.drivers0.device.dispatcher: | Measure | 0      | 468   | 532   | 5     | 357000       |
79727661000: system.cpu0.workload.drivers0.device.dispatcher: | Measure | 0      | 468   | 416   | 0     | 7000         |
79727661000: system.cpu0.workload.drivers0.device.dispatcher: | Measure | 0      | 352   | 244   | 6     | 7000         |
79727661000: system.cpu0.workload.drivers0.device.dispatcher: | Measure | 0      | 592   | 600   | 1     | 8000         |
79727661000: system.cpu0.workload.drivers0.device.dispatcher: | Measure | 0      | 244   | 260   | 6     | 16000        |
79727661000: system.cpu0.workload.drivers0.device.dispatcher: | Measure | 0      | 360   | 396   | 1     | 347000       |
79727661000: system.cpu0.workload.drivers0.device.dispatcher: -----------------------------------------------------------
79727661000: system.cpu0.workload.drivers0.device.dispatcher: | ~ 0 ~ Total Kernel Time ~ 7660999                       |
79727661000: system.cpu0.workload.drivers0.device.dispatcher: -----------------------------------------------------------
Final sum on 
  device: 0.213137
  host  : 0.213136

PASSED!
Ticks: 83118097500
Exiting because  exiting with last active thread context

Time elapsed: 1m26.923s